[0.035s] Invoking command in '/home/triton_08/tello_jp_jc_ws/build/bebop_msgs': /usr/bin/cmake /home/triton_08/tello_jp_jc_ws/jpjc_ws/src/bebop_autonomy/bebop_msgs -DCATKIN_INSTALL_INTO_PREFIX_ROOT=0 -DCMAKE_INSTALL_PREFIX=/home/triton_08/tello_jp_jc_ws/install/bebop_msgs
[0.441s] -- Configuring incomplete, errors occurred!
[0.442s] See also "/home/triton_08/tello_jp_jc_ws/build/bebop_msgs/CMakeFiles/CMakeOutput.log".
[0.442s] [0mCMake Deprecation Warning at CMakeLists.txt:1 (cmake_minimum_required):
[0.442s]   Compatibility with CMake < 2.8.12 will be removed from a future version of
[0.442s]   CMake.
[0.443s] 
[0.443s]   Update the VERSION argument <min> value or use a ...<max> suffix to tell
[0.443s]   CMake that the project does not need compatibility with older versions.
[0.444s] 
[0.444s] [0m
[0.444s] [31mCMake Error at CMakeLists.txt:4 (find_package):
[0.444s]   By not providing "Findcatkin.cmake" in CMAKE_MODULE_PATH this project has
[0.445s]   asked CMake to find a package configuration file provided by "catkin", but
[0.445s]   CMake did not find one.
[0.445s] 
[0.445s]   Could not find a package configuration file provided by "catkin" with any
[0.446s]   of the following names:
[0.446s] 
[0.447s]     catkinConfig.cmake
[0.447s]     catkin-config.cmake
[0.447s] 
[0.448s]   Add the installation prefix of "catkin" to CMAKE_PREFIX_PATH or set
[0.448s]   "catkin_DIR" to a directory containing one of the above files.  If "catkin"
[0.449s]   provides a separate development package or SDK, be sure it has been
[0.449s]   installed.
[0.449s] 
[0.450s] [0m
[0.487s] Invoked command in '/home/triton_08/tello_jp_jc_ws/build/bebop_msgs' returned '1': /usr/bin/cmake /home/triton_08/tello_jp_jc_ws/jpjc_ws/src/bebop_autonomy/bebop_msgs -DCATKIN_INSTALL_INTO_PREFIX_ROOT=0 -DCMAKE_INSTALL_PREFIX=/home/triton_08/tello_jp_jc_ws/install/bebop_msgs
