[0.412s] Invoking command in '/home/triton_08/tello_jp_jc_ws/src/build/tello_control': CMAKE_PREFIX_PATH=${CMAKE_PREFIX_PATH}:/home/triton_08/tello_jp_jc_ws/install/tello:/home/triton_08/tello_jp_jc_ws/install/jpjc_qr:/home/triton_08/tello_jp_jc_ws/install/jpjc_joy:/opt/ros/humble /usr/bin/cmake --build /home/triton_08/tello_jp_jc_ws/src/build/tello_control -- -j16 -l16
[0.430s] [35m[1mConsolidate compiler generated dependencies of target tello_control[0m
[0.444s] [100%] Built target tello_control
[0.452s] Invoked command in '/home/triton_08/tello_jp_jc_ws/src/build/tello_control' returned '0': CMAKE_PREFIX_PATH=${CMAKE_PREFIX_PATH}:/home/triton_08/tello_jp_jc_ws/install/tello:/home/triton_08/tello_jp_jc_ws/install/jpjc_qr:/home/triton_08/tello_jp_jc_ws/install/jpjc_joy:/opt/ros/humble /usr/bin/cmake --build /home/triton_08/tello_jp_jc_ws/src/build/tello_control -- -j16 -l16
[0.469s] Invoking command in '/home/triton_08/tello_jp_jc_ws/src/build/tello_control': CMAKE_PREFIX_PATH=${CMAKE_PREFIX_PATH}:/home/triton_08/tello_jp_jc_ws/install/tello:/home/triton_08/tello_jp_jc_ws/install/jpjc_qr:/home/triton_08/tello_jp_jc_ws/install/jpjc_joy:/opt/ros/humble /usr/bin/cmake --install /home/triton_08/tello_jp_jc_ws/src/build/tello_control
[0.472s] -- Install configuration: ""
[0.472s] -- Up-to-date: /home/triton_08/tello_jp_jc_ws/src/install/tello_control/lib/tello_control/tello_control
[0.472s] -- Up-to-date: /home/triton_08/tello_jp_jc_ws/src/install/tello_control/share/ament_index/resource_index/package_run_dependencies/tello_control
[0.472s] -- Up-to-date: /home/triton_08/tello_jp_jc_ws/src/install/tello_control/share/ament_index/resource_index/parent_prefix_path/tello_control
[0.473s] -- Up-to-date: /home/triton_08/tello_jp_jc_ws/src/install/tello_control/share/tello_control/environment/ament_prefix_path.sh
[0.473s] -- Up-to-date: /home/triton_08/tello_jp_jc_ws/src/install/tello_control/share/tello_control/environment/ament_prefix_path.dsv
[0.473s] -- Up-to-date: /home/triton_08/tello_jp_jc_ws/src/install/tello_control/share/tello_control/environment/path.sh
[0.474s] -- Up-to-date: /home/triton_08/tello_jp_jc_ws/src/install/tello_control/share/tello_control/environment/path.dsv
[0.474s] -- Up-to-date: /home/triton_08/tello_jp_jc_ws/src/install/tello_control/share/tello_control/local_setup.bash
[0.474s] -- Up-to-date: /home/triton_08/tello_jp_jc_ws/src/install/tello_control/share/tello_control/local_setup.sh
[0.474s] -- Up-to-date: /home/triton_08/tello_jp_jc_ws/src/install/tello_control/share/tello_control/local_setup.zsh
[0.474s] -- Up-to-date: /home/triton_08/tello_jp_jc_ws/src/install/tello_control/share/tello_control/local_setup.dsv
[0.474s] -- Installing: /home/triton_08/tello_jp_jc_ws/src/install/tello_control/share/tello_control/package.dsv
[0.475s] -- Up-to-date: /home/triton_08/tello_jp_jc_ws/src/install/tello_control/share/ament_index/resource_index/packages/tello_control
[0.475s] -- Up-to-date: /home/triton_08/tello_jp_jc_ws/src/install/tello_control/share/tello_control/cmake/tello_controlConfig.cmake
[0.475s] -- Up-to-date: /home/triton_08/tello_jp_jc_ws/src/install/tello_control/share/tello_control/cmake/tello_controlConfig-version.cmake
[0.475s] -- Up-to-date: /home/triton_08/tello_jp_jc_ws/src/install/tello_control/share/tello_control/package.xml
[0.475s] Invoked command in '/home/triton_08/tello_jp_jc_ws/src/build/tello_control' returned '0': CMAKE_PREFIX_PATH=${CMAKE_PREFIX_PATH}:/home/triton_08/tello_jp_jc_ws/install/tello:/home/triton_08/tello_jp_jc_ws/install/jpjc_qr:/home/triton_08/tello_jp_jc_ws/install/jpjc_joy:/opt/ros/humble /usr/bin/cmake --install /home/triton_08/tello_jp_jc_ws/src/build/tello_control
