[0.408s] Invoking command in '/home/triton_08/tello_jp_jc_ws/src/build/tello_control': CMAKE_PREFIX_PATH=${CMAKE_PREFIX_PATH}:/home/triton_08/tello_jp_jc_ws/install/tello:/home/triton_08/tello_jp_jc_ws/install/jpjc_qr:/home/triton_08/tello_jp_jc_ws/install/jpjc_joy:/opt/ros/humble /usr/bin/cmake /home/triton_08/tello_jp_jc_ws/src/tello_control -DCMAKE_INSTALL_PREFIX=/home/triton_08/tello_jp_jc_ws/src/install/tello_control
[0.442s] -- The C compiler identification is GNU 11.3.0
[0.483s] -- The CXX compiler identification is GNU 11.3.0
[0.487s] -- Detecting C compiler ABI info
[0.530s] -- Detecting C compiler ABI info - done
[0.535s] -- Check for working C compiler: /usr/bin/cc - skipped
[0.535s] -- Detecting C compile features
[0.536s] -- Detecting C compile features - done
[0.538s] -- Detecting CXX compiler ABI info
[0.588s] -- Detecting CXX compiler ABI info - done
[0.594s] -- Check for working CXX compiler: /usr/bin/c++ - skipped
[0.594s] -- Detecting CXX compile features
[0.595s] -- Detecting CXX compile features - done
[0.602s] -- Found OpenCV version 4.5.4
[0.603s] -- Found ament_cmake: 1.3.3 (/opt/ros/humble/share/ament_cmake/cmake)
[0.732s] -- Found Python3: /usr/bin/python3.10 (found version "3.10.6") found components: Interpreter 
[0.797s] -- Found rclcpp: 16.0.3 (/opt/ros/humble/share/rclcpp/cmake)
[0.831s] -- Found rosidl_generator_c: 3.1.4 (/opt/ros/humble/share/rosidl_generator_c/cmake)
[0.835s] -- Found rosidl_adapter: 3.1.4 (/opt/ros/humble/share/rosidl_adapter/cmake)
[0.841s] -- Found rosidl_generator_cpp: 3.1.4 (/opt/ros/humble/share/rosidl_generator_cpp/cmake)
[0.854s] -- Using all available rosidl_typesupport_c: rosidl_typesupport_fastrtps_c;rosidl_typesupport_introspection_c
[0.871s] -- Using all available rosidl_typesupport_cpp: rosidl_typesupport_fastrtps_cpp;rosidl_typesupport_introspection_cpp
[0.932s] -- Found rmw_implementation_cmake: 6.1.1 (/opt/ros/humble/share/rmw_implementation_cmake/cmake)
[0.935s] -- Found rmw_fastrtps_cpp: 6.2.2 (/opt/ros/humble/share/rmw_fastrtps_cpp/cmake)
[1.003s] -- Found OpenSSL: /usr/lib/x86_64-linux-gnu/libcrypto.so (found version "3.0.2")  
[1.022s] -- Found FastRTPS: /opt/ros/humble/include  
[1.054s] -- Using RMW implementation 'rmw_fastrtps_cpp' as default
[1.063s] -- Looking for pthread.h
[1.111s] -- Looking for pthread.h - found
[1.111s] -- Performing Test CMAKE_HAVE_LIBC_PTHREAD
[1.158s] -- Performing Test CMAKE_HAVE_LIBC_PTHREAD - Success
[1.159s] -- Found Threads: TRUE  
[1.295s] -- Found geometry_msgs: 4.2.3 (/opt/ros/humble/share/geometry_msgs/cmake)
[1.380s] -- Configuring done
[1.389s] -- Generating done
[1.390s] -- Build files have been written to: /home/triton_08/tello_jp_jc_ws/src/build/tello_control
[1.396s] Invoked command in '/home/triton_08/tello_jp_jc_ws/src/build/tello_control' returned '0': CMAKE_PREFIX_PATH=${CMAKE_PREFIX_PATH}:/home/triton_08/tello_jp_jc_ws/install/tello:/home/triton_08/tello_jp_jc_ws/install/jpjc_qr:/home/triton_08/tello_jp_jc_ws/install/jpjc_joy:/opt/ros/humble /usr/bin/cmake /home/triton_08/tello_jp_jc_ws/src/tello_control -DCMAKE_INSTALL_PREFIX=/home/triton_08/tello_jp_jc_ws/src/install/tello_control
[1.397s] Invoking command in '/home/triton_08/tello_jp_jc_ws/src/build/tello_control': CMAKE_PREFIX_PATH=${CMAKE_PREFIX_PATH}:/home/triton_08/tello_jp_jc_ws/install/tello:/home/triton_08/tello_jp_jc_ws/install/jpjc_qr:/home/triton_08/tello_jp_jc_ws/install/jpjc_joy:/opt/ros/humble /usr/bin/cmake --build /home/triton_08/tello_jp_jc_ws/src/build/tello_control -- -j16 -l16
[1.429s] [ 50%] [32mBuilding CXX object CMakeFiles/tello_control.dir/src/main.cpp.o[0m
[6.215s] [100%] [32m[1mLinking CXX executable tello_control[0m
[6.637s] [100%] Built target tello_control
[6.646s] Invoked command in '/home/triton_08/tello_jp_jc_ws/src/build/tello_control' returned '0': CMAKE_PREFIX_PATH=${CMAKE_PREFIX_PATH}:/home/triton_08/tello_jp_jc_ws/install/tello:/home/triton_08/tello_jp_jc_ws/install/jpjc_qr:/home/triton_08/tello_jp_jc_ws/install/jpjc_joy:/opt/ros/humble /usr/bin/cmake --build /home/triton_08/tello_jp_jc_ws/src/build/tello_control -- -j16 -l16
[6.660s] Invoking command in '/home/triton_08/tello_jp_jc_ws/src/build/tello_control': CMAKE_PREFIX_PATH=${CMAKE_PREFIX_PATH}:/home/triton_08/tello_jp_jc_ws/install/tello:/home/triton_08/tello_jp_jc_ws/install/jpjc_qr:/home/triton_08/tello_jp_jc_ws/install/jpjc_joy:/opt/ros/humble /usr/bin/cmake --install /home/triton_08/tello_jp_jc_ws/src/build/tello_control
[6.664s] -- Install configuration: ""
[6.664s] -- Installing: /home/triton_08/tello_jp_jc_ws/src/install/tello_control/lib/tello_control/tello_control
[6.666s] -- Set runtime path of "/home/triton_08/tello_jp_jc_ws/src/install/tello_control/lib/tello_control/tello_control" to ""
[6.666s] -- Installing: /home/triton_08/tello_jp_jc_ws/src/install/tello_control/share/ament_index/resource_index/package_run_dependencies/tello_control
[6.666s] -- Installing: /home/triton_08/tello_jp_jc_ws/src/install/tello_control/share/ament_index/resource_index/parent_prefix_path/tello_control
[6.666s] -- Installing: /home/triton_08/tello_jp_jc_ws/src/install/tello_control/share/tello_control/environment/ament_prefix_path.sh
[6.666s] -- Installing: /home/triton_08/tello_jp_jc_ws/src/install/tello_control/share/tello_control/environment/ament_prefix_path.dsv
[6.666s] -- Installing: /home/triton_08/tello_jp_jc_ws/src/install/tello_control/share/tello_control/environment/path.sh
[6.666s] -- Installing: /home/triton_08/tello_jp_jc_ws/src/install/tello_control/share/tello_control/environment/path.dsv
[6.666s] -- Installing: /home/triton_08/tello_jp_jc_ws/src/install/tello_control/share/tello_control/local_setup.bash
[6.666s] -- Installing: /home/triton_08/tello_jp_jc_ws/src/install/tello_control/share/tello_control/local_setup.sh
[6.666s] -- Installing: /home/triton_08/tello_jp_jc_ws/src/install/tello_control/share/tello_control/local_setup.zsh
[6.666s] -- Installing: /home/triton_08/tello_jp_jc_ws/src/install/tello_control/share/tello_control/local_setup.dsv
[6.667s] -- Installing: /home/triton_08/tello_jp_jc_ws/src/install/tello_control/share/tello_control/package.dsv
[6.667s] -- Installing: /home/triton_08/tello_jp_jc_ws/src/install/tello_control/share/ament_index/resource_index/packages/tello_control
[6.667s] -- Installing: /home/triton_08/tello_jp_jc_ws/src/install/tello_control/share/tello_control/cmake/tello_controlConfig.cmake
[6.667s] -- Installing: /home/triton_08/tello_jp_jc_ws/src/install/tello_control/share/tello_control/cmake/tello_controlConfig-version.cmake
[6.667s] -- Installing: /home/triton_08/tello_jp_jc_ws/src/install/tello_control/share/tello_control/package.xml
[6.669s] Invoked command in '/home/triton_08/tello_jp_jc_ws/src/build/tello_control' returned '0': CMAKE_PREFIX_PATH=${CMAKE_PREFIX_PATH}:/home/triton_08/tello_jp_jc_ws/install/tello:/home/triton_08/tello_jp_jc_ws/install/jpjc_qr:/home/triton_08/tello_jp_jc_ws/install/jpjc_joy:/opt/ros/humble /usr/bin/cmake --install /home/triton_08/tello_jp_jc_ws/src/build/tello_control
