[0.029s] Invoking command in '/home/triton_08/tello_jp_jc_ws/build/spacenav_node': /usr/bin/cmake /home/triton_08/tello_jp_jc_ws/jpjc_ws/src/joystick_drivers/spacenav_node -DCATKIN_INSTALL_INTO_PREFIX_ROOT=0 -DCMAKE_INSTALL_PREFIX=/home/triton_08/tello_jp_jc_ws/install/spacenav_node
[0.452s] -- Configuring incomplete, errors occurred!
[0.452s] See also "/home/triton_08/tello_jp_jc_ws/build/spacenav_node/CMakeFiles/CMakeOutput.log".
[0.461s] [31mCMake Error at CMakeLists.txt:9 (find_package):
[0.461s]   By not providing "Findcatkin.cmake" in CMAKE_MODULE_PATH this project has
[0.461s]   asked CMake to find a package configuration file provided by "catkin", but
[0.462s]   CMake did not find one.
[0.462s] 
[0.462s]   Could not find a package configuration file provided by "catkin" with any
[0.462s]   of the following names:
[0.462s] 
[0.464s]     catkinConfig.cmake
[0.464s]     catkin-config.cmake
[0.465s] 
[0.465s]   Add the installation prefix of "catkin" to CMAKE_PREFIX_PATH or set
[0.465s]   "catkin_DIR" to a directory containing one of the above files.  If "catkin"
[0.465s]   provides a separate development package or SDK, be sure it has been
[0.466s]   installed.
[0.467s] 
[0.467s] [0m
[0.477s] Invoked command in '/home/triton_08/tello_jp_jc_ws/build/spacenav_node' returned '1': /usr/bin/cmake /home/triton_08/tello_jp_jc_ws/jpjc_ws/src/joystick_drivers/spacenav_node -DCATKIN_INSTALL_INTO_PREFIX_ROOT=0 -DCMAKE_INSTALL_PREFIX=/home/triton_08/tello_jp_jc_ws/install/spacenav_node
