[0.245s] DEBUG:colcon:Command line arguments: ['/usr/bin/colcon', 'build']
[0.245s] DEBUG:colcon:Parsed command line arguments: Namespace(log_base=None, log_level=None, verb_name='build', build_base='build', install_base='install', merge_install=False, symlink_install=False, test_result_base=None, continue_on_error=False, executor='parallel', parallel_workers=16, event_handlers=None, ignore_user_meta=False, metas=['./colcon.meta'], base_paths=['.'], packages_ignore=None, packages_ignore_regex=None, paths=None, packages_up_to=None, packages_up_to_regex=None, packages_above=None, packages_above_and_dependencies=None, packages_above_depth=None, packages_select_by_dep=None, packages_skip_by_dep=None, packages_skip_up_to=None, packages_select_build_failed=False, packages_skip_build_finished=False, packages_select_test_failures=False, packages_skip_test_passed=False, packages_select=None, packages_skip=None, packages_select_regex=None, packages_skip_regex=None, packages_start=None, packages_end=None, allow_overriding=[], cmake_args=None, cmake_target=None, cmake_target_skip_unavailable=False, cmake_clean_cache=False, cmake_clean_first=False, cmake_force_configure=False, ament_cmake_args=None, catkin_cmake_args=None, catkin_skip_building_tests=False, verb_parser=<colcon_defaults.argument_parser.defaults.DefaultArgumentsDecorator object at 0x7f97231d0f40>, verb_extension=<colcon_core.verb.build.BuildVerb object at 0x7f9723972380>, main=<bound method BuildVerb.main of <colcon_core.verb.build.BuildVerb object at 0x7f9723972380>>)
[0.271s] Level 1:colcon.colcon_core.package_discovery:discover_packages(colcon_meta) check parameters
[0.271s] Level 1:colcon.colcon_core.package_discovery:discover_packages(recursive) check parameters
[0.271s] Level 1:colcon.colcon_core.package_discovery:discover_packages(ignore) check parameters
[0.271s] Level 1:colcon.colcon_core.package_discovery:discover_packages(path) check parameters
[0.271s] Level 1:colcon.colcon_core.package_discovery:discover_packages(colcon_meta) discover
[0.271s] Level 1:colcon.colcon_core.package_discovery:discover_packages(recursive) discover
[0.271s] INFO:colcon.colcon_core.package_discovery:Crawling recursively for packages in '/home/triton_08/tello_jp_jc_ws'
[0.271s] Level 1:colcon.colcon_core.package_identification:_identify(.) by extensions ['ignore', 'ignore_ament_install']
[0.271s] Level 1:colcon.colcon_core.package_identification:_identify(.) by extension 'ignore'
[0.271s] Level 1:colcon.colcon_core.package_identification:_identify(.) by extension 'ignore_ament_install'
[0.271s] Level 1:colcon.colcon_core.package_identification:_identify(.) by extensions ['colcon_pkg']
[0.271s] Level 1:colcon.colcon_core.package_identification:_identify(.) by extension 'colcon_pkg'
[0.271s] Level 1:colcon.colcon_core.package_identification:_identify(.) by extensions ['colcon_meta']
[0.271s] Level 1:colcon.colcon_core.package_identification:_identify(.) by extension 'colcon_meta'
[0.271s] Level 1:colcon.colcon_core.package_identification:_identify(.) by extensions ['ros']
[0.271s] Level 1:colcon.colcon_core.package_identification:_identify(.) by extension 'ros'
[0.279s] Level 1:colcon.colcon_core.package_identification:_identify(.) by extensions ['cmake', 'python']
[0.279s] Level 1:colcon.colcon_core.package_identification:_identify(.) by extension 'cmake'
[0.280s] Level 1:colcon.colcon_core.package_identification:_identify(.) by extension 'python'
[0.280s] Level 1:colcon.colcon_core.package_identification:_identify(.) by extensions ['python_setup_py']
[0.280s] Level 1:colcon.colcon_core.package_identification:_identify(.) by extension 'python_setup_py'
[0.280s] Level 1:colcon.colcon_core.package_identification:_identify(build) by extensions ['ignore', 'ignore_ament_install']
[0.280s] Level 1:colcon.colcon_core.package_identification:_identify(build) by extension 'ignore'
[0.280s] Level 1:colcon.colcon_core.package_identification:_identify(build) ignored
[0.280s] Level 1:colcon.colcon_core.package_identification:_identify(install) by extensions ['ignore', 'ignore_ament_install']
[0.280s] Level 1:colcon.colcon_core.package_identification:_identify(install) by extension 'ignore'
[0.280s] Level 1:colcon.colcon_core.package_identification:_identify(install) ignored
[0.280s] Level 1:colcon.colcon_core.package_identification:_identify(log) by extensions ['ignore', 'ignore_ament_install']
[0.281s] Level 1:colcon.colcon_core.package_identification:_identify(log) by extension 'ignore'
[0.281s] Level 1:colcon.colcon_core.package_identification:_identify(log) ignored
[0.281s] Level 1:colcon.colcon_core.package_identification:_identify(src) by extensions ['ignore', 'ignore_ament_install']
[0.281s] Level 1:colcon.colcon_core.package_identification:_identify(src) by extension 'ignore'
[0.281s] Level 1:colcon.colcon_core.package_identification:_identify(src) by extension 'ignore_ament_install'
[0.281s] Level 1:colcon.colcon_core.package_identification:_identify(src) by extensions ['colcon_pkg']
[0.281s] Level 1:colcon.colcon_core.package_identification:_identify(src) by extension 'colcon_pkg'
[0.281s] Level 1:colcon.colcon_core.package_identification:_identify(src) by extensions ['colcon_meta']
[0.281s] Level 1:colcon.colcon_core.package_identification:_identify(src) by extension 'colcon_meta'
[0.281s] Level 1:colcon.colcon_core.package_identification:_identify(src) by extensions ['ros']
[0.281s] Level 1:colcon.colcon_core.package_identification:_identify(src) by extension 'ros'
[0.281s] Level 1:colcon.colcon_core.package_identification:_identify(src) by extensions ['cmake', 'python']
[0.281s] Level 1:colcon.colcon_core.package_identification:_identify(src) by extension 'cmake'
[0.281s] Level 1:colcon.colcon_core.package_identification:_identify(src) by extension 'python'
[0.281s] Level 1:colcon.colcon_core.package_identification:_identify(src) by extensions ['python_setup_py']
[0.281s] Level 1:colcon.colcon_core.package_identification:_identify(src) by extension 'python_setup_py'
[0.281s] Level 1:colcon.colcon_core.package_identification:_identify(src/__pycache__) by extensions ['ignore', 'ignore_ament_install']
[0.281s] Level 1:colcon.colcon_core.package_identification:_identify(src/__pycache__) by extension 'ignore'
[0.281s] Level 1:colcon.colcon_core.package_identification:_identify(src/__pycache__) by extension 'ignore_ament_install'
[0.281s] Level 1:colcon.colcon_core.package_identification:_identify(src/__pycache__) by extensions ['colcon_pkg']
[0.281s] Level 1:colcon.colcon_core.package_identification:_identify(src/__pycache__) by extension 'colcon_pkg'
[0.281s] Level 1:colcon.colcon_core.package_identification:_identify(src/__pycache__) by extensions ['colcon_meta']
[0.282s] Level 1:colcon.colcon_core.package_identification:_identify(src/__pycache__) by extension 'colcon_meta'
[0.282s] Level 1:colcon.colcon_core.package_identification:_identify(src/__pycache__) by extensions ['ros']
[0.282s] Level 1:colcon.colcon_core.package_identification:_identify(src/__pycache__) by extension 'ros'
[0.282s] Level 1:colcon.colcon_core.package_identification:_identify(src/__pycache__) by extensions ['cmake', 'python']
[0.282s] Level 1:colcon.colcon_core.package_identification:_identify(src/__pycache__) by extension 'cmake'
[0.282s] Level 1:colcon.colcon_core.package_identification:_identify(src/__pycache__) by extension 'python'
[0.282s] Level 1:colcon.colcon_core.package_identification:_identify(src/__pycache__) by extensions ['python_setup_py']
[0.282s] Level 1:colcon.colcon_core.package_identification:_identify(src/__pycache__) by extension 'python_setup_py'
[0.282s] Level 1:colcon.colcon_core.package_identification:_identify(src/build) by extensions ['ignore', 'ignore_ament_install']
[0.282s] Level 1:colcon.colcon_core.package_identification:_identify(src/build) by extension 'ignore'
[0.282s] Level 1:colcon.colcon_core.package_identification:_identify(src/build) ignored
[0.282s] Level 1:colcon.colcon_core.package_identification:_identify(src/install) by extensions ['ignore', 'ignore_ament_install']
[0.282s] Level 1:colcon.colcon_core.package_identification:_identify(src/install) by extension 'ignore'
[0.282s] Level 1:colcon.colcon_core.package_identification:_identify(src/install) ignored
[0.282s] Level 1:colcon.colcon_core.package_identification:_identify(src/jpjc_joy) by extensions ['ignore', 'ignore_ament_install']
[0.282s] Level 1:colcon.colcon_core.package_identification:_identify(src/jpjc_joy) by extension 'ignore'
[0.282s] Level 1:colcon.colcon_core.package_identification:_identify(src/jpjc_joy) by extension 'ignore_ament_install'
[0.283s] Level 1:colcon.colcon_core.package_identification:_identify(src/jpjc_joy) by extensions ['colcon_pkg']
[0.283s] Level 1:colcon.colcon_core.package_identification:_identify(src/jpjc_joy) by extension 'colcon_pkg'
[0.283s] Level 1:colcon.colcon_core.package_identification:_identify(src/jpjc_joy) by extensions ['colcon_meta']
[0.283s] Level 1:colcon.colcon_core.package_identification:_identify(src/jpjc_joy) by extension 'colcon_meta'
[0.283s] Level 1:colcon.colcon_core.package_identification:_identify(src/jpjc_joy) by extensions ['ros']
[0.283s] Level 1:colcon.colcon_core.package_identification:_identify(src/jpjc_joy) by extension 'ros'
[0.284s] DEBUG:colcon.colcon_core.package_identification:Package 'src/jpjc_joy' with type 'ros.ament_python' and name 'jpjc_joy'
[0.284s] Level 1:colcon.colcon_core.package_identification:_identify(src/jpjc_qr) by extensions ['ignore', 'ignore_ament_install']
[0.284s] Level 1:colcon.colcon_core.package_identification:_identify(src/jpjc_qr) by extension 'ignore'
[0.284s] Level 1:colcon.colcon_core.package_identification:_identify(src/jpjc_qr) by extension 'ignore_ament_install'
[0.284s] Level 1:colcon.colcon_core.package_identification:_identify(src/jpjc_qr) by extensions ['colcon_pkg']
[0.285s] Level 1:colcon.colcon_core.package_identification:_identify(src/jpjc_qr) by extension 'colcon_pkg'
[0.285s] Level 1:colcon.colcon_core.package_identification:_identify(src/jpjc_qr) by extensions ['colcon_meta']
[0.285s] Level 1:colcon.colcon_core.package_identification:_identify(src/jpjc_qr) by extension 'colcon_meta'
[0.285s] Level 1:colcon.colcon_core.package_identification:_identify(src/jpjc_qr) by extensions ['ros']
[0.285s] Level 1:colcon.colcon_core.package_identification:_identify(src/jpjc_qr) by extension 'ros'
[0.285s] DEBUG:colcon.colcon_core.package_identification:Package 'src/jpjc_qr' with type 'ros.ament_python' and name 'jpjc_qr'
[0.285s] Level 1:colcon.colcon_core.package_identification:_identify(src/log) by extensions ['ignore', 'ignore_ament_install']
[0.285s] Level 1:colcon.colcon_core.package_identification:_identify(src/log) by extension 'ignore'
[0.285s] Level 1:colcon.colcon_core.package_identification:_identify(src/log) ignored
[0.285s] Level 1:colcon.colcon_core.package_identification:_identify(src/tello) by extensions ['ignore', 'ignore_ament_install']
[0.285s] Level 1:colcon.colcon_core.package_identification:_identify(src/tello) by extension 'ignore'
[0.285s] Level 1:colcon.colcon_core.package_identification:_identify(src/tello) by extension 'ignore_ament_install'
[0.286s] Level 1:colcon.colcon_core.package_identification:_identify(src/tello) by extensions ['colcon_pkg']
[0.286s] Level 1:colcon.colcon_core.package_identification:_identify(src/tello) by extension 'colcon_pkg'
[0.286s] Level 1:colcon.colcon_core.package_identification:_identify(src/tello) by extensions ['colcon_meta']
[0.286s] Level 1:colcon.colcon_core.package_identification:_identify(src/tello) by extension 'colcon_meta'
[0.286s] Level 1:colcon.colcon_core.package_identification:_identify(src/tello) by extensions ['ros']
[0.286s] Level 1:colcon.colcon_core.package_identification:_identify(src/tello) by extension 'ros'
[0.286s] DEBUG:colcon.colcon_core.package_identification:Package 'src/tello' with type 'ros.ament_python' and name 'tello'
[0.286s] Level 1:colcon.colcon_core.package_identification:_identify(src/tello_control) by extensions ['ignore', 'ignore_ament_install']
[0.286s] Level 1:colcon.colcon_core.package_identification:_identify(src/tello_control) by extension 'ignore'
[0.286s] Level 1:colcon.colcon_core.package_identification:_identify(src/tello_control) by extension 'ignore_ament_install'
[0.286s] Level 1:colcon.colcon_core.package_identification:_identify(src/tello_control) by extensions ['colcon_pkg']
[0.286s] Level 1:colcon.colcon_core.package_identification:_identify(src/tello_control) by extension 'colcon_pkg'
[0.286s] Level 1:colcon.colcon_core.package_identification:_identify(src/tello_control) by extensions ['colcon_meta']
[0.287s] Level 1:colcon.colcon_core.package_identification:_identify(src/tello_control) by extension 'colcon_meta'
[0.287s] Level 1:colcon.colcon_core.package_identification:_identify(src/tello_control) by extensions ['ros']
[0.287s] Level 1:colcon.colcon_core.package_identification:_identify(src/tello_control) by extension 'ros'
[0.287s] DEBUG:colcon.colcon_core.package_identification:Package 'src/tello_control' with type 'ros.ament_cmake' and name 'tello_control'
[0.287s] Level 1:colcon.colcon_core.package_identification:_identify(src/tello_msg) by extensions ['ignore', 'ignore_ament_install']
[0.287s] Level 1:colcon.colcon_core.package_identification:_identify(src/tello_msg) by extension 'ignore'
[0.287s] Level 1:colcon.colcon_core.package_identification:_identify(src/tello_msg) by extension 'ignore_ament_install'
[0.287s] Level 1:colcon.colcon_core.package_identification:_identify(src/tello_msg) by extensions ['colcon_pkg']
[0.287s] Level 1:colcon.colcon_core.package_identification:_identify(src/tello_msg) by extension 'colcon_pkg'
[0.287s] Level 1:colcon.colcon_core.package_identification:_identify(src/tello_msg) by extensions ['colcon_meta']
[0.287s] Level 1:colcon.colcon_core.package_identification:_identify(src/tello_msg) by extension 'colcon_meta'
[0.287s] Level 1:colcon.colcon_core.package_identification:_identify(src/tello_msg) by extensions ['ros']
[0.287s] Level 1:colcon.colcon_core.package_identification:_identify(src/tello_msg) by extension 'ros'
[0.288s] DEBUG:colcon.colcon_core.package_identification:Package 'src/tello_msg' with type 'ros.ament_cmake' and name 'tello_msg'
[0.288s] Level 1:colcon.colcon_core.package_discovery:discover_packages(recursive) using defaults
[0.288s] Level 1:colcon.colcon_core.package_discovery:discover_packages(ignore) discover
[0.288s] Level 1:colcon.colcon_core.package_discovery:discover_packages(ignore) using defaults
[0.288s] Level 1:colcon.colcon_core.package_discovery:discover_packages(path) discover
[0.288s] Level 1:colcon.colcon_core.package_discovery:discover_packages(path) using defaults
[0.305s] Level 1:colcon.colcon_core.package_discovery:discover_packages(prefix_path) check parameters
[0.305s] Level 1:colcon.colcon_core.package_discovery:discover_packages(prefix_path) discover
[0.307s] DEBUG:colcon.colcon_installed_package_information.package_discovery:Found 5 installed packages in /home/triton_08/tello_jp_jc_ws/install
[0.309s] DEBUG:colcon.colcon_installed_package_information.package_discovery:Found 285 installed packages in /opt/ros/humble
[0.310s] Level 1:colcon.colcon_core.package_discovery:discover_packages(prefix_path) using defaults
[0.358s] Level 5:colcon.colcon_core.verb:set package 'jpjc_joy' build argument 'cmake_args' from command line to 'None'
[0.358s] Level 5:colcon.colcon_core.verb:set package 'jpjc_joy' build argument 'cmake_target' from command line to 'None'
[0.358s] Level 5:colcon.colcon_core.verb:set package 'jpjc_joy' build argument 'cmake_target_skip_unavailable' from command line to 'False'
[0.359s] Level 5:colcon.colcon_core.verb:set package 'jpjc_joy' build argument 'cmake_clean_cache' from command line to 'False'
[0.359s] Level 5:colcon.colcon_core.verb:set package 'jpjc_joy' build argument 'cmake_clean_first' from command line to 'False'
[0.359s] Level 5:colcon.colcon_core.verb:set package 'jpjc_joy' build argument 'cmake_force_configure' from command line to 'False'
[0.359s] Level 5:colcon.colcon_core.verb:set package 'jpjc_joy' build argument 'ament_cmake_args' from command line to 'None'
[0.359s] Level 5:colcon.colcon_core.verb:set package 'jpjc_joy' build argument 'catkin_cmake_args' from command line to 'None'
[0.359s] Level 5:colcon.colcon_core.verb:set package 'jpjc_joy' build argument 'catkin_skip_building_tests' from command line to 'False'
[0.359s] DEBUG:colcon.colcon_core.verb:Building package 'jpjc_joy' with the following arguments: {'ament_cmake_args': None, 'build_base': '/home/triton_08/tello_jp_jc_ws/build/jpjc_joy', 'catkin_cmake_args': None, 'catkin_skip_building_tests': False, 'cmake_args': None, 'cmake_clean_cache': False, 'cmake_clean_first': False, 'cmake_force_configure': False, 'cmake_target': None, 'cmake_target_skip_unavailable': False, 'install_base': '/home/triton_08/tello_jp_jc_ws/install/jpjc_joy', 'merge_install': False, 'path': '/home/triton_08/tello_jp_jc_ws/src/jpjc_joy', 'symlink_install': False, 'test_result_base': None}
[0.359s] Level 5:colcon.colcon_core.verb:set package 'jpjc_qr' build argument 'cmake_args' from command line to 'None'
[0.360s] Level 5:colcon.colcon_core.verb:set package 'jpjc_qr' build argument 'cmake_target' from command line to 'None'
[0.360s] Level 5:colcon.colcon_core.verb:set package 'jpjc_qr' build argument 'cmake_target_skip_unavailable' from command line to 'False'
[0.360s] Level 5:colcon.colcon_core.verb:set package 'jpjc_qr' build argument 'cmake_clean_cache' from command line to 'False'
[0.360s] Level 5:colcon.colcon_core.verb:set package 'jpjc_qr' build argument 'cmake_clean_first' from command line to 'False'
[0.360s] Level 5:colcon.colcon_core.verb:set package 'jpjc_qr' build argument 'cmake_force_configure' from command line to 'False'
[0.360s] Level 5:colcon.colcon_core.verb:set package 'jpjc_qr' build argument 'ament_cmake_args' from command line to 'None'
[0.360s] Level 5:colcon.colcon_core.verb:set package 'jpjc_qr' build argument 'catkin_cmake_args' from command line to 'None'
[0.360s] Level 5:colcon.colcon_core.verb:set package 'jpjc_qr' build argument 'catkin_skip_building_tests' from command line to 'False'
[0.360s] DEBUG:colcon.colcon_core.verb:Building package 'jpjc_qr' with the following arguments: {'ament_cmake_args': None, 'build_base': '/home/triton_08/tello_jp_jc_ws/build/jpjc_qr', 'catkin_cmake_args': None, 'catkin_skip_building_tests': False, 'cmake_args': None, 'cmake_clean_cache': False, 'cmake_clean_first': False, 'cmake_force_configure': False, 'cmake_target': None, 'cmake_target_skip_unavailable': False, 'install_base': '/home/triton_08/tello_jp_jc_ws/install/jpjc_qr', 'merge_install': False, 'path': '/home/triton_08/tello_jp_jc_ws/src/jpjc_qr', 'symlink_install': False, 'test_result_base': None}
[0.360s] Level 5:colcon.colcon_core.verb:set package 'tello_control' build argument 'cmake_args' from command line to 'None'
[0.361s] Level 5:colcon.colcon_core.verb:set package 'tello_control' build argument 'cmake_target' from command line to 'None'
[0.361s] Level 5:colcon.colcon_core.verb:set package 'tello_control' build argument 'cmake_target_skip_unavailable' from command line to 'False'
[0.361s] Level 5:colcon.colcon_core.verb:set package 'tello_control' build argument 'cmake_clean_cache' from command line to 'False'
[0.361s] Level 5:colcon.colcon_core.verb:set package 'tello_control' build argument 'cmake_clean_first' from command line to 'False'
[0.361s] Level 5:colcon.colcon_core.verb:set package 'tello_control' build argument 'cmake_force_configure' from command line to 'False'
[0.361s] Level 5:colcon.colcon_core.verb:set package 'tello_control' build argument 'ament_cmake_args' from command line to 'None'
[0.361s] Level 5:colcon.colcon_core.verb:set package 'tello_control' build argument 'catkin_cmake_args' from command line to 'None'
[0.361s] Level 5:colcon.colcon_core.verb:set package 'tello_control' build argument 'catkin_skip_building_tests' from command line to 'False'
[0.361s] DEBUG:colcon.colcon_core.verb:Building package 'tello_control' with the following arguments: {'ament_cmake_args': None, 'build_base': '/home/triton_08/tello_jp_jc_ws/build/tello_control', 'catkin_cmake_args': None, 'catkin_skip_building_tests': False, 'cmake_args': None, 'cmake_clean_cache': False, 'cmake_clean_first': False, 'cmake_force_configure': False, 'cmake_target': None, 'cmake_target_skip_unavailable': False, 'install_base': '/home/triton_08/tello_jp_jc_ws/install/tello_control', 'merge_install': False, 'path': '/home/triton_08/tello_jp_jc_ws/src/tello_control', 'symlink_install': False, 'test_result_base': None}
[0.361s] Level 5:colcon.colcon_core.verb:set package 'tello_msg' build argument 'cmake_args' from command line to 'None'
[0.361s] Level 5:colcon.colcon_core.verb:set package 'tello_msg' build argument 'cmake_target' from command line to 'None'
[0.362s] Level 5:colcon.colcon_core.verb:set package 'tello_msg' build argument 'cmake_target_skip_unavailable' from command line to 'False'
[0.362s] Level 5:colcon.colcon_core.verb:set package 'tello_msg' build argument 'cmake_clean_cache' from command line to 'False'
[0.362s] Level 5:colcon.colcon_core.verb:set package 'tello_msg' build argument 'cmake_clean_first' from command line to 'False'
[0.362s] Level 5:colcon.colcon_core.verb:set package 'tello_msg' build argument 'cmake_force_configure' from command line to 'False'
[0.362s] Level 5:colcon.colcon_core.verb:set package 'tello_msg' build argument 'ament_cmake_args' from command line to 'None'
[0.362s] Level 5:colcon.colcon_core.verb:set package 'tello_msg' build argument 'catkin_cmake_args' from command line to 'None'
[0.362s] Level 5:colcon.colcon_core.verb:set package 'tello_msg' build argument 'catkin_skip_building_tests' from command line to 'False'
[0.362s] DEBUG:colcon.colcon_core.verb:Building package 'tello_msg' with the following arguments: {'ament_cmake_args': None, 'build_base': '/home/triton_08/tello_jp_jc_ws/build/tello_msg', 'catkin_cmake_args': None, 'catkin_skip_building_tests': False, 'cmake_args': None, 'cmake_clean_cache': False, 'cmake_clean_first': False, 'cmake_force_configure': False, 'cmake_target': None, 'cmake_target_skip_unavailable': False, 'install_base': '/home/triton_08/tello_jp_jc_ws/install/tello_msg', 'merge_install': False, 'path': '/home/triton_08/tello_jp_jc_ws/src/tello_msg', 'symlink_install': False, 'test_result_base': None}
[0.363s] Level 5:colcon.colcon_core.verb:set package 'tello' build argument 'cmake_args' from command line to 'None'
[0.363s] Level 5:colcon.colcon_core.verb:set package 'tello' build argument 'cmake_target' from command line to 'None'
[0.363s] Level 5:colcon.colcon_core.verb:set package 'tello' build argument 'cmake_target_skip_unavailable' from command line to 'False'
[0.363s] Level 5:colcon.colcon_core.verb:set package 'tello' build argument 'cmake_clean_cache' from command line to 'False'
[0.363s] Level 5:colcon.colcon_core.verb:set package 'tello' build argument 'cmake_clean_first' from command line to 'False'
[0.363s] Level 5:colcon.colcon_core.verb:set package 'tello' build argument 'cmake_force_configure' from command line to 'False'
[0.363s] Level 5:colcon.colcon_core.verb:set package 'tello' build argument 'ament_cmake_args' from command line to 'None'
[0.363s] Level 5:colcon.colcon_core.verb:set package 'tello' build argument 'catkin_cmake_args' from command line to 'None'
[0.363s] Level 5:colcon.colcon_core.verb:set package 'tello' build argument 'catkin_skip_building_tests' from command line to 'False'
[0.363s] DEBUG:colcon.colcon_core.verb:Building package 'tello' with the following arguments: {'ament_cmake_args': None, 'build_base': '/home/triton_08/tello_jp_jc_ws/build/tello', 'catkin_cmake_args': None, 'catkin_skip_building_tests': False, 'cmake_args': None, 'cmake_clean_cache': False, 'cmake_clean_first': False, 'cmake_force_configure': False, 'cmake_target': None, 'cmake_target_skip_unavailable': False, 'install_base': '/home/triton_08/tello_jp_jc_ws/install/tello', 'merge_install': False, 'path': '/home/triton_08/tello_jp_jc_ws/src/tello', 'symlink_install': False, 'test_result_base': None}
[0.363s] INFO:colcon.colcon_core.executor:Executing jobs using 'parallel' executor
[0.366s] DEBUG:colcon.colcon_parallel_executor.executor.parallel:run_until_complete
[0.366s] INFO:colcon.colcon_ros.task.ament_cmake.build:Building ROS package in '/home/triton_08/tello_jp_jc_ws/src/tello_msg' with build type 'ament_cmake'
[0.367s] INFO:colcon.colcon_cmake.task.cmake.build:Building CMake package in '/home/triton_08/tello_jp_jc_ws/src/tello_msg'
[0.370s] INFO:colcon.colcon_core.plugin_system:Skipping extension 'colcon_core.shell.bat': Not used on non-Windows systems
[0.370s] INFO:colcon.colcon_core.shell:Skip shell extension 'powershell' for command environment: Not usable outside of PowerShell
[0.370s] DEBUG:colcon.colcon_core.shell:Skip shell extension 'dsv' for command environment
[0.374s] INFO:colcon.colcon_ros.task.ament_python.build:Building ROS package in '/home/triton_08/tello_jp_jc_ws/src/jpjc_joy' with build type 'ament_python'
[0.374s] Level 1:colcon.colcon_core.shell:create_environment_hook('jpjc_joy', 'ament_prefix_path')
[0.375s] INFO:colcon.colcon_core.shell:Creating environment hook '/home/triton_08/tello_jp_jc_ws/install/jpjc_joy/share/jpjc_joy/hook/ament_prefix_path.ps1'
[0.376s] INFO:colcon.colcon_core.shell:Creating environment descriptor '/home/triton_08/tello_jp_jc_ws/install/jpjc_joy/share/jpjc_joy/hook/ament_prefix_path.dsv'
[0.376s] INFO:colcon.colcon_core.shell:Creating environment hook '/home/triton_08/tello_jp_jc_ws/install/jpjc_joy/share/jpjc_joy/hook/ament_prefix_path.sh'
[0.377s] INFO:colcon.colcon_core.shell:Skip shell extension 'powershell' for command environment: Not usable outside of PowerShell
[0.377s] DEBUG:colcon.colcon_core.shell:Skip shell extension 'dsv' for command environment
[0.381s] INFO:colcon.colcon_ros.task.ament_python.build:Building ROS package in '/home/triton_08/tello_jp_jc_ws/src/jpjc_qr' with build type 'ament_python'
[0.381s] Level 1:colcon.colcon_core.shell:create_environment_hook('jpjc_qr', 'ament_prefix_path')
[0.382s] INFO:colcon.colcon_core.shell:Creating environment hook '/home/triton_08/tello_jp_jc_ws/install/jpjc_qr/share/jpjc_qr/hook/ament_prefix_path.ps1'
[0.382s] INFO:colcon.colcon_core.shell:Creating environment descriptor '/home/triton_08/tello_jp_jc_ws/install/jpjc_qr/share/jpjc_qr/hook/ament_prefix_path.dsv'
[0.383s] INFO:colcon.colcon_core.shell:Creating environment hook '/home/triton_08/tello_jp_jc_ws/install/jpjc_qr/share/jpjc_qr/hook/ament_prefix_path.sh'
[0.384s] INFO:colcon.colcon_core.shell:Skip shell extension 'powershell' for command environment: Not usable outside of PowerShell
[0.384s] DEBUG:colcon.colcon_core.shell:Skip shell extension 'dsv' for command environment
[0.387s] INFO:colcon.colcon_ros.task.ament_cmake.build:Building ROS package in '/home/triton_08/tello_jp_jc_ws/src/tello_control' with build type 'ament_cmake'
[0.387s] INFO:colcon.colcon_cmake.task.cmake.build:Building CMake package in '/home/triton_08/tello_jp_jc_ws/src/tello_control'
[0.388s] INFO:colcon.colcon_core.shell:Skip shell extension 'powershell' for command environment: Not usable outside of PowerShell
[0.388s] DEBUG:colcon.colcon_core.shell:Skip shell extension 'dsv' for command environment
[0.396s] DEBUG:colcon.colcon_core.event_handler.log_command:Invoking command in '/home/triton_08/tello_jp_jc_ws/build/tello_msg': CMAKE_PREFIX_PATH=${CMAKE_PREFIX_PATH}:/home/triton_08/tello_jp_jc_ws/install/tello:/home/triton_08/tello_jp_jc_ws/install/jpjc_qr:/home/triton_08/tello_jp_jc_ws/install/jpjc_joy:/opt/ros/humble /usr/bin/cmake --build /home/triton_08/tello_jp_jc_ws/build/tello_msg -- -j16 -l16
[0.597s] INFO:colcon.colcon_core.task.python.build:Building Python package in '/home/triton_08/tello_jp_jc_ws/src/jpjc_joy'
[0.599s] INFO:colcon.colcon_core.shell:Skip shell extension 'powershell' for command environment: Not usable outside of PowerShell
[0.599s] DEBUG:colcon.colcon_core.shell:Skip shell extension 'dsv' for command environment
[0.796s] INFO:colcon.colcon_core.task.python.build:Building Python package in '/home/triton_08/tello_jp_jc_ws/src/jpjc_qr'
[0.797s] INFO:colcon.colcon_core.shell:Skip shell extension 'powershell' for command environment: Not usable outside of PowerShell
[0.797s] DEBUG:colcon.colcon_core.shell:Skip shell extension 'dsv' for command environment
[0.808s] DEBUG:colcon.colcon_core.event_handler.log_command:Invoking command in '/home/triton_08/tello_jp_jc_ws/build/tello_control': CMAKE_PREFIX_PATH=${CMAKE_PREFIX_PATH}:/home/triton_08/tello_jp_jc_ws/install/tello:/home/triton_08/tello_jp_jc_ws/install/jpjc_qr:/home/triton_08/tello_jp_jc_ws/install/jpjc_joy:/opt/ros/humble /usr/bin/cmake --build /home/triton_08/tello_jp_jc_ws/build/tello_control -- -j16 -l16
[0.809s] DEBUG:colcon.colcon_core.event_handler.log_command:Invoked command in '/home/triton_08/tello_jp_jc_ws/build/tello_msg' returned '0': CMAKE_PREFIX_PATH=${CMAKE_PREFIX_PATH}:/home/triton_08/tello_jp_jc_ws/install/tello:/home/triton_08/tello_jp_jc_ws/install/jpjc_qr:/home/triton_08/tello_jp_jc_ws/install/jpjc_joy:/opt/ros/humble /usr/bin/cmake --build /home/triton_08/tello_jp_jc_ws/build/tello_msg -- -j16 -l16
[0.848s] DEBUG:colcon.colcon_core.event_handler.log_command:Invoked command in '/home/triton_08/tello_jp_jc_ws/build/tello_control' returned '0': CMAKE_PREFIX_PATH=${CMAKE_PREFIX_PATH}:/home/triton_08/tello_jp_jc_ws/install/tello:/home/triton_08/tello_jp_jc_ws/install/jpjc_qr:/home/triton_08/tello_jp_jc_ws/install/jpjc_joy:/opt/ros/humble /usr/bin/cmake --build /home/triton_08/tello_jp_jc_ws/build/tello_control -- -j16 -l16
[0.861s] DEBUG:colcon.colcon_core.event_handler.log_command:Invoking command in '/home/triton_08/tello_jp_jc_ws/build/tello_msg': CMAKE_PREFIX_PATH=${CMAKE_PREFIX_PATH}:/home/triton_08/tello_jp_jc_ws/install/tello:/home/triton_08/tello_jp_jc_ws/install/jpjc_qr:/home/triton_08/tello_jp_jc_ws/install/jpjc_joy:/opt/ros/humble /usr/bin/cmake --install /home/triton_08/tello_jp_jc_ws/build/tello_msg
[0.863s] DEBUG:colcon.colcon_core.event_handler.log_command:Invoking command in '/home/triton_08/tello_jp_jc_ws/build/tello_control': CMAKE_PREFIX_PATH=${CMAKE_PREFIX_PATH}:/home/triton_08/tello_jp_jc_ws/install/tello:/home/triton_08/tello_jp_jc_ws/install/jpjc_qr:/home/triton_08/tello_jp_jc_ws/install/jpjc_joy:/opt/ros/humble /usr/bin/cmake --install /home/triton_08/tello_jp_jc_ws/build/tello_control
[0.870s] Level 1:colcon.colcon_core.environment:create_environment_scripts_only(tello_control)
[0.875s] Level 1:colcon.colcon_core.environment:checking '/home/triton_08/tello_jp_jc_ws/install/tello_control' for CMake module files
[0.876s] Level 1:colcon.colcon_core.environment:checking '/home/triton_08/tello_jp_jc_ws/install/tello_control' for CMake config files
[0.876s] Level 1:colcon.colcon_core.shell:create_environment_hook('tello_control', 'cmake_prefix_path')
[0.877s] INFO:colcon.colcon_core.shell:Creating environment hook '/home/triton_08/tello_jp_jc_ws/install/tello_control/share/tello_control/hook/cmake_prefix_path.ps1'
[0.878s] INFO:colcon.colcon_core.shell:Creating environment descriptor '/home/triton_08/tello_jp_jc_ws/install/tello_control/share/tello_control/hook/cmake_prefix_path.dsv'
[0.878s] INFO:colcon.colcon_core.shell:Creating environment hook '/home/triton_08/tello_jp_jc_ws/install/tello_control/share/tello_control/hook/cmake_prefix_path.sh'
[0.879s] Level 1:colcon.colcon_core.environment:checking '/home/triton_08/tello_jp_jc_ws/install/tello_control/lib'
[0.879s] Level 1:colcon.colcon_core.environment:checking '/home/triton_08/tello_jp_jc_ws/install/tello_control/bin'
[0.879s] Level 1:colcon.colcon_core.environment:checking '/home/triton_08/tello_jp_jc_ws/install/tello_control/lib/pkgconfig/tello_control.pc'
[0.879s] Level 1:colcon.colcon_core.environment:checking '/home/triton_08/tello_jp_jc_ws/install/tello_control/lib/python3.10/site-packages'
[0.880s] Level 1:colcon.colcon_core.environment:checking '/home/triton_08/tello_jp_jc_ws/install/tello_control/bin'
[0.882s] INFO:colcon.colcon_core.shell:Creating package script '/home/triton_08/tello_jp_jc_ws/install/tello_control/share/tello_control/package.ps1'
[0.883s] INFO:colcon.colcon_core.shell:Creating package descriptor '/home/triton_08/tello_jp_jc_ws/install/tello_control/share/tello_control/package.dsv'
[0.884s] INFO:colcon.colcon_core.shell:Creating package script '/home/triton_08/tello_jp_jc_ws/install/tello_control/share/tello_control/package.sh'
[0.885s] INFO:colcon.colcon_core.shell:Creating package script '/home/triton_08/tello_jp_jc_ws/install/tello_control/share/tello_control/package.bash'
[0.886s] INFO:colcon.colcon_core.shell:Creating package script '/home/triton_08/tello_jp_jc_ws/install/tello_control/share/tello_control/package.zsh'
[0.886s] Level 1:colcon.colcon_core.environment:create_file_with_runtime_dependencies(/home/triton_08/tello_jp_jc_ws/install/tello_control/share/colcon-core/packages/tello_control)
[0.890s] DEBUG:colcon.colcon_core.event_handler.log_command:Invoked command in '/home/triton_08/tello_jp_jc_ws/build/tello_control' returned '0': CMAKE_PREFIX_PATH=${CMAKE_PREFIX_PATH}:/home/triton_08/tello_jp_jc_ws/install/tello:/home/triton_08/tello_jp_jc_ws/install/jpjc_qr:/home/triton_08/tello_jp_jc_ws/install/jpjc_joy:/opt/ros/humble /usr/bin/cmake --install /home/triton_08/tello_jp_jc_ws/build/tello_control
[0.901s] Level 1:colcon.colcon_core.environment:create_environment_scripts_only(tello_control)
[0.903s] Level 1:colcon.colcon_core.environment:checking '/home/triton_08/tello_jp_jc_ws/install/tello_control' for CMake module files
[0.904s] Level 1:colcon.colcon_core.environment:checking '/home/triton_08/tello_jp_jc_ws/install/tello_control' for CMake config files
[0.904s] Level 1:colcon.colcon_core.shell:create_environment_hook('tello_control', 'cmake_prefix_path')
[0.905s] INFO:colcon.colcon_core.shell:Creating environment hook '/home/triton_08/tello_jp_jc_ws/install/tello_control/share/tello_control/hook/cmake_prefix_path.ps1'
[0.906s] INFO:colcon.colcon_core.shell:Creating environment descriptor '/home/triton_08/tello_jp_jc_ws/install/tello_control/share/tello_control/hook/cmake_prefix_path.dsv'
[0.906s] INFO:colcon.colcon_core.shell:Creating environment hook '/home/triton_08/tello_jp_jc_ws/install/tello_control/share/tello_control/hook/cmake_prefix_path.sh'
[0.907s] Level 1:colcon.colcon_core.environment:checking '/home/triton_08/tello_jp_jc_ws/install/tello_control/lib'
[0.907s] Level 1:colcon.colcon_core.environment:checking '/home/triton_08/tello_jp_jc_ws/install/tello_control/bin'
[0.907s] Level 1:colcon.colcon_core.environment:checking '/home/triton_08/tello_jp_jc_ws/install/tello_control/lib/pkgconfig/tello_control.pc'
[0.907s] Level 1:colcon.colcon_core.environment:checking '/home/triton_08/tello_jp_jc_ws/install/tello_control/lib/python3.10/site-packages'
[0.907s] Level 1:colcon.colcon_core.environment:checking '/home/triton_08/tello_jp_jc_ws/install/tello_control/bin'
[0.908s] INFO:colcon.colcon_core.shell:Creating package script '/home/triton_08/tello_jp_jc_ws/install/tello_control/share/tello_control/package.ps1'
[0.909s] INFO:colcon.colcon_core.shell:Creating package descriptor '/home/triton_08/tello_jp_jc_ws/install/tello_control/share/tello_control/package.dsv'
[0.909s] INFO:colcon.colcon_core.shell:Creating package script '/home/triton_08/tello_jp_jc_ws/install/tello_control/share/tello_control/package.sh'
[0.910s] INFO:colcon.colcon_core.shell:Creating package script '/home/triton_08/tello_jp_jc_ws/install/tello_control/share/tello_control/package.bash'
[0.910s] INFO:colcon.colcon_core.shell:Creating package script '/home/triton_08/tello_jp_jc_ws/install/tello_control/share/tello_control/package.zsh'
[0.911s] Level 1:colcon.colcon_core.environment:create_file_with_runtime_dependencies(/home/triton_08/tello_jp_jc_ws/install/tello_control/share/colcon-core/packages/tello_control)
[0.911s] Level 1:colcon.colcon_core.environment:create_environment_scripts_only(tello_msg)
[0.913s] Level 1:colcon.colcon_core.environment:checking '/home/triton_08/tello_jp_jc_ws/install/tello_msg' for CMake module files
[0.913s] DEBUG:colcon.colcon_core.event_handler.log_command:Invoked command in '/home/triton_08/tello_jp_jc_ws/build/tello_msg' returned '0': CMAKE_PREFIX_PATH=${CMAKE_PREFIX_PATH}:/home/triton_08/tello_jp_jc_ws/install/tello:/home/triton_08/tello_jp_jc_ws/install/jpjc_qr:/home/triton_08/tello_jp_jc_ws/install/jpjc_joy:/opt/ros/humble /usr/bin/cmake --install /home/triton_08/tello_jp_jc_ws/build/tello_msg
[0.914s] Level 1:colcon.colcon_core.environment:checking '/home/triton_08/tello_jp_jc_ws/install/tello_msg' for CMake config files
[0.914s] Level 1:colcon.colcon_core.shell:create_environment_hook('tello_msg', 'cmake_prefix_path')
[0.915s] INFO:colcon.colcon_core.shell:Creating environment hook '/home/triton_08/tello_jp_jc_ws/install/tello_msg/share/tello_msg/hook/cmake_prefix_path.ps1'
[0.915s] INFO:colcon.colcon_core.shell:Creating environment descriptor '/home/triton_08/tello_jp_jc_ws/install/tello_msg/share/tello_msg/hook/cmake_prefix_path.dsv'
[0.915s] INFO:colcon.colcon_core.shell:Creating environment hook '/home/triton_08/tello_jp_jc_ws/install/tello_msg/share/tello_msg/hook/cmake_prefix_path.sh'
[0.916s] Level 1:colcon.colcon_core.environment:checking '/home/triton_08/tello_jp_jc_ws/install/tello_msg/lib'
[0.916s] Level 1:colcon.colcon_core.shell:create_environment_hook('tello_msg', 'ld_library_path_lib')
[0.918s] INFO:colcon.colcon_core.shell:Creating environment hook '/home/triton_08/tello_jp_jc_ws/install/tello_msg/share/tello_msg/hook/ld_library_path_lib.ps1'
[0.918s] INFO:colcon.colcon_core.shell:Creating environment descriptor '/home/triton_08/tello_jp_jc_ws/install/tello_msg/share/tello_msg/hook/ld_library_path_lib.dsv'
[0.919s] INFO:colcon.colcon_core.shell:Creating environment hook '/home/triton_08/tello_jp_jc_ws/install/tello_msg/share/tello_msg/hook/ld_library_path_lib.sh'
[0.919s] Level 1:colcon.colcon_core.environment:checking '/home/triton_08/tello_jp_jc_ws/install/tello_msg/bin'
[0.919s] Level 1:colcon.colcon_core.environment:checking '/home/triton_08/tello_jp_jc_ws/install/tello_msg/lib/pkgconfig/tello_msg.pc'
[0.919s] Level 1:colcon.colcon_core.environment:checking '/home/triton_08/tello_jp_jc_ws/install/tello_msg/lib/python3.10/site-packages'
[0.919s] Level 1:colcon.colcon_core.environment:checking '/home/triton_08/tello_jp_jc_ws/install/tello_msg/bin'
[0.920s] INFO:colcon.colcon_core.shell:Creating package script '/home/triton_08/tello_jp_jc_ws/install/tello_msg/share/tello_msg/package.ps1'
[0.921s] INFO:colcon.colcon_core.shell:Creating package descriptor '/home/triton_08/tello_jp_jc_ws/install/tello_msg/share/tello_msg/package.dsv'
[0.921s] INFO:colcon.colcon_core.shell:Creating package script '/home/triton_08/tello_jp_jc_ws/install/tello_msg/share/tello_msg/package.sh'
[0.921s] INFO:colcon.colcon_core.shell:Creating package script '/home/triton_08/tello_jp_jc_ws/install/tello_msg/share/tello_msg/package.bash'
[0.922s] INFO:colcon.colcon_core.shell:Creating package script '/home/triton_08/tello_jp_jc_ws/install/tello_msg/share/tello_msg/package.zsh'
[0.922s] Level 1:colcon.colcon_core.environment:create_file_with_runtime_dependencies(/home/triton_08/tello_jp_jc_ws/install/tello_msg/share/colcon-core/packages/tello_msg)
[0.971s] Level 1:colcon.colcon_core.environment:create_environment_scripts_only(tello_msg)
[0.972s] Level 1:colcon.colcon_core.environment:checking '/home/triton_08/tello_jp_jc_ws/install/tello_msg' for CMake module files
[0.972s] Level 1:colcon.colcon_core.environment:checking '/home/triton_08/tello_jp_jc_ws/install/tello_msg' for CMake config files
[0.973s] Level 1:colcon.colcon_core.shell:create_environment_hook('tello_msg', 'cmake_prefix_path')
[0.973s] INFO:colcon.colcon_core.shell:Creating environment hook '/home/triton_08/tello_jp_jc_ws/install/tello_msg/share/tello_msg/hook/cmake_prefix_path.ps1'
[0.974s] INFO:colcon.colcon_core.shell:Creating environment descriptor '/home/triton_08/tello_jp_jc_ws/install/tello_msg/share/tello_msg/hook/cmake_prefix_path.dsv'
[0.974s] INFO:colcon.colcon_core.shell:Creating environment hook '/home/triton_08/tello_jp_jc_ws/install/tello_msg/share/tello_msg/hook/cmake_prefix_path.sh'
[0.974s] Level 1:colcon.colcon_core.environment:checking '/home/triton_08/tello_jp_jc_ws/install/tello_msg/lib'
[0.974s] Level 1:colcon.colcon_core.shell:create_environment_hook('tello_msg', 'ld_library_path_lib')
[0.975s] INFO:colcon.colcon_core.shell:Creating environment hook '/home/triton_08/tello_jp_jc_ws/install/tello_msg/share/tello_msg/hook/ld_library_path_lib.ps1'
[0.976s] INFO:colcon.colcon_core.shell:Creating environment descriptor '/home/triton_08/tello_jp_jc_ws/install/tello_msg/share/tello_msg/hook/ld_library_path_lib.dsv'
[0.976s] INFO:colcon.colcon_core.shell:Creating environment hook '/home/triton_08/tello_jp_jc_ws/install/tello_msg/share/tello_msg/hook/ld_library_path_lib.sh'
[0.976s] Level 1:colcon.colcon_core.environment:checking '/home/triton_08/tello_jp_jc_ws/install/tello_msg/bin'
[0.976s] Level 1:colcon.colcon_core.environment:checking '/home/triton_08/tello_jp_jc_ws/install/tello_msg/lib/pkgconfig/tello_msg.pc'
[0.976s] Level 1:colcon.colcon_core.environment:checking '/home/triton_08/tello_jp_jc_ws/install/tello_msg/lib/python3.10/site-packages'
[0.976s] Level 1:colcon.colcon_core.environment:checking '/home/triton_08/tello_jp_jc_ws/install/tello_msg/bin'
[0.977s] INFO:colcon.colcon_core.shell:Creating package script '/home/triton_08/tello_jp_jc_ws/install/tello_msg/share/tello_msg/package.ps1'
[0.978s] INFO:colcon.colcon_core.shell:Creating package descriptor '/home/triton_08/tello_jp_jc_ws/install/tello_msg/share/tello_msg/package.dsv'
[0.978s] INFO:colcon.colcon_core.shell:Creating package script '/home/triton_08/tello_jp_jc_ws/install/tello_msg/share/tello_msg/package.sh'
[0.979s] INFO:colcon.colcon_core.shell:Creating package script '/home/triton_08/tello_jp_jc_ws/install/tello_msg/share/tello_msg/package.bash'
[0.979s] INFO:colcon.colcon_core.shell:Creating package script '/home/triton_08/tello_jp_jc_ws/install/tello_msg/share/tello_msg/package.zsh'
[0.979s] Level 1:colcon.colcon_core.environment:create_file_with_runtime_dependencies(/home/triton_08/tello_jp_jc_ws/install/tello_msg/share/colcon-core/packages/tello_msg)
[0.980s] INFO:colcon.colcon_ros.task.ament_python.build:Building ROS package in '/home/triton_08/tello_jp_jc_ws/src/tello' with build type 'ament_python'
[0.980s] Level 1:colcon.colcon_core.shell:create_environment_hook('tello', 'ament_prefix_path')
[0.981s] INFO:colcon.colcon_core.shell:Creating environment hook '/home/triton_08/tello_jp_jc_ws/install/tello/share/tello/hook/ament_prefix_path.ps1'
[0.982s] INFO:colcon.colcon_core.shell:Creating environment descriptor '/home/triton_08/tello_jp_jc_ws/install/tello/share/tello/hook/ament_prefix_path.dsv'
[0.982s] INFO:colcon.colcon_core.shell:Creating environment hook '/home/triton_08/tello_jp_jc_ws/install/tello/share/tello/hook/ament_prefix_path.sh'
[0.983s] INFO:colcon.colcon_core.shell:Skip shell extension 'powershell' for command environment: Not usable outside of PowerShell
[0.983s] DEBUG:colcon.colcon_core.shell:Skip shell extension 'dsv' for command environment
[1.179s] INFO:colcon.colcon_core.task.python.build:Building Python package in '/home/triton_08/tello_jp_jc_ws/src/tello'
[1.180s] INFO:colcon.colcon_core.shell:Skip shell extension 'powershell' for command environment: Not usable outside of PowerShell
[1.180s] DEBUG:colcon.colcon_core.shell:Skip shell extension 'dsv' for command environment
[1.188s] DEBUG:colcon.colcon_core.event_handler.log_command:Invoking command in '/home/triton_08/tello_jp_jc_ws/src/jpjc_qr': PYTHONPATH=/home/triton_08/tello_jp_jc_ws/build/jpjc_qr/prefix_override:/home/triton_08/tello_jp_jc_ws/install/jpjc_qr/lib/python3.10/site-packages:${PYTHONPATH} /usr/bin/python3 setup.py egg_info --egg-base ../../build/jpjc_qr build --build-base /home/triton_08/tello_jp_jc_ws/build/jpjc_qr/build install --record /home/triton_08/tello_jp_jc_ws/build/jpjc_qr/install.log --single-version-externally-managed
[1.189s] DEBUG:colcon.colcon_core.event_handler.log_command:Invoking command in '/home/triton_08/tello_jp_jc_ws/src/jpjc_joy': PYTHONPATH=/home/triton_08/tello_jp_jc_ws/build/jpjc_joy/prefix_override:/home/triton_08/tello_jp_jc_ws/install/jpjc_joy/lib/python3.10/site-packages:${PYTHONPATH} /usr/bin/python3 setup.py egg_info --egg-base ../../build/jpjc_joy build --build-base /home/triton_08/tello_jp_jc_ws/build/jpjc_joy/build install --record /home/triton_08/tello_jp_jc_ws/build/jpjc_joy/install.log --single-version-externally-managed
[1.412s] Level 1:colcon.colcon_core.environment:checking '/home/triton_08/tello_jp_jc_ws/install/jpjc_joy' for CMake module files
[1.413s] DEBUG:colcon.colcon_core.event_handler.log_command:Invoked command in '/home/triton_08/tello_jp_jc_ws/src/jpjc_joy' returned '0': PYTHONPATH=/home/triton_08/tello_jp_jc_ws/build/jpjc_joy/prefix_override:/home/triton_08/tello_jp_jc_ws/install/jpjc_joy/lib/python3.10/site-packages:${PYTHONPATH} /usr/bin/python3 setup.py egg_info --egg-base ../../build/jpjc_joy build --build-base /home/triton_08/tello_jp_jc_ws/build/jpjc_joy/build install --record /home/triton_08/tello_jp_jc_ws/build/jpjc_joy/install.log --single-version-externally-managed
[1.413s] Level 1:colcon.colcon_core.environment:checking '/home/triton_08/tello_jp_jc_ws/install/jpjc_joy' for CMake config files
[1.414s] Level 1:colcon.colcon_core.environment:checking '/home/triton_08/tello_jp_jc_ws/install/jpjc_joy/lib'
[1.414s] Level 1:colcon.colcon_core.environment:checking '/home/triton_08/tello_jp_jc_ws/install/jpjc_joy/bin'
[1.414s] Level 1:colcon.colcon_core.environment:checking '/home/triton_08/tello_jp_jc_ws/install/jpjc_joy/lib/pkgconfig/jpjc_joy.pc'
[1.414s] Level 1:colcon.colcon_core.environment:checking '/home/triton_08/tello_jp_jc_ws/install/jpjc_joy/lib/python3.10/site-packages'
[1.414s] Level 1:colcon.colcon_core.shell:create_environment_hook('jpjc_joy', 'pythonpath')
[1.415s] INFO:colcon.colcon_core.shell:Creating environment hook '/home/triton_08/tello_jp_jc_ws/install/jpjc_joy/share/jpjc_joy/hook/pythonpath.ps1'
[1.415s] INFO:colcon.colcon_core.shell:Creating environment descriptor '/home/triton_08/tello_jp_jc_ws/install/jpjc_joy/share/jpjc_joy/hook/pythonpath.dsv'
[1.416s] INFO:colcon.colcon_core.shell:Creating environment hook '/home/triton_08/tello_jp_jc_ws/install/jpjc_joy/share/jpjc_joy/hook/pythonpath.sh'
[1.416s] Level 1:colcon.colcon_core.environment:checking '/home/triton_08/tello_jp_jc_ws/install/jpjc_joy/bin'
[1.416s] Level 1:colcon.colcon_core.environment:create_environment_scripts_only(jpjc_joy)
[1.417s] INFO:colcon.colcon_core.shell:Creating package script '/home/triton_08/tello_jp_jc_ws/install/jpjc_joy/share/jpjc_joy/package.ps1'
[1.417s] INFO:colcon.colcon_core.shell:Creating package descriptor '/home/triton_08/tello_jp_jc_ws/install/jpjc_joy/share/jpjc_joy/package.dsv'
[1.418s] INFO:colcon.colcon_core.shell:Creating package script '/home/triton_08/tello_jp_jc_ws/install/jpjc_joy/share/jpjc_joy/package.sh'
[1.418s] INFO:colcon.colcon_core.shell:Creating package script '/home/triton_08/tello_jp_jc_ws/install/jpjc_joy/share/jpjc_joy/package.bash'
[1.418s] INFO:colcon.colcon_core.shell:Creating package script '/home/triton_08/tello_jp_jc_ws/install/jpjc_joy/share/jpjc_joy/package.zsh'
[1.418s] Level 1:colcon.colcon_core.environment:create_file_with_runtime_dependencies(/home/triton_08/tello_jp_jc_ws/install/jpjc_joy/share/colcon-core/packages/jpjc_joy)
[1.421s] Level 1:colcon.colcon_core.environment:checking '/home/triton_08/tello_jp_jc_ws/install/jpjc_qr' for CMake module files
[1.421s] DEBUG:colcon.colcon_core.event_handler.log_command:Invoked command in '/home/triton_08/tello_jp_jc_ws/src/jpjc_qr' returned '0': PYTHONPATH=/home/triton_08/tello_jp_jc_ws/build/jpjc_qr/prefix_override:/home/triton_08/tello_jp_jc_ws/install/jpjc_qr/lib/python3.10/site-packages:${PYTHONPATH} /usr/bin/python3 setup.py egg_info --egg-base ../../build/jpjc_qr build --build-base /home/triton_08/tello_jp_jc_ws/build/jpjc_qr/build install --record /home/triton_08/tello_jp_jc_ws/build/jpjc_qr/install.log --single-version-externally-managed
[1.421s] Level 1:colcon.colcon_core.environment:checking '/home/triton_08/tello_jp_jc_ws/install/jpjc_qr' for CMake config files
[1.422s] Level 1:colcon.colcon_core.environment:checking '/home/triton_08/tello_jp_jc_ws/install/jpjc_qr/lib'
[1.422s] Level 1:colcon.colcon_core.environment:checking '/home/triton_08/tello_jp_jc_ws/install/jpjc_qr/bin'
[1.422s] Level 1:colcon.colcon_core.environment:checking '/home/triton_08/tello_jp_jc_ws/install/jpjc_qr/lib/pkgconfig/jpjc_qr.pc'
[1.422s] Level 1:colcon.colcon_core.environment:checking '/home/triton_08/tello_jp_jc_ws/install/jpjc_qr/lib/python3.10/site-packages'
[1.422s] Level 1:colcon.colcon_core.shell:create_environment_hook('jpjc_qr', 'pythonpath')
[1.423s] INFO:colcon.colcon_core.shell:Creating environment hook '/home/triton_08/tello_jp_jc_ws/install/jpjc_qr/share/jpjc_qr/hook/pythonpath.ps1'
[1.424s] INFO:colcon.colcon_core.shell:Creating environment descriptor '/home/triton_08/tello_jp_jc_ws/install/jpjc_qr/share/jpjc_qr/hook/pythonpath.dsv'
[1.424s] INFO:colcon.colcon_core.shell:Creating environment hook '/home/triton_08/tello_jp_jc_ws/install/jpjc_qr/share/jpjc_qr/hook/pythonpath.sh'
[1.424s] Level 1:colcon.colcon_core.environment:checking '/home/triton_08/tello_jp_jc_ws/install/jpjc_qr/bin'
[1.424s] Level 1:colcon.colcon_core.environment:create_environment_scripts_only(jpjc_qr)
[1.426s] INFO:colcon.colcon_core.shell:Creating package script '/home/triton_08/tello_jp_jc_ws/install/jpjc_qr/share/jpjc_qr/package.ps1'
[1.426s] INFO:colcon.colcon_core.shell:Creating package descriptor '/home/triton_08/tello_jp_jc_ws/install/jpjc_qr/share/jpjc_qr/package.dsv'
[1.426s] INFO:colcon.colcon_core.shell:Creating package script '/home/triton_08/tello_jp_jc_ws/install/jpjc_qr/share/jpjc_qr/package.sh'
[1.427s] INFO:colcon.colcon_core.shell:Creating package script '/home/triton_08/tello_jp_jc_ws/install/jpjc_qr/share/jpjc_qr/package.bash'
[1.427s] INFO:colcon.colcon_core.shell:Creating package script '/home/triton_08/tello_jp_jc_ws/install/jpjc_qr/share/jpjc_qr/package.zsh'
[1.427s] Level 1:colcon.colcon_core.environment:create_file_with_runtime_dependencies(/home/triton_08/tello_jp_jc_ws/install/jpjc_qr/share/colcon-core/packages/jpjc_qr)
[1.440s] DEBUG:colcon.colcon_core.event_handler.log_command:Invoking command in '/home/triton_08/tello_jp_jc_ws/src/tello': PYTHONPATH=/home/triton_08/tello_jp_jc_ws/build/tello/prefix_override:/home/triton_08/tello_jp_jc_ws/install/tello/lib/python3.10/site-packages:${PYTHONPATH} /usr/bin/python3 setup.py egg_info --egg-base ../../build/tello build --build-base /home/triton_08/tello_jp_jc_ws/build/tello/build install --record /home/triton_08/tello_jp_jc_ws/build/tello/install.log --install-scripts $base/lib/tello --single-version-externally-managed
[1.655s] Level 1:colcon.colcon_core.environment:checking '/home/triton_08/tello_jp_jc_ws/install/tello' for CMake module files
[1.656s] DEBUG:colcon.colcon_core.event_handler.log_command:Invoked command in '/home/triton_08/tello_jp_jc_ws/src/tello' returned '0': PYTHONPATH=/home/triton_08/tello_jp_jc_ws/build/tello/prefix_override:/home/triton_08/tello_jp_jc_ws/install/tello/lib/python3.10/site-packages:${PYTHONPATH} /usr/bin/python3 setup.py egg_info --egg-base ../../build/tello build --build-base /home/triton_08/tello_jp_jc_ws/build/tello/build install --record /home/triton_08/tello_jp_jc_ws/build/tello/install.log --install-scripts $base/lib/tello --single-version-externally-managed
[1.656s] Level 1:colcon.colcon_core.environment:checking '/home/triton_08/tello_jp_jc_ws/install/tello' for CMake config files
[1.656s] Level 1:colcon.colcon_core.environment:checking '/home/triton_08/tello_jp_jc_ws/install/tello/lib'
[1.657s] Level 1:colcon.colcon_core.environment:checking '/home/triton_08/tello_jp_jc_ws/install/tello/bin'
[1.657s] Level 1:colcon.colcon_core.environment:checking '/home/triton_08/tello_jp_jc_ws/install/tello/lib/pkgconfig/tello.pc'
[1.657s] Level 1:colcon.colcon_core.environment:checking '/home/triton_08/tello_jp_jc_ws/install/tello/lib/python3.10/site-packages'
[1.657s] Level 1:colcon.colcon_core.shell:create_environment_hook('tello', 'pythonpath')
[1.658s] INFO:colcon.colcon_core.shell:Creating environment hook '/home/triton_08/tello_jp_jc_ws/install/tello/share/tello/hook/pythonpath.ps1'
[1.658s] INFO:colcon.colcon_core.shell:Creating environment descriptor '/home/triton_08/tello_jp_jc_ws/install/tello/share/tello/hook/pythonpath.dsv'
[1.659s] INFO:colcon.colcon_core.shell:Creating environment hook '/home/triton_08/tello_jp_jc_ws/install/tello/share/tello/hook/pythonpath.sh'
[1.659s] Level 1:colcon.colcon_core.environment:checking '/home/triton_08/tello_jp_jc_ws/install/tello/bin'
[1.659s] Level 1:colcon.colcon_core.environment:create_environment_scripts_only(tello)
[1.660s] INFO:colcon.colcon_core.shell:Creating package script '/home/triton_08/tello_jp_jc_ws/install/tello/share/tello/package.ps1'
[1.660s] INFO:colcon.colcon_core.shell:Creating package descriptor '/home/triton_08/tello_jp_jc_ws/install/tello/share/tello/package.dsv'
[1.661s] INFO:colcon.colcon_core.shell:Creating package script '/home/triton_08/tello_jp_jc_ws/install/tello/share/tello/package.sh'
[1.661s] INFO:colcon.colcon_core.shell:Creating package script '/home/triton_08/tello_jp_jc_ws/install/tello/share/tello/package.bash'
[1.661s] INFO:colcon.colcon_core.shell:Creating package script '/home/triton_08/tello_jp_jc_ws/install/tello/share/tello/package.zsh'
[1.662s] Level 1:colcon.colcon_core.environment:create_file_with_runtime_dependencies(/home/triton_08/tello_jp_jc_ws/install/tello/share/colcon-core/packages/tello)
[1.662s] DEBUG:colcon.colcon_parallel_executor.executor.parallel:closing loop
[1.662s] DEBUG:colcon.colcon_parallel_executor.executor.parallel:loop closed
[1.662s] DEBUG:colcon.colcon_parallel_executor.executor.parallel:run_until_complete finished with '0'
[1.663s] DEBUG:colcon.colcon_core.event_reactor:joining thread
[1.666s] INFO:colcon.colcon_core.plugin_system:Skipping extension 'colcon_notification.desktop_notification.terminal_notifier': Not used on non-Darwin systems
[1.667s] INFO:colcon.colcon_core.plugin_system:Skipping extension 'colcon_notification.desktop_notification.win32': Not used on non-Windows systems
[1.667s] INFO:colcon.colcon_notification.desktop_notification:Sending desktop notification using 'notify2'
[1.674s] DEBUG:colcon.colcon_core.event_reactor:joined thread
[1.675s] INFO:colcon.colcon_core.shell:Creating prefix script '/home/triton_08/tello_jp_jc_ws/install/local_setup.ps1'
[1.676s] INFO:colcon.colcon_core.shell:Creating prefix util module '/home/triton_08/tello_jp_jc_ws/install/_local_setup_util_ps1.py'
[1.677s] INFO:colcon.colcon_core.shell:Creating prefix chain script '/home/triton_08/tello_jp_jc_ws/install/setup.ps1'
[1.678s] INFO:colcon.colcon_core.shell:Creating prefix script '/home/triton_08/tello_jp_jc_ws/install/local_setup.sh'
[1.679s] INFO:colcon.colcon_core.shell:Creating prefix util module '/home/triton_08/tello_jp_jc_ws/install/_local_setup_util_sh.py'
[1.679s] INFO:colcon.colcon_core.shell:Creating prefix chain script '/home/triton_08/tello_jp_jc_ws/install/setup.sh'
[1.680s] INFO:colcon.colcon_core.shell:Creating prefix script '/home/triton_08/tello_jp_jc_ws/install/local_setup.bash'
[1.680s] INFO:colcon.colcon_core.shell:Creating prefix chain script '/home/triton_08/tello_jp_jc_ws/install/setup.bash'
[1.681s] INFO:colcon.colcon_core.shell:Creating prefix script '/home/triton_08/tello_jp_jc_ws/install/local_setup.zsh'
[1.682s] INFO:colcon.colcon_core.shell:Creating prefix chain script '/home/triton_08/tello_jp_jc_ws/install/setup.zsh'
