[0.007s] Invoking command in '/home/triton_08/tello_jp_jc_ws/build/tello_control': CMAKE_PREFIX_PATH=/opt/ros/humble /usr/bin/cmake /home/triton_08/tello_jp_jc_ws/src/tello_control -DCMAKE_INSTALL_PREFIX=/home/triton_08/tello_jp_jc_ws/install/tello_control
[0.038s] -- The C compiler identification is GNU 11.3.0
[0.071s] -- The CXX compiler identification is GNU 11.3.0
[0.076s] -- Detecting C compiler ABI info
[0.115s] -- Detecting C compiler ABI info - done
[0.120s] -- Check for working C compiler: /usr/bin/cc - skipped
[0.120s] -- Detecting C compile features
[0.121s] -- Detecting C compile features - done
[0.123s] -- Detecting CXX compiler ABI info
[0.169s] -- Detecting CXX compiler ABI info - done
[0.174s] -- Check for working CXX compiler: /usr/bin/c++ - skipped
[0.174s] -- Detecting CXX compile features
[0.175s] -- Detecting CXX compile features - done
[0.181s] -- Found OpenCV version 4.5.4
[0.182s] -- Found ament_cmake: 1.3.3 (/opt/ros/humble/share/ament_cmake/cmake)
[0.290s] -- Found Python3: /usr/bin/python3.10 (found version "3.10.6") found components: Interpreter 
[0.350s] -- Found rclcpp: 16.0.3 (/opt/ros/humble/share/rclcpp/cmake)
[0.377s] -- Found rosidl_generator_c: 3.1.4 (/opt/ros/humble/share/rosidl_generator_c/cmake)
[0.380s] -- Found rosidl_adapter: 3.1.4 (/opt/ros/humble/share/rosidl_adapter/cmake)
[0.385s] -- Found rosidl_generator_cpp: 3.1.4 (/opt/ros/humble/share/rosidl_generator_cpp/cmake)
[0.395s] -- Using all available rosidl_typesupport_c: rosidl_typesupport_fastrtps_c;rosidl_typesupport_introspection_c
[0.408s] -- Using all available rosidl_typesupport_cpp: rosidl_typesupport_fastrtps_cpp;rosidl_typesupport_introspection_cpp
[0.459s] -- Found rmw_implementation_cmake: 6.1.1 (/opt/ros/humble/share/rmw_implementation_cmake/cmake)
[0.460s] -- Found rmw_fastrtps_cpp: 6.2.2 (/opt/ros/humble/share/rmw_fastrtps_cpp/cmake)
[0.517s] -- Found OpenSSL: /usr/lib/x86_64-linux-gnu/libcrypto.so (found version "3.0.2")  
[0.534s] -- Found FastRTPS: /opt/ros/humble/include  
[0.564s] -- Using RMW implementation 'rmw_fastrtps_cpp' as default
[0.570s] -- Looking for pthread.h
[0.610s] -- Looking for pthread.h - found
[0.611s] -- Performing Test CMAKE_HAVE_LIBC_PTHREAD
[0.652s] -- Performing Test CMAKE_HAVE_LIBC_PTHREAD - Success
[0.653s] -- Found Threads: TRUE  
[0.777s] -- Found geometry_msgs: 4.2.3 (/opt/ros/humble/share/geometry_msgs/cmake)
[0.856s] -- Configuring done
[0.864s] -- Generating done
[0.865s] -- Build files have been written to: /home/triton_08/tello_jp_jc_ws/build/tello_control
[0.870s] Invoked command in '/home/triton_08/tello_jp_jc_ws/build/tello_control' returned '0': CMAKE_PREFIX_PATH=/opt/ros/humble /usr/bin/cmake /home/triton_08/tello_jp_jc_ws/src/tello_control -DCMAKE_INSTALL_PREFIX=/home/triton_08/tello_jp_jc_ws/install/tello_control
[0.872s] Invoking command in '/home/triton_08/tello_jp_jc_ws/build/tello_control': CMAKE_PREFIX_PATH=/opt/ros/humble /usr/bin/cmake --build /home/triton_08/tello_jp_jc_ws/build/tello_control -- -j16 -l16
[0.897s] [ 50%] [32mBuilding CXX object CMakeFiles/tello_control.dir/src/main.cpp.o[0m
[5.482s] [100%] [32m[1mLinking CXX executable tello_control[0m
[5.841s] [100%] Built target tello_control
[5.851s] Invoked command in '/home/triton_08/tello_jp_jc_ws/build/tello_control' returned '0': CMAKE_PREFIX_PATH=/opt/ros/humble /usr/bin/cmake --build /home/triton_08/tello_jp_jc_ws/build/tello_control -- -j16 -l16
[5.863s] Invoking command in '/home/triton_08/tello_jp_jc_ws/build/tello_control': CMAKE_PREFIX_PATH=/opt/ros/humble /usr/bin/cmake --install /home/triton_08/tello_jp_jc_ws/build/tello_control
[5.867s] -- Install configuration: ""
[5.867s] -- Installing: /home/triton_08/tello_jp_jc_ws/install/tello_control/lib/tello_control/tello_control
[5.868s] -- Set runtime path of "/home/triton_08/tello_jp_jc_ws/install/tello_control/lib/tello_control/tello_control" to ""
[5.868s] -- Installing: /home/triton_08/tello_jp_jc_ws/install/tello_control/share/ament_index/resource_index/package_run_dependencies/tello_control
[5.868s] -- Installing: /home/triton_08/tello_jp_jc_ws/install/tello_control/share/ament_index/resource_index/parent_prefix_path/tello_control
[5.868s] -- Installing: /home/triton_08/tello_jp_jc_ws/install/tello_control/share/tello_control/environment/ament_prefix_path.sh
[5.869s] -- Installing: /home/triton_08/tello_jp_jc_ws/install/tello_control/share/tello_control/environment/ament_prefix_path.dsv
[5.869s] -- Installing: /home/triton_08/tello_jp_jc_ws/install/tello_control/share/tello_control/environment/path.sh
[5.869s] -- Installing: /home/triton_08/tello_jp_jc_ws/install/tello_control/share/tello_control/environment/path.dsv
[5.869s] -- Installing: /home/triton_08/tello_jp_jc_ws/install/tello_control/share/tello_control/local_setup.bash
[5.869s] -- Installing: /home/triton_08/tello_jp_jc_ws/install/tello_control/share/tello_control/local_setup.sh
[5.869s] -- Installing: /home/triton_08/tello_jp_jc_ws/install/tello_control/share/tello_control/local_setup.zsh
[5.869s] -- Installing: /home/triton_08/tello_jp_jc_ws/install/tello_control/share/tello_control/local_setup.dsv
[5.869s] -- Installing: /home/triton_08/tello_jp_jc_ws/install/tello_control/share/tello_control/package.dsv
[5.869s] -- Installing: /home/triton_08/tello_jp_jc_ws/install/tello_control/share/ament_index/resource_index/packages/tello_control
[5.869s] -- Installing: /home/triton_08/tello_jp_jc_ws/install/tello_control/share/tello_control/cmake/tello_controlConfig.cmake
[5.869s] -- Installing: /home/triton_08/tello_jp_jc_ws/install/tello_control/share/tello_control/cmake/tello_controlConfig-version.cmake
[5.869s] -- Installing: /home/triton_08/tello_jp_jc_ws/install/tello_control/share/tello_control/package.xml
[5.870s] Invoked command in '/home/triton_08/tello_jp_jc_ws/build/tello_control' returned '0': CMAKE_PREFIX_PATH=/opt/ros/humble /usr/bin/cmake --install /home/triton_08/tello_jp_jc_ws/build/tello_control
