[0.033s] Invoking command in '/home/triton_08/tello_jp_jc_ws/build/bebop_description': /usr/bin/cmake /home/triton_08/tello_jp_jc_ws/jpjc_ws/src/bebop_autonomy/bebop_description -DCATKIN_INSTALL_INTO_PREFIX_ROOT=0 -DCMAKE_INSTALL_PREFIX=/home/triton_08/tello_jp_jc_ws/install/bebop_description
[0.446s] -- Configuring incomplete, errors occurred!
[0.447s] See also "/home/triton_08/tello_jp_jc_ws/build/bebop_description/CMakeFiles/CMakeOutput.log".
[0.447s] [0mCMake Deprecation Warning at CMakeLists.txt:1 (cmake_minimum_required):
[0.447s]   Compatibility with CMake < 2.8.12 will be removed from a future version of
[0.448s]   CMake.
[0.449s] 
[0.449s]   Update the VERSION argument <min> value or use a ...<max> suffix to tell
[0.450s]   CMake that the project does not need compatibility with older versions.
[0.450s] 
[0.451s] [0m
[0.452s] [31mCMake Error at CMakeLists.txt:4 (find_package):
[0.452s]   By not providing "Findcatkin.cmake" in CMAKE_MODULE_PATH this project has
[0.452s]   asked CMake to find a package configuration file provided by "catkin", but
[0.453s]   CMake did not find one.
[0.453s] 
[0.453s]   Could not find a package configuration file provided by "catkin" with any
[0.453s]   of the following names:
[0.453s] 
[0.454s]     catkinConfig.cmake
[0.455s]     catkin-config.cmake
[0.455s] 
[0.455s]   Add the installation prefix of "catkin" to CMAKE_PREFIX_PATH or set
[0.456s]   "catkin_DIR" to a directory containing one of the above files.  If "catkin"
[0.456s]   provides a separate development package or SDK, be sure it has been
[0.456s]   installed.
[0.456s] 
[0.458s] [0m
[0.483s] Invoked command in '/home/triton_08/tello_jp_jc_ws/build/bebop_description' returned '1': /usr/bin/cmake /home/triton_08/tello_jp_jc_ws/jpjc_ws/src/bebop_autonomy/bebop_description -DCATKIN_INSTALL_INTO_PREFIX_ROOT=0 -DCMAKE_INSTALL_PREFIX=/home/triton_08/tello_jp_jc_ws/install/bebop_description
