[0.790s] Invoking command in '/home/triton_08/tello_jp_jc_ws/src/jpjc_joy': PYTHONPATH=/home/triton_08/tello_jp_jc_ws/src/build/jpjc_joy/prefix_override:/home/triton_08/tello_jp_jc_ws/src/install/jpjc_joy/lib/python3.10/site-packages:${PYTHONPATH} /usr/bin/python3 setup.py egg_info --egg-base ../build/jpjc_joy build --build-base /home/triton_08/tello_jp_jc_ws/src/build/jpjc_joy/build install --record /home/triton_08/tello_jp_jc_ws/src/build/jpjc_joy/install.log --single-version-externally-managed
[0.968s] running egg_info
[0.969s] writing ../build/jpjc_joy/jpjc_joy.egg-info/PKG-INFO
[0.969s] writing dependency_links to ../build/jpjc_joy/jpjc_joy.egg-info/dependency_links.txt
[0.970s] writing entry points to ../build/jpjc_joy/jpjc_joy.egg-info/entry_points.txt
[0.970s] writing requirements to ../build/jpjc_joy/jpjc_joy.egg-info/requires.txt
[0.970s] writing top-level names to ../build/jpjc_joy/jpjc_joy.egg-info/top_level.txt
[0.972s] reading manifest file '../build/jpjc_joy/jpjc_joy.egg-info/SOURCES.txt'
[0.973s] writing manifest file '../build/jpjc_joy/jpjc_joy.egg-info/SOURCES.txt'
[0.973s] running build
[0.973s] running build_py
[0.973s] running install
[0.973s] /usr/lib/python3/dist-packages/setuptools/command/install.py:34: SetuptoolsDeprecationWarning: setup.py install is deprecated. Use build and pip and other standards-based tools.
[0.973s]   warnings.warn(
[0.974s] running install_lib
[0.975s] running install_data
[0.975s] running install_egg_info
[0.977s] removing '/home/triton_08/tello_jp_jc_ws/src/install/jpjc_joy/lib/python3.10/site-packages/jpjc_joy-0.0.0-py3.10.egg-info' (and everything under it)
[0.977s] Copying ../build/jpjc_joy/jpjc_joy.egg-info to /home/triton_08/tello_jp_jc_ws/src/install/jpjc_joy/lib/python3.10/site-packages/jpjc_joy-0.0.0-py3.10.egg-info
[0.978s] running install_scripts
[0.995s] Installing joy script to /home/triton_08/tello_jp_jc_ws/src/install/jpjc_joy/lib/jpjc_joy
[0.995s] writing list of installed files to '/home/triton_08/tello_jp_jc_ws/src/build/jpjc_joy/install.log'
[1.018s] Invoked command in '/home/triton_08/tello_jp_jc_ws/src/jpjc_joy' returned '0': PYTHONPATH=/home/triton_08/tello_jp_jc_ws/src/build/jpjc_joy/prefix_override:/home/triton_08/tello_jp_jc_ws/src/install/jpjc_joy/lib/python3.10/site-packages:${PYTHONPATH} /usr/bin/python3 setup.py egg_info --egg-base ../build/jpjc_joy build --build-base /home/triton_08/tello_jp_jc_ws/src/build/jpjc_joy/build install --record /home/triton_08/tello_jp_jc_ws/src/build/jpjc_joy/install.log --single-version-externally-managed
