[0.459s] Invoking command in '/home/triton_08/tello_jp_jc_ws/src/tello': AMENT_PREFIX_PATH=/home/triton_08/tello_jp_jc_ws/src/install/tello_msg:${AMENT_PREFIX_PATH} CMAKE_PREFIX_PATH=/home/triton_08/tello_jp_jc_ws/src/install/tello_msg:${CMAKE_PREFIX_PATH} LD_LIBRARY_PATH=/home/triton_08/tello_jp_jc_ws/src/install/tello_msg/lib:${LD_LIBRARY_PATH} PYTHONPATH=/home/triton_08/tello_jp_jc_ws/src/build/tello/prefix_override:/home/triton_08/tello_jp_jc_ws/src/install/tello/lib/python3.10/site-packages:/home/triton_08/tello_jp_jc_ws/src/install/tello_msg/local/lib/python3.10/dist-packages:${PYTHONPATH} /usr/bin/python3 setup.py egg_info --egg-base ../build/tello build --build-base /home/triton_08/tello_jp_jc_ws/src/build/tello/build install --record /home/triton_08/tello_jp_jc_ws/src/build/tello/install.log --install-scripts $base/lib/tello --single-version-externally-managed
[0.628s] /usr/lib/python3/dist-packages/setuptools/dist.py:723: UserWarning: Usage of dash-separated 'script-dir' will not be supported in future versions. Please use the underscore name 'script_dir' instead
[0.628s]   warnings.warn(
[0.634s] running egg_info
[0.634s] creating ../build/tello/tello.egg-info
[0.635s] writing ../build/tello/tello.egg-info/PKG-INFO
[0.635s] writing dependency_links to ../build/tello/tello.egg-info/dependency_links.txt
[0.635s] writing entry points to ../build/tello/tello.egg-info/entry_points.txt
[0.635s] writing requirements to ../build/tello/tello.egg-info/requires.txt
[0.635s] writing top-level names to ../build/tello/tello.egg-info/top_level.txt
[0.635s] writing manifest file '../build/tello/tello.egg-info/SOURCES.txt'
[0.636s] reading manifest file '../build/tello/tello.egg-info/SOURCES.txt'
[0.636s] adding license file 'LICENSE.txt'
[0.637s] writing manifest file '../build/tello/tello.egg-info/SOURCES.txt'
[0.637s] running build
[0.637s] running build_py
[0.637s] creating /home/triton_08/tello_jp_jc_ws/src/build/tello/build
[0.637s] creating /home/triton_08/tello_jp_jc_ws/src/build/tello/build/lib
[0.637s] creating /home/triton_08/tello_jp_jc_ws/src/build/tello/build/lib/tello
[0.637s] copying tello/__init__.py -> /home/triton_08/tello_jp_jc_ws/src/build/tello/build/lib/tello
[0.637s] copying tello/node.py -> /home/triton_08/tello_jp_jc_ws/src/build/tello/build/lib/tello
[0.638s] running install
[0.638s] /usr/lib/python3/dist-packages/setuptools/command/install.py:34: SetuptoolsDeprecationWarning: setup.py install is deprecated. Use build and pip and other standards-based tools.
[0.638s]   warnings.warn(
[0.638s] running install_lib
[0.639s] creating /home/triton_08/tello_jp_jc_ws/src/install/tello/lib/python3.10/site-packages/tello
[0.639s] copying /home/triton_08/tello_jp_jc_ws/src/build/tello/build/lib/tello/__init__.py -> /home/triton_08/tello_jp_jc_ws/src/install/tello/lib/python3.10/site-packages/tello
[0.639s] copying /home/triton_08/tello_jp_jc_ws/src/build/tello/build/lib/tello/node.py -> /home/triton_08/tello_jp_jc_ws/src/install/tello/lib/python3.10/site-packages/tello
[0.639s] byte-compiling /home/triton_08/tello_jp_jc_ws/src/install/tello/lib/python3.10/site-packages/tello/__init__.py to __init__.cpython-310.pyc
[0.639s] byte-compiling /home/triton_08/tello_jp_jc_ws/src/install/tello/lib/python3.10/site-packages/tello/node.py to node.cpython-310.pyc
[0.641s] running install_data
[0.641s] creating /home/triton_08/tello_jp_jc_ws/src/install/tello/share/ament_index
[0.641s] creating /home/triton_08/tello_jp_jc_ws/src/install/tello/share/ament_index/resource_index
[0.641s] creating /home/triton_08/tello_jp_jc_ws/src/install/tello/share/ament_index/resource_index/packages
[0.642s] copying resource/tello -> /home/triton_08/tello_jp_jc_ws/src/install/tello/share/ament_index/resource_index/packages
[0.642s] copying package.xml -> /home/triton_08/tello_jp_jc_ws/src/install/tello/share/tello
[0.642s] copying resource/ost.txt -> /home/triton_08/tello_jp_jc_ws/src/install/tello/share/tello
[0.642s] copying resource/ost.yaml -> /home/triton_08/tello_jp_jc_ws/src/install/tello/share/tello
[0.642s] running install_egg_info
[0.643s] Copying ../build/tello/tello.egg-info to /home/triton_08/tello_jp_jc_ws/src/install/tello/lib/python3.10/site-packages/tello-0.1.0-py3.10.egg-info
[0.643s] running install_scripts
[0.658s] Installing tello script to /home/triton_08/tello_jp_jc_ws/src/install/tello/lib/tello
[0.658s] writing list of installed files to '/home/triton_08/tello_jp_jc_ws/src/build/tello/install.log'
[0.674s] Invoked command in '/home/triton_08/tello_jp_jc_ws/src/tello' returned '0': AMENT_PREFIX_PATH=/home/triton_08/tello_jp_jc_ws/src/install/tello_msg:${AMENT_PREFIX_PATH} CMAKE_PREFIX_PATH=/home/triton_08/tello_jp_jc_ws/src/install/tello_msg:${CMAKE_PREFIX_PATH} LD_LIBRARY_PATH=/home/triton_08/tello_jp_jc_ws/src/install/tello_msg/lib:${LD_LIBRARY_PATH} PYTHONPATH=/home/triton_08/tello_jp_jc_ws/src/build/tello/prefix_override:/home/triton_08/tello_jp_jc_ws/src/install/tello/lib/python3.10/site-packages:/home/triton_08/tello_jp_jc_ws/src/install/tello_msg/local/lib/python3.10/dist-packages:${PYTHONPATH} /usr/bin/python3 setup.py egg_info --egg-base ../build/tello build --build-base /home/triton_08/tello_jp_jc_ws/src/build/tello/build install --record /home/triton_08/tello_jp_jc_ws/src/build/tello/install.log --install-scripts $base/lib/tello --single-version-externally-managed
