[0.027s] Invoking command in '/home/triton_08/tello_jp_jc_ws/src/build/tello_msg': CMAKE_PREFIX_PATH=${CMAKE_PREFIX_PATH}:/home/triton_08/tello_jp_jc_ws/install/tello:/home/triton_08/tello_jp_jc_ws/install/jpjc_qr:/home/triton_08/tello_jp_jc_ws/install/jpjc_joy:/opt/ros/humble /usr/bin/cmake /home/triton_08/tello_jp_jc_ws/src/tello_msg -DCMAKE_INSTALL_PREFIX=/home/triton_08/tello_jp_jc_ws/src/install/tello_msg
[0.425s] -- The C compiler identification is GNU 11.3.0
[0.425s] -- The CXX compiler identification is GNU 11.3.0
[0.425s] -- Detecting C compiler ABI info
[0.426s] -- Detecting C compiler ABI info - done
[0.426s] -- Check for working C compiler: /usr/bin/cc - skipped
[0.427s] -- Detecting C compile features
[0.427s] -- Detecting C compile features - done
[0.427s] -- Detecting CXX compiler ABI info
[0.427s] -- Detecting CXX compiler ABI info - done
[0.427s] -- Check for working CXX compiler: /usr/bin/c++ - skipped
[0.427s] -- Detecting CXX compile features
[0.427s] -- Detecting CXX compile features - done
[0.427s] -- Found ament_cmake: 1.3.3 (/opt/ros/humble/share/ament_cmake/cmake)
[0.427s] -- Found Python3: /usr/bin/python3.10 (found version "3.10.6") found components: Interpreter 
[0.433s] -- Found rosidl_default_generators: 1.2.0 (/opt/ros/humble/share/rosidl_default_generators/cmake)
[0.437s] -- Using all available rosidl_typesupport_c: rosidl_typesupport_fastrtps_c;rosidl_typesupport_introspection_c
[0.442s] -- Found rosidl_adapter: 3.1.4 (/opt/ros/humble/share/rosidl_adapter/cmake)
[0.483s] -- Using all available rosidl_typesupport_cpp: rosidl_typesupport_fastrtps_cpp;rosidl_typesupport_introspection_cpp
[0.518s] -- Found std_msgs: 4.2.3 (/opt/ros/humble/share/std_msgs/cmake)
[0.580s] -- Found geometry_msgs: 4.2.3 (/opt/ros/humble/share/geometry_msgs/cmake)
[0.855s] -- Found ament_cmake_cppcheck: 0.12.5 (/opt/ros/humble/share/ament_cmake_cppcheck/cmake)
[0.857s] -- Found ament_cmake_cpplint: 0.12.5 (/opt/ros/humble/share/ament_cmake_cpplint/cmake)
[0.858s] -- Found ament_cmake_uncrustify: 0.12.5 (/opt/ros/humble/share/ament_cmake_uncrustify/cmake)
[0.861s] -- Found ament_cmake_ros: 0.10.0 (/opt/ros/humble/share/ament_cmake_ros/cmake)
[1.052s] -- Using all available rosidl_typesupport_c: rosidl_typesupport_fastrtps_c;rosidl_typesupport_introspection_c
[1.299s] -- Using all available rosidl_typesupport_cpp: rosidl_typesupport_fastrtps_cpp;rosidl_typesupport_introspection_cpp
[1.316s] -- Found PythonInterp: /usr/bin/python3 (found suitable version "3.10.6", minimum required is "3.6") 
[1.317s] -- Found python_cmake_module: 0.10.0 (/opt/ros/humble/share/python_cmake_module/cmake)
[1.338s] -- Found PythonLibs: /usr/lib/x86_64-linux-gnu/libpython3.10.so (found suitable version "3.10.6", minimum required is "3.5") 
[1.338s] -- Using PYTHON_EXECUTABLE: /usr/bin/python3
[1.338s] -- Using PYTHON_INCLUDE_DIRS: /usr/include/python3.10
[1.338s] -- Using PYTHON_LIBRARIES: /usr/lib/x86_64-linux-gnu/libpython3.10.so
[1.353s] -- Found PythonExtra: .so  
[1.400s] -- Found ament_cmake_flake8: 0.12.5 (/opt/ros/humble/share/ament_cmake_flake8/cmake)
[1.402s] -- Found ament_cmake_pep257: 0.12.5 (/opt/ros/humble/share/ament_cmake_pep257/cmake)
[1.410s] -- Configuring done
[1.439s] -- Generating done
[1.441s] -- Build files have been written to: /home/triton_08/tello_jp_jc_ws/src/build/tello_msg
[1.446s] Invoked command in '/home/triton_08/tello_jp_jc_ws/src/build/tello_msg' returned '0': CMAKE_PREFIX_PATH=${CMAKE_PREFIX_PATH}:/home/triton_08/tello_jp_jc_ws/install/tello:/home/triton_08/tello_jp_jc_ws/install/jpjc_qr:/home/triton_08/tello_jp_jc_ws/install/jpjc_joy:/opt/ros/humble /usr/bin/cmake /home/triton_08/tello_jp_jc_ws/src/tello_msg -DCMAKE_INSTALL_PREFIX=/home/triton_08/tello_jp_jc_ws/src/install/tello_msg
[1.447s] Invoking command in '/home/triton_08/tello_jp_jc_ws/src/build/tello_msg': CMAKE_PREFIX_PATH=${CMAKE_PREFIX_PATH}:/home/triton_08/tello_jp_jc_ws/install/tello:/home/triton_08/tello_jp_jc_ws/install/jpjc_qr:/home/triton_08/tello_jp_jc_ws/install/jpjc_joy:/opt/ros/humble /usr/bin/cmake --build /home/triton_08/tello_jp_jc_ws/src/build/tello_msg -- -j16 -l16
[1.470s] [  2%] [34m[1mGenerating C code for ROS interfaces[0m
[1.476s] [  4%] [34m[1mGenerating C++ code for ROS interfaces[0m
[1.480s] [  4%] Built target ament_cmake_python_copy_tello_msg
[1.691s] running egg_info
[1.691s] creating tello_msg.egg-info
[1.691s] writing tello_msg.egg-info/PKG-INFO
[1.691s] writing dependency_links to tello_msg.egg-info/dependency_links.txt
[1.692s] writing top-level names to tello_msg.egg-info/top_level.txt
[1.692s] writing manifest file 'tello_msg.egg-info/SOURCES.txt'
[1.693s] reading manifest file 'tello_msg.egg-info/SOURCES.txt'
[1.693s] writing manifest file 'tello_msg.egg-info/SOURCES.txt'
[1.711s] [  4%] Built target ament_cmake_python_build_tello_msg_egg
[1.841s] [  4%] Built target tello_msg__cpp
[1.850s] [  6%] [34m[1mGenerating C++ type support for eProsima Fast-RTPS[0m
[1.851s] [  8%] [34m[1mGenerating C++ type support dispatch for ROS interfaces[0m
[1.854s] [ 10%] [34m[1mGenerating C++ introspection for ROS interfaces[0m
[1.862s] [ 17%] [32mBuilding C object CMakeFiles/tello_msg__rosidl_generator_c.dir/rosidl_generator_c/tello_msg/msg/detail/tello_status__functions.c.o[0m
[1.862s] [ 17%] [32mBuilding C object CMakeFiles/tello_msg__rosidl_generator_c.dir/rosidl_generator_c/tello_msg/msg/detail/tello_wifi_config__functions.c.o[0m
[1.862s] [ 17%] [32mBuilding C object CMakeFiles/tello_msg__rosidl_generator_c.dir/rosidl_generator_c/tello_msg/msg/detail/tello_id__functions.c.o[0m
[1.895s] [ 19%] [32m[1mLinking C shared library libtello_msg__rosidl_generator_c.so[0m
[1.919s] [ 19%] Built target tello_msg__rosidl_generator_c
[1.926s] [ 25%] [34m[1mGenerating C type support dispatch for ROS interfaces[0m
[1.926s] [ 25%] [34m[1mGenerating C introspection for ROS interfaces[0m
[1.926s] [ 25%] [34m[1mGenerating C type support for eProsima Fast-RTPS[0m
[2.181s] [ 29%] [32mBuilding CXX object CMakeFiles/tello_msg__rosidl_typesupport_cpp.dir/rosidl_typesupport_cpp/tello_msg/msg/tello_id__type_support.cpp.o[0m
[2.181s] [ 29%] [32mBuilding CXX object CMakeFiles/tello_msg__rosidl_typesupport_cpp.dir/rosidl_typesupport_cpp/tello_msg/msg/tello_status__type_support.cpp.o[0m
[2.182s] [ 31%] [32mBuilding CXX object CMakeFiles/tello_msg__rosidl_typesupport_cpp.dir/rosidl_typesupport_cpp/tello_msg/msg/tello_wifi_config__type_support.cpp.o[0m
[2.199s] [ 36%] [32mBuilding CXX object CMakeFiles/tello_msg__rosidl_typesupport_introspection_cpp.dir/rosidl_typesupport_introspection_cpp/tello_msg/msg/detail/tello_id__type_support.cpp.o[0m
[2.199s] [ 36%] [32mBuilding CXX object CMakeFiles/tello_msg__rosidl_typesupport_introspection_cpp.dir/rosidl_typesupport_introspection_cpp/tello_msg/msg/detail/tello_wifi_config__type_support.cpp.o[0m
[2.200s] [ 38%] [32mBuilding CXX object CMakeFiles/tello_msg__rosidl_typesupport_introspection_cpp.dir/rosidl_typesupport_introspection_cpp/tello_msg/msg/detail/tello_status__type_support.cpp.o[0m
[2.234s] [ 44%] [32mBuilding CXX object CMakeFiles/tello_msg__rosidl_typesupport_fastrtps_cpp.dir/rosidl_typesupport_fastrtps_cpp/tello_msg/msg/detail/dds_fastrtps/tello_id__type_support.cpp.o[0m
[2.234s] [ 44%] [32mBuilding CXX object CMakeFiles/tello_msg__rosidl_typesupport_fastrtps_cpp.dir/rosidl_typesupport_fastrtps_cpp/tello_msg/msg/detail/dds_fastrtps/tello_wifi_config__type_support.cpp.o[0m
[2.234s] [ 44%] [32mBuilding CXX object CMakeFiles/tello_msg__rosidl_typesupport_fastrtps_cpp.dir/rosidl_typesupport_fastrtps_cpp/tello_msg/msg/detail/dds_fastrtps/tello_status__type_support.cpp.o[0m
[2.260s] [ 48%] [32mBuilding CXX object CMakeFiles/tello_msg__rosidl_typesupport_c.dir/rosidl_typesupport_c/tello_msg/msg/tello_status__type_support.cpp.o[0m
[2.260s] [ 48%] [32mBuilding CXX object CMakeFiles/tello_msg__rosidl_typesupport_c.dir/rosidl_typesupport_c/tello_msg/msg/tello_id__type_support.cpp.o[0m
[2.260s] [ 51%] [32mBuilding CXX object CMakeFiles/tello_msg__rosidl_typesupport_c.dir/rosidl_typesupport_c/tello_msg/msg/tello_wifi_config__type_support.cpp.o[0m
[2.290s] [ 53%] [32m[1mLinking CXX shared library libtello_msg__rosidl_typesupport_c.so[0m
[2.310s] [ 59%] [32mBuilding C object CMakeFiles/tello_msg__rosidl_typesupport_introspection_c.dir/rosidl_typesupport_introspection_c/tello_msg/msg/detail/tello_id__type_support.c.o[0m
[2.310s] [ 59%] [32mBuilding C object CMakeFiles/tello_msg__rosidl_typesupport_introspection_c.dir/rosidl_typesupport_introspection_c/tello_msg/msg/detail/tello_wifi_config__type_support.c.o[0m
[2.310s] [ 59%] [32mBuilding C object CMakeFiles/tello_msg__rosidl_typesupport_introspection_c.dir/rosidl_typesupport_introspection_c/tello_msg/msg/detail/tello_status__type_support.c.o[0m
[2.332s] [ 59%] Built target tello_msg__rosidl_typesupport_c
[2.346s] [ 61%] [32m[1mLinking C shared library libtello_msg__rosidl_typesupport_introspection_c.so[0m
[2.372s] [ 61%] Built target tello_msg__rosidl_typesupport_introspection_c
[2.384s] [ 63%] [32mBuilding CXX object CMakeFiles/tello_msg__rosidl_typesupport_fastrtps_c.dir/rosidl_typesupport_fastrtps_c/tello_msg/msg/detail/tello_status__type_support_c.cpp.o[0m
[2.386s] [ 68%] [32mBuilding CXX object CMakeFiles/tello_msg__rosidl_typesupport_fastrtps_c.dir/rosidl_typesupport_fastrtps_c/tello_msg/msg/detail/tello_wifi_config__type_support_c.cpp.o[0m
[2.386s] [ 68%] [32mBuilding CXX object CMakeFiles/tello_msg__rosidl_typesupport_fastrtps_c.dir/rosidl_typesupport_fastrtps_c/tello_msg/msg/detail/tello_id__type_support_c.cpp.o[0m
[2.493s] [ 70%] [32m[1mLinking CXX shared library libtello_msg__rosidl_typesupport_cpp.so[0m
[2.523s] [ 70%] Built target tello_msg__rosidl_typesupport_cpp
[2.654s] [ 72%] [32m[1mLinking CXX shared library libtello_msg__rosidl_typesupport_introspection_cpp.so[0m
[2.698s] [ 74%] [32m[1mLinking CXX shared library libtello_msg__rosidl_typesupport_fastrtps_cpp.so[0m
[2.699s] [ 74%] Built target tello_msg__rosidl_typesupport_introspection_cpp
[2.739s] [ 76%] [32m[1mLinking CXX shared library libtello_msg__rosidl_typesupport_fastrtps_c.so[0m
[2.748s] [ 76%] Built target tello_msg__rosidl_typesupport_fastrtps_cpp
[2.785s] [ 76%] Built target tello_msg__rosidl_typesupport_fastrtps_c
[2.796s] [ 76%] Built target tello_msg
[2.807s] [ 78%] [34m[1mGenerating Python code for ROS interfaces[0m
[3.391s] [ 78%] Built target tello_msg__py
[3.402s] [ 85%] [32mBuilding C object CMakeFiles/tello_msg__rosidl_generator_py.dir/rosidl_generator_py/tello_msg/msg/_tello_id_s.c.o[0m
[3.402s] [ 85%] [32mBuilding C object CMakeFiles/tello_msg__rosidl_generator_py.dir/rosidl_generator_py/tello_msg/msg/_tello_status_s.c.o[0m
[3.402s] [ 85%] [32mBuilding C object CMakeFiles/tello_msg__rosidl_generator_py.dir/rosidl_generator_py/tello_msg/msg/_tello_wifi_config_s.c.o[0m
[3.490s] [ 87%] [32m[1mLinking C shared library rosidl_generator_py/tello_msg/libtello_msg__rosidl_generator_py.so[0m
[3.515s] [ 87%] Built target tello_msg__rosidl_generator_py
[3.528s] [ 93%] [32mBuilding C object CMakeFiles/tello_msg__rosidl_typesupport_fastrtps_c__pyext.dir/rosidl_generator_py/tello_msg/_tello_msg_s.ep.rosidl_typesupport_fastrtps_c.c.o[0m
[3.528s] [ 93%] [32mBuilding C object CMakeFiles/tello_msg__rosidl_typesupport_introspection_c__pyext.dir/rosidl_generator_py/tello_msg/_tello_msg_s.ep.rosidl_typesupport_introspection_c.c.o[0m
[3.528s] [ 93%] [32mBuilding C object CMakeFiles/tello_msg__rosidl_typesupport_c__pyext.dir/rosidl_generator_py/tello_msg/_tello_msg_s.ep.rosidl_typesupport_c.c.o[0m
[3.598s] [100%] [32m[1mLinking C shared library rosidl_generator_py/tello_msg/tello_msg_s__rosidl_typesupport_fastrtps_c.cpython-310-x86_64-linux-gnu.so[0m
[3.598s] [100%] [32m[1mLinking C shared library rosidl_generator_py/tello_msg/tello_msg_s__rosidl_typesupport_c.cpython-310-x86_64-linux-gnu.so[0m
[3.598s] [100%] [32m[1mLinking C shared library rosidl_generator_py/tello_msg/tello_msg_s__rosidl_typesupport_introspection_c.cpython-310-x86_64-linux-gnu.so[0m
[3.624s] [100%] Built target tello_msg__rosidl_typesupport_c__pyext
[3.625s] [100%] Built target tello_msg__rosidl_typesupport_fastrtps_c__pyext
[3.625s] [100%] Built target tello_msg__rosidl_typesupport_introspection_c__pyext
[3.632s] Invoked command in '/home/triton_08/tello_jp_jc_ws/src/build/tello_msg' returned '0': CMAKE_PREFIX_PATH=${CMAKE_PREFIX_PATH}:/home/triton_08/tello_jp_jc_ws/install/tello:/home/triton_08/tello_jp_jc_ws/install/jpjc_qr:/home/triton_08/tello_jp_jc_ws/install/jpjc_joy:/opt/ros/humble /usr/bin/cmake --build /home/triton_08/tello_jp_jc_ws/src/build/tello_msg -- -j16 -l16
[3.685s] Invoking command in '/home/triton_08/tello_jp_jc_ws/src/build/tello_msg': CMAKE_PREFIX_PATH=${CMAKE_PREFIX_PATH}:/home/triton_08/tello_jp_jc_ws/install/tello:/home/triton_08/tello_jp_jc_ws/install/jpjc_qr:/home/triton_08/tello_jp_jc_ws/install/jpjc_joy:/opt/ros/humble /usr/bin/cmake --install /home/triton_08/tello_jp_jc_ws/src/build/tello_msg
[3.690s] -- Install configuration: ""
[3.690s] -- Installing: /home/triton_08/tello_jp_jc_ws/src/install/tello_msg/share/ament_index/resource_index/rosidl_interfaces/tello_msg
[3.690s] -- Installing: /home/triton_08/tello_jp_jc_ws/src/install/tello_msg/include/tello_msg/tello_msg
[3.690s] -- Installing: /home/triton_08/tello_jp_jc_ws/src/install/tello_msg/include/tello_msg/tello_msg/msg
[3.690s] -- Installing: /home/triton_08/tello_jp_jc_ws/src/install/tello_msg/include/tello_msg/tello_msg/msg/tello_wifi_config.h
[3.690s] -- Installing: /home/triton_08/tello_jp_jc_ws/src/install/tello_msg/include/tello_msg/tello_msg/msg/rosidl_generator_c__visibility_control.h
[3.690s] -- Installing: /home/triton_08/tello_jp_jc_ws/src/install/tello_msg/include/tello_msg/tello_msg/msg/detail
[3.690s] -- Installing: /home/triton_08/tello_jp_jc_ws/src/install/tello_msg/include/tello_msg/tello_msg/msg/detail/tello_wifi_config__struct.h
[3.690s] -- Installing: /home/triton_08/tello_jp_jc_ws/src/install/tello_msg/include/tello_msg/tello_msg/msg/detail/tello_wifi_config__type_support.h
[3.690s] -- Installing: /home/triton_08/tello_jp_jc_ws/src/install/tello_msg/include/tello_msg/tello_msg/msg/detail/tello_status__struct.h
[3.691s] -- Installing: /home/triton_08/tello_jp_jc_ws/src/install/tello_msg/include/tello_msg/tello_msg/msg/detail/tello_status__functions.h
[3.691s] -- Installing: /home/triton_08/tello_jp_jc_ws/src/install/tello_msg/include/tello_msg/tello_msg/msg/detail/tello_status__functions.c
[3.691s] -- Installing: /home/triton_08/tello_jp_jc_ws/src/install/tello_msg/include/tello_msg/tello_msg/msg/detail/tello_wifi_config__functions.c
[3.691s] -- Installing: /home/triton_08/tello_jp_jc_ws/src/install/tello_msg/include/tello_msg/tello_msg/msg/detail/tello_id__type_support.h
[3.691s] -- Installing: /home/triton_08/tello_jp_jc_ws/src/install/tello_msg/include/tello_msg/tello_msg/msg/detail/tello_id__functions.h
[3.691s] -- Installing: /home/triton_08/tello_jp_jc_ws/src/install/tello_msg/include/tello_msg/tello_msg/msg/detail/tello_id__functions.c
[3.691s] -- Installing: /home/triton_08/tello_jp_jc_ws/src/install/tello_msg/include/tello_msg/tello_msg/msg/detail/tello_status__type_support.h
[3.691s] -- Installing: /home/triton_08/tello_jp_jc_ws/src/install/tello_msg/include/tello_msg/tello_msg/msg/detail/tello_id__struct.h
[3.691s] -- Installing: /home/triton_08/tello_jp_jc_ws/src/install/tello_msg/include/tello_msg/tello_msg/msg/detail/tello_wifi_config__functions.h
[3.691s] -- Installing: /home/triton_08/tello_jp_jc_ws/src/install/tello_msg/include/tello_msg/tello_msg/msg/tello_status.h
[3.691s] -- Installing: /home/triton_08/tello_jp_jc_ws/src/install/tello_msg/include/tello_msg/tello_msg/msg/tello_id.h
[3.691s] -- Installing: /home/triton_08/tello_jp_jc_ws/src/install/tello_msg/share/tello_msg/environment/library_path.sh
[3.691s] -- Installing: /home/triton_08/tello_jp_jc_ws/src/install/tello_msg/share/tello_msg/environment/library_path.dsv
[3.692s] -- Installing: /home/triton_08/tello_jp_jc_ws/src/install/tello_msg/lib/libtello_msg__rosidl_generator_c.so
[3.692s] -- Set runtime path of "/home/triton_08/tello_jp_jc_ws/src/install/tello_msg/lib/libtello_msg__rosidl_generator_c.so" to ""
[3.692s] -- Up-to-date: /home/triton_08/tello_jp_jc_ws/src/install/tello_msg/include/tello_msg/tello_msg
[3.692s] -- Up-to-date: /home/triton_08/tello_jp_jc_ws/src/install/tello_msg/include/tello_msg/tello_msg/msg
[3.692s] -- Installing: /home/triton_08/tello_jp_jc_ws/src/install/tello_msg/include/tello_msg/tello_msg/msg/rosidl_typesupport_fastrtps_c__visibility_control.h
[3.692s] -- Up-to-date: /home/triton_08/tello_jp_jc_ws/src/install/tello_msg/include/tello_msg/tello_msg/msg/detail
[3.692s] -- Installing: /home/triton_08/tello_jp_jc_ws/src/install/tello_msg/include/tello_msg/tello_msg/msg/detail/tello_wifi_config__rosidl_typesupport_fastrtps_c.h
[3.692s] -- Installing: /home/triton_08/tello_jp_jc_ws/src/install/tello_msg/include/tello_msg/tello_msg/msg/detail/tello_id__rosidl_typesupport_fastrtps_c.h
[3.692s] -- Installing: /home/triton_08/tello_jp_jc_ws/src/install/tello_msg/include/tello_msg/tello_msg/msg/detail/tello_status__rosidl_typesupport_fastrtps_c.h
[3.692s] -- Installing: /home/triton_08/tello_jp_jc_ws/src/install/tello_msg/lib/libtello_msg__rosidl_typesupport_fastrtps_c.so
[3.692s] -- Set runtime path of "/home/triton_08/tello_jp_jc_ws/src/install/tello_msg/lib/libtello_msg__rosidl_typesupport_fastrtps_c.so" to ""
[3.693s] -- Up-to-date: /home/triton_08/tello_jp_jc_ws/src/install/tello_msg/include/tello_msg/tello_msg
[3.693s] -- Up-to-date: /home/triton_08/tello_jp_jc_ws/src/install/tello_msg/include/tello_msg/tello_msg/msg
[3.693s] -- Up-to-date: /home/triton_08/tello_jp_jc_ws/src/install/tello_msg/include/tello_msg/tello_msg/msg/detail
[3.693s] -- Installing: /home/triton_08/tello_jp_jc_ws/src/install/tello_msg/include/tello_msg/tello_msg/msg/detail/tello_id__type_support.c
[3.693s] -- Installing: /home/triton_08/tello_jp_jc_ws/src/install/tello_msg/include/tello_msg/tello_msg/msg/detail/tello_status__rosidl_typesupport_introspection_c.h
[3.693s] -- Installing: /home/triton_08/tello_jp_jc_ws/src/install/tello_msg/include/tello_msg/tello_msg/msg/detail/tello_wifi_config__type_support.c
[3.693s] -- Installing: /home/triton_08/tello_jp_jc_ws/src/install/tello_msg/include/tello_msg/tello_msg/msg/detail/tello_id__rosidl_typesupport_introspection_c.h
[3.693s] -- Installing: /home/triton_08/tello_jp_jc_ws/src/install/tello_msg/include/tello_msg/tello_msg/msg/detail/tello_wifi_config__rosidl_typesupport_introspection_c.h
[3.693s] -- Installing: /home/triton_08/tello_jp_jc_ws/src/install/tello_msg/include/tello_msg/tello_msg/msg/detail/tello_status__type_support.c
[3.693s] -- Installing: /home/triton_08/tello_jp_jc_ws/src/install/tello_msg/include/tello_msg/tello_msg/msg/rosidl_typesupport_introspection_c__visibility_control.h
[3.693s] -- Installing: /home/triton_08/tello_jp_jc_ws/src/install/tello_msg/lib/libtello_msg__rosidl_typesupport_introspection_c.so
[3.693s] -- Set runtime path of "/home/triton_08/tello_jp_jc_ws/src/install/tello_msg/lib/libtello_msg__rosidl_typesupport_introspection_c.so" to ""
[3.693s] -- Installing: /home/triton_08/tello_jp_jc_ws/src/install/tello_msg/lib/libtello_msg__rosidl_typesupport_c.so
[3.693s] -- Set runtime path of "/home/triton_08/tello_jp_jc_ws/src/install/tello_msg/lib/libtello_msg__rosidl_typesupport_c.so" to ""
[3.693s] -- Up-to-date: /home/triton_08/tello_jp_jc_ws/src/install/tello_msg/include/tello_msg/tello_msg
[3.693s] -- Up-to-date: /home/triton_08/tello_jp_jc_ws/src/install/tello_msg/include/tello_msg/tello_msg/msg
[3.694s] -- Installing: /home/triton_08/tello_jp_jc_ws/src/install/tello_msg/include/tello_msg/tello_msg/msg/tello_wifi_config.hpp
[3.694s] -- Installing: /home/triton_08/tello_jp_jc_ws/src/install/tello_msg/include/tello_msg/tello_msg/msg/tello_id.hpp
[3.694s] -- Up-to-date: /home/triton_08/tello_jp_jc_ws/src/install/tello_msg/include/tello_msg/tello_msg/msg/detail
[3.694s] -- Installing: /home/triton_08/tello_jp_jc_ws/src/install/tello_msg/include/tello_msg/tello_msg/msg/detail/tello_wifi_config__builder.hpp
[3.694s] -- Installing: /home/triton_08/tello_jp_jc_ws/src/install/tello_msg/include/tello_msg/tello_msg/msg/detail/tello_status__traits.hpp
[3.694s] -- Installing: /home/triton_08/tello_jp_jc_ws/src/install/tello_msg/include/tello_msg/tello_msg/msg/detail/tello_wifi_config__traits.hpp
[3.694s] -- Installing: /home/triton_08/tello_jp_jc_ws/src/install/tello_msg/include/tello_msg/tello_msg/msg/detail/tello_wifi_config__struct.hpp
[3.694s] -- Installing: /home/triton_08/tello_jp_jc_ws/src/install/tello_msg/include/tello_msg/tello_msg/msg/detail/tello_id__builder.hpp
[3.694s] -- Installing: /home/triton_08/tello_jp_jc_ws/src/install/tello_msg/include/tello_msg/tello_msg/msg/detail/tello_status__builder.hpp
[3.694s] -- Installing: /home/triton_08/tello_jp_jc_ws/src/install/tello_msg/include/tello_msg/tello_msg/msg/detail/tello_id__traits.hpp
[3.694s] -- Installing: /home/triton_08/tello_jp_jc_ws/src/install/tello_msg/include/tello_msg/tello_msg/msg/detail/tello_status__struct.hpp
[3.694s] -- Installing: /home/triton_08/tello_jp_jc_ws/src/install/tello_msg/include/tello_msg/tello_msg/msg/detail/tello_id__struct.hpp
[3.694s] -- Installing: /home/triton_08/tello_jp_jc_ws/src/install/tello_msg/include/tello_msg/tello_msg/msg/tello_status.hpp
[3.694s] -- Up-to-date: /home/triton_08/tello_jp_jc_ws/src/install/tello_msg/include/tello_msg/tello_msg
[3.694s] -- Up-to-date: /home/triton_08/tello_jp_jc_ws/src/install/tello_msg/include/tello_msg/tello_msg/msg
[3.694s] -- Installing: /home/triton_08/tello_jp_jc_ws/src/install/tello_msg/include/tello_msg/tello_msg/msg/rosidl_typesupport_fastrtps_cpp__visibility_control.h
[3.695s] -- Up-to-date: /home/triton_08/tello_jp_jc_ws/src/install/tello_msg/include/tello_msg/tello_msg/msg/detail
[3.695s] -- Installing: /home/triton_08/tello_jp_jc_ws/src/install/tello_msg/include/tello_msg/tello_msg/msg/detail/tello_wifi_config__rosidl_typesupport_fastrtps_cpp.hpp
[3.695s] -- Installing: /home/triton_08/tello_jp_jc_ws/src/install/tello_msg/include/tello_msg/tello_msg/msg/detail/tello_id__rosidl_typesupport_fastrtps_cpp.hpp
[3.695s] -- Installing: /home/triton_08/tello_jp_jc_ws/src/install/tello_msg/include/tello_msg/tello_msg/msg/detail/dds_fastrtps
[3.695s] -- Installing: /home/triton_08/tello_jp_jc_ws/src/install/tello_msg/include/tello_msg/tello_msg/msg/detail/tello_status__rosidl_typesupport_fastrtps_cpp.hpp
[3.695s] -- Installing: /home/triton_08/tello_jp_jc_ws/src/install/tello_msg/lib/libtello_msg__rosidl_typesupport_fastrtps_cpp.so
[3.695s] -- Set runtime path of "/home/triton_08/tello_jp_jc_ws/src/install/tello_msg/lib/libtello_msg__rosidl_typesupport_fastrtps_cpp.so" to ""
[3.695s] -- Up-to-date: /home/triton_08/tello_jp_jc_ws/src/install/tello_msg/include/tello_msg/tello_msg
[3.695s] -- Up-to-date: /home/triton_08/tello_jp_jc_ws/src/install/tello_msg/include/tello_msg/tello_msg/msg
[3.695s] -- Up-to-date: /home/triton_08/tello_jp_jc_ws/src/install/tello_msg/include/tello_msg/tello_msg/msg/detail
[3.695s] -- Installing: /home/triton_08/tello_jp_jc_ws/src/install/tello_msg/include/tello_msg/tello_msg/msg/detail/tello_wifi_config__type_support.cpp
[3.695s] -- Installing: /home/triton_08/tello_jp_jc_ws/src/install/tello_msg/include/tello_msg/tello_msg/msg/detail/tello_status__type_support.cpp
[3.695s] -- Installing: /home/triton_08/tello_jp_jc_ws/src/install/tello_msg/include/tello_msg/tello_msg/msg/detail/tello_status__rosidl_typesupport_introspection_cpp.hpp
[3.695s] -- Installing: /home/triton_08/tello_jp_jc_ws/src/install/tello_msg/include/tello_msg/tello_msg/msg/detail/tello_id__rosidl_typesupport_introspection_cpp.hpp
[3.695s] -- Installing: /home/triton_08/tello_jp_jc_ws/src/install/tello_msg/include/tello_msg/tello_msg/msg/detail/tello_id__type_support.cpp
[3.695s] -- Installing: /home/triton_08/tello_jp_jc_ws/src/install/tello_msg/include/tello_msg/tello_msg/msg/detail/tello_wifi_config__rosidl_typesupport_introspection_cpp.hpp
[3.695s] -- Installing: /home/triton_08/tello_jp_jc_ws/src/install/tello_msg/lib/libtello_msg__rosidl_typesupport_introspection_cpp.so
[3.696s] -- Set runtime path of "/home/triton_08/tello_jp_jc_ws/src/install/tello_msg/lib/libtello_msg__rosidl_typesupport_introspection_cpp.so" to ""
[3.696s] -- Installing: /home/triton_08/tello_jp_jc_ws/src/install/tello_msg/lib/libtello_msg__rosidl_typesupport_cpp.so
[3.696s] -- Set runtime path of "/home/triton_08/tello_jp_jc_ws/src/install/tello_msg/lib/libtello_msg__rosidl_typesupport_cpp.so" to ""
[3.696s] -- Installing: /home/triton_08/tello_jp_jc_ws/src/install/tello_msg/share/tello_msg/environment/pythonpath.sh
[3.696s] -- Installing: /home/triton_08/tello_jp_jc_ws/src/install/tello_msg/share/tello_msg/environment/pythonpath.dsv
[3.696s] -- Installing: /home/triton_08/tello_jp_jc_ws/src/install/tello_msg/local/lib/python3.10/dist-packages/tello_msg-0.0.1-py3.10.egg-info
[3.696s] -- Installing: /home/triton_08/tello_jp_jc_ws/src/install/tello_msg/local/lib/python3.10/dist-packages/tello_msg-0.0.1-py3.10.egg-info/top_level.txt
[3.696s] -- Installing: /home/triton_08/tello_jp_jc_ws/src/install/tello_msg/local/lib/python3.10/dist-packages/tello_msg-0.0.1-py3.10.egg-info/PKG-INFO
[3.696s] -- Installing: /home/triton_08/tello_jp_jc_ws/src/install/tello_msg/local/lib/python3.10/dist-packages/tello_msg-0.0.1-py3.10.egg-info/SOURCES.txt
[3.696s] -- Installing: /home/triton_08/tello_jp_jc_ws/src/install/tello_msg/local/lib/python3.10/dist-packages/tello_msg-0.0.1-py3.10.egg-info/dependency_links.txt
[3.696s] -- Installing: /home/triton_08/tello_jp_jc_ws/src/install/tello_msg/local/lib/python3.10/dist-packages/tello_msg
[3.696s] -- Installing: /home/triton_08/tello_jp_jc_ws/src/install/tello_msg/local/lib/python3.10/dist-packages/tello_msg/msg
[3.697s] -- Installing: /home/triton_08/tello_jp_jc_ws/src/install/tello_msg/local/lib/python3.10/dist-packages/tello_msg/msg/_tello_id_s.c
[3.697s] -- Installing: /home/triton_08/tello_jp_jc_ws/src/install/tello_msg/local/lib/python3.10/dist-packages/tello_msg/msg/_tello_id.py
[3.697s] -- Installing: /home/triton_08/tello_jp_jc_ws/src/install/tello_msg/local/lib/python3.10/dist-packages/tello_msg/msg/_tello_status.py
[3.697s] -- Installing: /home/triton_08/tello_jp_jc_ws/src/install/tello_msg/local/lib/python3.10/dist-packages/tello_msg/msg/_tello_wifi_config_s.c
[3.697s] -- Installing: /home/triton_08/tello_jp_jc_ws/src/install/tello_msg/local/lib/python3.10/dist-packages/tello_msg/msg/_tello_status_s.c
[3.697s] -- Installing: /home/triton_08/tello_jp_jc_ws/src/install/tello_msg/local/lib/python3.10/dist-packages/tello_msg/msg/__init__.py
[3.697s] -- Installing: /home/triton_08/tello_jp_jc_ws/src/install/tello_msg/local/lib/python3.10/dist-packages/tello_msg/msg/_tello_wifi_config.py
[3.697s] -- Installing: /home/triton_08/tello_jp_jc_ws/src/install/tello_msg/local/lib/python3.10/dist-packages/tello_msg/_tello_msg_s.ep.rosidl_typesupport_introspection_c.c
[3.697s] -- Installing: /home/triton_08/tello_jp_jc_ws/src/install/tello_msg/local/lib/python3.10/dist-packages/tello_msg/_tello_msg_s.ep.rosidl_typesupport_fastrtps_c.c
[3.697s] -- Installing: /home/triton_08/tello_jp_jc_ws/src/install/tello_msg/local/lib/python3.10/dist-packages/tello_msg/libtello_msg__rosidl_generator_py.so
[3.697s] -- Installing: /home/triton_08/tello_jp_jc_ws/src/install/tello_msg/local/lib/python3.10/dist-packages/tello_msg/_tello_msg_s.ep.rosidl_typesupport_c.c
[3.697s] -- Installing: /home/triton_08/tello_jp_jc_ws/src/install/tello_msg/local/lib/python3.10/dist-packages/tello_msg/__init__.py
[3.697s] -- Installing: /home/triton_08/tello_jp_jc_ws/src/install/tello_msg/local/lib/python3.10/dist-packages/tello_msg/tello_msg_s__rosidl_typesupport_fastrtps_c.cpython-310-x86_64-linux-gnu.so
[3.697s] -- Installing: /home/triton_08/tello_jp_jc_ws/src/install/tello_msg/local/lib/python3.10/dist-packages/tello_msg/tello_msg_s__rosidl_typesupport_c.cpython-310-x86_64-linux-gnu.so
[3.697s] -- Installing: /home/triton_08/tello_jp_jc_ws/src/install/tello_msg/local/lib/python3.10/dist-packages/tello_msg/tello_msg_s__rosidl_typesupport_introspection_c.cpython-310-x86_64-linux-gnu.so
[3.723s] Listing '/home/triton_08/tello_jp_jc_ws/src/install/tello_msg/local/lib/python3.10/dist-packages/tello_msg'...
[3.723s] Compiling '/home/triton_08/tello_jp_jc_ws/src/install/tello_msg/local/lib/python3.10/dist-packages/tello_msg/__init__.py'...
[3.723s] Listing '/home/triton_08/tello_jp_jc_ws/src/install/tello_msg/local/lib/python3.10/dist-packages/tello_msg/msg'...
[3.723s] Compiling '/home/triton_08/tello_jp_jc_ws/src/install/tello_msg/local/lib/python3.10/dist-packages/tello_msg/msg/__init__.py'...
[3.724s] Compiling '/home/triton_08/tello_jp_jc_ws/src/install/tello_msg/local/lib/python3.10/dist-packages/tello_msg/msg/_tello_id.py'...
[3.724s] Compiling '/home/triton_08/tello_jp_jc_ws/src/install/tello_msg/local/lib/python3.10/dist-packages/tello_msg/msg/_tello_status.py'...
[3.724s] Compiling '/home/triton_08/tello_jp_jc_ws/src/install/tello_msg/local/lib/python3.10/dist-packages/tello_msg/msg/_tello_wifi_config.py'...
[3.726s] -- Installing: /home/triton_08/tello_jp_jc_ws/src/install/tello_msg/local/lib/python3.10/dist-packages/tello_msg/tello_msg_s__rosidl_typesupport_fastrtps_c.cpython-310-x86_64-linux-gnu.so
[3.727s] -- Set runtime path of "/home/triton_08/tello_jp_jc_ws/src/install/tello_msg/local/lib/python3.10/dist-packages/tello_msg/tello_msg_s__rosidl_typesupport_fastrtps_c.cpython-310-x86_64-linux-gnu.so" to ""
[3.727s] -- Installing: /home/triton_08/tello_jp_jc_ws/src/install/tello_msg/local/lib/python3.10/dist-packages/tello_msg/tello_msg_s__rosidl_typesupport_introspection_c.cpython-310-x86_64-linux-gnu.so
[3.727s] -- Set runtime path of "/home/triton_08/tello_jp_jc_ws/src/install/tello_msg/local/lib/python3.10/dist-packages/tello_msg/tello_msg_s__rosidl_typesupport_introspection_c.cpython-310-x86_64-linux-gnu.so" to ""
[3.727s] -- Installing: /home/triton_08/tello_jp_jc_ws/src/install/tello_msg/local/lib/python3.10/dist-packages/tello_msg/tello_msg_s__rosidl_typesupport_c.cpython-310-x86_64-linux-gnu.so
[3.727s] -- Set runtime path of "/home/triton_08/tello_jp_jc_ws/src/install/tello_msg/local/lib/python3.10/dist-packages/tello_msg/tello_msg_s__rosidl_typesupport_c.cpython-310-x86_64-linux-gnu.so" to ""
[3.727s] -- Installing: /home/triton_08/tello_jp_jc_ws/src/install/tello_msg/lib/libtello_msg__rosidl_generator_py.so
[3.727s] -- Set runtime path of "/home/triton_08/tello_jp_jc_ws/src/install/tello_msg/lib/libtello_msg__rosidl_generator_py.so" to ""
[3.728s] -- Installing: /home/triton_08/tello_jp_jc_ws/src/install/tello_msg/share/tello_msg/msg/TelloStatus.idl
[3.728s] -- Installing: /home/triton_08/tello_jp_jc_ws/src/install/tello_msg/share/tello_msg/msg/TelloID.idl
[3.728s] -- Installing: /home/triton_08/tello_jp_jc_ws/src/install/tello_msg/share/tello_msg/msg/TelloWifiConfig.idl
[3.728s] -- Installing: /home/triton_08/tello_jp_jc_ws/src/install/tello_msg/share/tello_msg/msg/TelloStatus.msg
[3.728s] -- Installing: /home/triton_08/tello_jp_jc_ws/src/install/tello_msg/share/tello_msg/msg/TelloID.msg
[3.728s] -- Installing: /home/triton_08/tello_jp_jc_ws/src/install/tello_msg/share/tello_msg/msg/TelloWifiConfig.msg
[3.728s] -- Installing: /home/triton_08/tello_jp_jc_ws/src/install/tello_msg/share/ament_index/resource_index/package_run_dependencies/tello_msg
[3.728s] -- Installing: /home/triton_08/tello_jp_jc_ws/src/install/tello_msg/share/ament_index/resource_index/parent_prefix_path/tello_msg
[3.728s] -- Installing: /home/triton_08/tello_jp_jc_ws/src/install/tello_msg/share/tello_msg/environment/ament_prefix_path.sh
[3.728s] -- Installing: /home/triton_08/tello_jp_jc_ws/src/install/tello_msg/share/tello_msg/environment/ament_prefix_path.dsv
[3.728s] -- Installing: /home/triton_08/tello_jp_jc_ws/src/install/tello_msg/share/tello_msg/environment/path.sh
[3.729s] -- Installing: /home/triton_08/tello_jp_jc_ws/src/install/tello_msg/share/tello_msg/environment/path.dsv
[3.729s] -- Installing: /home/triton_08/tello_jp_jc_ws/src/install/tello_msg/share/tello_msg/local_setup.bash
[3.729s] -- Installing: /home/triton_08/tello_jp_jc_ws/src/install/tello_msg/share/tello_msg/local_setup.sh
[3.729s] -- Installing: /home/triton_08/tello_jp_jc_ws/src/install/tello_msg/share/tello_msg/local_setup.zsh
[3.729s] -- Installing: /home/triton_08/tello_jp_jc_ws/src/install/tello_msg/share/tello_msg/local_setup.dsv
[3.729s] -- Installing: /home/triton_08/tello_jp_jc_ws/src/install/tello_msg/share/tello_msg/package.dsv
[3.729s] -- Installing: /home/triton_08/tello_jp_jc_ws/src/install/tello_msg/share/ament_index/resource_index/packages/tello_msg
[3.729s] -- Installing: /home/triton_08/tello_jp_jc_ws/src/install/tello_msg/share/tello_msg/cmake/export_tello_msg__rosidl_generator_cExport.cmake
[3.729s] -- Installing: /home/triton_08/tello_jp_jc_ws/src/install/tello_msg/share/tello_msg/cmake/export_tello_msg__rosidl_generator_cExport-noconfig.cmake
[3.729s] -- Installing: /home/triton_08/tello_jp_jc_ws/src/install/tello_msg/share/tello_msg/cmake/export_tello_msg__rosidl_typesupport_fastrtps_cExport.cmake
[3.729s] -- Installing: /home/triton_08/tello_jp_jc_ws/src/install/tello_msg/share/tello_msg/cmake/export_tello_msg__rosidl_typesupport_fastrtps_cExport-noconfig.cmake
[3.729s] -- Installing: /home/triton_08/tello_jp_jc_ws/src/install/tello_msg/share/tello_msg/cmake/tello_msg__rosidl_typesupport_introspection_cExport.cmake
[3.729s] -- Installing: /home/triton_08/tello_jp_jc_ws/src/install/tello_msg/share/tello_msg/cmake/tello_msg__rosidl_typesupport_introspection_cExport-noconfig.cmake
[3.730s] -- Installing: /home/triton_08/tello_jp_jc_ws/src/install/tello_msg/share/tello_msg/cmake/tello_msg__rosidl_typesupport_cExport.cmake
[3.730s] -- Installing: /home/triton_08/tello_jp_jc_ws/src/install/tello_msg/share/tello_msg/cmake/tello_msg__rosidl_typesupport_cExport-noconfig.cmake
[3.730s] -- Installing: /home/triton_08/tello_jp_jc_ws/src/install/tello_msg/share/tello_msg/cmake/export_tello_msg__rosidl_generator_cppExport.cmake
[3.730s] -- Installing: /home/triton_08/tello_jp_jc_ws/src/install/tello_msg/share/tello_msg/cmake/export_tello_msg__rosidl_typesupport_fastrtps_cppExport.cmake
[3.730s] -- Installing: /home/triton_08/tello_jp_jc_ws/src/install/tello_msg/share/tello_msg/cmake/export_tello_msg__rosidl_typesupport_fastrtps_cppExport-noconfig.cmake
[3.730s] -- Installing: /home/triton_08/tello_jp_jc_ws/src/install/tello_msg/share/tello_msg/cmake/tello_msg__rosidl_typesupport_introspection_cppExport.cmake
[3.730s] -- Installing: /home/triton_08/tello_jp_jc_ws/src/install/tello_msg/share/tello_msg/cmake/tello_msg__rosidl_typesupport_introspection_cppExport-noconfig.cmake
[3.730s] -- Installing: /home/triton_08/tello_jp_jc_ws/src/install/tello_msg/share/tello_msg/cmake/tello_msg__rosidl_typesupport_cppExport.cmake
[3.730s] -- Installing: /home/triton_08/tello_jp_jc_ws/src/install/tello_msg/share/tello_msg/cmake/tello_msg__rosidl_typesupport_cppExport-noconfig.cmake
[3.730s] -- Installing: /home/triton_08/tello_jp_jc_ws/src/install/tello_msg/share/tello_msg/cmake/export_tello_msg__rosidl_generator_pyExport.cmake
[3.730s] -- Installing: /home/triton_08/tello_jp_jc_ws/src/install/tello_msg/share/tello_msg/cmake/export_tello_msg__rosidl_generator_pyExport-noconfig.cmake
[3.731s] -- Installing: /home/triton_08/tello_jp_jc_ws/src/install/tello_msg/share/tello_msg/cmake/rosidl_cmake-extras.cmake
[3.731s] -- Installing: /home/triton_08/tello_jp_jc_ws/src/install/tello_msg/share/tello_msg/cmake/ament_cmake_export_dependencies-extras.cmake
[3.731s] -- Installing: /home/triton_08/tello_jp_jc_ws/src/install/tello_msg/share/tello_msg/cmake/ament_cmake_export_include_directories-extras.cmake
[3.731s] -- Installing: /home/triton_08/tello_jp_jc_ws/src/install/tello_msg/share/tello_msg/cmake/ament_cmake_export_libraries-extras.cmake
[3.731s] -- Installing: /home/triton_08/tello_jp_jc_ws/src/install/tello_msg/share/tello_msg/cmake/ament_cmake_export_targets-extras.cmake
[3.731s] -- Installing: /home/triton_08/tello_jp_jc_ws/src/install/tello_msg/share/tello_msg/cmake/rosidl_cmake_export_typesupport_targets-extras.cmake
[3.731s] -- Installing: /home/triton_08/tello_jp_jc_ws/src/install/tello_msg/share/tello_msg/cmake/rosidl_cmake_export_typesupport_libraries-extras.cmake
[3.731s] -- Installing: /home/triton_08/tello_jp_jc_ws/src/install/tello_msg/share/tello_msg/cmake/tello_msgConfig.cmake
[3.731s] -- Installing: /home/triton_08/tello_jp_jc_ws/src/install/tello_msg/share/tello_msg/cmake/tello_msgConfig-version.cmake
[3.732s] -- Installing: /home/triton_08/tello_jp_jc_ws/src/install/tello_msg/share/tello_msg/package.xml
[3.735s] Invoked command in '/home/triton_08/tello_jp_jc_ws/src/build/tello_msg' returned '0': CMAKE_PREFIX_PATH=${CMAKE_PREFIX_PATH}:/home/triton_08/tello_jp_jc_ws/install/tello:/home/triton_08/tello_jp_jc_ws/install/jpjc_qr:/home/triton_08/tello_jp_jc_ws/install/jpjc_joy:/opt/ros/humble /usr/bin/cmake --install /home/triton_08/tello_jp_jc_ws/src/build/tello_msg
