[0.028s] Invoking command in '/home/triton_08/tello_jp_jc_ws/build/tello_msg': CMAKE_PREFIX_PATH=/opt/ros/humble /usr/bin/cmake --build /home/triton_08/tello_jp_jc_ws/build/tello_msg -- -j16 -l16
[0.595s] [35m[1mConsolidate compiler generated dependencies of target tello_msg__rosidl_generator_c[0m
[0.595s] [  2%] Built target tello_msg__cpp
[0.595s] [ 12%] Built target tello_msg__rosidl_generator_c
[0.595s] [ 12%] Built target ament_cmake_python_copy_tello_msg
[0.595s] [35m[1mConsolidate compiler generated dependencies of target tello_msg__rosidl_typesupport_cpp[0m
[0.596s] [35m[1mConsolidate compiler generated dependencies of target tello_msg__rosidl_typesupport_fastrtps_cpp[0m
[0.596s] [35m[1mConsolidate compiler generated dependencies of target tello_msg__rosidl_typesupport_introspection_cpp[0m
[0.596s] [35m[1mConsolidate compiler generated dependencies of target tello_msg__rosidl_typesupport_c[0m
[0.596s] [35m[1mConsolidate compiler generated dependencies of target tello_msg__rosidl_typesupport_introspection_c[0m
[0.596s] [35m[1mConsolidate compiler generated dependencies of target tello_msg__rosidl_typesupport_fastrtps_c[0m
[0.596s] [ 23%] Built target tello_msg__rosidl_typesupport_c
[0.596s] [ 44%] Built target tello_msg__rosidl_typesupport_introspection_c
[0.597s] [ 44%] Built target tello_msg__rosidl_typesupport_cpp
[0.597s] [ 55%] Built target tello_msg__rosidl_typesupport_fastrtps_cpp
[0.597s] [ 65%] Built target tello_msg__rosidl_typesupport_introspection_cpp
[0.597s] [ 76%] Built target tello_msg__rosidl_typesupport_fastrtps_c
[0.597s] [ 76%] Built target tello_msg
[0.597s] [ 78%] Built target tello_msg__py
[0.597s] [35m[1mConsolidate compiler generated dependencies of target tello_msg__rosidl_generator_py[0m
[0.598s] [ 87%] Built target tello_msg__rosidl_generator_py
[0.598s] [35m[1mConsolidate compiler generated dependencies of target tello_msg__rosidl_typesupport_fastrtps_c__pyext[0m
[0.598s] [35m[1mConsolidate compiler generated dependencies of target tello_msg__rosidl_typesupport_introspection_c__pyext[0m
[0.598s] [35m[1mConsolidate compiler generated dependencies of target tello_msg__rosidl_typesupport_c__pyext[0m
[0.598s] [ 91%] Built target tello_msg__rosidl_typesupport_introspection_c__pyext
[0.598s] [ 95%] Built target tello_msg__rosidl_typesupport_c__pyext
[0.598s] [100%] Built target tello_msg__rosidl_typesupport_fastrtps_c__pyext
[0.598s] running egg_info
[0.598s] writing tello_msg.egg-info/PKG-INFO
[0.598s] writing dependency_links to tello_msg.egg-info/dependency_links.txt
[0.598s] writing top-level names to tello_msg.egg-info/top_level.txt
[0.598s] reading manifest file 'tello_msg.egg-info/SOURCES.txt'
[0.598s] writing manifest file 'tello_msg.egg-info/SOURCES.txt'
[0.598s] [100%] Built target ament_cmake_python_build_tello_msg_egg
[0.599s] Invoked command in '/home/triton_08/tello_jp_jc_ws/build/tello_msg' returned '0': CMAKE_PREFIX_PATH=/opt/ros/humble /usr/bin/cmake --build /home/triton_08/tello_jp_jc_ws/build/tello_msg -- -j16 -l16
