[0.031s] Invoking command in '/home/triton_08/tello_jp_jc_ws/build/joy': /usr/bin/cmake /home/triton_08/tello_jp_jc_ws/jpjc_ws/src/joystick_drivers/joy -DCATKIN_INSTALL_INTO_PREFIX_ROOT=0 -DCMAKE_INSTALL_PREFIX=/home/triton_08/tello_jp_jc_ws/install/joy
[0.456s] -- Configuring incomplete, errors occurred!
[0.457s] See also "/home/triton_08/tello_jp_jc_ws/build/joy/CMakeFiles/CMakeOutput.log".
[0.457s] [31mCMake Error at CMakeLists.txt:9 (find_package):
[0.457s]   By not providing "Findcatkin.cmake" in CMAKE_MODULE_PATH this project has
[0.457s]   asked CMake to find a package configuration file provided by "catkin", but
[0.458s]   CMake did not find one.
[0.458s] 
[0.459s]   Could not find a package configuration file provided by "catkin" with any
[0.459s]   of the following names:
[0.461s] 
[0.461s]     catkinConfig.cmake
[0.461s]     catkin-config.cmake
[0.461s] 
[0.462s]   Add the installation prefix of "catkin" to CMAKE_PREFIX_PATH or set
[0.462s]   "catkin_DIR" to a directory containing one of the above files.  If "catkin"
[0.464s]   provides a separate development package or SDK, be sure it has been
[0.464s]   installed.
[0.464s] 
[0.464s] [0m
[0.480s] Invoked command in '/home/triton_08/tello_jp_jc_ws/build/joy' returned '1': /usr/bin/cmake /home/triton_08/tello_jp_jc_ws/jpjc_ws/src/joystick_drivers/joy -DCATKIN_INSTALL_INTO_PREFIX_ROOT=0 -DCMAKE_INSTALL_PREFIX=/home/triton_08/tello_jp_jc_ws/install/joy
