[0.236s] DEBUG:colcon:Command line arguments: ['/usr/bin/colcon', 'build']
[0.236s] DEBUG:colcon:Parsed command line arguments: Namespace(log_base=None, log_level=None, verb_name='build', build_base='build', install_base='install', merge_install=False, symlink_install=False, test_result_base=None, continue_on_error=False, executor='parallel', parallel_workers=16, event_handlers=None, ignore_user_meta=False, metas=['./colcon.meta'], base_paths=['.'], packages_ignore=None, packages_ignore_regex=None, paths=None, packages_up_to=None, packages_up_to_regex=None, packages_above=None, packages_above_and_dependencies=None, packages_above_depth=None, packages_select_by_dep=None, packages_skip_by_dep=None, packages_skip_up_to=None, packages_select_build_failed=False, packages_skip_build_finished=False, packages_select_test_failures=False, packages_skip_test_passed=False, packages_select=None, packages_skip=None, packages_select_regex=None, packages_skip_regex=None, packages_start=None, packages_end=None, allow_overriding=[], cmake_args=None, cmake_target=None, cmake_target_skip_unavailable=False, cmake_clean_cache=False, cmake_clean_first=False, cmake_force_configure=False, ament_cmake_args=None, catkin_cmake_args=None, catkin_skip_building_tests=False, verb_parser=<colcon_defaults.argument_parser.defaults.DefaultArgumentsDecorator object at 0x7fa3b27e6110>, verb_extension=<colcon_core.verb.build.BuildVerb object at 0x7fa3b2f69b40>, main=<bound method BuildVerb.main of <colcon_core.verb.build.BuildVerb object at 0x7fa3b2f69b40>>)
[0.258s] Level 1:colcon.colcon_core.package_discovery:discover_packages(colcon_meta) check parameters
[0.258s] Level 1:colcon.colcon_core.package_discovery:discover_packages(recursive) check parameters
[0.258s] Level 1:colcon.colcon_core.package_discovery:discover_packages(ignore) check parameters
[0.258s] Level 1:colcon.colcon_core.package_discovery:discover_packages(path) check parameters
[0.258s] Level 1:colcon.colcon_core.package_discovery:discover_packages(colcon_meta) discover
[0.258s] Level 1:colcon.colcon_core.package_discovery:discover_packages(recursive) discover
[0.258s] INFO:colcon.colcon_core.package_discovery:Crawling recursively for packages in '/home/triton_08/tello_jp_jc_ws'
[0.258s] Level 1:colcon.colcon_core.package_identification:_identify(.) by extensions ['ignore', 'ignore_ament_install']
[0.258s] Level 1:colcon.colcon_core.package_identification:_identify(.) by extension 'ignore'
[0.258s] Level 1:colcon.colcon_core.package_identification:_identify(.) by extension 'ignore_ament_install'
[0.258s] Level 1:colcon.colcon_core.package_identification:_identify(.) by extensions ['colcon_pkg']
[0.258s] Level 1:colcon.colcon_core.package_identification:_identify(.) by extension 'colcon_pkg'
[0.258s] Level 1:colcon.colcon_core.package_identification:_identify(.) by extensions ['colcon_meta']
[0.258s] Level 1:colcon.colcon_core.package_identification:_identify(.) by extension 'colcon_meta'
[0.258s] Level 1:colcon.colcon_core.package_identification:_identify(.) by extensions ['ros']
[0.258s] Level 1:colcon.colcon_core.package_identification:_identify(.) by extension 'ros'
[0.267s] Level 1:colcon.colcon_core.package_identification:_identify(.) by extensions ['cmake', 'python']
[0.267s] Level 1:colcon.colcon_core.package_identification:_identify(.) by extension 'cmake'
[0.267s] Level 1:colcon.colcon_core.package_identification:_identify(.) by extension 'python'
[0.267s] Level 1:colcon.colcon_core.package_identification:_identify(.) by extensions ['python_setup_py']
[0.267s] Level 1:colcon.colcon_core.package_identification:_identify(.) by extension 'python_setup_py'
[0.267s] Level 1:colcon.colcon_core.package_identification:_identify(build) by extensions ['ignore', 'ignore_ament_install']
[0.267s] Level 1:colcon.colcon_core.package_identification:_identify(build) by extension 'ignore'
[0.267s] Level 1:colcon.colcon_core.package_identification:_identify(build) ignored
[0.268s] Level 1:colcon.colcon_core.package_identification:_identify(install) by extensions ['ignore', 'ignore_ament_install']
[0.268s] Level 1:colcon.colcon_core.package_identification:_identify(install) by extension 'ignore'
[0.268s] Level 1:colcon.colcon_core.package_identification:_identify(install) ignored
[0.268s] Level 1:colcon.colcon_core.package_identification:_identify(log) by extensions ['ignore', 'ignore_ament_install']
[0.268s] Level 1:colcon.colcon_core.package_identification:_identify(log) by extension 'ignore'
[0.268s] Level 1:colcon.colcon_core.package_identification:_identify(log) ignored
[0.268s] Level 1:colcon.colcon_core.package_identification:_identify(src) by extensions ['ignore', 'ignore_ament_install']
[0.268s] Level 1:colcon.colcon_core.package_identification:_identify(src) by extension 'ignore'
[0.268s] Level 1:colcon.colcon_core.package_identification:_identify(src) by extension 'ignore_ament_install'
[0.268s] Level 1:colcon.colcon_core.package_identification:_identify(src) by extensions ['colcon_pkg']
[0.268s] Level 1:colcon.colcon_core.package_identification:_identify(src) by extension 'colcon_pkg'
[0.268s] Level 1:colcon.colcon_core.package_identification:_identify(src) by extensions ['colcon_meta']
[0.268s] Level 1:colcon.colcon_core.package_identification:_identify(src) by extension 'colcon_meta'
[0.268s] Level 1:colcon.colcon_core.package_identification:_identify(src) by extensions ['ros']
[0.268s] Level 1:colcon.colcon_core.package_identification:_identify(src) by extension 'ros'
[0.268s] Level 1:colcon.colcon_core.package_identification:_identify(src) by extensions ['cmake', 'python']
[0.268s] Level 1:colcon.colcon_core.package_identification:_identify(src) by extension 'cmake'
[0.268s] Level 1:colcon.colcon_core.package_identification:_identify(src) by extension 'python'
[0.269s] Level 1:colcon.colcon_core.package_identification:_identify(src) by extensions ['python_setup_py']
[0.269s] Level 1:colcon.colcon_core.package_identification:_identify(src) by extension 'python_setup_py'
[0.269s] Level 1:colcon.colcon_core.package_identification:_identify(src/jpjc_joy) by extensions ['ignore', 'ignore_ament_install']
[0.269s] Level 1:colcon.colcon_core.package_identification:_identify(src/jpjc_joy) by extension 'ignore'
[0.269s] Level 1:colcon.colcon_core.package_identification:_identify(src/jpjc_joy) by extension 'ignore_ament_install'
[0.269s] Level 1:colcon.colcon_core.package_identification:_identify(src/jpjc_joy) by extensions ['colcon_pkg']
[0.269s] Level 1:colcon.colcon_core.package_identification:_identify(src/jpjc_joy) by extension 'colcon_pkg'
[0.269s] Level 1:colcon.colcon_core.package_identification:_identify(src/jpjc_joy) by extensions ['colcon_meta']
[0.269s] Level 1:colcon.colcon_core.package_identification:_identify(src/jpjc_joy) by extension 'colcon_meta'
[0.269s] Level 1:colcon.colcon_core.package_identification:_identify(src/jpjc_joy) by extensions ['ros']
[0.269s] Level 1:colcon.colcon_core.package_identification:_identify(src/jpjc_joy) by extension 'ros'
[0.270s] DEBUG:colcon.colcon_core.package_identification:Package 'src/jpjc_joy' with type 'ros.ament_python' and name 'jpjc_joy'
[0.271s] Level 1:colcon.colcon_core.package_identification:_identify(src/jpjc_qr) by extensions ['ignore', 'ignore_ament_install']
[0.271s] Level 1:colcon.colcon_core.package_identification:_identify(src/jpjc_qr) by extension 'ignore'
[0.271s] Level 1:colcon.colcon_core.package_identification:_identify(src/jpjc_qr) by extension 'ignore_ament_install'
[0.271s] Level 1:colcon.colcon_core.package_identification:_identify(src/jpjc_qr) by extensions ['colcon_pkg']
[0.271s] Level 1:colcon.colcon_core.package_identification:_identify(src/jpjc_qr) by extension 'colcon_pkg'
[0.271s] Level 1:colcon.colcon_core.package_identification:_identify(src/jpjc_qr) by extensions ['colcon_meta']
[0.271s] Level 1:colcon.colcon_core.package_identification:_identify(src/jpjc_qr) by extension 'colcon_meta'
[0.271s] Level 1:colcon.colcon_core.package_identification:_identify(src/jpjc_qr) by extensions ['ros']
[0.271s] Level 1:colcon.colcon_core.package_identification:_identify(src/jpjc_qr) by extension 'ros'
[0.271s] DEBUG:colcon.colcon_core.package_identification:Package 'src/jpjc_qr' with type 'ros.ament_python' and name 'jpjc_qr'
[0.271s] Level 1:colcon.colcon_core.package_identification:_identify(src/tello) by extensions ['ignore', 'ignore_ament_install']
[0.272s] Level 1:colcon.colcon_core.package_identification:_identify(src/tello) by extension 'ignore'
[0.272s] Level 1:colcon.colcon_core.package_identification:_identify(src/tello) by extension 'ignore_ament_install'
[0.272s] Level 1:colcon.colcon_core.package_identification:_identify(src/tello) by extensions ['colcon_pkg']
[0.272s] Level 1:colcon.colcon_core.package_identification:_identify(src/tello) by extension 'colcon_pkg'
[0.272s] Level 1:colcon.colcon_core.package_identification:_identify(src/tello) by extensions ['colcon_meta']
[0.272s] Level 1:colcon.colcon_core.package_identification:_identify(src/tello) by extension 'colcon_meta'
[0.272s] Level 1:colcon.colcon_core.package_identification:_identify(src/tello) by extensions ['ros']
[0.272s] Level 1:colcon.colcon_core.package_identification:_identify(src/tello) by extension 'ros'
[0.272s] DEBUG:colcon.colcon_core.package_identification:Package 'src/tello' with type 'ros.ament_python' and name 'tello'
[0.272s] Level 1:colcon.colcon_core.package_identification:_identify(src/tello_control) by extensions ['ignore', 'ignore_ament_install']
[0.272s] Level 1:colcon.colcon_core.package_identification:_identify(src/tello_control) by extension 'ignore'
[0.272s] Level 1:colcon.colcon_core.package_identification:_identify(src/tello_control) by extension 'ignore_ament_install'
[0.272s] Level 1:colcon.colcon_core.package_identification:_identify(src/tello_control) by extensions ['colcon_pkg']
[0.273s] Level 1:colcon.colcon_core.package_identification:_identify(src/tello_control) by extension 'colcon_pkg'
[0.273s] Level 1:colcon.colcon_core.package_identification:_identify(src/tello_control) by extensions ['colcon_meta']
[0.273s] Level 1:colcon.colcon_core.package_identification:_identify(src/tello_control) by extension 'colcon_meta'
[0.273s] Level 1:colcon.colcon_core.package_identification:_identify(src/tello_control) by extensions ['ros']
[0.273s] Level 1:colcon.colcon_core.package_identification:_identify(src/tello_control) by extension 'ros'
[0.273s] DEBUG:colcon.colcon_core.package_identification:Package 'src/tello_control' with type 'ros.ament_cmake' and name 'tello_control'
[0.273s] Level 1:colcon.colcon_core.package_identification:_identify(src/tello_msg) by extensions ['ignore', 'ignore_ament_install']
[0.273s] Level 1:colcon.colcon_core.package_identification:_identify(src/tello_msg) by extension 'ignore'
[0.273s] Level 1:colcon.colcon_core.package_identification:_identify(src/tello_msg) by extension 'ignore_ament_install'
[0.273s] Level 1:colcon.colcon_core.package_identification:_identify(src/tello_msg) by extensions ['colcon_pkg']
[0.273s] Level 1:colcon.colcon_core.package_identification:_identify(src/tello_msg) by extension 'colcon_pkg'
[0.273s] Level 1:colcon.colcon_core.package_identification:_identify(src/tello_msg) by extensions ['colcon_meta']
[0.273s] Level 1:colcon.colcon_core.package_identification:_identify(src/tello_msg) by extension 'colcon_meta'
[0.273s] Level 1:colcon.colcon_core.package_identification:_identify(src/tello_msg) by extensions ['ros']
[0.273s] Level 1:colcon.colcon_core.package_identification:_identify(src/tello_msg) by extension 'ros'
[0.274s] DEBUG:colcon.colcon_core.package_identification:Package 'src/tello_msg' with type 'ros.ament_cmake' and name 'tello_msg'
[0.274s] Level 1:colcon.colcon_core.package_discovery:discover_packages(recursive) using defaults
[0.274s] Level 1:colcon.colcon_core.package_discovery:discover_packages(ignore) discover
[0.274s] Level 1:colcon.colcon_core.package_discovery:discover_packages(ignore) using defaults
[0.274s] Level 1:colcon.colcon_core.package_discovery:discover_packages(path) discover
[0.274s] Level 1:colcon.colcon_core.package_discovery:discover_packages(path) using defaults
[0.291s] Level 1:colcon.colcon_core.package_discovery:discover_packages(prefix_path) check parameters
[0.291s] Level 1:colcon.colcon_core.package_discovery:discover_packages(prefix_path) discover
[0.293s] DEBUG:colcon.colcon_installed_package_information.package_discovery:Found 9 installed packages in /home/triton_08/tello_jp_jc_ws/install
[0.294s] DEBUG:colcon.colcon_installed_package_information.package_discovery:Found 285 installed packages in /opt/ros/humble
[0.295s] Level 1:colcon.colcon_core.package_discovery:discover_packages(prefix_path) using defaults
[0.343s] Level 5:colcon.colcon_core.verb:set package 'jpjc_joy' build argument 'cmake_args' from command line to 'None'
[0.343s] Level 5:colcon.colcon_core.verb:set package 'jpjc_joy' build argument 'cmake_target' from command line to 'None'
[0.343s] Level 5:colcon.colcon_core.verb:set package 'jpjc_joy' build argument 'cmake_target_skip_unavailable' from command line to 'False'
[0.343s] Level 5:colcon.colcon_core.verb:set package 'jpjc_joy' build argument 'cmake_clean_cache' from command line to 'False'
[0.343s] Level 5:colcon.colcon_core.verb:set package 'jpjc_joy' build argument 'cmake_clean_first' from command line to 'False'
[0.343s] Level 5:colcon.colcon_core.verb:set package 'jpjc_joy' build argument 'cmake_force_configure' from command line to 'False'
[0.343s] Level 5:colcon.colcon_core.verb:set package 'jpjc_joy' build argument 'ament_cmake_args' from command line to 'None'
[0.343s] Level 5:colcon.colcon_core.verb:set package 'jpjc_joy' build argument 'catkin_cmake_args' from command line to 'None'
[0.343s] Level 5:colcon.colcon_core.verb:set package 'jpjc_joy' build argument 'catkin_skip_building_tests' from command line to 'False'
[0.343s] DEBUG:colcon.colcon_core.verb:Building package 'jpjc_joy' with the following arguments: {'ament_cmake_args': None, 'build_base': '/home/triton_08/tello_jp_jc_ws/build/jpjc_joy', 'catkin_cmake_args': None, 'catkin_skip_building_tests': False, 'cmake_args': None, 'cmake_clean_cache': False, 'cmake_clean_first': False, 'cmake_force_configure': False, 'cmake_target': None, 'cmake_target_skip_unavailable': False, 'install_base': '/home/triton_08/tello_jp_jc_ws/install/jpjc_joy', 'merge_install': False, 'path': '/home/triton_08/tello_jp_jc_ws/src/jpjc_joy', 'symlink_install': False, 'test_result_base': None}
[0.344s] Level 5:colcon.colcon_core.verb:set package 'jpjc_qr' build argument 'cmake_args' from command line to 'None'
[0.344s] Level 5:colcon.colcon_core.verb:set package 'jpjc_qr' build argument 'cmake_target' from command line to 'None'
[0.344s] Level 5:colcon.colcon_core.verb:set package 'jpjc_qr' build argument 'cmake_target_skip_unavailable' from command line to 'False'
[0.344s] Level 5:colcon.colcon_core.verb:set package 'jpjc_qr' build argument 'cmake_clean_cache' from command line to 'False'
[0.344s] Level 5:colcon.colcon_core.verb:set package 'jpjc_qr' build argument 'cmake_clean_first' from command line to 'False'
[0.344s] Level 5:colcon.colcon_core.verb:set package 'jpjc_qr' build argument 'cmake_force_configure' from command line to 'False'
[0.344s] Level 5:colcon.colcon_core.verb:set package 'jpjc_qr' build argument 'ament_cmake_args' from command line to 'None'
[0.344s] Level 5:colcon.colcon_core.verb:set package 'jpjc_qr' build argument 'catkin_cmake_args' from command line to 'None'
[0.344s] Level 5:colcon.colcon_core.verb:set package 'jpjc_qr' build argument 'catkin_skip_building_tests' from command line to 'False'
[0.344s] DEBUG:colcon.colcon_core.verb:Building package 'jpjc_qr' with the following arguments: {'ament_cmake_args': None, 'build_base': '/home/triton_08/tello_jp_jc_ws/build/jpjc_qr', 'catkin_cmake_args': None, 'catkin_skip_building_tests': False, 'cmake_args': None, 'cmake_clean_cache': False, 'cmake_clean_first': False, 'cmake_force_configure': False, 'cmake_target': None, 'cmake_target_skip_unavailable': False, 'install_base': '/home/triton_08/tello_jp_jc_ws/install/jpjc_qr', 'merge_install': False, 'path': '/home/triton_08/tello_jp_jc_ws/src/jpjc_qr', 'symlink_install': False, 'test_result_base': None}
[0.345s] Level 5:colcon.colcon_core.verb:set package 'tello_control' build argument 'cmake_args' from command line to 'None'
[0.345s] Level 5:colcon.colcon_core.verb:set package 'tello_control' build argument 'cmake_target' from command line to 'None'
[0.345s] Level 5:colcon.colcon_core.verb:set package 'tello_control' build argument 'cmake_target_skip_unavailable' from command line to 'False'
[0.345s] Level 5:colcon.colcon_core.verb:set package 'tello_control' build argument 'cmake_clean_cache' from command line to 'False'
[0.345s] Level 5:colcon.colcon_core.verb:set package 'tello_control' build argument 'cmake_clean_first' from command line to 'False'
[0.345s] Level 5:colcon.colcon_core.verb:set package 'tello_control' build argument 'cmake_force_configure' from command line to 'False'
[0.345s] Level 5:colcon.colcon_core.verb:set package 'tello_control' build argument 'ament_cmake_args' from command line to 'None'
[0.345s] Level 5:colcon.colcon_core.verb:set package 'tello_control' build argument 'catkin_cmake_args' from command line to 'None'
[0.345s] Level 5:colcon.colcon_core.verb:set package 'tello_control' build argument 'catkin_skip_building_tests' from command line to 'False'
[0.345s] DEBUG:colcon.colcon_core.verb:Building package 'tello_control' with the following arguments: {'ament_cmake_args': None, 'build_base': '/home/triton_08/tello_jp_jc_ws/build/tello_control', 'catkin_cmake_args': None, 'catkin_skip_building_tests': False, 'cmake_args': None, 'cmake_clean_cache': False, 'cmake_clean_first': False, 'cmake_force_configure': False, 'cmake_target': None, 'cmake_target_skip_unavailable': False, 'install_base': '/home/triton_08/tello_jp_jc_ws/install/tello_control', 'merge_install': False, 'path': '/home/triton_08/tello_jp_jc_ws/src/tello_control', 'symlink_install': False, 'test_result_base': None}
[0.346s] Level 5:colcon.colcon_core.verb:set package 'tello_msg' build argument 'cmake_args' from command line to 'None'
[0.346s] Level 5:colcon.colcon_core.verb:set package 'tello_msg' build argument 'cmake_target' from command line to 'None'
[0.346s] Level 5:colcon.colcon_core.verb:set package 'tello_msg' build argument 'cmake_target_skip_unavailable' from command line to 'False'
[0.346s] Level 5:colcon.colcon_core.verb:set package 'tello_msg' build argument 'cmake_clean_cache' from command line to 'False'
[0.346s] Level 5:colcon.colcon_core.verb:set package 'tello_msg' build argument 'cmake_clean_first' from command line to 'False'
[0.346s] Level 5:colcon.colcon_core.verb:set package 'tello_msg' build argument 'cmake_force_configure' from command line to 'False'
[0.346s] Level 5:colcon.colcon_core.verb:set package 'tello_msg' build argument 'ament_cmake_args' from command line to 'None'
[0.346s] Level 5:colcon.colcon_core.verb:set package 'tello_msg' build argument 'catkin_cmake_args' from command line to 'None'
[0.346s] Level 5:colcon.colcon_core.verb:set package 'tello_msg' build argument 'catkin_skip_building_tests' from command line to 'False'
[0.346s] DEBUG:colcon.colcon_core.verb:Building package 'tello_msg' with the following arguments: {'ament_cmake_args': None, 'build_base': '/home/triton_08/tello_jp_jc_ws/build/tello_msg', 'catkin_cmake_args': None, 'catkin_skip_building_tests': False, 'cmake_args': None, 'cmake_clean_cache': False, 'cmake_clean_first': False, 'cmake_force_configure': False, 'cmake_target': None, 'cmake_target_skip_unavailable': False, 'install_base': '/home/triton_08/tello_jp_jc_ws/install/tello_msg', 'merge_install': False, 'path': '/home/triton_08/tello_jp_jc_ws/src/tello_msg', 'symlink_install': False, 'test_result_base': None}
[0.347s] Level 5:colcon.colcon_core.verb:set package 'tello' build argument 'cmake_args' from command line to 'None'
[0.347s] Level 5:colcon.colcon_core.verb:set package 'tello' build argument 'cmake_target' from command line to 'None'
[0.347s] Level 5:colcon.colcon_core.verb:set package 'tello' build argument 'cmake_target_skip_unavailable' from command line to 'False'
[0.347s] Level 5:colcon.colcon_core.verb:set package 'tello' build argument 'cmake_clean_cache' from command line to 'False'
[0.347s] Level 5:colcon.colcon_core.verb:set package 'tello' build argument 'cmake_clean_first' from command line to 'False'
[0.347s] Level 5:colcon.colcon_core.verb:set package 'tello' build argument 'cmake_force_configure' from command line to 'False'
[0.347s] Level 5:colcon.colcon_core.verb:set package 'tello' build argument 'ament_cmake_args' from command line to 'None'
[0.347s] Level 5:colcon.colcon_core.verb:set package 'tello' build argument 'catkin_cmake_args' from command line to 'None'
[0.347s] Level 5:colcon.colcon_core.verb:set package 'tello' build argument 'catkin_skip_building_tests' from command line to 'False'
[0.347s] DEBUG:colcon.colcon_core.verb:Building package 'tello' with the following arguments: {'ament_cmake_args': None, 'build_base': '/home/triton_08/tello_jp_jc_ws/build/tello', 'catkin_cmake_args': None, 'catkin_skip_building_tests': False, 'cmake_args': None, 'cmake_clean_cache': False, 'cmake_clean_first': False, 'cmake_force_configure': False, 'cmake_target': None, 'cmake_target_skip_unavailable': False, 'install_base': '/home/triton_08/tello_jp_jc_ws/install/tello', 'merge_install': False, 'path': '/home/triton_08/tello_jp_jc_ws/src/tello', 'symlink_install': False, 'test_result_base': None}
[0.348s] INFO:colcon.colcon_core.executor:Executing jobs using 'parallel' executor
[0.350s] DEBUG:colcon.colcon_parallel_executor.executor.parallel:run_until_complete
[0.351s] INFO:colcon.colcon_ros.task.ament_cmake.build:Building ROS package in '/home/triton_08/tello_jp_jc_ws/src/tello_msg' with build type 'ament_cmake'
[0.351s] INFO:colcon.colcon_cmake.task.cmake.build:Building CMake package in '/home/triton_08/tello_jp_jc_ws/src/tello_msg'
[0.354s] INFO:colcon.colcon_core.plugin_system:Skipping extension 'colcon_core.shell.bat': Not used on non-Windows systems
[0.354s] INFO:colcon.colcon_core.shell:Skip shell extension 'powershell' for command environment: Not usable outside of PowerShell
[0.354s] DEBUG:colcon.colcon_core.shell:Skip shell extension 'dsv' for command environment
[0.357s] INFO:colcon.colcon_ros.task.ament_python.build:Building ROS package in '/home/triton_08/tello_jp_jc_ws/src/jpjc_joy' with build type 'ament_python'
[0.358s] Level 1:colcon.colcon_core.shell:create_environment_hook('jpjc_joy', 'ament_prefix_path')
[0.358s] INFO:colcon.colcon_core.shell:Creating environment hook '/home/triton_08/tello_jp_jc_ws/install/jpjc_joy/share/jpjc_joy/hook/ament_prefix_path.ps1'
[0.359s] INFO:colcon.colcon_core.shell:Creating environment descriptor '/home/triton_08/tello_jp_jc_ws/install/jpjc_joy/share/jpjc_joy/hook/ament_prefix_path.dsv'
[0.359s] INFO:colcon.colcon_core.shell:Creating environment hook '/home/triton_08/tello_jp_jc_ws/install/jpjc_joy/share/jpjc_joy/hook/ament_prefix_path.sh'
[0.361s] INFO:colcon.colcon_core.shell:Skip shell extension 'powershell' for command environment: Not usable outside of PowerShell
[0.361s] DEBUG:colcon.colcon_core.shell:Skip shell extension 'dsv' for command environment
[0.365s] INFO:colcon.colcon_ros.task.ament_python.build:Building ROS package in '/home/triton_08/tello_jp_jc_ws/src/jpjc_qr' with build type 'ament_python'
[0.365s] Level 1:colcon.colcon_core.shell:create_environment_hook('jpjc_qr', 'ament_prefix_path')
[0.366s] INFO:colcon.colcon_core.shell:Creating environment hook '/home/triton_08/tello_jp_jc_ws/install/jpjc_qr/share/jpjc_qr/hook/ament_prefix_path.ps1'
[0.366s] INFO:colcon.colcon_core.shell:Creating environment descriptor '/home/triton_08/tello_jp_jc_ws/install/jpjc_qr/share/jpjc_qr/hook/ament_prefix_path.dsv'
[0.367s] INFO:colcon.colcon_core.shell:Creating environment hook '/home/triton_08/tello_jp_jc_ws/install/jpjc_qr/share/jpjc_qr/hook/ament_prefix_path.sh'
[0.368s] INFO:colcon.colcon_core.shell:Skip shell extension 'powershell' for command environment: Not usable outside of PowerShell
[0.368s] DEBUG:colcon.colcon_core.shell:Skip shell extension 'dsv' for command environment
[0.371s] INFO:colcon.colcon_ros.task.ament_cmake.build:Building ROS package in '/home/triton_08/tello_jp_jc_ws/src/tello_control' with build type 'ament_cmake'
[0.371s] INFO:colcon.colcon_cmake.task.cmake.build:Building CMake package in '/home/triton_08/tello_jp_jc_ws/src/tello_control'
[0.373s] INFO:colcon.colcon_core.shell:Skip shell extension 'powershell' for command environment: Not usable outside of PowerShell
[0.373s] DEBUG:colcon.colcon_core.shell:Skip shell extension 'dsv' for command environment
[0.381s] DEBUG:colcon.colcon_core.event_handler.log_command:Invoking command in '/home/triton_08/tello_jp_jc_ws/build/tello_msg': CMAKE_PREFIX_PATH=${CMAKE_PREFIX_PATH}:/home/triton_08/tello_jp_jc_ws/install/tello:/home/triton_08/tello_jp_jc_ws/install/jpjc_qr:/home/triton_08/tello_jp_jc_ws/install/jpjc_joy:/opt/ros/humble /usr/bin/cmake --build /home/triton_08/tello_jp_jc_ws/build/tello_msg -- -j16 -l16
[0.576s] INFO:colcon.colcon_core.task.python.build:Building Python package in '/home/triton_08/tello_jp_jc_ws/src/jpjc_joy'
[0.577s] INFO:colcon.colcon_core.shell:Skip shell extension 'powershell' for command environment: Not usable outside of PowerShell
[0.577s] DEBUG:colcon.colcon_core.shell:Skip shell extension 'dsv' for command environment
[0.769s] INFO:colcon.colcon_core.task.python.build:Building Python package in '/home/triton_08/tello_jp_jc_ws/src/jpjc_qr'
[0.770s] INFO:colcon.colcon_core.shell:Skip shell extension 'powershell' for command environment: Not usable outside of PowerShell
[0.770s] DEBUG:colcon.colcon_core.shell:Skip shell extension 'dsv' for command environment
[0.784s] DEBUG:colcon.colcon_core.event_handler.log_command:Invoking command in '/home/triton_08/tello_jp_jc_ws/build/tello_control': CMAKE_PREFIX_PATH=${CMAKE_PREFIX_PATH}:/home/triton_08/tello_jp_jc_ws/install/tello:/home/triton_08/tello_jp_jc_ws/install/jpjc_qr:/home/triton_08/tello_jp_jc_ws/install/jpjc_joy:/opt/ros/humble /usr/bin/cmake --build /home/triton_08/tello_jp_jc_ws/build/tello_control -- -j16 -l16
[0.785s] DEBUG:colcon.colcon_core.event_handler.log_command:Invoked command in '/home/triton_08/tello_jp_jc_ws/build/tello_msg' returned '0': CMAKE_PREFIX_PATH=${CMAKE_PREFIX_PATH}:/home/triton_08/tello_jp_jc_ws/install/tello:/home/triton_08/tello_jp_jc_ws/install/jpjc_qr:/home/triton_08/tello_jp_jc_ws/install/jpjc_joy:/opt/ros/humble /usr/bin/cmake --build /home/triton_08/tello_jp_jc_ws/build/tello_msg -- -j16 -l16
[0.819s] DEBUG:colcon.colcon_core.event_handler.log_command:Invoked command in '/home/triton_08/tello_jp_jc_ws/build/tello_control' returned '0': CMAKE_PREFIX_PATH=${CMAKE_PREFIX_PATH}:/home/triton_08/tello_jp_jc_ws/install/tello:/home/triton_08/tello_jp_jc_ws/install/jpjc_qr:/home/triton_08/tello_jp_jc_ws/install/jpjc_joy:/opt/ros/humble /usr/bin/cmake --build /home/triton_08/tello_jp_jc_ws/build/tello_control -- -j16 -l16
[0.833s] DEBUG:colcon.colcon_core.event_handler.log_command:Invoking command in '/home/triton_08/tello_jp_jc_ws/build/tello_msg': CMAKE_PREFIX_PATH=${CMAKE_PREFIX_PATH}:/home/triton_08/tello_jp_jc_ws/install/tello:/home/triton_08/tello_jp_jc_ws/install/jpjc_qr:/home/triton_08/tello_jp_jc_ws/install/jpjc_joy:/opt/ros/humble /usr/bin/cmake --install /home/triton_08/tello_jp_jc_ws/build/tello_msg
[0.835s] DEBUG:colcon.colcon_core.event_handler.log_command:Invoking command in '/home/triton_08/tello_jp_jc_ws/build/tello_control': CMAKE_PREFIX_PATH=${CMAKE_PREFIX_PATH}:/home/triton_08/tello_jp_jc_ws/install/tello:/home/triton_08/tello_jp_jc_ws/install/jpjc_qr:/home/triton_08/tello_jp_jc_ws/install/jpjc_joy:/opt/ros/humble /usr/bin/cmake --install /home/triton_08/tello_jp_jc_ws/build/tello_control
[0.842s] Level 1:colcon.colcon_core.environment:create_environment_scripts_only(tello_control)
[0.850s] Level 1:colcon.colcon_core.environment:checking '/home/triton_08/tello_jp_jc_ws/install/tello_control' for CMake module files
[0.851s] Level 1:colcon.colcon_core.environment:checking '/home/triton_08/tello_jp_jc_ws/install/tello_control' for CMake config files
[0.852s] Level 1:colcon.colcon_core.shell:create_environment_hook('tello_control', 'cmake_prefix_path')
[0.854s] INFO:colcon.colcon_core.shell:Creating environment hook '/home/triton_08/tello_jp_jc_ws/install/tello_control/share/tello_control/hook/cmake_prefix_path.ps1'
[0.854s] INFO:colcon.colcon_core.shell:Creating environment descriptor '/home/triton_08/tello_jp_jc_ws/install/tello_control/share/tello_control/hook/cmake_prefix_path.dsv'
[0.855s] INFO:colcon.colcon_core.shell:Creating environment hook '/home/triton_08/tello_jp_jc_ws/install/tello_control/share/tello_control/hook/cmake_prefix_path.sh'
[0.856s] Level 1:colcon.colcon_core.environment:checking '/home/triton_08/tello_jp_jc_ws/install/tello_control/lib'
[0.857s] Level 1:colcon.colcon_core.environment:checking '/home/triton_08/tello_jp_jc_ws/install/tello_control/bin'
[0.857s] Level 1:colcon.colcon_core.environment:checking '/home/triton_08/tello_jp_jc_ws/install/tello_control/lib/pkgconfig/tello_control.pc'
[0.857s] Level 1:colcon.colcon_core.environment:checking '/home/triton_08/tello_jp_jc_ws/install/tello_control/lib/python3.10/site-packages'
[0.857s] Level 1:colcon.colcon_core.environment:checking '/home/triton_08/tello_jp_jc_ws/install/tello_control/bin'
[0.859s] INFO:colcon.colcon_core.shell:Creating package script '/home/triton_08/tello_jp_jc_ws/install/tello_control/share/tello_control/package.ps1'
[0.861s] INFO:colcon.colcon_core.shell:Creating package descriptor '/home/triton_08/tello_jp_jc_ws/install/tello_control/share/tello_control/package.dsv'
[0.861s] INFO:colcon.colcon_core.shell:Creating package script '/home/triton_08/tello_jp_jc_ws/install/tello_control/share/tello_control/package.sh'
[0.862s] INFO:colcon.colcon_core.shell:Creating package script '/home/triton_08/tello_jp_jc_ws/install/tello_control/share/tello_control/package.bash'
[0.863s] INFO:colcon.colcon_core.shell:Creating package script '/home/triton_08/tello_jp_jc_ws/install/tello_control/share/tello_control/package.zsh'
[0.865s] Level 1:colcon.colcon_core.environment:create_file_with_runtime_dependencies(/home/triton_08/tello_jp_jc_ws/install/tello_control/share/colcon-core/packages/tello_control)
[0.870s] DEBUG:colcon.colcon_core.event_handler.log_command:Invoked command in '/home/triton_08/tello_jp_jc_ws/build/tello_control' returned '0': CMAKE_PREFIX_PATH=${CMAKE_PREFIX_PATH}:/home/triton_08/tello_jp_jc_ws/install/tello:/home/triton_08/tello_jp_jc_ws/install/jpjc_qr:/home/triton_08/tello_jp_jc_ws/install/jpjc_joy:/opt/ros/humble /usr/bin/cmake --install /home/triton_08/tello_jp_jc_ws/build/tello_control
[0.873s] Level 1:colcon.colcon_core.environment:create_environment_scripts_only(tello_msg)
[0.876s] Level 1:colcon.colcon_core.environment:checking '/home/triton_08/tello_jp_jc_ws/install/tello_msg' for CMake module files
[0.877s] Level 1:colcon.colcon_core.environment:checking '/home/triton_08/tello_jp_jc_ws/install/tello_msg' for CMake config files
[0.879s] Level 1:colcon.colcon_core.shell:create_environment_hook('tello_msg', 'cmake_prefix_path')
[0.881s] INFO:colcon.colcon_core.shell:Creating environment hook '/home/triton_08/tello_jp_jc_ws/install/tello_msg/share/tello_msg/hook/cmake_prefix_path.ps1'
[0.881s] INFO:colcon.colcon_core.shell:Creating environment descriptor '/home/triton_08/tello_jp_jc_ws/install/tello_msg/share/tello_msg/hook/cmake_prefix_path.dsv'
[0.882s] INFO:colcon.colcon_core.shell:Creating environment hook '/home/triton_08/tello_jp_jc_ws/install/tello_msg/share/tello_msg/hook/cmake_prefix_path.sh'
[0.883s] Level 1:colcon.colcon_core.environment:checking '/home/triton_08/tello_jp_jc_ws/install/tello_msg/lib'
[0.884s] Level 1:colcon.colcon_core.shell:create_environment_hook('tello_msg', 'ld_library_path_lib')
[0.886s] INFO:colcon.colcon_core.shell:Creating environment hook '/home/triton_08/tello_jp_jc_ws/install/tello_msg/share/tello_msg/hook/ld_library_path_lib.ps1'
[0.886s] INFO:colcon.colcon_core.shell:Creating environment descriptor '/home/triton_08/tello_jp_jc_ws/install/tello_msg/share/tello_msg/hook/ld_library_path_lib.dsv'
[0.887s] DEBUG:colcon.colcon_core.event_handler.log_command:Invoked command in '/home/triton_08/tello_jp_jc_ws/build/tello_msg' returned '0': CMAKE_PREFIX_PATH=${CMAKE_PREFIX_PATH}:/home/triton_08/tello_jp_jc_ws/install/tello:/home/triton_08/tello_jp_jc_ws/install/jpjc_qr:/home/triton_08/tello_jp_jc_ws/install/jpjc_joy:/opt/ros/humble /usr/bin/cmake --install /home/triton_08/tello_jp_jc_ws/build/tello_msg
[0.887s] INFO:colcon.colcon_core.shell:Creating environment hook '/home/triton_08/tello_jp_jc_ws/install/tello_msg/share/tello_msg/hook/ld_library_path_lib.sh'
[0.888s] Level 1:colcon.colcon_core.environment:checking '/home/triton_08/tello_jp_jc_ws/install/tello_msg/bin'
[0.888s] Level 1:colcon.colcon_core.environment:checking '/home/triton_08/tello_jp_jc_ws/install/tello_msg/lib/pkgconfig/tello_msg.pc'
[0.888s] Level 1:colcon.colcon_core.environment:checking '/home/triton_08/tello_jp_jc_ws/install/tello_msg/lib/python3.10/site-packages'
[0.889s] Level 1:colcon.colcon_core.environment:checking '/home/triton_08/tello_jp_jc_ws/install/tello_msg/bin'
[0.891s] INFO:colcon.colcon_core.shell:Creating package script '/home/triton_08/tello_jp_jc_ws/install/tello_msg/share/tello_msg/package.ps1'
[0.891s] INFO:colcon.colcon_core.shell:Creating package descriptor '/home/triton_08/tello_jp_jc_ws/install/tello_msg/share/tello_msg/package.dsv'
[0.892s] INFO:colcon.colcon_core.shell:Creating package script '/home/triton_08/tello_jp_jc_ws/install/tello_msg/share/tello_msg/package.sh'
[0.892s] INFO:colcon.colcon_core.shell:Creating package script '/home/triton_08/tello_jp_jc_ws/install/tello_msg/share/tello_msg/package.bash'
[0.893s] INFO:colcon.colcon_core.shell:Creating package script '/home/triton_08/tello_jp_jc_ws/install/tello_msg/share/tello_msg/package.zsh'
[0.893s] Level 1:colcon.colcon_core.environment:create_file_with_runtime_dependencies(/home/triton_08/tello_jp_jc_ws/install/tello_msg/share/colcon-core/packages/tello_msg)
[0.896s] Level 1:colcon.colcon_core.environment:create_environment_scripts_only(tello_control)
[0.899s] Level 1:colcon.colcon_core.environment:checking '/home/triton_08/tello_jp_jc_ws/install/tello_control' for CMake module files
[0.899s] Level 1:colcon.colcon_core.environment:checking '/home/triton_08/tello_jp_jc_ws/install/tello_control' for CMake config files
[0.900s] Level 1:colcon.colcon_core.shell:create_environment_hook('tello_control', 'cmake_prefix_path')
[0.902s] INFO:colcon.colcon_core.shell:Creating environment hook '/home/triton_08/tello_jp_jc_ws/install/tello_control/share/tello_control/hook/cmake_prefix_path.ps1'
[0.902s] INFO:colcon.colcon_core.shell:Creating environment descriptor '/home/triton_08/tello_jp_jc_ws/install/tello_control/share/tello_control/hook/cmake_prefix_path.dsv'
[0.902s] INFO:colcon.colcon_core.shell:Creating environment hook '/home/triton_08/tello_jp_jc_ws/install/tello_control/share/tello_control/hook/cmake_prefix_path.sh'
[0.903s] Level 1:colcon.colcon_core.environment:checking '/home/triton_08/tello_jp_jc_ws/install/tello_control/lib'
[0.903s] Level 1:colcon.colcon_core.environment:checking '/home/triton_08/tello_jp_jc_ws/install/tello_control/bin'
[0.903s] Level 1:colcon.colcon_core.environment:checking '/home/triton_08/tello_jp_jc_ws/install/tello_control/lib/pkgconfig/tello_control.pc'
[0.904s] Level 1:colcon.colcon_core.environment:checking '/home/triton_08/tello_jp_jc_ws/install/tello_control/lib/python3.10/site-packages'
[0.904s] Level 1:colcon.colcon_core.environment:checking '/home/triton_08/tello_jp_jc_ws/install/tello_control/bin'
[0.906s] INFO:colcon.colcon_core.shell:Creating package script '/home/triton_08/tello_jp_jc_ws/install/tello_control/share/tello_control/package.ps1'
[0.906s] INFO:colcon.colcon_core.shell:Creating package descriptor '/home/triton_08/tello_jp_jc_ws/install/tello_control/share/tello_control/package.dsv'
[0.907s] INFO:colcon.colcon_core.shell:Creating package script '/home/triton_08/tello_jp_jc_ws/install/tello_control/share/tello_control/package.sh'
[0.908s] INFO:colcon.colcon_core.shell:Creating package script '/home/triton_08/tello_jp_jc_ws/install/tello_control/share/tello_control/package.bash'
[0.908s] INFO:colcon.colcon_core.shell:Creating package script '/home/triton_08/tello_jp_jc_ws/install/tello_control/share/tello_control/package.zsh'
[0.909s] Level 1:colcon.colcon_core.environment:create_file_with_runtime_dependencies(/home/triton_08/tello_jp_jc_ws/install/tello_control/share/colcon-core/packages/tello_control)
[0.941s] Level 1:colcon.colcon_core.environment:create_environment_scripts_only(tello_msg)
[0.944s] Level 1:colcon.colcon_core.environment:checking '/home/triton_08/tello_jp_jc_ws/install/tello_msg' for CMake module files
[0.945s] Level 1:colcon.colcon_core.environment:checking '/home/triton_08/tello_jp_jc_ws/install/tello_msg' for CMake config files
[0.945s] Level 1:colcon.colcon_core.shell:create_environment_hook('tello_msg', 'cmake_prefix_path')
[0.947s] INFO:colcon.colcon_core.shell:Creating environment hook '/home/triton_08/tello_jp_jc_ws/install/tello_msg/share/tello_msg/hook/cmake_prefix_path.ps1'
[0.947s] INFO:colcon.colcon_core.shell:Creating environment descriptor '/home/triton_08/tello_jp_jc_ws/install/tello_msg/share/tello_msg/hook/cmake_prefix_path.dsv'
[0.948s] INFO:colcon.colcon_core.shell:Creating environment hook '/home/triton_08/tello_jp_jc_ws/install/tello_msg/share/tello_msg/hook/cmake_prefix_path.sh'
[0.949s] Level 1:colcon.colcon_core.environment:checking '/home/triton_08/tello_jp_jc_ws/install/tello_msg/lib'
[0.949s] Level 1:colcon.colcon_core.shell:create_environment_hook('tello_msg', 'ld_library_path_lib')
[0.950s] INFO:colcon.colcon_core.shell:Creating environment hook '/home/triton_08/tello_jp_jc_ws/install/tello_msg/share/tello_msg/hook/ld_library_path_lib.ps1'
[0.951s] INFO:colcon.colcon_core.shell:Creating environment descriptor '/home/triton_08/tello_jp_jc_ws/install/tello_msg/share/tello_msg/hook/ld_library_path_lib.dsv'
[0.951s] INFO:colcon.colcon_core.shell:Creating environment hook '/home/triton_08/tello_jp_jc_ws/install/tello_msg/share/tello_msg/hook/ld_library_path_lib.sh'
[0.952s] Level 1:colcon.colcon_core.environment:checking '/home/triton_08/tello_jp_jc_ws/install/tello_msg/bin'
[0.952s] Level 1:colcon.colcon_core.environment:checking '/home/triton_08/tello_jp_jc_ws/install/tello_msg/lib/pkgconfig/tello_msg.pc'
[0.952s] Level 1:colcon.colcon_core.environment:checking '/home/triton_08/tello_jp_jc_ws/install/tello_msg/lib/python3.10/site-packages'
[0.953s] Level 1:colcon.colcon_core.environment:checking '/home/triton_08/tello_jp_jc_ws/install/tello_msg/bin'
[0.955s] INFO:colcon.colcon_core.shell:Creating package script '/home/triton_08/tello_jp_jc_ws/install/tello_msg/share/tello_msg/package.ps1'
[0.956s] INFO:colcon.colcon_core.shell:Creating package descriptor '/home/triton_08/tello_jp_jc_ws/install/tello_msg/share/tello_msg/package.dsv'
[0.956s] INFO:colcon.colcon_core.shell:Creating package script '/home/triton_08/tello_jp_jc_ws/install/tello_msg/share/tello_msg/package.sh'
[0.957s] INFO:colcon.colcon_core.shell:Creating package script '/home/triton_08/tello_jp_jc_ws/install/tello_msg/share/tello_msg/package.bash'
[0.957s] INFO:colcon.colcon_core.shell:Creating package script '/home/triton_08/tello_jp_jc_ws/install/tello_msg/share/tello_msg/package.zsh'
[0.958s] Level 1:colcon.colcon_core.environment:create_file_with_runtime_dependencies(/home/triton_08/tello_jp_jc_ws/install/tello_msg/share/colcon-core/packages/tello_msg)
[0.958s] INFO:colcon.colcon_ros.task.ament_python.build:Building ROS package in '/home/triton_08/tello_jp_jc_ws/src/tello' with build type 'ament_python'
[0.958s] Level 1:colcon.colcon_core.shell:create_environment_hook('tello', 'ament_prefix_path')
[0.960s] INFO:colcon.colcon_core.shell:Creating environment hook '/home/triton_08/tello_jp_jc_ws/install/tello/share/tello/hook/ament_prefix_path.ps1'
[0.961s] INFO:colcon.colcon_core.shell:Creating environment descriptor '/home/triton_08/tello_jp_jc_ws/install/tello/share/tello/hook/ament_prefix_path.dsv'
[0.961s] INFO:colcon.colcon_core.shell:Creating environment hook '/home/triton_08/tello_jp_jc_ws/install/tello/share/tello/hook/ament_prefix_path.sh'
[0.963s] INFO:colcon.colcon_core.shell:Skip shell extension 'powershell' for command environment: Not usable outside of PowerShell
[0.963s] DEBUG:colcon.colcon_core.shell:Skip shell extension 'dsv' for command environment
[1.160s] INFO:colcon.colcon_core.task.python.build:Building Python package in '/home/triton_08/tello_jp_jc_ws/src/tello'
[1.161s] INFO:colcon.colcon_core.shell:Skip shell extension 'powershell' for command environment: Not usable outside of PowerShell
[1.161s] DEBUG:colcon.colcon_core.shell:Skip shell extension 'dsv' for command environment
[1.169s] DEBUG:colcon.colcon_core.event_handler.log_command:Invoking command in '/home/triton_08/tello_jp_jc_ws/src/jpjc_qr': PYTHONPATH=/home/triton_08/tello_jp_jc_ws/build/jpjc_qr/prefix_override:/home/triton_08/tello_jp_jc_ws/install/jpjc_qr/lib/python3.10/site-packages:${PYTHONPATH} /usr/bin/python3 setup.py egg_info --egg-base ../../build/jpjc_qr build --build-base /home/triton_08/tello_jp_jc_ws/build/jpjc_qr/build install --record /home/triton_08/tello_jp_jc_ws/build/jpjc_qr/install.log --single-version-externally-managed
[1.170s] DEBUG:colcon.colcon_core.event_handler.log_command:Invoking command in '/home/triton_08/tello_jp_jc_ws/src/jpjc_joy': PYTHONPATH=/home/triton_08/tello_jp_jc_ws/build/jpjc_joy/prefix_override:/home/triton_08/tello_jp_jc_ws/install/jpjc_joy/lib/python3.10/site-packages:${PYTHONPATH} /usr/bin/python3 setup.py egg_info --egg-base ../../build/jpjc_joy build --build-base /home/triton_08/tello_jp_jc_ws/build/jpjc_joy/build install --record /home/triton_08/tello_jp_jc_ws/build/jpjc_joy/install.log --single-version-externally-managed
[1.390s] Level 1:colcon.colcon_core.environment:checking '/home/triton_08/tello_jp_jc_ws/install/jpjc_joy' for CMake module files
[1.390s] DEBUG:colcon.colcon_core.event_handler.log_command:Invoked command in '/home/triton_08/tello_jp_jc_ws/src/jpjc_joy' returned '0': PYTHONPATH=/home/triton_08/tello_jp_jc_ws/build/jpjc_joy/prefix_override:/home/triton_08/tello_jp_jc_ws/install/jpjc_joy/lib/python3.10/site-packages:${PYTHONPATH} /usr/bin/python3 setup.py egg_info --egg-base ../../build/jpjc_joy build --build-base /home/triton_08/tello_jp_jc_ws/build/jpjc_joy/build install --record /home/triton_08/tello_jp_jc_ws/build/jpjc_joy/install.log --single-version-externally-managed
[1.390s] Level 1:colcon.colcon_core.environment:checking '/home/triton_08/tello_jp_jc_ws/install/jpjc_joy' for CMake config files
[1.391s] Level 1:colcon.colcon_core.environment:checking '/home/triton_08/tello_jp_jc_ws/install/jpjc_joy/lib'
[1.391s] Level 1:colcon.colcon_core.environment:checking '/home/triton_08/tello_jp_jc_ws/install/jpjc_joy/bin'
[1.391s] Level 1:colcon.colcon_core.environment:checking '/home/triton_08/tello_jp_jc_ws/install/jpjc_joy/lib/pkgconfig/jpjc_joy.pc'
[1.391s] Level 1:colcon.colcon_core.environment:checking '/home/triton_08/tello_jp_jc_ws/install/jpjc_joy/lib/python3.10/site-packages'
[1.392s] Level 1:colcon.colcon_core.shell:create_environment_hook('jpjc_joy', 'pythonpath')
[1.393s] INFO:colcon.colcon_core.shell:Creating environment hook '/home/triton_08/tello_jp_jc_ws/install/jpjc_joy/share/jpjc_joy/hook/pythonpath.ps1'
[1.393s] INFO:colcon.colcon_core.shell:Creating environment descriptor '/home/triton_08/tello_jp_jc_ws/install/jpjc_joy/share/jpjc_joy/hook/pythonpath.dsv'
[1.393s] INFO:colcon.colcon_core.shell:Creating environment hook '/home/triton_08/tello_jp_jc_ws/install/jpjc_joy/share/jpjc_joy/hook/pythonpath.sh'
[1.394s] Level 1:colcon.colcon_core.environment:checking '/home/triton_08/tello_jp_jc_ws/install/jpjc_joy/bin'
[1.394s] Level 1:colcon.colcon_core.environment:create_environment_scripts_only(jpjc_joy)
[1.395s] INFO:colcon.colcon_core.shell:Creating package script '/home/triton_08/tello_jp_jc_ws/install/jpjc_joy/share/jpjc_joy/package.ps1'
[1.396s] INFO:colcon.colcon_core.shell:Creating package descriptor '/home/triton_08/tello_jp_jc_ws/install/jpjc_joy/share/jpjc_joy/package.dsv'
[1.396s] INFO:colcon.colcon_core.shell:Creating package script '/home/triton_08/tello_jp_jc_ws/install/jpjc_joy/share/jpjc_joy/package.sh'
[1.397s] INFO:colcon.colcon_core.shell:Creating package script '/home/triton_08/tello_jp_jc_ws/install/jpjc_joy/share/jpjc_joy/package.bash'
[1.397s] INFO:colcon.colcon_core.shell:Creating package script '/home/triton_08/tello_jp_jc_ws/install/jpjc_joy/share/jpjc_joy/package.zsh'
[1.397s] Level 1:colcon.colcon_core.environment:create_file_with_runtime_dependencies(/home/triton_08/tello_jp_jc_ws/install/jpjc_joy/share/colcon-core/packages/jpjc_joy)
[1.402s] Level 1:colcon.colcon_core.environment:checking '/home/triton_08/tello_jp_jc_ws/install/jpjc_qr' for CMake module files
[1.402s] DEBUG:colcon.colcon_core.event_handler.log_command:Invoked command in '/home/triton_08/tello_jp_jc_ws/src/jpjc_qr' returned '0': PYTHONPATH=/home/triton_08/tello_jp_jc_ws/build/jpjc_qr/prefix_override:/home/triton_08/tello_jp_jc_ws/install/jpjc_qr/lib/python3.10/site-packages:${PYTHONPATH} /usr/bin/python3 setup.py egg_info --egg-base ../../build/jpjc_qr build --build-base /home/triton_08/tello_jp_jc_ws/build/jpjc_qr/build install --record /home/triton_08/tello_jp_jc_ws/build/jpjc_qr/install.log --single-version-externally-managed
[1.403s] Level 1:colcon.colcon_core.environment:checking '/home/triton_08/tello_jp_jc_ws/install/jpjc_qr' for CMake config files
[1.403s] Level 1:colcon.colcon_core.environment:checking '/home/triton_08/tello_jp_jc_ws/install/jpjc_qr/lib'
[1.403s] Level 1:colcon.colcon_core.environment:checking '/home/triton_08/tello_jp_jc_ws/install/jpjc_qr/bin'
[1.403s] Level 1:colcon.colcon_core.environment:checking '/home/triton_08/tello_jp_jc_ws/install/jpjc_qr/lib/pkgconfig/jpjc_qr.pc'
[1.403s] Level 1:colcon.colcon_core.environment:checking '/home/triton_08/tello_jp_jc_ws/install/jpjc_qr/lib/python3.10/site-packages'
[1.404s] Level 1:colcon.colcon_core.shell:create_environment_hook('jpjc_qr', 'pythonpath')
[1.405s] INFO:colcon.colcon_core.shell:Creating environment hook '/home/triton_08/tello_jp_jc_ws/install/jpjc_qr/share/jpjc_qr/hook/pythonpath.ps1'
[1.405s] INFO:colcon.colcon_core.shell:Creating environment descriptor '/home/triton_08/tello_jp_jc_ws/install/jpjc_qr/share/jpjc_qr/hook/pythonpath.dsv'
[1.405s] INFO:colcon.colcon_core.shell:Creating environment hook '/home/triton_08/tello_jp_jc_ws/install/jpjc_qr/share/jpjc_qr/hook/pythonpath.sh'
[1.406s] Level 1:colcon.colcon_core.environment:checking '/home/triton_08/tello_jp_jc_ws/install/jpjc_qr/bin'
[1.406s] Level 1:colcon.colcon_core.environment:create_environment_scripts_only(jpjc_qr)
[1.407s] INFO:colcon.colcon_core.shell:Creating package script '/home/triton_08/tello_jp_jc_ws/install/jpjc_qr/share/jpjc_qr/package.ps1'
[1.408s] INFO:colcon.colcon_core.shell:Creating package descriptor '/home/triton_08/tello_jp_jc_ws/install/jpjc_qr/share/jpjc_qr/package.dsv'
[1.408s] INFO:colcon.colcon_core.shell:Creating package script '/home/triton_08/tello_jp_jc_ws/install/jpjc_qr/share/jpjc_qr/package.sh'
[1.409s] INFO:colcon.colcon_core.shell:Creating package script '/home/triton_08/tello_jp_jc_ws/install/jpjc_qr/share/jpjc_qr/package.bash'
[1.409s] INFO:colcon.colcon_core.shell:Creating package script '/home/triton_08/tello_jp_jc_ws/install/jpjc_qr/share/jpjc_qr/package.zsh'
[1.409s] Level 1:colcon.colcon_core.environment:create_file_with_runtime_dependencies(/home/triton_08/tello_jp_jc_ws/install/jpjc_qr/share/colcon-core/packages/jpjc_qr)
[1.416s] DEBUG:colcon.colcon_core.event_handler.log_command:Invoking command in '/home/triton_08/tello_jp_jc_ws/src/tello': PYTHONPATH=/home/triton_08/tello_jp_jc_ws/build/tello/prefix_override:/home/triton_08/tello_jp_jc_ws/install/tello/lib/python3.10/site-packages:${PYTHONPATH} /usr/bin/python3 setup.py egg_info --egg-base ../../build/tello build --build-base /home/triton_08/tello_jp_jc_ws/build/tello/build install --record /home/triton_08/tello_jp_jc_ws/build/tello/install.log --install-scripts $base/lib/tello --single-version-externally-managed
[1.635s] Level 1:colcon.colcon_core.environment:checking '/home/triton_08/tello_jp_jc_ws/install/tello' for CMake module files
[1.636s] DEBUG:colcon.colcon_core.event_handler.log_command:Invoked command in '/home/triton_08/tello_jp_jc_ws/src/tello' returned '0': PYTHONPATH=/home/triton_08/tello_jp_jc_ws/build/tello/prefix_override:/home/triton_08/tello_jp_jc_ws/install/tello/lib/python3.10/site-packages:${PYTHONPATH} /usr/bin/python3 setup.py egg_info --egg-base ../../build/tello build --build-base /home/triton_08/tello_jp_jc_ws/build/tello/build install --record /home/triton_08/tello_jp_jc_ws/build/tello/install.log --install-scripts $base/lib/tello --single-version-externally-managed
[1.636s] Level 1:colcon.colcon_core.environment:checking '/home/triton_08/tello_jp_jc_ws/install/tello' for CMake config files
[1.637s] Level 1:colcon.colcon_core.environment:checking '/home/triton_08/tello_jp_jc_ws/install/tello/lib'
[1.637s] Level 1:colcon.colcon_core.environment:checking '/home/triton_08/tello_jp_jc_ws/install/tello/bin'
[1.637s] Level 1:colcon.colcon_core.environment:checking '/home/triton_08/tello_jp_jc_ws/install/tello/lib/pkgconfig/tello.pc'
[1.637s] Level 1:colcon.colcon_core.environment:checking '/home/triton_08/tello_jp_jc_ws/install/tello/lib/python3.10/site-packages'
[1.637s] Level 1:colcon.colcon_core.shell:create_environment_hook('tello', 'pythonpath')
[1.638s] INFO:colcon.colcon_core.shell:Creating environment hook '/home/triton_08/tello_jp_jc_ws/install/tello/share/tello/hook/pythonpath.ps1'
[1.639s] INFO:colcon.colcon_core.shell:Creating environment descriptor '/home/triton_08/tello_jp_jc_ws/install/tello/share/tello/hook/pythonpath.dsv'
[1.639s] INFO:colcon.colcon_core.shell:Creating environment hook '/home/triton_08/tello_jp_jc_ws/install/tello/share/tello/hook/pythonpath.sh'
[1.640s] Level 1:colcon.colcon_core.environment:checking '/home/triton_08/tello_jp_jc_ws/install/tello/bin'
[1.640s] Level 1:colcon.colcon_core.environment:create_environment_scripts_only(tello)
[1.641s] INFO:colcon.colcon_core.shell:Creating package script '/home/triton_08/tello_jp_jc_ws/install/tello/share/tello/package.ps1'
[1.641s] INFO:colcon.colcon_core.shell:Creating package descriptor '/home/triton_08/tello_jp_jc_ws/install/tello/share/tello/package.dsv'
[1.642s] INFO:colcon.colcon_core.shell:Creating package script '/home/triton_08/tello_jp_jc_ws/install/tello/share/tello/package.sh'
[1.642s] INFO:colcon.colcon_core.shell:Creating package script '/home/triton_08/tello_jp_jc_ws/install/tello/share/tello/package.bash'
[1.643s] INFO:colcon.colcon_core.shell:Creating package script '/home/triton_08/tello_jp_jc_ws/install/tello/share/tello/package.zsh'
[1.643s] Level 1:colcon.colcon_core.environment:create_file_with_runtime_dependencies(/home/triton_08/tello_jp_jc_ws/install/tello/share/colcon-core/packages/tello)
[1.643s] DEBUG:colcon.colcon_parallel_executor.executor.parallel:closing loop
[1.644s] DEBUG:colcon.colcon_parallel_executor.executor.parallel:loop closed
[1.644s] DEBUG:colcon.colcon_parallel_executor.executor.parallel:run_until_complete finished with '0'
[1.644s] DEBUG:colcon.colcon_core.event_reactor:joining thread
[1.648s] INFO:colcon.colcon_core.plugin_system:Skipping extension 'colcon_notification.desktop_notification.terminal_notifier': Not used on non-Darwin systems
[1.648s] INFO:colcon.colcon_core.plugin_system:Skipping extension 'colcon_notification.desktop_notification.win32': Not used on non-Windows systems
[1.648s] INFO:colcon.colcon_notification.desktop_notification:Sending desktop notification using 'notify2'
[1.657s] DEBUG:colcon.colcon_core.event_reactor:joined thread
[1.658s] INFO:colcon.colcon_core.shell:Creating prefix script '/home/triton_08/tello_jp_jc_ws/install/local_setup.ps1'
[1.659s] INFO:colcon.colcon_core.shell:Creating prefix util module '/home/triton_08/tello_jp_jc_ws/install/_local_setup_util_ps1.py'
[1.660s] INFO:colcon.colcon_core.shell:Creating prefix chain script '/home/triton_08/tello_jp_jc_ws/install/setup.ps1'
[1.661s] INFO:colcon.colcon_core.shell:Creating prefix script '/home/triton_08/tello_jp_jc_ws/install/local_setup.sh'
[1.661s] INFO:colcon.colcon_core.shell:Creating prefix util module '/home/triton_08/tello_jp_jc_ws/install/_local_setup_util_sh.py'
[1.662s] INFO:colcon.colcon_core.shell:Creating prefix chain script '/home/triton_08/tello_jp_jc_ws/install/setup.sh'
[1.663s] INFO:colcon.colcon_core.shell:Creating prefix script '/home/triton_08/tello_jp_jc_ws/install/local_setup.bash'
[1.664s] INFO:colcon.colcon_core.shell:Creating prefix chain script '/home/triton_08/tello_jp_jc_ws/install/setup.bash'
[1.665s] INFO:colcon.colcon_core.shell:Creating prefix script '/home/triton_08/tello_jp_jc_ws/install/local_setup.zsh'
[1.665s] INFO:colcon.colcon_core.shell:Creating prefix chain script '/home/triton_08/tello_jp_jc_ws/install/setup.zsh'
