[0.322s] DEBUG:colcon:Command line arguments: ['/usr/bin/colcon', 'list', '-p', '--base-paths', '/home/triton_08/tello_jp_jc_ws']
[0.322s] DEBUG:colcon:Parsed command line arguments: Namespace(log_base=None, log_level=None, verb_name='list', build_base='build', ignore_user_meta=False, metas=['./colcon.meta'], base_paths=['/home/triton_08/tello_jp_jc_ws'], packages_ignore=None, packages_ignore_regex=None, paths=None, packages_up_to=None, packages_up_to_regex=None, packages_above=None, packages_above_and_dependencies=None, packages_above_depth=None, packages_select_by_dep=None, packages_skip_by_dep=None, packages_skip_up_to=None, packages_select_build_failed=False, packages_skip_build_finished=False, packages_select_test_failures=False, packages_skip_test_passed=False, packages_select=None, packages_skip=None, packages_select_regex=None, packages_skip_regex=None, packages_start=None, packages_end=None, allow_overriding=[], topological_order=False, names_only=False, paths_only=True, topological_graph=False, topological_graph_dot=False, topological_graph_density=False, topological_graph_legend=False, topological_graph_dot_cluster=False, topological_graph_dot_include_skipped=False, verb_parser=<colcon_defaults.argument_parser.defaults.DefaultArgumentsDecorator object at 0x7fda199eaef0>, verb_extension=<colcon_package_information.verb.list.ListVerb object at 0x7fda199a1d50>, main=<bound method ListVerb.main of <colcon_package_information.verb.list.ListVerb object at 0x7fda199a1d50>>)
[0.359s] Level 1:colcon.colcon_core.package_discovery:discover_packages(colcon_meta) check parameters
[0.359s] Level 1:colcon.colcon_core.package_discovery:discover_packages(recursive) check parameters
[0.359s] Level 1:colcon.colcon_core.package_discovery:discover_packages(ignore) check parameters
[0.359s] Level 1:colcon.colcon_core.package_discovery:discover_packages(path) check parameters
[0.359s] Level 1:colcon.colcon_core.package_discovery:discover_packages(recursive) discover
[0.359s] INFO:colcon.colcon_core.package_discovery:Crawling recursively for packages in '/home/triton_08/tello_jp_jc_ws'
[0.360s] Level 1:colcon.colcon_core.package_identification:_identify(/home/triton_08/tello_jp_jc_ws) by extensions ['ignore', 'ignore_ament_install']
[0.360s] Level 1:colcon.colcon_core.package_identification:_identify(/home/triton_08/tello_jp_jc_ws) by extension 'ignore'
[0.360s] Level 1:colcon.colcon_core.package_identification:_identify(/home/triton_08/tello_jp_jc_ws) by extension 'ignore_ament_install'
[0.360s] Level 1:colcon.colcon_core.package_identification:_identify(/home/triton_08/tello_jp_jc_ws) by extensions ['colcon_pkg']
[0.360s] Level 1:colcon.colcon_core.package_identification:_identify(/home/triton_08/tello_jp_jc_ws) by extension 'colcon_pkg'
[0.360s] Level 1:colcon.colcon_core.package_identification:_identify(/home/triton_08/tello_jp_jc_ws) by extensions ['colcon_meta']
[0.360s] Level 1:colcon.colcon_core.package_identification:_identify(/home/triton_08/tello_jp_jc_ws) by extension 'colcon_meta'
[0.360s] Level 1:colcon.colcon_core.package_identification:_identify(/home/triton_08/tello_jp_jc_ws) by extensions ['ros']
[0.360s] Level 1:colcon.colcon_core.package_identification:_identify(/home/triton_08/tello_jp_jc_ws) by extension 'ros'
[0.369s] Level 1:colcon.colcon_core.package_identification:_identify(/home/triton_08/tello_jp_jc_ws) by extensions ['cmake', 'python']
[0.369s] Level 1:colcon.colcon_core.package_identification:_identify(/home/triton_08/tello_jp_jc_ws) by extension 'cmake'
[0.369s] Level 1:colcon.colcon_core.package_identification:_identify(/home/triton_08/tello_jp_jc_ws) by extension 'python'
[0.370s] Level 1:colcon.colcon_core.package_identification:_identify(/home/triton_08/tello_jp_jc_ws) by extensions ['python_setup_py']
[0.370s] Level 1:colcon.colcon_core.package_identification:_identify(/home/triton_08/tello_jp_jc_ws) by extension 'python_setup_py'
[0.370s] Level 1:colcon.colcon_core.package_identification:_identify(/home/triton_08/tello_jp_jc_ws/build) by extensions ['ignore', 'ignore_ament_install']
[0.370s] Level 1:colcon.colcon_core.package_identification:_identify(/home/triton_08/tello_jp_jc_ws/build) by extension 'ignore'
[0.370s] Level 1:colcon.colcon_core.package_identification:_identify(/home/triton_08/tello_jp_jc_ws/build) ignored
[0.370s] Level 1:colcon.colcon_core.package_identification:_identify(/home/triton_08/tello_jp_jc_ws/install) by extensions ['ignore', 'ignore_ament_install']
[0.370s] Level 1:colcon.colcon_core.package_identification:_identify(/home/triton_08/tello_jp_jc_ws/install) by extension 'ignore'
[0.370s] Level 1:colcon.colcon_core.package_identification:_identify(/home/triton_08/tello_jp_jc_ws/install) ignored
[0.370s] Level 1:colcon.colcon_core.package_identification:_identify(/home/triton_08/tello_jp_jc_ws/log) by extensions ['ignore', 'ignore_ament_install']
[0.370s] Level 1:colcon.colcon_core.package_identification:_identify(/home/triton_08/tello_jp_jc_ws/log) by extension 'ignore'
[0.371s] Level 1:colcon.colcon_core.package_identification:_identify(/home/triton_08/tello_jp_jc_ws/log) ignored
[0.371s] Level 1:colcon.colcon_core.package_identification:_identify(/home/triton_08/tello_jp_jc_ws/src) by extensions ['ignore', 'ignore_ament_install']
[0.371s] Level 1:colcon.colcon_core.package_identification:_identify(/home/triton_08/tello_jp_jc_ws/src) by extension 'ignore'
[0.371s] Level 1:colcon.colcon_core.package_identification:_identify(/home/triton_08/tello_jp_jc_ws/src) by extension 'ignore_ament_install'
[0.371s] Level 1:colcon.colcon_core.package_identification:_identify(/home/triton_08/tello_jp_jc_ws/src) by extensions ['colcon_pkg']
[0.371s] Level 1:colcon.colcon_core.package_identification:_identify(/home/triton_08/tello_jp_jc_ws/src) by extension 'colcon_pkg'
[0.371s] Level 1:colcon.colcon_core.package_identification:_identify(/home/triton_08/tello_jp_jc_ws/src) by extensions ['colcon_meta']
[0.371s] Level 1:colcon.colcon_core.package_identification:_identify(/home/triton_08/tello_jp_jc_ws/src) by extension 'colcon_meta'
[0.371s] Level 1:colcon.colcon_core.package_identification:_identify(/home/triton_08/tello_jp_jc_ws/src) by extensions ['ros']
[0.371s] Level 1:colcon.colcon_core.package_identification:_identify(/home/triton_08/tello_jp_jc_ws/src) by extension 'ros'
[0.371s] Level 1:colcon.colcon_core.package_identification:_identify(/home/triton_08/tello_jp_jc_ws/src) by extensions ['cmake', 'python']
[0.371s] Level 1:colcon.colcon_core.package_identification:_identify(/home/triton_08/tello_jp_jc_ws/src) by extension 'cmake'
[0.371s] Level 1:colcon.colcon_core.package_identification:_identify(/home/triton_08/tello_jp_jc_ws/src) by extension 'python'
[0.372s] Level 1:colcon.colcon_core.package_identification:_identify(/home/triton_08/tello_jp_jc_ws/src) by extensions ['python_setup_py']
[0.372s] Level 1:colcon.colcon_core.package_identification:_identify(/home/triton_08/tello_jp_jc_ws/src) by extension 'python_setup_py'
[0.372s] Level 1:colcon.colcon_core.package_identification:_identify(/home/triton_08/tello_jp_jc_ws/src/jpjc_joy) by extensions ['ignore', 'ignore_ament_install']
[0.372s] Level 1:colcon.colcon_core.package_identification:_identify(/home/triton_08/tello_jp_jc_ws/src/jpjc_joy) by extension 'ignore'
[0.372s] Level 1:colcon.colcon_core.package_identification:_identify(/home/triton_08/tello_jp_jc_ws/src/jpjc_joy) by extension 'ignore_ament_install'
[0.372s] Level 1:colcon.colcon_core.package_identification:_identify(/home/triton_08/tello_jp_jc_ws/src/jpjc_joy) by extensions ['colcon_pkg']
[0.372s] Level 1:colcon.colcon_core.package_identification:_identify(/home/triton_08/tello_jp_jc_ws/src/jpjc_joy) by extension 'colcon_pkg'
[0.372s] Level 1:colcon.colcon_core.package_identification:_identify(/home/triton_08/tello_jp_jc_ws/src/jpjc_joy) by extensions ['colcon_meta']
[0.372s] Level 1:colcon.colcon_core.package_identification:_identify(/home/triton_08/tello_jp_jc_ws/src/jpjc_joy) by extension 'colcon_meta'
[0.372s] Level 1:colcon.colcon_core.package_identification:_identify(/home/triton_08/tello_jp_jc_ws/src/jpjc_joy) by extensions ['ros']
[0.372s] Level 1:colcon.colcon_core.package_identification:_identify(/home/triton_08/tello_jp_jc_ws/src/jpjc_joy) by extension 'ros'
[0.376s] DEBUG:colcon.colcon_core.package_identification:Package '/home/triton_08/tello_jp_jc_ws/src/jpjc_joy' with type 'ros.ament_python' and name 'jpjc_joy'
[0.376s] Level 1:colcon.colcon_core.package_identification:_identify(/home/triton_08/tello_jp_jc_ws/src/jpjc_qr) by extensions ['ignore', 'ignore_ament_install']
[0.376s] Level 1:colcon.colcon_core.package_identification:_identify(/home/triton_08/tello_jp_jc_ws/src/jpjc_qr) by extension 'ignore'
[0.377s] Level 1:colcon.colcon_core.package_identification:_identify(/home/triton_08/tello_jp_jc_ws/src/jpjc_qr) by extension 'ignore_ament_install'
[0.377s] Level 1:colcon.colcon_core.package_identification:_identify(/home/triton_08/tello_jp_jc_ws/src/jpjc_qr) by extensions ['colcon_pkg']
[0.377s] Level 1:colcon.colcon_core.package_identification:_identify(/home/triton_08/tello_jp_jc_ws/src/jpjc_qr) by extension 'colcon_pkg'
[0.377s] Level 1:colcon.colcon_core.package_identification:_identify(/home/triton_08/tello_jp_jc_ws/src/jpjc_qr) by extensions ['colcon_meta']
[0.377s] Level 1:colcon.colcon_core.package_identification:_identify(/home/triton_08/tello_jp_jc_ws/src/jpjc_qr) by extension 'colcon_meta'
[0.377s] Level 1:colcon.colcon_core.package_identification:_identify(/home/triton_08/tello_jp_jc_ws/src/jpjc_qr) by extensions ['ros']
[0.377s] Level 1:colcon.colcon_core.package_identification:_identify(/home/triton_08/tello_jp_jc_ws/src/jpjc_qr) by extension 'ros'
[0.377s] DEBUG:colcon.colcon_core.package_identification:Failed to parse potential ROS package manifest in'/home/triton_08/tello_jp_jc_ws/src/jpjc_qr': Error(s) in package '/home/triton_08/tello_jp_jc_ws/src/jpjc_qr/package.xml':
The manifest contains invalid XML:
mismatched tag: line 10, column 25
[0.378s] Level 1:colcon.colcon_core.package_identification:_identify(/home/triton_08/tello_jp_jc_ws/src/jpjc_qr) by extensions ['cmake', 'python']
[0.378s] Level 1:colcon.colcon_core.package_identification:_identify(/home/triton_08/tello_jp_jc_ws/src/jpjc_qr) by extension 'cmake'
[0.378s] Level 1:colcon.colcon_core.package_identification:_identify(/home/triton_08/tello_jp_jc_ws/src/jpjc_qr) by extension 'python'
[0.378s] DEBUG:colcon.colcon_core.package_identification:Python package in '/home/triton_08/tello_jp_jc_ws/src/jpjc_qr' passes arguments to the setup() function which requires a different identification extension than 'python'
[0.378s] Level 1:colcon.colcon_core.package_identification:_identify(/home/triton_08/tello_jp_jc_ws/src/jpjc_qr) by extensions ['python_setup_py']
[0.378s] Level 1:colcon.colcon_core.package_identification:_identify(/home/triton_08/tello_jp_jc_ws/src/jpjc_qr) by extension 'python_setup_py'
[0.606s] DEBUG:colcon.colcon_core.package_identification:Package '/home/triton_08/tello_jp_jc_ws/src/jpjc_qr' with type 'python' and name 'jpjc_qr'
[0.606s] Level 1:colcon.colcon_core.package_identification:_identify(/home/triton_08/tello_jp_jc_ws/src/tello) by extensions ['ignore', 'ignore_ament_install']
[0.607s] Level 1:colcon.colcon_core.package_identification:_identify(/home/triton_08/tello_jp_jc_ws/src/tello) by extension 'ignore'
[0.607s] Level 1:colcon.colcon_core.package_identification:_identify(/home/triton_08/tello_jp_jc_ws/src/tello) by extension 'ignore_ament_install'
[0.607s] Level 1:colcon.colcon_core.package_identification:_identify(/home/triton_08/tello_jp_jc_ws/src/tello) by extensions ['colcon_pkg']
[0.607s] Level 1:colcon.colcon_core.package_identification:_identify(/home/triton_08/tello_jp_jc_ws/src/tello) by extension 'colcon_pkg'
[0.607s] Level 1:colcon.colcon_core.package_identification:_identify(/home/triton_08/tello_jp_jc_ws/src/tello) by extensions ['colcon_meta']
[0.607s] Level 1:colcon.colcon_core.package_identification:_identify(/home/triton_08/tello_jp_jc_ws/src/tello) by extension 'colcon_meta'
[0.607s] Level 1:colcon.colcon_core.package_identification:_identify(/home/triton_08/tello_jp_jc_ws/src/tello) by extensions ['ros']
[0.607s] Level 1:colcon.colcon_core.package_identification:_identify(/home/triton_08/tello_jp_jc_ws/src/tello) by extension 'ros'
[0.608s] DEBUG:colcon.colcon_core.package_identification:Package '/home/triton_08/tello_jp_jc_ws/src/tello' with type 'ros.ament_python' and name 'tello'
[0.608s] Level 1:colcon.colcon_core.package_identification:_identify(/home/triton_08/tello_jp_jc_ws/src/tello_control) by extensions ['ignore', 'ignore_ament_install']
[0.608s] Level 1:colcon.colcon_core.package_identification:_identify(/home/triton_08/tello_jp_jc_ws/src/tello_control) by extension 'ignore'
[0.608s] Level 1:colcon.colcon_core.package_identification:_identify(/home/triton_08/tello_jp_jc_ws/src/tello_control) by extension 'ignore_ament_install'
[0.608s] Level 1:colcon.colcon_core.package_identification:_identify(/home/triton_08/tello_jp_jc_ws/src/tello_control) by extensions ['colcon_pkg']
[0.609s] Level 1:colcon.colcon_core.package_identification:_identify(/home/triton_08/tello_jp_jc_ws/src/tello_control) by extension 'colcon_pkg'
[0.609s] Level 1:colcon.colcon_core.package_identification:_identify(/home/triton_08/tello_jp_jc_ws/src/tello_control) by extensions ['colcon_meta']
[0.609s] Level 1:colcon.colcon_core.package_identification:_identify(/home/triton_08/tello_jp_jc_ws/src/tello_control) by extension 'colcon_meta'
[0.609s] Level 1:colcon.colcon_core.package_identification:_identify(/home/triton_08/tello_jp_jc_ws/src/tello_control) by extensions ['ros']
[0.609s] Level 1:colcon.colcon_core.package_identification:_identify(/home/triton_08/tello_jp_jc_ws/src/tello_control) by extension 'ros'
[0.609s] DEBUG:colcon.colcon_core.package_identification:Package '/home/triton_08/tello_jp_jc_ws/src/tello_control' with type 'ros.ament_cmake' and name 'tello_control'
[0.610s] Level 1:colcon.colcon_core.package_identification:_identify(/home/triton_08/tello_jp_jc_ws/src/tello_msg) by extensions ['ignore', 'ignore_ament_install']
[0.610s] Level 1:colcon.colcon_core.package_identification:_identify(/home/triton_08/tello_jp_jc_ws/src/tello_msg) by extension 'ignore'
[0.610s] Level 1:colcon.colcon_core.package_identification:_identify(/home/triton_08/tello_jp_jc_ws/src/tello_msg) by extension 'ignore_ament_install'
[0.610s] Level 1:colcon.colcon_core.package_identification:_identify(/home/triton_08/tello_jp_jc_ws/src/tello_msg) by extensions ['colcon_pkg']
[0.610s] Level 1:colcon.colcon_core.package_identification:_identify(/home/triton_08/tello_jp_jc_ws/src/tello_msg) by extension 'colcon_pkg'
[0.610s] Level 1:colcon.colcon_core.package_identification:_identify(/home/triton_08/tello_jp_jc_ws/src/tello_msg) by extensions ['colcon_meta']
[0.610s] Level 1:colcon.colcon_core.package_identification:_identify(/home/triton_08/tello_jp_jc_ws/src/tello_msg) by extension 'colcon_meta'
[0.610s] Level 1:colcon.colcon_core.package_identification:_identify(/home/triton_08/tello_jp_jc_ws/src/tello_msg) by extensions ['ros']
[0.610s] Level 1:colcon.colcon_core.package_identification:_identify(/home/triton_08/tello_jp_jc_ws/src/tello_msg) by extension 'ros'
[0.611s] DEBUG:colcon.colcon_core.package_identification:Package '/home/triton_08/tello_jp_jc_ws/src/tello_msg' with type 'ros.ament_cmake' and name 'tello_msg'
[0.611s] Level 1:colcon.colcon_core.package_discovery:discover_packages(recursive) using defaults
