[0.033s] Invoking command in '/home/triton_08/tello_jp_jc_ws/build/bebop_description': /usr/bin/cmake /home/triton_08/tello_jp_jc_ws/jpjc_ws/src/bebop_autonomy/bebop_description -DCATKIN_INSTALL_INTO_PREFIX_ROOT=0 -DCMAKE_INSTALL_PREFIX=/home/triton_08/tello_jp_jc_ws/install/bebop_description
[0.560s] -- The C compiler identification is GNU 11.3.0
[0.561s] -- The CXX compiler identification is GNU 11.3.0
[0.561s] -- Detecting C compiler ABI info
[0.562s] -- Detecting C compiler ABI info - done
[0.562s] -- Check for working C compiler: /usr/bin/cc - skipped
[0.563s] -- Detecting C compile features
[0.563s] -- Detecting C compile features - done
[0.563s] -- Detecting CXX compiler ABI info
[0.563s] -- Detecting CXX compiler ABI info - done
[0.563s] -- Check for working CXX compiler: /usr/bin/c++ - skipped
[0.564s] -- Detecting CXX compile features
[0.564s] -- Detecting CXX compile features - done
[0.565s] -- Configuring incomplete, errors occurred!
[0.565s] See also "/home/triton_08/tello_jp_jc_ws/build/bebop_description/CMakeFiles/CMakeOutput.log".
[0.565s] [0mCMake Deprecation Warning at CMakeLists.txt:1 (cmake_minimum_required):
[0.565s]   Compatibility with CMake < 2.8.12 will be removed from a future version of
[0.566s]   CMake.
[0.566s] 
[0.567s]   Update the VERSION argument <min> value or use a ...<max> suffix to tell
[0.570s]   CMake that the project does not need compatibility with older versions.
[0.570s] 
[0.571s] [0m
[0.571s] [31mCMake Error at CMakeLists.txt:4 (find_package):
[0.571s]   By not providing "Findcatkin.cmake" in CMAKE_MODULE_PATH this project has
[0.571s]   asked CMake to find a package configuration file provided by "catkin", but
[0.572s]   CMake did not find one.
[0.572s] 
[0.573s]   Could not find a package configuration file provided by "catkin" with any
[0.573s]   of the following names:
[0.574s] 
[0.574s]     catkinConfig.cmake
[0.574s]     catkin-config.cmake
[0.575s] 
[0.575s]   Add the installation prefix of "catkin" to CMAKE_PREFIX_PATH or set
[0.575s]   "catkin_DIR" to a directory containing one of the above files.  If "catkin"
[0.579s]   provides a separate development package or SDK, be sure it has been
[0.579s]   installed.
[0.582s] 
[0.583s] [0m
[0.609s] Invoked command in '/home/triton_08/tello_jp_jc_ws/build/bebop_description' returned '1': /usr/bin/cmake /home/triton_08/tello_jp_jc_ws/jpjc_ws/src/bebop_autonomy/bebop_description -DCATKIN_INSTALL_INTO_PREFIX_ROOT=0 -DCMAKE_INSTALL_PREFIX=/home/triton_08/tello_jp_jc_ws/install/bebop_description
