[0.030s] Invoking command in '/home/triton_08/tello_jp_jc_ws/build/spacenav_node': /usr/bin/cmake /home/triton_08/tello_jp_jc_ws/jpjc_ws/src/joystick_drivers/spacenav_node -DCATKIN_INSTALL_INTO_PREFIX_ROOT=0 -DCMAKE_INSTALL_PREFIX=/home/triton_08/tello_jp_jc_ws/install/spacenav_node
[0.589s] -- The C compiler identification is GNU 11.3.0
[0.589s] -- The CXX compiler identification is GNU 11.3.0
[0.590s] -- Detecting C compiler ABI info
[0.590s] -- Detecting C compiler ABI info - done
[0.590s] -- Check for working C compiler: /usr/bin/cc - skipped
[0.590s] -- Detecting C compile features
[0.593s] -- Detecting C compile features - done
[0.594s] -- Detecting CXX compiler ABI info
[0.594s] -- Detecting CXX compiler ABI info - done
[0.594s] -- Check for working CXX compiler: /usr/bin/c++ - skipped
[0.594s] -- Detecting CXX compile features
[0.594s] -- Detecting CXX compile features - done
[0.595s] -- Configuring incomplete, errors occurred!
[0.595s] See also "/home/triton_08/tello_jp_jc_ws/build/spacenav_node/CMakeFiles/CMakeOutput.log".
[0.597s] [31mCMake Error at CMakeLists.txt:9 (find_package):
[0.597s]   By not providing "Findcatkin.cmake" in CMAKE_MODULE_PATH this project has
[0.597s]   asked CMake to find a package configuration file provided by "catkin", but
[0.597s]   CMake did not find one.
[0.597s] 
[0.597s]   Could not find a package configuration file provided by "catkin" with any
[0.597s]   of the following names:
[0.598s] 
[0.598s]     catkinConfig.cmake
[0.598s]     catkin-config.cmake
[0.598s] 
[0.598s]   Add the installation prefix of "catkin" to CMAKE_PREFIX_PATH or set
[0.598s]   "catkin_DIR" to a directory containing one of the above files.  If "catkin"
[0.599s]   provides a separate development package or SDK, be sure it has been
[0.599s]   installed.
[0.599s] 
[0.599s] [0m
[0.604s] Invoked command in '/home/triton_08/tello_jp_jc_ws/build/spacenav_node' returned '1': /usr/bin/cmake /home/triton_08/tello_jp_jc_ws/jpjc_ws/src/joystick_drivers/spacenav_node -DCATKIN_INSTALL_INTO_PREFIX_ROOT=0 -DCMAKE_INSTALL_PREFIX=/home/triton_08/tello_jp_jc_ws/install/spacenav_node
