[0.240s] DEBUG:colcon:Command line arguments: ['/usr/bin/colcon', 'build']
[0.240s] DEBUG:colcon:Parsed command line arguments: Namespace(log_base=None, log_level=None, verb_name='build', build_base='build', install_base='install', merge_install=False, symlink_install=False, test_result_base=None, continue_on_error=False, executor='parallel', parallel_workers=16, event_handlers=None, ignore_user_meta=False, metas=['./colcon.meta'], base_paths=['.'], packages_ignore=None, packages_ignore_regex=None, paths=None, packages_up_to=None, packages_up_to_regex=None, packages_above=None, packages_above_and_dependencies=None, packages_above_depth=None, packages_select_by_dep=None, packages_skip_by_dep=None, packages_skip_up_to=None, packages_select_build_failed=False, packages_skip_build_finished=False, packages_select_test_failures=False, packages_skip_test_passed=False, packages_select=None, packages_skip=None, packages_select_regex=None, packages_skip_regex=None, packages_start=None, packages_end=None, allow_overriding=[], cmake_args=None, cmake_target=None, cmake_target_skip_unavailable=False, cmake_clean_cache=False, cmake_clean_first=False, cmake_force_configure=False, ament_cmake_args=None, catkin_cmake_args=None, catkin_skip_building_tests=False, verb_parser=<colcon_defaults.argument_parser.defaults.DefaultArgumentsDecorator object at 0x7f9ab87e1f00>, verb_extension=<colcon_core.verb.build.BuildVerb object at 0x7f9ab8f3f910>, main=<bound method BuildVerb.main of <colcon_core.verb.build.BuildVerb object at 0x7f9ab8f3f910>>)
[0.261s] Level 1:colcon.colcon_core.package_discovery:discover_packages(colcon_meta) check parameters
[0.262s] Level 1:colcon.colcon_core.package_discovery:discover_packages(recursive) check parameters
[0.262s] Level 1:colcon.colcon_core.package_discovery:discover_packages(ignore) check parameters
[0.262s] Level 1:colcon.colcon_core.package_discovery:discover_packages(path) check parameters
[0.262s] Level 1:colcon.colcon_core.package_discovery:discover_packages(colcon_meta) discover
[0.262s] Level 1:colcon.colcon_core.package_discovery:discover_packages(recursive) discover
[0.262s] INFO:colcon.colcon_core.package_discovery:Crawling recursively for packages in '/home/triton_08/tello_jp_jc_ws'
[0.262s] Level 1:colcon.colcon_core.package_identification:_identify(.) by extensions ['ignore', 'ignore_ament_install']
[0.262s] Level 1:colcon.colcon_core.package_identification:_identify(.) by extension 'ignore'
[0.262s] Level 1:colcon.colcon_core.package_identification:_identify(.) by extension 'ignore_ament_install'
[0.262s] Level 1:colcon.colcon_core.package_identification:_identify(.) by extensions ['colcon_pkg']
[0.262s] Level 1:colcon.colcon_core.package_identification:_identify(.) by extension 'colcon_pkg'
[0.262s] Level 1:colcon.colcon_core.package_identification:_identify(.) by extensions ['colcon_meta']
[0.262s] Level 1:colcon.colcon_core.package_identification:_identify(.) by extension 'colcon_meta'
[0.262s] Level 1:colcon.colcon_core.package_identification:_identify(.) by extensions ['ros']
[0.262s] Level 1:colcon.colcon_core.package_identification:_identify(.) by extension 'ros'
[0.271s] Level 1:colcon.colcon_core.package_identification:_identify(.) by extensions ['cmake', 'python']
[0.271s] Level 1:colcon.colcon_core.package_identification:_identify(.) by extension 'cmake'
[0.271s] Level 1:colcon.colcon_core.package_identification:_identify(.) by extension 'python'
[0.271s] Level 1:colcon.colcon_core.package_identification:_identify(.) by extensions ['python_setup_py']
[0.271s] Level 1:colcon.colcon_core.package_identification:_identify(.) by extension 'python_setup_py'
[0.271s] Level 1:colcon.colcon_core.package_identification:_identify(build) by extensions ['ignore', 'ignore_ament_install']
[0.271s] Level 1:colcon.colcon_core.package_identification:_identify(build) by extension 'ignore'
[0.271s] Level 1:colcon.colcon_core.package_identification:_identify(build) ignored
[0.271s] Level 1:colcon.colcon_core.package_identification:_identify(install) by extensions ['ignore', 'ignore_ament_install']
[0.271s] Level 1:colcon.colcon_core.package_identification:_identify(install) by extension 'ignore'
[0.272s] Level 1:colcon.colcon_core.package_identification:_identify(install) ignored
[0.272s] Level 1:colcon.colcon_core.package_identification:_identify(log) by extensions ['ignore', 'ignore_ament_install']
[0.272s] Level 1:colcon.colcon_core.package_identification:_identify(log) by extension 'ignore'
[0.272s] Level 1:colcon.colcon_core.package_identification:_identify(log) ignored
[0.272s] Level 1:colcon.colcon_core.package_identification:_identify(src) by extensions ['ignore', 'ignore_ament_install']
[0.272s] Level 1:colcon.colcon_core.package_identification:_identify(src) by extension 'ignore'
[0.272s] Level 1:colcon.colcon_core.package_identification:_identify(src) by extension 'ignore_ament_install'
[0.272s] Level 1:colcon.colcon_core.package_identification:_identify(src) by extensions ['colcon_pkg']
[0.272s] Level 1:colcon.colcon_core.package_identification:_identify(src) by extension 'colcon_pkg'
[0.272s] Level 1:colcon.colcon_core.package_identification:_identify(src) by extensions ['colcon_meta']
[0.272s] Level 1:colcon.colcon_core.package_identification:_identify(src) by extension 'colcon_meta'
[0.272s] Level 1:colcon.colcon_core.package_identification:_identify(src) by extensions ['ros']
[0.272s] Level 1:colcon.colcon_core.package_identification:_identify(src) by extension 'ros'
[0.272s] Level 1:colcon.colcon_core.package_identification:_identify(src) by extensions ['cmake', 'python']
[0.272s] Level 1:colcon.colcon_core.package_identification:_identify(src) by extension 'cmake'
[0.272s] Level 1:colcon.colcon_core.package_identification:_identify(src) by extension 'python'
[0.272s] Level 1:colcon.colcon_core.package_identification:_identify(src) by extensions ['python_setup_py']
[0.272s] Level 1:colcon.colcon_core.package_identification:_identify(src) by extension 'python_setup_py'
[0.273s] Level 1:colcon.colcon_core.package_identification:_identify(src/jpjc_joy) by extensions ['ignore', 'ignore_ament_install']
[0.273s] Level 1:colcon.colcon_core.package_identification:_identify(src/jpjc_joy) by extension 'ignore'
[0.273s] Level 1:colcon.colcon_core.package_identification:_identify(src/jpjc_joy) by extension 'ignore_ament_install'
[0.273s] Level 1:colcon.colcon_core.package_identification:_identify(src/jpjc_joy) by extensions ['colcon_pkg']
[0.273s] Level 1:colcon.colcon_core.package_identification:_identify(src/jpjc_joy) by extension 'colcon_pkg'
[0.273s] Level 1:colcon.colcon_core.package_identification:_identify(src/jpjc_joy) by extensions ['colcon_meta']
[0.273s] Level 1:colcon.colcon_core.package_identification:_identify(src/jpjc_joy) by extension 'colcon_meta'
[0.273s] Level 1:colcon.colcon_core.package_identification:_identify(src/jpjc_joy) by extensions ['ros']
[0.273s] Level 1:colcon.colcon_core.package_identification:_identify(src/jpjc_joy) by extension 'ros'
[0.274s] DEBUG:colcon.colcon_core.package_identification:Package 'src/jpjc_joy' with type 'ros.ament_python' and name 'jpjc_joy'
[0.275s] Level 1:colcon.colcon_core.package_identification:_identify(src/jpjc_qr) by extensions ['ignore', 'ignore_ament_install']
[0.275s] Level 1:colcon.colcon_core.package_identification:_identify(src/jpjc_qr) by extension 'ignore'
[0.275s] Level 1:colcon.colcon_core.package_identification:_identify(src/jpjc_qr) by extension 'ignore_ament_install'
[0.275s] Level 1:colcon.colcon_core.package_identification:_identify(src/jpjc_qr) by extensions ['colcon_pkg']
[0.275s] Level 1:colcon.colcon_core.package_identification:_identify(src/jpjc_qr) by extension 'colcon_pkg'
[0.275s] Level 1:colcon.colcon_core.package_identification:_identify(src/jpjc_qr) by extensions ['colcon_meta']
[0.275s] Level 1:colcon.colcon_core.package_identification:_identify(src/jpjc_qr) by extension 'colcon_meta'
[0.275s] Level 1:colcon.colcon_core.package_identification:_identify(src/jpjc_qr) by extensions ['ros']
[0.275s] Level 1:colcon.colcon_core.package_identification:_identify(src/jpjc_qr) by extension 'ros'
[0.275s] DEBUG:colcon.colcon_core.package_identification:Failed to parse potential ROS package manifest in'src/jpjc_qr': Error(s) in package 'src/jpjc_qr/package.xml':
The manifest contains invalid XML:
mismatched tag: line 10, column 25
[0.275s] Level 1:colcon.colcon_core.package_identification:_identify(src/jpjc_qr) by extensions ['cmake', 'python']
[0.275s] Level 1:colcon.colcon_core.package_identification:_identify(src/jpjc_qr) by extension 'cmake'
[0.275s] Level 1:colcon.colcon_core.package_identification:_identify(src/jpjc_qr) by extension 'python'
[0.275s] DEBUG:colcon.colcon_core.package_identification:Python package in 'src/jpjc_qr' passes arguments to the setup() function which requires a different identification extension than 'python'
[0.276s] Level 1:colcon.colcon_core.package_identification:_identify(src/jpjc_qr) by extensions ['python_setup_py']
[0.276s] Level 1:colcon.colcon_core.package_identification:_identify(src/jpjc_qr) by extension 'python_setup_py'
[0.459s] DEBUG:colcon.colcon_core.package_identification:Package 'src/jpjc_qr' with type 'python' and name 'jpjc_qr'
[0.460s] Level 1:colcon.colcon_core.package_identification:_identify(src/tello) by extensions ['ignore', 'ignore_ament_install']
[0.460s] Level 1:colcon.colcon_core.package_identification:_identify(src/tello) by extension 'ignore'
[0.460s] Level 1:colcon.colcon_core.package_identification:_identify(src/tello) by extension 'ignore_ament_install'
[0.460s] Level 1:colcon.colcon_core.package_identification:_identify(src/tello) by extensions ['colcon_pkg']
[0.460s] Level 1:colcon.colcon_core.package_identification:_identify(src/tello) by extension 'colcon_pkg'
[0.460s] Level 1:colcon.colcon_core.package_identification:_identify(src/tello) by extensions ['colcon_meta']
[0.460s] Level 1:colcon.colcon_core.package_identification:_identify(src/tello) by extension 'colcon_meta'
[0.460s] Level 1:colcon.colcon_core.package_identification:_identify(src/tello) by extensions ['ros']
[0.460s] Level 1:colcon.colcon_core.package_identification:_identify(src/tello) by extension 'ros'
[0.461s] DEBUG:colcon.colcon_core.package_identification:Package 'src/tello' with type 'ros.ament_python' and name 'tello'
[0.461s] Level 1:colcon.colcon_core.package_identification:_identify(src/tello_control) by extensions ['ignore', 'ignore_ament_install']
[0.461s] Level 1:colcon.colcon_core.package_identification:_identify(src/tello_control) by extension 'ignore'
[0.461s] Level 1:colcon.colcon_core.package_identification:_identify(src/tello_control) by extension 'ignore_ament_install'
[0.461s] Level 1:colcon.colcon_core.package_identification:_identify(src/tello_control) by extensions ['colcon_pkg']
[0.461s] Level 1:colcon.colcon_core.package_identification:_identify(src/tello_control) by extension 'colcon_pkg'
[0.461s] Level 1:colcon.colcon_core.package_identification:_identify(src/tello_control) by extensions ['colcon_meta']
[0.461s] Level 1:colcon.colcon_core.package_identification:_identify(src/tello_control) by extension 'colcon_meta'
[0.461s] Level 1:colcon.colcon_core.package_identification:_identify(src/tello_control) by extensions ['ros']
[0.461s] Level 1:colcon.colcon_core.package_identification:_identify(src/tello_control) by extension 'ros'
[0.462s] DEBUG:colcon.colcon_core.package_identification:Package 'src/tello_control' with type 'ros.ament_cmake' and name 'tello_control'
[0.462s] Level 1:colcon.colcon_core.package_identification:_identify(src/tello_msg) by extensions ['ignore', 'ignore_ament_install']
[0.462s] Level 1:colcon.colcon_core.package_identification:_identify(src/tello_msg) by extension 'ignore'
[0.462s] Level 1:colcon.colcon_core.package_identification:_identify(src/tello_msg) by extension 'ignore_ament_install'
[0.462s] Level 1:colcon.colcon_core.package_identification:_identify(src/tello_msg) by extensions ['colcon_pkg']
[0.462s] Level 1:colcon.colcon_core.package_identification:_identify(src/tello_msg) by extension 'colcon_pkg'
[0.462s] Level 1:colcon.colcon_core.package_identification:_identify(src/tello_msg) by extensions ['colcon_meta']
[0.462s] Level 1:colcon.colcon_core.package_identification:_identify(src/tello_msg) by extension 'colcon_meta'
[0.462s] Level 1:colcon.colcon_core.package_identification:_identify(src/tello_msg) by extensions ['ros']
[0.462s] Level 1:colcon.colcon_core.package_identification:_identify(src/tello_msg) by extension 'ros'
[0.462s] DEBUG:colcon.colcon_core.package_identification:Package 'src/tello_msg' with type 'ros.ament_cmake' and name 'tello_msg'
[0.462s] Level 1:colcon.colcon_core.package_discovery:discover_packages(recursive) using defaults
[0.463s] Level 1:colcon.colcon_core.package_discovery:discover_packages(ignore) discover
[0.463s] Level 1:colcon.colcon_core.package_discovery:discover_packages(ignore) using defaults
[0.463s] Level 1:colcon.colcon_core.package_discovery:discover_packages(path) discover
[0.463s] Level 1:colcon.colcon_core.package_discovery:discover_packages(path) using defaults
[0.480s] Level 1:colcon.colcon_core.package_discovery:discover_packages(prefix_path) check parameters
[0.481s] Level 1:colcon.colcon_core.package_discovery:discover_packages(prefix_path) discover
[0.483s] DEBUG:colcon.colcon_installed_package_information.package_discovery:Found 9 installed packages in /home/triton_08/tello_jp_jc_ws/install
[0.484s] DEBUG:colcon.colcon_installed_package_information.package_discovery:Found 285 installed packages in /opt/ros/humble
[0.485s] Level 1:colcon.colcon_core.package_discovery:discover_packages(prefix_path) using defaults
[0.533s] Level 5:colcon.colcon_core.verb:set package 'jpjc_joy' build argument 'cmake_args' from command line to 'None'
[0.533s] Level 5:colcon.colcon_core.verb:set package 'jpjc_joy' build argument 'cmake_target' from command line to 'None'
[0.533s] Level 5:colcon.colcon_core.verb:set package 'jpjc_joy' build argument 'cmake_target_skip_unavailable' from command line to 'False'
[0.533s] Level 5:colcon.colcon_core.verb:set package 'jpjc_joy' build argument 'cmake_clean_cache' from command line to 'False'
[0.533s] Level 5:colcon.colcon_core.verb:set package 'jpjc_joy' build argument 'cmake_clean_first' from command line to 'False'
[0.533s] Level 5:colcon.colcon_core.verb:set package 'jpjc_joy' build argument 'cmake_force_configure' from command line to 'False'
[0.533s] Level 5:colcon.colcon_core.verb:set package 'jpjc_joy' build argument 'ament_cmake_args' from command line to 'None'
[0.533s] Level 5:colcon.colcon_core.verb:set package 'jpjc_joy' build argument 'catkin_cmake_args' from command line to 'None'
[0.533s] Level 5:colcon.colcon_core.verb:set package 'jpjc_joy' build argument 'catkin_skip_building_tests' from command line to 'False'
[0.533s] DEBUG:colcon.colcon_core.verb:Building package 'jpjc_joy' with the following arguments: {'ament_cmake_args': None, 'build_base': '/home/triton_08/tello_jp_jc_ws/build/jpjc_joy', 'catkin_cmake_args': None, 'catkin_skip_building_tests': False, 'cmake_args': None, 'cmake_clean_cache': False, 'cmake_clean_first': False, 'cmake_force_configure': False, 'cmake_target': None, 'cmake_target_skip_unavailable': False, 'install_base': '/home/triton_08/tello_jp_jc_ws/install/jpjc_joy', 'merge_install': False, 'path': '/home/triton_08/tello_jp_jc_ws/src/jpjc_joy', 'symlink_install': False, 'test_result_base': None}
[0.534s] Level 5:colcon.colcon_core.verb:set package 'jpjc_qr' build argument 'cmake_args' from command line to 'None'
[0.534s] Level 5:colcon.colcon_core.verb:set package 'jpjc_qr' build argument 'cmake_target' from command line to 'None'
[0.534s] Level 5:colcon.colcon_core.verb:set package 'jpjc_qr' build argument 'cmake_target_skip_unavailable' from command line to 'False'
[0.534s] Level 5:colcon.colcon_core.verb:set package 'jpjc_qr' build argument 'cmake_clean_cache' from command line to 'False'
[0.534s] Level 5:colcon.colcon_core.verb:set package 'jpjc_qr' build argument 'cmake_clean_first' from command line to 'False'
[0.534s] Level 5:colcon.colcon_core.verb:set package 'jpjc_qr' build argument 'cmake_force_configure' from command line to 'False'
[0.534s] Level 5:colcon.colcon_core.verb:set package 'jpjc_qr' build argument 'ament_cmake_args' from command line to 'None'
[0.534s] Level 5:colcon.colcon_core.verb:set package 'jpjc_qr' build argument 'catkin_cmake_args' from command line to 'None'
[0.534s] Level 5:colcon.colcon_core.verb:set package 'jpjc_qr' build argument 'catkin_skip_building_tests' from command line to 'False'
[0.534s] DEBUG:colcon.colcon_core.verb:Building package 'jpjc_qr' with the following arguments: {'ament_cmake_args': None, 'build_base': '/home/triton_08/tello_jp_jc_ws/build/jpjc_qr', 'catkin_cmake_args': None, 'catkin_skip_building_tests': False, 'cmake_args': None, 'cmake_clean_cache': False, 'cmake_clean_first': False, 'cmake_force_configure': False, 'cmake_target': None, 'cmake_target_skip_unavailable': False, 'install_base': '/home/triton_08/tello_jp_jc_ws/install/jpjc_qr', 'merge_install': False, 'path': '/home/triton_08/tello_jp_jc_ws/src/jpjc_qr', 'symlink_install': False, 'test_result_base': None}
[0.535s] Level 5:colcon.colcon_core.verb:set package 'tello_control' build argument 'cmake_args' from command line to 'None'
[0.535s] Level 5:colcon.colcon_core.verb:set package 'tello_control' build argument 'cmake_target' from command line to 'None'
[0.535s] Level 5:colcon.colcon_core.verb:set package 'tello_control' build argument 'cmake_target_skip_unavailable' from command line to 'False'
[0.535s] Level 5:colcon.colcon_core.verb:set package 'tello_control' build argument 'cmake_clean_cache' from command line to 'False'
[0.535s] Level 5:colcon.colcon_core.verb:set package 'tello_control' build argument 'cmake_clean_first' from command line to 'False'
[0.535s] Level 5:colcon.colcon_core.verb:set package 'tello_control' build argument 'cmake_force_configure' from command line to 'False'
[0.535s] Level 5:colcon.colcon_core.verb:set package 'tello_control' build argument 'ament_cmake_args' from command line to 'None'
[0.535s] Level 5:colcon.colcon_core.verb:set package 'tello_control' build argument 'catkin_cmake_args' from command line to 'None'
[0.535s] Level 5:colcon.colcon_core.verb:set package 'tello_control' build argument 'catkin_skip_building_tests' from command line to 'False'
[0.535s] DEBUG:colcon.colcon_core.verb:Building package 'tello_control' with the following arguments: {'ament_cmake_args': None, 'build_base': '/home/triton_08/tello_jp_jc_ws/build/tello_control', 'catkin_cmake_args': None, 'catkin_skip_building_tests': False, 'cmake_args': None, 'cmake_clean_cache': False, 'cmake_clean_first': False, 'cmake_force_configure': False, 'cmake_target': None, 'cmake_target_skip_unavailable': False, 'install_base': '/home/triton_08/tello_jp_jc_ws/install/tello_control', 'merge_install': False, 'path': '/home/triton_08/tello_jp_jc_ws/src/tello_control', 'symlink_install': False, 'test_result_base': None}
[0.536s] Level 5:colcon.colcon_core.verb:set package 'tello_msg' build argument 'cmake_args' from command line to 'None'
[0.536s] Level 5:colcon.colcon_core.verb:set package 'tello_msg' build argument 'cmake_target' from command line to 'None'
[0.536s] Level 5:colcon.colcon_core.verb:set package 'tello_msg' build argument 'cmake_target_skip_unavailable' from command line to 'False'
[0.536s] Level 5:colcon.colcon_core.verb:set package 'tello_msg' build argument 'cmake_clean_cache' from command line to 'False'
[0.536s] Level 5:colcon.colcon_core.verb:set package 'tello_msg' build argument 'cmake_clean_first' from command line to 'False'
[0.536s] Level 5:colcon.colcon_core.verb:set package 'tello_msg' build argument 'cmake_force_configure' from command line to 'False'
[0.536s] Level 5:colcon.colcon_core.verb:set package 'tello_msg' build argument 'ament_cmake_args' from command line to 'None'
[0.536s] Level 5:colcon.colcon_core.verb:set package 'tello_msg' build argument 'catkin_cmake_args' from command line to 'None'
[0.536s] Level 5:colcon.colcon_core.verb:set package 'tello_msg' build argument 'catkin_skip_building_tests' from command line to 'False'
[0.536s] DEBUG:colcon.colcon_core.verb:Building package 'tello_msg' with the following arguments: {'ament_cmake_args': None, 'build_base': '/home/triton_08/tello_jp_jc_ws/build/tello_msg', 'catkin_cmake_args': None, 'catkin_skip_building_tests': False, 'cmake_args': None, 'cmake_clean_cache': False, 'cmake_clean_first': False, 'cmake_force_configure': False, 'cmake_target': None, 'cmake_target_skip_unavailable': False, 'install_base': '/home/triton_08/tello_jp_jc_ws/install/tello_msg', 'merge_install': False, 'path': '/home/triton_08/tello_jp_jc_ws/src/tello_msg', 'symlink_install': False, 'test_result_base': None}
[0.537s] Level 5:colcon.colcon_core.verb:set package 'tello' build argument 'cmake_args' from command line to 'None'
[0.537s] Level 5:colcon.colcon_core.verb:set package 'tello' build argument 'cmake_target' from command line to 'None'
[0.537s] Level 5:colcon.colcon_core.verb:set package 'tello' build argument 'cmake_target_skip_unavailable' from command line to 'False'
[0.537s] Level 5:colcon.colcon_core.verb:set package 'tello' build argument 'cmake_clean_cache' from command line to 'False'
[0.537s] Level 5:colcon.colcon_core.verb:set package 'tello' build argument 'cmake_clean_first' from command line to 'False'
[0.537s] Level 5:colcon.colcon_core.verb:set package 'tello' build argument 'cmake_force_configure' from command line to 'False'
[0.537s] Level 5:colcon.colcon_core.verb:set package 'tello' build argument 'ament_cmake_args' from command line to 'None'
[0.537s] Level 5:colcon.colcon_core.verb:set package 'tello' build argument 'catkin_cmake_args' from command line to 'None'
[0.537s] Level 5:colcon.colcon_core.verb:set package 'tello' build argument 'catkin_skip_building_tests' from command line to 'False'
[0.537s] DEBUG:colcon.colcon_core.verb:Building package 'tello' with the following arguments: {'ament_cmake_args': None, 'build_base': '/home/triton_08/tello_jp_jc_ws/build/tello', 'catkin_cmake_args': None, 'catkin_skip_building_tests': False, 'cmake_args': None, 'cmake_clean_cache': False, 'cmake_clean_first': False, 'cmake_force_configure': False, 'cmake_target': None, 'cmake_target_skip_unavailable': False, 'install_base': '/home/triton_08/tello_jp_jc_ws/install/tello', 'merge_install': False, 'path': '/home/triton_08/tello_jp_jc_ws/src/tello', 'symlink_install': False, 'test_result_base': None}
[0.537s] INFO:colcon.colcon_core.executor:Executing jobs using 'parallel' executor
[0.540s] DEBUG:colcon.colcon_parallel_executor.executor.parallel:run_until_complete
[0.540s] INFO:colcon.colcon_ros.task.ament_cmake.build:Building ROS package in '/home/triton_08/tello_jp_jc_ws/src/tello_msg' with build type 'ament_cmake'
[0.541s] INFO:colcon.colcon_cmake.task.cmake.build:Building CMake package in '/home/triton_08/tello_jp_jc_ws/src/tello_msg'
[0.544s] INFO:colcon.colcon_core.plugin_system:Skipping extension 'colcon_core.shell.bat': Not used on non-Windows systems
[0.544s] INFO:colcon.colcon_core.shell:Skip shell extension 'powershell' for command environment: Not usable outside of PowerShell
[0.544s] DEBUG:colcon.colcon_core.shell:Skip shell extension 'dsv' for command environment
[0.548s] INFO:colcon.colcon_ros.task.ament_python.build:Building ROS package in '/home/triton_08/tello_jp_jc_ws/src/jpjc_joy' with build type 'ament_python'
[0.548s] Level 1:colcon.colcon_core.shell:create_environment_hook('jpjc_joy', 'ament_prefix_path')
[0.549s] INFO:colcon.colcon_core.shell:Creating environment hook '/home/triton_08/tello_jp_jc_ws/install/jpjc_joy/share/jpjc_joy/hook/ament_prefix_path.ps1'
[0.549s] INFO:colcon.colcon_core.shell:Creating environment descriptor '/home/triton_08/tello_jp_jc_ws/install/jpjc_joy/share/jpjc_joy/hook/ament_prefix_path.dsv'
[0.550s] INFO:colcon.colcon_core.shell:Creating environment hook '/home/triton_08/tello_jp_jc_ws/install/jpjc_joy/share/jpjc_joy/hook/ament_prefix_path.sh'
[0.551s] INFO:colcon.colcon_core.shell:Skip shell extension 'powershell' for command environment: Not usable outside of PowerShell
[0.551s] DEBUG:colcon.colcon_core.shell:Skip shell extension 'dsv' for command environment
[0.554s] INFO:colcon.colcon_core.task.python.build:Building Python package in '/home/triton_08/tello_jp_jc_ws/src/jpjc_qr'
[0.555s] INFO:colcon.colcon_core.shell:Skip shell extension 'powershell' for command environment: Not usable outside of PowerShell
[0.555s] DEBUG:colcon.colcon_core.shell:Skip shell extension 'dsv' for command environment
[0.559s] INFO:colcon.colcon_ros.task.ament_cmake.build:Building ROS package in '/home/triton_08/tello_jp_jc_ws/src/tello_control' with build type 'ament_cmake'
[0.559s] INFO:colcon.colcon_cmake.task.cmake.build:Building CMake package in '/home/triton_08/tello_jp_jc_ws/src/tello_control'
[0.560s] INFO:colcon.colcon_core.shell:Skip shell extension 'powershell' for command environment: Not usable outside of PowerShell
[0.561s] DEBUG:colcon.colcon_core.shell:Skip shell extension 'dsv' for command environment
[0.568s] DEBUG:colcon.colcon_core.event_handler.log_command:Invoking command in '/home/triton_08/tello_jp_jc_ws/build/tello_msg': CMAKE_PREFIX_PATH=${CMAKE_PREFIX_PATH}:/home/triton_08/tello_jp_jc_ws/install/tello:/home/triton_08/tello_jp_jc_ws/install/jpjc_qr:/home/triton_08/tello_jp_jc_ws/install/jpjc_joy:/opt/ros/humble /usr/bin/cmake --build /home/triton_08/tello_jp_jc_ws/build/tello_msg -- -j16 -l16
[0.768s] INFO:colcon.colcon_core.task.python.build:Building Python package in '/home/triton_08/tello_jp_jc_ws/src/jpjc_joy'
[0.769s] INFO:colcon.colcon_core.shell:Skip shell extension 'powershell' for command environment: Not usable outside of PowerShell
[0.769s] DEBUG:colcon.colcon_core.shell:Skip shell extension 'dsv' for command environment
[0.972s] DEBUG:colcon.colcon_core.event_handler.log_command:Invoking command in '/home/triton_08/tello_jp_jc_ws/build/tello_control': CMAKE_PREFIX_PATH=${CMAKE_PREFIX_PATH}:/home/triton_08/tello_jp_jc_ws/install/tello:/home/triton_08/tello_jp_jc_ws/install/jpjc_qr:/home/triton_08/tello_jp_jc_ws/install/jpjc_joy:/opt/ros/humble /usr/bin/cmake --build /home/triton_08/tello_jp_jc_ws/build/tello_control -- -j16 -l16
[0.973s] DEBUG:colcon.colcon_core.event_handler.log_command:Invoked command in '/home/triton_08/tello_jp_jc_ws/build/tello_msg' returned '0': CMAKE_PREFIX_PATH=${CMAKE_PREFIX_PATH}:/home/triton_08/tello_jp_jc_ws/install/tello:/home/triton_08/tello_jp_jc_ws/install/jpjc_qr:/home/triton_08/tello_jp_jc_ws/install/jpjc_joy:/opt/ros/humble /usr/bin/cmake --build /home/triton_08/tello_jp_jc_ws/build/tello_msg -- -j16 -l16
[1.008s] DEBUG:colcon.colcon_core.event_handler.log_command:Invoked command in '/home/triton_08/tello_jp_jc_ws/build/tello_control' returned '0': CMAKE_PREFIX_PATH=${CMAKE_PREFIX_PATH}:/home/triton_08/tello_jp_jc_ws/install/tello:/home/triton_08/tello_jp_jc_ws/install/jpjc_qr:/home/triton_08/tello_jp_jc_ws/install/jpjc_joy:/opt/ros/humble /usr/bin/cmake --build /home/triton_08/tello_jp_jc_ws/build/tello_control -- -j16 -l16
[1.020s] DEBUG:colcon.colcon_core.event_handler.log_command:Invoking command in '/home/triton_08/tello_jp_jc_ws/build/tello_msg': CMAKE_PREFIX_PATH=${CMAKE_PREFIX_PATH}:/home/triton_08/tello_jp_jc_ws/install/tello:/home/triton_08/tello_jp_jc_ws/install/jpjc_qr:/home/triton_08/tello_jp_jc_ws/install/jpjc_joy:/opt/ros/humble /usr/bin/cmake --install /home/triton_08/tello_jp_jc_ws/build/tello_msg
[1.022s] DEBUG:colcon.colcon_core.event_handler.log_command:Invoking command in '/home/triton_08/tello_jp_jc_ws/build/tello_control': CMAKE_PREFIX_PATH=${CMAKE_PREFIX_PATH}:/home/triton_08/tello_jp_jc_ws/install/tello:/home/triton_08/tello_jp_jc_ws/install/jpjc_qr:/home/triton_08/tello_jp_jc_ws/install/jpjc_joy:/opt/ros/humble /usr/bin/cmake --install /home/triton_08/tello_jp_jc_ws/build/tello_control
[1.029s] Level 1:colcon.colcon_core.environment:create_environment_scripts_only(tello_control)
[1.034s] Level 1:colcon.colcon_core.environment:checking '/home/triton_08/tello_jp_jc_ws/install/tello_control' for CMake module files
[1.034s] Level 1:colcon.colcon_core.environment:checking '/home/triton_08/tello_jp_jc_ws/install/tello_control' for CMake config files
[1.035s] Level 1:colcon.colcon_core.shell:create_environment_hook('tello_control', 'cmake_prefix_path')
[1.036s] INFO:colcon.colcon_core.shell:Creating environment hook '/home/triton_08/tello_jp_jc_ws/install/tello_control/share/tello_control/hook/cmake_prefix_path.ps1'
[1.037s] INFO:colcon.colcon_core.shell:Creating environment descriptor '/home/triton_08/tello_jp_jc_ws/install/tello_control/share/tello_control/hook/cmake_prefix_path.dsv'
[1.037s] INFO:colcon.colcon_core.shell:Creating environment hook '/home/triton_08/tello_jp_jc_ws/install/tello_control/share/tello_control/hook/cmake_prefix_path.sh'
[1.038s] Level 1:colcon.colcon_core.environment:checking '/home/triton_08/tello_jp_jc_ws/install/tello_control/lib'
[1.038s] Level 1:colcon.colcon_core.environment:checking '/home/triton_08/tello_jp_jc_ws/install/tello_control/bin'
[1.038s] Level 1:colcon.colcon_core.environment:checking '/home/triton_08/tello_jp_jc_ws/install/tello_control/lib/pkgconfig/tello_control.pc'
[1.038s] Level 1:colcon.colcon_core.environment:checking '/home/triton_08/tello_jp_jc_ws/install/tello_control/lib/python3.10/site-packages'
[1.038s] Level 1:colcon.colcon_core.environment:checking '/home/triton_08/tello_jp_jc_ws/install/tello_control/bin'
[1.039s] INFO:colcon.colcon_core.shell:Creating package script '/home/triton_08/tello_jp_jc_ws/install/tello_control/share/tello_control/package.ps1'
[1.040s] INFO:colcon.colcon_core.shell:Creating package descriptor '/home/triton_08/tello_jp_jc_ws/install/tello_control/share/tello_control/package.dsv'
[1.040s] INFO:colcon.colcon_core.shell:Creating package script '/home/triton_08/tello_jp_jc_ws/install/tello_control/share/tello_control/package.sh'
[1.041s] INFO:colcon.colcon_core.shell:Creating package script '/home/triton_08/tello_jp_jc_ws/install/tello_control/share/tello_control/package.bash'
[1.042s] INFO:colcon.colcon_core.shell:Creating package script '/home/triton_08/tello_jp_jc_ws/install/tello_control/share/tello_control/package.zsh'
[1.042s] Level 1:colcon.colcon_core.environment:create_file_with_runtime_dependencies(/home/triton_08/tello_jp_jc_ws/install/tello_control/share/colcon-core/packages/tello_control)
[1.046s] DEBUG:colcon.colcon_core.event_handler.log_command:Invoked command in '/home/triton_08/tello_jp_jc_ws/build/tello_control' returned '0': CMAKE_PREFIX_PATH=${CMAKE_PREFIX_PATH}:/home/triton_08/tello_jp_jc_ws/install/tello:/home/triton_08/tello_jp_jc_ws/install/jpjc_qr:/home/triton_08/tello_jp_jc_ws/install/jpjc_joy:/opt/ros/humble /usr/bin/cmake --install /home/triton_08/tello_jp_jc_ws/build/tello_control
[1.057s] Level 1:colcon.colcon_core.environment:create_environment_scripts_only(tello_control)
[1.058s] Level 1:colcon.colcon_core.environment:checking '/home/triton_08/tello_jp_jc_ws/install/tello_control' for CMake module files
[1.059s] Level 1:colcon.colcon_core.environment:checking '/home/triton_08/tello_jp_jc_ws/install/tello_control' for CMake config files
[1.059s] Level 1:colcon.colcon_core.shell:create_environment_hook('tello_control', 'cmake_prefix_path')
[1.061s] INFO:colcon.colcon_core.shell:Creating environment hook '/home/triton_08/tello_jp_jc_ws/install/tello_control/share/tello_control/hook/cmake_prefix_path.ps1'
[1.061s] INFO:colcon.colcon_core.shell:Creating environment descriptor '/home/triton_08/tello_jp_jc_ws/install/tello_control/share/tello_control/hook/cmake_prefix_path.dsv'
[1.062s] INFO:colcon.colcon_core.shell:Creating environment hook '/home/triton_08/tello_jp_jc_ws/install/tello_control/share/tello_control/hook/cmake_prefix_path.sh'
[1.063s] Level 1:colcon.colcon_core.environment:checking '/home/triton_08/tello_jp_jc_ws/install/tello_control/lib'
[1.063s] Level 1:colcon.colcon_core.environment:checking '/home/triton_08/tello_jp_jc_ws/install/tello_control/bin'
[1.063s] Level 1:colcon.colcon_core.environment:checking '/home/triton_08/tello_jp_jc_ws/install/tello_control/lib/pkgconfig/tello_control.pc'
[1.063s] Level 1:colcon.colcon_core.environment:checking '/home/triton_08/tello_jp_jc_ws/install/tello_control/lib/python3.10/site-packages'
[1.064s] Level 1:colcon.colcon_core.environment:checking '/home/triton_08/tello_jp_jc_ws/install/tello_control/bin'
[1.065s] INFO:colcon.colcon_core.shell:Creating package script '/home/triton_08/tello_jp_jc_ws/install/tello_control/share/tello_control/package.ps1'
[1.065s] INFO:colcon.colcon_core.shell:Creating package descriptor '/home/triton_08/tello_jp_jc_ws/install/tello_control/share/tello_control/package.dsv'
[1.066s] INFO:colcon.colcon_core.shell:Creating package script '/home/triton_08/tello_jp_jc_ws/install/tello_control/share/tello_control/package.sh'
[1.066s] INFO:colcon.colcon_core.shell:Creating package script '/home/triton_08/tello_jp_jc_ws/install/tello_control/share/tello_control/package.bash'
[1.067s] INFO:colcon.colcon_core.shell:Creating package script '/home/triton_08/tello_jp_jc_ws/install/tello_control/share/tello_control/package.zsh'
[1.067s] Level 1:colcon.colcon_core.environment:create_file_with_runtime_dependencies(/home/triton_08/tello_jp_jc_ws/install/tello_control/share/colcon-core/packages/tello_control)
[1.068s] Level 1:colcon.colcon_core.environment:create_environment_scripts_only(tello_msg)
[1.069s] Level 1:colcon.colcon_core.environment:checking '/home/triton_08/tello_jp_jc_ws/install/tello_msg' for CMake module files
[1.070s] Level 1:colcon.colcon_core.environment:checking '/home/triton_08/tello_jp_jc_ws/install/tello_msg' for CMake config files
[1.071s] Level 1:colcon.colcon_core.shell:create_environment_hook('tello_msg', 'cmake_prefix_path')
[1.072s] INFO:colcon.colcon_core.shell:Creating environment hook '/home/triton_08/tello_jp_jc_ws/install/tello_msg/share/tello_msg/hook/cmake_prefix_path.ps1'
[1.073s] INFO:colcon.colcon_core.shell:Creating environment descriptor '/home/triton_08/tello_jp_jc_ws/install/tello_msg/share/tello_msg/hook/cmake_prefix_path.dsv'
[1.073s] INFO:colcon.colcon_core.shell:Creating environment hook '/home/triton_08/tello_jp_jc_ws/install/tello_msg/share/tello_msg/hook/cmake_prefix_path.sh'
[1.074s] Level 1:colcon.colcon_core.environment:checking '/home/triton_08/tello_jp_jc_ws/install/tello_msg/lib'
[1.074s] Level 1:colcon.colcon_core.shell:create_environment_hook('tello_msg', 'ld_library_path_lib')
[1.075s] INFO:colcon.colcon_core.shell:Creating environment hook '/home/triton_08/tello_jp_jc_ws/install/tello_msg/share/tello_msg/hook/ld_library_path_lib.ps1'
[1.076s] INFO:colcon.colcon_core.shell:Creating environment descriptor '/home/triton_08/tello_jp_jc_ws/install/tello_msg/share/tello_msg/hook/ld_library_path_lib.dsv'
[1.076s] DEBUG:colcon.colcon_core.event_handler.log_command:Invoked command in '/home/triton_08/tello_jp_jc_ws/build/tello_msg' returned '0': CMAKE_PREFIX_PATH=${CMAKE_PREFIX_PATH}:/home/triton_08/tello_jp_jc_ws/install/tello:/home/triton_08/tello_jp_jc_ws/install/jpjc_qr:/home/triton_08/tello_jp_jc_ws/install/jpjc_joy:/opt/ros/humble /usr/bin/cmake --install /home/triton_08/tello_jp_jc_ws/build/tello_msg
[1.076s] INFO:colcon.colcon_core.shell:Creating environment hook '/home/triton_08/tello_jp_jc_ws/install/tello_msg/share/tello_msg/hook/ld_library_path_lib.sh'
[1.077s] Level 1:colcon.colcon_core.environment:checking '/home/triton_08/tello_jp_jc_ws/install/tello_msg/bin'
[1.077s] Level 1:colcon.colcon_core.environment:checking '/home/triton_08/tello_jp_jc_ws/install/tello_msg/lib/pkgconfig/tello_msg.pc'
[1.077s] Level 1:colcon.colcon_core.environment:checking '/home/triton_08/tello_jp_jc_ws/install/tello_msg/lib/python3.10/site-packages'
[1.077s] Level 1:colcon.colcon_core.environment:checking '/home/triton_08/tello_jp_jc_ws/install/tello_msg/bin'
[1.078s] INFO:colcon.colcon_core.shell:Creating package script '/home/triton_08/tello_jp_jc_ws/install/tello_msg/share/tello_msg/package.ps1'
[1.078s] INFO:colcon.colcon_core.shell:Creating package descriptor '/home/triton_08/tello_jp_jc_ws/install/tello_msg/share/tello_msg/package.dsv'
[1.079s] INFO:colcon.colcon_core.shell:Creating package script '/home/triton_08/tello_jp_jc_ws/install/tello_msg/share/tello_msg/package.sh'
[1.079s] INFO:colcon.colcon_core.shell:Creating package script '/home/triton_08/tello_jp_jc_ws/install/tello_msg/share/tello_msg/package.bash'
[1.079s] INFO:colcon.colcon_core.shell:Creating package script '/home/triton_08/tello_jp_jc_ws/install/tello_msg/share/tello_msg/package.zsh'
[1.080s] Level 1:colcon.colcon_core.environment:create_file_with_runtime_dependencies(/home/triton_08/tello_jp_jc_ws/install/tello_msg/share/colcon-core/packages/tello_msg)
[1.125s] Level 1:colcon.colcon_core.environment:create_environment_scripts_only(tello_msg)
[1.126s] Level 1:colcon.colcon_core.environment:checking '/home/triton_08/tello_jp_jc_ws/install/tello_msg' for CMake module files
[1.127s] Level 1:colcon.colcon_core.environment:checking '/home/triton_08/tello_jp_jc_ws/install/tello_msg' for CMake config files
[1.127s] Level 1:colcon.colcon_core.shell:create_environment_hook('tello_msg', 'cmake_prefix_path')
[1.128s] INFO:colcon.colcon_core.shell:Creating environment hook '/home/triton_08/tello_jp_jc_ws/install/tello_msg/share/tello_msg/hook/cmake_prefix_path.ps1'
[1.128s] INFO:colcon.colcon_core.shell:Creating environment descriptor '/home/triton_08/tello_jp_jc_ws/install/tello_msg/share/tello_msg/hook/cmake_prefix_path.dsv'
[1.129s] INFO:colcon.colcon_core.shell:Creating environment hook '/home/triton_08/tello_jp_jc_ws/install/tello_msg/share/tello_msg/hook/cmake_prefix_path.sh'
[1.129s] Level 1:colcon.colcon_core.environment:checking '/home/triton_08/tello_jp_jc_ws/install/tello_msg/lib'
[1.129s] Level 1:colcon.colcon_core.shell:create_environment_hook('tello_msg', 'ld_library_path_lib')
[1.130s] INFO:colcon.colcon_core.shell:Creating environment hook '/home/triton_08/tello_jp_jc_ws/install/tello_msg/share/tello_msg/hook/ld_library_path_lib.ps1'
[1.130s] INFO:colcon.colcon_core.shell:Creating environment descriptor '/home/triton_08/tello_jp_jc_ws/install/tello_msg/share/tello_msg/hook/ld_library_path_lib.dsv'
[1.131s] INFO:colcon.colcon_core.shell:Creating environment hook '/home/triton_08/tello_jp_jc_ws/install/tello_msg/share/tello_msg/hook/ld_library_path_lib.sh'
[1.131s] Level 1:colcon.colcon_core.environment:checking '/home/triton_08/tello_jp_jc_ws/install/tello_msg/bin'
[1.131s] Level 1:colcon.colcon_core.environment:checking '/home/triton_08/tello_jp_jc_ws/install/tello_msg/lib/pkgconfig/tello_msg.pc'
[1.131s] Level 1:colcon.colcon_core.environment:checking '/home/triton_08/tello_jp_jc_ws/install/tello_msg/lib/python3.10/site-packages'
[1.131s] Level 1:colcon.colcon_core.environment:checking '/home/triton_08/tello_jp_jc_ws/install/tello_msg/bin'
[1.133s] INFO:colcon.colcon_core.shell:Creating package script '/home/triton_08/tello_jp_jc_ws/install/tello_msg/share/tello_msg/package.ps1'
[1.134s] INFO:colcon.colcon_core.shell:Creating package descriptor '/home/triton_08/tello_jp_jc_ws/install/tello_msg/share/tello_msg/package.dsv'
[1.134s] INFO:colcon.colcon_core.shell:Creating package script '/home/triton_08/tello_jp_jc_ws/install/tello_msg/share/tello_msg/package.sh'
[1.135s] INFO:colcon.colcon_core.shell:Creating package script '/home/triton_08/tello_jp_jc_ws/install/tello_msg/share/tello_msg/package.bash'
[1.135s] INFO:colcon.colcon_core.shell:Creating package script '/home/triton_08/tello_jp_jc_ws/install/tello_msg/share/tello_msg/package.zsh'
[1.136s] Level 1:colcon.colcon_core.environment:create_file_with_runtime_dependencies(/home/triton_08/tello_jp_jc_ws/install/tello_msg/share/colcon-core/packages/tello_msg)
[1.136s] INFO:colcon.colcon_ros.task.ament_python.build:Building ROS package in '/home/triton_08/tello_jp_jc_ws/src/tello' with build type 'ament_python'
[1.136s] Level 1:colcon.colcon_core.shell:create_environment_hook('tello', 'ament_prefix_path')
[1.138s] INFO:colcon.colcon_core.shell:Creating environment hook '/home/triton_08/tello_jp_jc_ws/install/tello/share/tello/hook/ament_prefix_path.ps1'
[1.138s] INFO:colcon.colcon_core.shell:Creating environment descriptor '/home/triton_08/tello_jp_jc_ws/install/tello/share/tello/hook/ament_prefix_path.dsv'
[1.139s] INFO:colcon.colcon_core.shell:Creating environment hook '/home/triton_08/tello_jp_jc_ws/install/tello/share/tello/hook/ament_prefix_path.sh'
[1.140s] INFO:colcon.colcon_core.shell:Skip shell extension 'powershell' for command environment: Not usable outside of PowerShell
[1.140s] DEBUG:colcon.colcon_core.shell:Skip shell extension 'dsv' for command environment
[1.339s] INFO:colcon.colcon_core.task.python.build:Building Python package in '/home/triton_08/tello_jp_jc_ws/src/tello'
[1.341s] INFO:colcon.colcon_core.shell:Skip shell extension 'powershell' for command environment: Not usable outside of PowerShell
[1.341s] DEBUG:colcon.colcon_core.shell:Skip shell extension 'dsv' for command environment
[1.348s] DEBUG:colcon.colcon_core.event_handler.log_command:Invoking command in '/home/triton_08/tello_jp_jc_ws/src/jpjc_qr': PYTHONPATH=/home/triton_08/tello_jp_jc_ws/build/jpjc_qr/prefix_override:/home/triton_08/tello_jp_jc_ws/install/jpjc_qr/lib/python3.10/site-packages:${PYTHONPATH} /usr/bin/python3 setup.py egg_info --egg-base ../../build/jpjc_qr build --build-base /home/triton_08/tello_jp_jc_ws/build/jpjc_qr/build install --record /home/triton_08/tello_jp_jc_ws/build/jpjc_qr/install.log --single-version-externally-managed
[1.349s] DEBUG:colcon.colcon_core.event_handler.log_command:Invoking command in '/home/triton_08/tello_jp_jc_ws/src/jpjc_joy': PYTHONPATH=/home/triton_08/tello_jp_jc_ws/build/jpjc_joy/prefix_override:/home/triton_08/tello_jp_jc_ws/install/jpjc_joy/lib/python3.10/site-packages:${PYTHONPATH} /usr/bin/python3 setup.py egg_info --egg-base ../../build/jpjc_joy build --build-base /home/triton_08/tello_jp_jc_ws/build/jpjc_joy/build install --record /home/triton_08/tello_jp_jc_ws/build/jpjc_joy/install.log --single-version-externally-managed
[1.577s] Level 1:colcon.colcon_core.environment:checking '/home/triton_08/tello_jp_jc_ws/install/jpjc_qr' for CMake module files
[1.578s] DEBUG:colcon.colcon_core.event_handler.log_command:Invoked command in '/home/triton_08/tello_jp_jc_ws/src/jpjc_qr' returned '0': PYTHONPATH=/home/triton_08/tello_jp_jc_ws/build/jpjc_qr/prefix_override:/home/triton_08/tello_jp_jc_ws/install/jpjc_qr/lib/python3.10/site-packages:${PYTHONPATH} /usr/bin/python3 setup.py egg_info --egg-base ../../build/jpjc_qr build --build-base /home/triton_08/tello_jp_jc_ws/build/jpjc_qr/build install --record /home/triton_08/tello_jp_jc_ws/build/jpjc_qr/install.log --single-version-externally-managed
[1.578s] Level 1:colcon.colcon_core.environment:checking '/home/triton_08/tello_jp_jc_ws/install/jpjc_qr' for CMake config files
[1.579s] Level 1:colcon.colcon_core.environment:checking '/home/triton_08/tello_jp_jc_ws/install/jpjc_qr/lib'
[1.579s] Level 1:colcon.colcon_core.environment:checking '/home/triton_08/tello_jp_jc_ws/install/jpjc_qr/bin'
[1.579s] Level 1:colcon.colcon_core.environment:checking '/home/triton_08/tello_jp_jc_ws/install/jpjc_qr/lib/pkgconfig/jpjc_qr.pc'
[1.579s] Level 1:colcon.colcon_core.environment:checking '/home/triton_08/tello_jp_jc_ws/install/jpjc_qr/lib/python3.10/site-packages'
[1.579s] Level 1:colcon.colcon_core.shell:create_environment_hook('jpjc_qr', 'pythonpath')
[1.580s] INFO:colcon.colcon_core.shell:Creating environment hook '/home/triton_08/tello_jp_jc_ws/install/jpjc_qr/share/jpjc_qr/hook/pythonpath.ps1'
[1.581s] INFO:colcon.colcon_core.shell:Creating environment descriptor '/home/triton_08/tello_jp_jc_ws/install/jpjc_qr/share/jpjc_qr/hook/pythonpath.dsv'
[1.581s] INFO:colcon.colcon_core.shell:Creating environment hook '/home/triton_08/tello_jp_jc_ws/install/jpjc_qr/share/jpjc_qr/hook/pythonpath.sh'
[1.581s] Level 1:colcon.colcon_core.environment:checking '/home/triton_08/tello_jp_jc_ws/install/jpjc_qr/bin'
[1.581s] Level 1:colcon.colcon_core.environment:create_environment_scripts_only(jpjc_qr)
[1.582s] INFO:colcon.colcon_core.shell:Creating package script '/home/triton_08/tello_jp_jc_ws/install/jpjc_qr/share/jpjc_qr/package.ps1'
[1.583s] INFO:colcon.colcon_core.shell:Creating package descriptor '/home/triton_08/tello_jp_jc_ws/install/jpjc_qr/share/jpjc_qr/package.dsv'
[1.583s] INFO:colcon.colcon_core.shell:Creating package script '/home/triton_08/tello_jp_jc_ws/install/jpjc_qr/share/jpjc_qr/package.sh'
[1.583s] INFO:colcon.colcon_core.shell:Creating package script '/home/triton_08/tello_jp_jc_ws/install/jpjc_qr/share/jpjc_qr/package.bash'
[1.584s] INFO:colcon.colcon_core.shell:Creating package script '/home/triton_08/tello_jp_jc_ws/install/jpjc_qr/share/jpjc_qr/package.zsh'
[1.584s] Level 1:colcon.colcon_core.environment:create_file_with_runtime_dependencies(/home/triton_08/tello_jp_jc_ws/install/jpjc_qr/share/colcon-core/packages/jpjc_qr)
[1.587s] Level 1:colcon.colcon_core.environment:checking '/home/triton_08/tello_jp_jc_ws/install/jpjc_joy' for CMake module files
[1.588s] Level 1:colcon.colcon_core.environment:checking '/home/triton_08/tello_jp_jc_ws/install/jpjc_joy' for CMake config files
[1.588s] DEBUG:colcon.colcon_core.event_handler.log_command:Invoked command in '/home/triton_08/tello_jp_jc_ws/src/jpjc_joy' returned '0': PYTHONPATH=/home/triton_08/tello_jp_jc_ws/build/jpjc_joy/prefix_override:/home/triton_08/tello_jp_jc_ws/install/jpjc_joy/lib/python3.10/site-packages:${PYTHONPATH} /usr/bin/python3 setup.py egg_info --egg-base ../../build/jpjc_joy build --build-base /home/triton_08/tello_jp_jc_ws/build/jpjc_joy/build install --record /home/triton_08/tello_jp_jc_ws/build/jpjc_joy/install.log --single-version-externally-managed
[1.588s] Level 1:colcon.colcon_core.environment:checking '/home/triton_08/tello_jp_jc_ws/install/jpjc_joy/lib'
[1.588s] Level 1:colcon.colcon_core.environment:checking '/home/triton_08/tello_jp_jc_ws/install/jpjc_joy/bin'
[1.588s] Level 1:colcon.colcon_core.environment:checking '/home/triton_08/tello_jp_jc_ws/install/jpjc_joy/lib/pkgconfig/jpjc_joy.pc'
[1.589s] Level 1:colcon.colcon_core.environment:checking '/home/triton_08/tello_jp_jc_ws/install/jpjc_joy/lib/python3.10/site-packages'
[1.589s] Level 1:colcon.colcon_core.shell:create_environment_hook('jpjc_joy', 'pythonpath')
[1.590s] INFO:colcon.colcon_core.shell:Creating environment hook '/home/triton_08/tello_jp_jc_ws/install/jpjc_joy/share/jpjc_joy/hook/pythonpath.ps1'
[1.590s] INFO:colcon.colcon_core.shell:Creating environment descriptor '/home/triton_08/tello_jp_jc_ws/install/jpjc_joy/share/jpjc_joy/hook/pythonpath.dsv'
[1.590s] INFO:colcon.colcon_core.shell:Creating environment hook '/home/triton_08/tello_jp_jc_ws/install/jpjc_joy/share/jpjc_joy/hook/pythonpath.sh'
[1.591s] Level 1:colcon.colcon_core.environment:checking '/home/triton_08/tello_jp_jc_ws/install/jpjc_joy/bin'
[1.591s] Level 1:colcon.colcon_core.environment:create_environment_scripts_only(jpjc_joy)
[1.592s] INFO:colcon.colcon_core.shell:Creating package script '/home/triton_08/tello_jp_jc_ws/install/jpjc_joy/share/jpjc_joy/package.ps1'
[1.592s] INFO:colcon.colcon_core.shell:Creating package descriptor '/home/triton_08/tello_jp_jc_ws/install/jpjc_joy/share/jpjc_joy/package.dsv'
[1.593s] INFO:colcon.colcon_core.shell:Creating package script '/home/triton_08/tello_jp_jc_ws/install/jpjc_joy/share/jpjc_joy/package.sh'
[1.593s] INFO:colcon.colcon_core.shell:Creating package script '/home/triton_08/tello_jp_jc_ws/install/jpjc_joy/share/jpjc_joy/package.bash'
[1.593s] INFO:colcon.colcon_core.shell:Creating package script '/home/triton_08/tello_jp_jc_ws/install/jpjc_joy/share/jpjc_joy/package.zsh'
[1.594s] Level 1:colcon.colcon_core.environment:create_file_with_runtime_dependencies(/home/triton_08/tello_jp_jc_ws/install/jpjc_joy/share/colcon-core/packages/jpjc_joy)
[1.600s] DEBUG:colcon.colcon_core.event_handler.log_command:Invoking command in '/home/triton_08/tello_jp_jc_ws/src/tello': PYTHONPATH=/home/triton_08/tello_jp_jc_ws/build/tello/prefix_override:/home/triton_08/tello_jp_jc_ws/install/tello/lib/python3.10/site-packages:${PYTHONPATH} /usr/bin/python3 setup.py egg_info --egg-base ../../build/tello build --build-base /home/triton_08/tello_jp_jc_ws/build/tello/build install --record /home/triton_08/tello_jp_jc_ws/build/tello/install.log --install-scripts $base/lib/tello --single-version-externally-managed
[1.817s] Level 1:colcon.colcon_core.environment:checking '/home/triton_08/tello_jp_jc_ws/install/tello' for CMake module files
[1.818s] DEBUG:colcon.colcon_core.event_handler.log_command:Invoked command in '/home/triton_08/tello_jp_jc_ws/src/tello' returned '0': PYTHONPATH=/home/triton_08/tello_jp_jc_ws/build/tello/prefix_override:/home/triton_08/tello_jp_jc_ws/install/tello/lib/python3.10/site-packages:${PYTHONPATH} /usr/bin/python3 setup.py egg_info --egg-base ../../build/tello build --build-base /home/triton_08/tello_jp_jc_ws/build/tello/build install --record /home/triton_08/tello_jp_jc_ws/build/tello/install.log --install-scripts $base/lib/tello --single-version-externally-managed
[1.818s] Level 1:colcon.colcon_core.environment:checking '/home/triton_08/tello_jp_jc_ws/install/tello' for CMake config files
[1.819s] Level 1:colcon.colcon_core.environment:checking '/home/triton_08/tello_jp_jc_ws/install/tello/lib'
[1.819s] Level 1:colcon.colcon_core.environment:checking '/home/triton_08/tello_jp_jc_ws/install/tello/bin'
[1.819s] Level 1:colcon.colcon_core.environment:checking '/home/triton_08/tello_jp_jc_ws/install/tello/lib/pkgconfig/tello.pc'
[1.819s] Level 1:colcon.colcon_core.environment:checking '/home/triton_08/tello_jp_jc_ws/install/tello/lib/python3.10/site-packages'
[1.819s] Level 1:colcon.colcon_core.shell:create_environment_hook('tello', 'pythonpath')
[1.820s] INFO:colcon.colcon_core.shell:Creating environment hook '/home/triton_08/tello_jp_jc_ws/install/tello/share/tello/hook/pythonpath.ps1'
[1.821s] INFO:colcon.colcon_core.shell:Creating environment descriptor '/home/triton_08/tello_jp_jc_ws/install/tello/share/tello/hook/pythonpath.dsv'
[1.821s] INFO:colcon.colcon_core.shell:Creating environment hook '/home/triton_08/tello_jp_jc_ws/install/tello/share/tello/hook/pythonpath.sh'
[1.821s] Level 1:colcon.colcon_core.environment:checking '/home/triton_08/tello_jp_jc_ws/install/tello/bin'
[1.822s] Level 1:colcon.colcon_core.environment:create_environment_scripts_only(tello)
[1.822s] INFO:colcon.colcon_core.shell:Creating package script '/home/triton_08/tello_jp_jc_ws/install/tello/share/tello/package.ps1'
[1.823s] INFO:colcon.colcon_core.shell:Creating package descriptor '/home/triton_08/tello_jp_jc_ws/install/tello/share/tello/package.dsv'
[1.823s] INFO:colcon.colcon_core.shell:Creating package script '/home/triton_08/tello_jp_jc_ws/install/tello/share/tello/package.sh'
[1.824s] INFO:colcon.colcon_core.shell:Creating package script '/home/triton_08/tello_jp_jc_ws/install/tello/share/tello/package.bash'
[1.824s] INFO:colcon.colcon_core.shell:Creating package script '/home/triton_08/tello_jp_jc_ws/install/tello/share/tello/package.zsh'
[1.824s] Level 1:colcon.colcon_core.environment:create_file_with_runtime_dependencies(/home/triton_08/tello_jp_jc_ws/install/tello/share/colcon-core/packages/tello)
[1.824s] DEBUG:colcon.colcon_parallel_executor.executor.parallel:closing loop
[1.824s] DEBUG:colcon.colcon_parallel_executor.executor.parallel:loop closed
[1.825s] DEBUG:colcon.colcon_parallel_executor.executor.parallel:run_until_complete finished with '0'
[1.825s] DEBUG:colcon.colcon_core.event_reactor:joining thread
[1.829s] INFO:colcon.colcon_core.plugin_system:Skipping extension 'colcon_notification.desktop_notification.terminal_notifier': Not used on non-Darwin systems
[1.829s] INFO:colcon.colcon_core.plugin_system:Skipping extension 'colcon_notification.desktop_notification.win32': Not used on non-Windows systems
[1.829s] INFO:colcon.colcon_notification.desktop_notification:Sending desktop notification using 'notify2'
[1.836s] DEBUG:colcon.colcon_core.event_reactor:joined thread
[1.838s] INFO:colcon.colcon_core.shell:Creating prefix script '/home/triton_08/tello_jp_jc_ws/install/local_setup.ps1'
[1.838s] INFO:colcon.colcon_core.shell:Creating prefix util module '/home/triton_08/tello_jp_jc_ws/install/_local_setup_util_ps1.py'
[1.839s] INFO:colcon.colcon_core.shell:Creating prefix chain script '/home/triton_08/tello_jp_jc_ws/install/setup.ps1'
[1.841s] INFO:colcon.colcon_core.shell:Creating prefix script '/home/triton_08/tello_jp_jc_ws/install/local_setup.sh'
[1.841s] INFO:colcon.colcon_core.shell:Creating prefix util module '/home/triton_08/tello_jp_jc_ws/install/_local_setup_util_sh.py'
[1.842s] INFO:colcon.colcon_core.shell:Creating prefix chain script '/home/triton_08/tello_jp_jc_ws/install/setup.sh'
[1.843s] INFO:colcon.colcon_core.shell:Creating prefix script '/home/triton_08/tello_jp_jc_ws/install/local_setup.bash'
[1.843s] INFO:colcon.colcon_core.shell:Creating prefix chain script '/home/triton_08/tello_jp_jc_ws/install/setup.bash'
[1.844s] INFO:colcon.colcon_core.shell:Creating prefix script '/home/triton_08/tello_jp_jc_ws/install/local_setup.zsh'
[1.844s] INFO:colcon.colcon_core.shell:Creating prefix chain script '/home/triton_08/tello_jp_jc_ws/install/setup.zsh'
