[0.284s] DEBUG:colcon:Command line arguments: ['/usr/bin/colcon', 'build']
[0.284s] DEBUG:colcon:Parsed command line arguments: Namespace(log_base=None, log_level=None, verb_name='build', build_base='build', install_base='install', merge_install=False, symlink_install=False, test_result_base=None, continue_on_error=False, executor='parallel', parallel_workers=16, event_handlers=None, ignore_user_meta=False, metas=['./colcon.meta'], base_paths=['.'], packages_ignore=None, packages_ignore_regex=None, paths=None, packages_up_to=None, packages_up_to_regex=None, packages_above=None, packages_above_and_dependencies=None, packages_above_depth=None, packages_select_by_dep=None, packages_skip_by_dep=None, packages_skip_up_to=None, packages_select_build_failed=False, packages_skip_build_finished=False, packages_select_test_failures=False, packages_skip_test_passed=False, packages_select=None, packages_skip=None, packages_select_regex=None, packages_skip_regex=None, packages_start=None, packages_end=None, allow_overriding=[], cmake_args=None, cmake_target=None, cmake_target_skip_unavailable=False, cmake_clean_cache=False, cmake_clean_first=False, cmake_force_configure=False, ament_cmake_args=None, catkin_cmake_args=None, catkin_skip_building_tests=False, verb_parser=<colcon_defaults.argument_parser.defaults.DefaultArgumentsDecorator object at 0x7fc944390d60>, verb_extension=<colcon_core.verb.build.BuildVerb object at 0x7fc944b2add0>, main=<bound method BuildVerb.main of <colcon_core.verb.build.BuildVerb object at 0x7fc944b2add0>>)
[0.306s] Level 1:colcon.colcon_core.package_discovery:discover_packages(colcon_meta) check parameters
[0.306s] Level 1:colcon.colcon_core.package_discovery:discover_packages(recursive) check parameters
[0.306s] Level 1:colcon.colcon_core.package_discovery:discover_packages(ignore) check parameters
[0.306s] Level 1:colcon.colcon_core.package_discovery:discover_packages(path) check parameters
[0.306s] Level 1:colcon.colcon_core.package_discovery:discover_packages(colcon_meta) discover
[0.306s] Level 1:colcon.colcon_core.package_discovery:discover_packages(recursive) discover
[0.306s] INFO:colcon.colcon_core.package_discovery:Crawling recursively for packages in '/home/triton_08/tello_jp_jc_ws'
[0.306s] Level 1:colcon.colcon_core.package_identification:_identify(.) by extensions ['ignore', 'ignore_ament_install']
[0.307s] Level 1:colcon.colcon_core.package_identification:_identify(.) by extension 'ignore'
[0.307s] Level 1:colcon.colcon_core.package_identification:_identify(.) by extension 'ignore_ament_install'
[0.307s] Level 1:colcon.colcon_core.package_identification:_identify(.) by extensions ['colcon_pkg']
[0.307s] Level 1:colcon.colcon_core.package_identification:_identify(.) by extension 'colcon_pkg'
[0.307s] Level 1:colcon.colcon_core.package_identification:_identify(.) by extensions ['colcon_meta']
[0.307s] Level 1:colcon.colcon_core.package_identification:_identify(.) by extension 'colcon_meta'
[0.307s] Level 1:colcon.colcon_core.package_identification:_identify(.) by extensions ['ros']
[0.307s] Level 1:colcon.colcon_core.package_identification:_identify(.) by extension 'ros'
[0.315s] Level 1:colcon.colcon_core.package_identification:_identify(.) by extensions ['cmake', 'python']
[0.315s] Level 1:colcon.colcon_core.package_identification:_identify(.) by extension 'cmake'
[0.315s] Level 1:colcon.colcon_core.package_identification:_identify(.) by extension 'python'
[0.315s] Level 1:colcon.colcon_core.package_identification:_identify(.) by extensions ['python_setup_py']
[0.315s] Level 1:colcon.colcon_core.package_identification:_identify(.) by extension 'python_setup_py'
[0.316s] Level 1:colcon.colcon_core.package_identification:_identify(build) by extensions ['ignore', 'ignore_ament_install']
[0.316s] Level 1:colcon.colcon_core.package_identification:_identify(build) by extension 'ignore'
[0.316s] Level 1:colcon.colcon_core.package_identification:_identify(build) ignored
[0.316s] Level 1:colcon.colcon_core.package_identification:_identify(install) by extensions ['ignore', 'ignore_ament_install']
[0.316s] Level 1:colcon.colcon_core.package_identification:_identify(install) by extension 'ignore'
[0.316s] Level 1:colcon.colcon_core.package_identification:_identify(install) ignored
[0.316s] Level 1:colcon.colcon_core.package_identification:_identify(log) by extensions ['ignore', 'ignore_ament_install']
[0.316s] Level 1:colcon.colcon_core.package_identification:_identify(log) by extension 'ignore'
[0.316s] Level 1:colcon.colcon_core.package_identification:_identify(log) ignored
[0.316s] Level 1:colcon.colcon_core.package_identification:_identify(src) by extensions ['ignore', 'ignore_ament_install']
[0.316s] Level 1:colcon.colcon_core.package_identification:_identify(src) by extension 'ignore'
[0.316s] Level 1:colcon.colcon_core.package_identification:_identify(src) by extension 'ignore_ament_install'
[0.316s] Level 1:colcon.colcon_core.package_identification:_identify(src) by extensions ['colcon_pkg']
[0.317s] Level 1:colcon.colcon_core.package_identification:_identify(src) by extension 'colcon_pkg'
[0.317s] Level 1:colcon.colcon_core.package_identification:_identify(src) by extensions ['colcon_meta']
[0.317s] Level 1:colcon.colcon_core.package_identification:_identify(src) by extension 'colcon_meta'
[0.317s] Level 1:colcon.colcon_core.package_identification:_identify(src) by extensions ['ros']
[0.317s] Level 1:colcon.colcon_core.package_identification:_identify(src) by extension 'ros'
[0.317s] Level 1:colcon.colcon_core.package_identification:_identify(src) by extensions ['cmake', 'python']
[0.317s] Level 1:colcon.colcon_core.package_identification:_identify(src) by extension 'cmake'
[0.317s] Level 1:colcon.colcon_core.package_identification:_identify(src) by extension 'python'
[0.317s] Level 1:colcon.colcon_core.package_identification:_identify(src) by extensions ['python_setup_py']
[0.317s] Level 1:colcon.colcon_core.package_identification:_identify(src) by extension 'python_setup_py'
[0.317s] Level 1:colcon.colcon_core.package_identification:_identify(src/__pycache__) by extensions ['ignore', 'ignore_ament_install']
[0.317s] Level 1:colcon.colcon_core.package_identification:_identify(src/__pycache__) by extension 'ignore'
[0.317s] Level 1:colcon.colcon_core.package_identification:_identify(src/__pycache__) by extension 'ignore_ament_install'
[0.317s] Level 1:colcon.colcon_core.package_identification:_identify(src/__pycache__) by extensions ['colcon_pkg']
[0.317s] Level 1:colcon.colcon_core.package_identification:_identify(src/__pycache__) by extension 'colcon_pkg'
[0.317s] Level 1:colcon.colcon_core.package_identification:_identify(src/__pycache__) by extensions ['colcon_meta']
[0.317s] Level 1:colcon.colcon_core.package_identification:_identify(src/__pycache__) by extension 'colcon_meta'
[0.317s] Level 1:colcon.colcon_core.package_identification:_identify(src/__pycache__) by extensions ['ros']
[0.317s] Level 1:colcon.colcon_core.package_identification:_identify(src/__pycache__) by extension 'ros'
[0.317s] Level 1:colcon.colcon_core.package_identification:_identify(src/__pycache__) by extensions ['cmake', 'python']
[0.317s] Level 1:colcon.colcon_core.package_identification:_identify(src/__pycache__) by extension 'cmake'
[0.317s] Level 1:colcon.colcon_core.package_identification:_identify(src/__pycache__) by extension 'python'
[0.317s] Level 1:colcon.colcon_core.package_identification:_identify(src/__pycache__) by extensions ['python_setup_py']
[0.317s] Level 1:colcon.colcon_core.package_identification:_identify(src/__pycache__) by extension 'python_setup_py'
[0.317s] Level 1:colcon.colcon_core.package_identification:_identify(src/build) by extensions ['ignore', 'ignore_ament_install']
[0.318s] Level 1:colcon.colcon_core.package_identification:_identify(src/build) by extension 'ignore'
[0.318s] Level 1:colcon.colcon_core.package_identification:_identify(src/build) ignored
[0.318s] Level 1:colcon.colcon_core.package_identification:_identify(src/install) by extensions ['ignore', 'ignore_ament_install']
[0.318s] Level 1:colcon.colcon_core.package_identification:_identify(src/install) by extension 'ignore'
[0.318s] Level 1:colcon.colcon_core.package_identification:_identify(src/install) ignored
[0.318s] Level 1:colcon.colcon_core.package_identification:_identify(src/jpjc_joy) by extensions ['ignore', 'ignore_ament_install']
[0.318s] Level 1:colcon.colcon_core.package_identification:_identify(src/jpjc_joy) by extension 'ignore'
[0.318s] Level 1:colcon.colcon_core.package_identification:_identify(src/jpjc_joy) by extension 'ignore_ament_install'
[0.318s] Level 1:colcon.colcon_core.package_identification:_identify(src/jpjc_joy) by extensions ['colcon_pkg']
[0.318s] Level 1:colcon.colcon_core.package_identification:_identify(src/jpjc_joy) by extension 'colcon_pkg'
[0.318s] Level 1:colcon.colcon_core.package_identification:_identify(src/jpjc_joy) by extensions ['colcon_meta']
[0.318s] Level 1:colcon.colcon_core.package_identification:_identify(src/jpjc_joy) by extension 'colcon_meta'
[0.318s] Level 1:colcon.colcon_core.package_identification:_identify(src/jpjc_joy) by extensions ['ros']
[0.318s] Level 1:colcon.colcon_core.package_identification:_identify(src/jpjc_joy) by extension 'ros'
[0.320s] DEBUG:colcon.colcon_core.package_identification:Package 'src/jpjc_joy' with type 'ros.ament_python' and name 'jpjc_joy'
[0.320s] Level 1:colcon.colcon_core.package_identification:_identify(src/jpjc_qr) by extensions ['ignore', 'ignore_ament_install']
[0.320s] Level 1:colcon.colcon_core.package_identification:_identify(src/jpjc_qr) by extension 'ignore'
[0.320s] Level 1:colcon.colcon_core.package_identification:_identify(src/jpjc_qr) by extension 'ignore_ament_install'
[0.320s] Level 1:colcon.colcon_core.package_identification:_identify(src/jpjc_qr) by extensions ['colcon_pkg']
[0.320s] Level 1:colcon.colcon_core.package_identification:_identify(src/jpjc_qr) by extension 'colcon_pkg'
[0.320s] Level 1:colcon.colcon_core.package_identification:_identify(src/jpjc_qr) by extensions ['colcon_meta']
[0.320s] Level 1:colcon.colcon_core.package_identification:_identify(src/jpjc_qr) by extension 'colcon_meta'
[0.320s] Level 1:colcon.colcon_core.package_identification:_identify(src/jpjc_qr) by extensions ['ros']
[0.320s] Level 1:colcon.colcon_core.package_identification:_identify(src/jpjc_qr) by extension 'ros'
[0.321s] DEBUG:colcon.colcon_core.package_identification:Package 'src/jpjc_qr' with type 'ros.ament_python' and name 'jpjc_qr'
[0.321s] Level 1:colcon.colcon_core.package_identification:_identify(src/log) by extensions ['ignore', 'ignore_ament_install']
[0.321s] Level 1:colcon.colcon_core.package_identification:_identify(src/log) by extension 'ignore'
[0.321s] Level 1:colcon.colcon_core.package_identification:_identify(src/log) ignored
[0.321s] Level 1:colcon.colcon_core.package_identification:_identify(src/tello) by extensions ['ignore', 'ignore_ament_install']
[0.321s] Level 1:colcon.colcon_core.package_identification:_identify(src/tello) by extension 'ignore'
[0.321s] Level 1:colcon.colcon_core.package_identification:_identify(src/tello) by extension 'ignore_ament_install'
[0.321s] Level 1:colcon.colcon_core.package_identification:_identify(src/tello) by extensions ['colcon_pkg']
[0.321s] Level 1:colcon.colcon_core.package_identification:_identify(src/tello) by extension 'colcon_pkg'
[0.321s] Level 1:colcon.colcon_core.package_identification:_identify(src/tello) by extensions ['colcon_meta']
[0.321s] Level 1:colcon.colcon_core.package_identification:_identify(src/tello) by extension 'colcon_meta'
[0.321s] Level 1:colcon.colcon_core.package_identification:_identify(src/tello) by extensions ['ros']
[0.322s] Level 1:colcon.colcon_core.package_identification:_identify(src/tello) by extension 'ros'
[0.322s] DEBUG:colcon.colcon_core.package_identification:Package 'src/tello' with type 'ros.ament_python' and name 'tello'
[0.322s] Level 1:colcon.colcon_core.package_identification:_identify(src/tello_control) by extensions ['ignore', 'ignore_ament_install']
[0.322s] Level 1:colcon.colcon_core.package_identification:_identify(src/tello_control) by extension 'ignore'
[0.322s] Level 1:colcon.colcon_core.package_identification:_identify(src/tello_control) by extension 'ignore_ament_install'
[0.322s] Level 1:colcon.colcon_core.package_identification:_identify(src/tello_control) by extensions ['colcon_pkg']
[0.322s] Level 1:colcon.colcon_core.package_identification:_identify(src/tello_control) by extension 'colcon_pkg'
[0.322s] Level 1:colcon.colcon_core.package_identification:_identify(src/tello_control) by extensions ['colcon_meta']
[0.322s] Level 1:colcon.colcon_core.package_identification:_identify(src/tello_control) by extension 'colcon_meta'
[0.322s] Level 1:colcon.colcon_core.package_identification:_identify(src/tello_control) by extensions ['ros']
[0.322s] Level 1:colcon.colcon_core.package_identification:_identify(src/tello_control) by extension 'ros'
[0.323s] DEBUG:colcon.colcon_core.package_identification:Package 'src/tello_control' with type 'ros.ament_cmake' and name 'tello_control'
[0.323s] Level 1:colcon.colcon_core.package_identification:_identify(src/tello_msg) by extensions ['ignore', 'ignore_ament_install']
[0.323s] Level 1:colcon.colcon_core.package_identification:_identify(src/tello_msg) by extension 'ignore'
[0.323s] Level 1:colcon.colcon_core.package_identification:_identify(src/tello_msg) by extension 'ignore_ament_install'
[0.323s] Level 1:colcon.colcon_core.package_identification:_identify(src/tello_msg) by extensions ['colcon_pkg']
[0.323s] Level 1:colcon.colcon_core.package_identification:_identify(src/tello_msg) by extension 'colcon_pkg'
[0.323s] Level 1:colcon.colcon_core.package_identification:_identify(src/tello_msg) by extensions ['colcon_meta']
[0.323s] Level 1:colcon.colcon_core.package_identification:_identify(src/tello_msg) by extension 'colcon_meta'
[0.323s] Level 1:colcon.colcon_core.package_identification:_identify(src/tello_msg) by extensions ['ros']
[0.323s] Level 1:colcon.colcon_core.package_identification:_identify(src/tello_msg) by extension 'ros'
[0.323s] DEBUG:colcon.colcon_core.package_identification:Package 'src/tello_msg' with type 'ros.ament_cmake' and name 'tello_msg'
[0.323s] Level 1:colcon.colcon_core.package_discovery:discover_packages(recursive) using defaults
[0.324s] Level 1:colcon.colcon_core.package_discovery:discover_packages(ignore) discover
[0.324s] Level 1:colcon.colcon_core.package_discovery:discover_packages(ignore) using defaults
[0.324s] Level 1:colcon.colcon_core.package_discovery:discover_packages(path) discover
[0.324s] Level 1:colcon.colcon_core.package_discovery:discover_packages(path) using defaults
[0.341s] Level 1:colcon.colcon_core.package_discovery:discover_packages(prefix_path) check parameters
[0.341s] Level 1:colcon.colcon_core.package_discovery:discover_packages(prefix_path) discover
[0.343s] DEBUG:colcon.colcon_installed_package_information.package_discovery:Found 5 installed packages in /home/triton_08/tello_jp_jc_ws/install
[0.344s] DEBUG:colcon.colcon_installed_package_information.package_discovery:Found 285 installed packages in /opt/ros/humble
[0.345s] Level 1:colcon.colcon_core.package_discovery:discover_packages(prefix_path) using defaults
[0.414s] Level 5:colcon.colcon_core.verb:set package 'jpjc_joy' build argument 'cmake_args' from command line to 'None'
[0.414s] Level 5:colcon.colcon_core.verb:set package 'jpjc_joy' build argument 'cmake_target' from command line to 'None'
[0.414s] Level 5:colcon.colcon_core.verb:set package 'jpjc_joy' build argument 'cmake_target_skip_unavailable' from command line to 'False'
[0.414s] Level 5:colcon.colcon_core.verb:set package 'jpjc_joy' build argument 'cmake_clean_cache' from command line to 'False'
[0.414s] Level 5:colcon.colcon_core.verb:set package 'jpjc_joy' build argument 'cmake_clean_first' from command line to 'False'
[0.414s] Level 5:colcon.colcon_core.verb:set package 'jpjc_joy' build argument 'cmake_force_configure' from command line to 'False'
[0.414s] Level 5:colcon.colcon_core.verb:set package 'jpjc_joy' build argument 'ament_cmake_args' from command line to 'None'
[0.414s] Level 5:colcon.colcon_core.verb:set package 'jpjc_joy' build argument 'catkin_cmake_args' from command line to 'None'
[0.414s] Level 5:colcon.colcon_core.verb:set package 'jpjc_joy' build argument 'catkin_skip_building_tests' from command line to 'False'
[0.414s] DEBUG:colcon.colcon_core.verb:Building package 'jpjc_joy' with the following arguments: {'ament_cmake_args': None, 'build_base': '/home/triton_08/tello_jp_jc_ws/build/jpjc_joy', 'catkin_cmake_args': None, 'catkin_skip_building_tests': False, 'cmake_args': None, 'cmake_clean_cache': False, 'cmake_clean_first': False, 'cmake_force_configure': False, 'cmake_target': None, 'cmake_target_skip_unavailable': False, 'install_base': '/home/triton_08/tello_jp_jc_ws/install/jpjc_joy', 'merge_install': False, 'path': '/home/triton_08/tello_jp_jc_ws/src/jpjc_joy', 'symlink_install': False, 'test_result_base': None}
[0.416s] Level 5:colcon.colcon_core.verb:set package 'jpjc_qr' build argument 'cmake_args' from command line to 'None'
[0.416s] Level 5:colcon.colcon_core.verb:set package 'jpjc_qr' build argument 'cmake_target' from command line to 'None'
[0.416s] Level 5:colcon.colcon_core.verb:set package 'jpjc_qr' build argument 'cmake_target_skip_unavailable' from command line to 'False'
[0.416s] Level 5:colcon.colcon_core.verb:set package 'jpjc_qr' build argument 'cmake_clean_cache' from command line to 'False'
[0.416s] Level 5:colcon.colcon_core.verb:set package 'jpjc_qr' build argument 'cmake_clean_first' from command line to 'False'
[0.416s] Level 5:colcon.colcon_core.verb:set package 'jpjc_qr' build argument 'cmake_force_configure' from command line to 'False'
[0.416s] Level 5:colcon.colcon_core.verb:set package 'jpjc_qr' build argument 'ament_cmake_args' from command line to 'None'
[0.416s] Level 5:colcon.colcon_core.verb:set package 'jpjc_qr' build argument 'catkin_cmake_args' from command line to 'None'
[0.416s] Level 5:colcon.colcon_core.verb:set package 'jpjc_qr' build argument 'catkin_skip_building_tests' from command line to 'False'
[0.417s] DEBUG:colcon.colcon_core.verb:Building package 'jpjc_qr' with the following arguments: {'ament_cmake_args': None, 'build_base': '/home/triton_08/tello_jp_jc_ws/build/jpjc_qr', 'catkin_cmake_args': None, 'catkin_skip_building_tests': False, 'cmake_args': None, 'cmake_clean_cache': False, 'cmake_clean_first': False, 'cmake_force_configure': False, 'cmake_target': None, 'cmake_target_skip_unavailable': False, 'install_base': '/home/triton_08/tello_jp_jc_ws/install/jpjc_qr', 'merge_install': False, 'path': '/home/triton_08/tello_jp_jc_ws/src/jpjc_qr', 'symlink_install': False, 'test_result_base': None}
[0.418s] Level 5:colcon.colcon_core.verb:set package 'tello_control' build argument 'cmake_args' from command line to 'None'
[0.418s] Level 5:colcon.colcon_core.verb:set package 'tello_control' build argument 'cmake_target' from command line to 'None'
[0.418s] Level 5:colcon.colcon_core.verb:set package 'tello_control' build argument 'cmake_target_skip_unavailable' from command line to 'False'
[0.418s] Level 5:colcon.colcon_core.verb:set package 'tello_control' build argument 'cmake_clean_cache' from command line to 'False'
[0.418s] Level 5:colcon.colcon_core.verb:set package 'tello_control' build argument 'cmake_clean_first' from command line to 'False'
[0.419s] Level 5:colcon.colcon_core.verb:set package 'tello_control' build argument 'cmake_force_configure' from command line to 'False'
[0.419s] Level 5:colcon.colcon_core.verb:set package 'tello_control' build argument 'ament_cmake_args' from command line to 'None'
[0.419s] Level 5:colcon.colcon_core.verb:set package 'tello_control' build argument 'catkin_cmake_args' from command line to 'None'
[0.419s] Level 5:colcon.colcon_core.verb:set package 'tello_control' build argument 'catkin_skip_building_tests' from command line to 'False'
[0.419s] DEBUG:colcon.colcon_core.verb:Building package 'tello_control' with the following arguments: {'ament_cmake_args': None, 'build_base': '/home/triton_08/tello_jp_jc_ws/build/tello_control', 'catkin_cmake_args': None, 'catkin_skip_building_tests': False, 'cmake_args': None, 'cmake_clean_cache': False, 'cmake_clean_first': False, 'cmake_force_configure': False, 'cmake_target': None, 'cmake_target_skip_unavailable': False, 'install_base': '/home/triton_08/tello_jp_jc_ws/install/tello_control', 'merge_install': False, 'path': '/home/triton_08/tello_jp_jc_ws/src/tello_control', 'symlink_install': False, 'test_result_base': None}
[0.420s] Level 5:colcon.colcon_core.verb:set package 'tello_msg' build argument 'cmake_args' from command line to 'None'
[0.420s] Level 5:colcon.colcon_core.verb:set package 'tello_msg' build argument 'cmake_target' from command line to 'None'
[0.421s] Level 5:colcon.colcon_core.verb:set package 'tello_msg' build argument 'cmake_target_skip_unavailable' from command line to 'False'
[0.421s] Level 5:colcon.colcon_core.verb:set package 'tello_msg' build argument 'cmake_clean_cache' from command line to 'False'
[0.421s] Level 5:colcon.colcon_core.verb:set package 'tello_msg' build argument 'cmake_clean_first' from command line to 'False'
[0.421s] Level 5:colcon.colcon_core.verb:set package 'tello_msg' build argument 'cmake_force_configure' from command line to 'False'
[0.421s] Level 5:colcon.colcon_core.verb:set package 'tello_msg' build argument 'ament_cmake_args' from command line to 'None'
[0.421s] Level 5:colcon.colcon_core.verb:set package 'tello_msg' build argument 'catkin_cmake_args' from command line to 'None'
[0.421s] Level 5:colcon.colcon_core.verb:set package 'tello_msg' build argument 'catkin_skip_building_tests' from command line to 'False'
[0.421s] DEBUG:colcon.colcon_core.verb:Building package 'tello_msg' with the following arguments: {'ament_cmake_args': None, 'build_base': '/home/triton_08/tello_jp_jc_ws/build/tello_msg', 'catkin_cmake_args': None, 'catkin_skip_building_tests': False, 'cmake_args': None, 'cmake_clean_cache': False, 'cmake_clean_first': False, 'cmake_force_configure': False, 'cmake_target': None, 'cmake_target_skip_unavailable': False, 'install_base': '/home/triton_08/tello_jp_jc_ws/install/tello_msg', 'merge_install': False, 'path': '/home/triton_08/tello_jp_jc_ws/src/tello_msg', 'symlink_install': False, 'test_result_base': None}
[0.423s] Level 5:colcon.colcon_core.verb:set package 'tello' build argument 'cmake_args' from command line to 'None'
[0.423s] Level 5:colcon.colcon_core.verb:set package 'tello' build argument 'cmake_target' from command line to 'None'
[0.423s] Level 5:colcon.colcon_core.verb:set package 'tello' build argument 'cmake_target_skip_unavailable' from command line to 'False'
[0.423s] Level 5:colcon.colcon_core.verb:set package 'tello' build argument 'cmake_clean_cache' from command line to 'False'
[0.423s] Level 5:colcon.colcon_core.verb:set package 'tello' build argument 'cmake_clean_first' from command line to 'False'
[0.423s] Level 5:colcon.colcon_core.verb:set package 'tello' build argument 'cmake_force_configure' from command line to 'False'
[0.424s] Level 5:colcon.colcon_core.verb:set package 'tello' build argument 'ament_cmake_args' from command line to 'None'
[0.424s] Level 5:colcon.colcon_core.verb:set package 'tello' build argument 'catkin_cmake_args' from command line to 'None'
[0.424s] Level 5:colcon.colcon_core.verb:set package 'tello' build argument 'catkin_skip_building_tests' from command line to 'False'
[0.424s] DEBUG:colcon.colcon_core.verb:Building package 'tello' with the following arguments: {'ament_cmake_args': None, 'build_base': '/home/triton_08/tello_jp_jc_ws/build/tello', 'catkin_cmake_args': None, 'catkin_skip_building_tests': False, 'cmake_args': None, 'cmake_clean_cache': False, 'cmake_clean_first': False, 'cmake_force_configure': False, 'cmake_target': None, 'cmake_target_skip_unavailable': False, 'install_base': '/home/triton_08/tello_jp_jc_ws/install/tello', 'merge_install': False, 'path': '/home/triton_08/tello_jp_jc_ws/src/tello', 'symlink_install': False, 'test_result_base': None}
[0.425s] INFO:colcon.colcon_core.executor:Executing jobs using 'parallel' executor
[0.437s] DEBUG:colcon.colcon_parallel_executor.executor.parallel:run_until_complete
[0.437s] INFO:colcon.colcon_ros.task.ament_cmake.build:Building ROS package in '/home/triton_08/tello_jp_jc_ws/src/tello_msg' with build type 'ament_cmake'
[0.437s] INFO:colcon.colcon_cmake.task.cmake.build:Building CMake package in '/home/triton_08/tello_jp_jc_ws/src/tello_msg'
[0.442s] INFO:colcon.colcon_core.plugin_system:Skipping extension 'colcon_core.shell.bat': Not used on non-Windows systems
[0.443s] INFO:colcon.colcon_core.shell:Skip shell extension 'powershell' for command environment: Not usable outside of PowerShell
[0.443s] DEBUG:colcon.colcon_core.shell:Skip shell extension 'dsv' for command environment
[0.456s] INFO:colcon.colcon_ros.task.ament_python.build:Building ROS package in '/home/triton_08/tello_jp_jc_ws/src/jpjc_joy' with build type 'ament_python'
[0.456s] Level 1:colcon.colcon_core.shell:create_environment_hook('jpjc_joy', 'ament_prefix_path')
[0.458s] INFO:colcon.colcon_core.shell:Creating environment hook '/home/triton_08/tello_jp_jc_ws/install/jpjc_joy/share/jpjc_joy/hook/ament_prefix_path.ps1'
[0.458s] INFO:colcon.colcon_core.shell:Creating environment descriptor '/home/triton_08/tello_jp_jc_ws/install/jpjc_joy/share/jpjc_joy/hook/ament_prefix_path.dsv'
[0.459s] INFO:colcon.colcon_core.shell:Creating environment hook '/home/triton_08/tello_jp_jc_ws/install/jpjc_joy/share/jpjc_joy/hook/ament_prefix_path.sh'
[0.461s] INFO:colcon.colcon_core.shell:Skip shell extension 'powershell' for command environment: Not usable outside of PowerShell
[0.461s] DEBUG:colcon.colcon_core.shell:Skip shell extension 'dsv' for command environment
[0.474s] INFO:colcon.colcon_ros.task.ament_python.build:Building ROS package in '/home/triton_08/tello_jp_jc_ws/src/jpjc_qr' with build type 'ament_python'
[0.474s] Level 1:colcon.colcon_core.shell:create_environment_hook('jpjc_qr', 'ament_prefix_path')
[0.476s] INFO:colcon.colcon_core.shell:Creating environment hook '/home/triton_08/tello_jp_jc_ws/install/jpjc_qr/share/jpjc_qr/hook/ament_prefix_path.ps1'
[0.476s] INFO:colcon.colcon_core.shell:Creating environment descriptor '/home/triton_08/tello_jp_jc_ws/install/jpjc_qr/share/jpjc_qr/hook/ament_prefix_path.dsv'
[0.477s] INFO:colcon.colcon_core.shell:Creating environment hook '/home/triton_08/tello_jp_jc_ws/install/jpjc_qr/share/jpjc_qr/hook/ament_prefix_path.sh'
[0.478s] INFO:colcon.colcon_core.shell:Skip shell extension 'powershell' for command environment: Not usable outside of PowerShell
[0.479s] DEBUG:colcon.colcon_core.shell:Skip shell extension 'dsv' for command environment
[0.483s] INFO:colcon.colcon_ros.task.ament_cmake.build:Building ROS package in '/home/triton_08/tello_jp_jc_ws/src/tello_control' with build type 'ament_cmake'
[0.483s] INFO:colcon.colcon_cmake.task.cmake.build:Building CMake package in '/home/triton_08/tello_jp_jc_ws/src/tello_control'
[0.484s] INFO:colcon.colcon_core.shell:Skip shell extension 'powershell' for command environment: Not usable outside of PowerShell
[0.484s] DEBUG:colcon.colcon_core.shell:Skip shell extension 'dsv' for command environment
[0.492s] DEBUG:colcon.colcon_core.event_handler.log_command:Invoking command in '/home/triton_08/tello_jp_jc_ws/build/tello_msg': CMAKE_PREFIX_PATH=${CMAKE_PREFIX_PATH}:/home/triton_08/tello_jp_jc_ws/install/tello:/home/triton_08/tello_jp_jc_ws/install/jpjc_qr:/home/triton_08/tello_jp_jc_ws/install/jpjc_joy:/opt/ros/humble /usr/bin/cmake --build /home/triton_08/tello_jp_jc_ws/build/tello_msg -- -j16 -l16
[0.740s] INFO:colcon.colcon_core.task.python.build:Building Python package in '/home/triton_08/tello_jp_jc_ws/src/jpjc_joy'
[0.741s] INFO:colcon.colcon_core.shell:Skip shell extension 'powershell' for command environment: Not usable outside of PowerShell
[0.741s] DEBUG:colcon.colcon_core.shell:Skip shell extension 'dsv' for command environment
[0.936s] INFO:colcon.colcon_core.task.python.build:Building Python package in '/home/triton_08/tello_jp_jc_ws/src/jpjc_qr'
[0.937s] INFO:colcon.colcon_core.shell:Skip shell extension 'powershell' for command environment: Not usable outside of PowerShell
[0.944s] DEBUG:colcon.colcon_core.shell:Skip shell extension 'dsv' for command environment
[0.962s] DEBUG:colcon.colcon_core.event_handler.log_command:Invoking command in '/home/triton_08/tello_jp_jc_ws/build/tello_control': CMAKE_PREFIX_PATH=${CMAKE_PREFIX_PATH}:/home/triton_08/tello_jp_jc_ws/install/tello:/home/triton_08/tello_jp_jc_ws/install/jpjc_qr:/home/triton_08/tello_jp_jc_ws/install/jpjc_joy:/opt/ros/humble /usr/bin/cmake --build /home/triton_08/tello_jp_jc_ws/build/tello_control -- -j16 -l16
[0.963s] DEBUG:colcon.colcon_core.event_handler.log_command:Invoked command in '/home/triton_08/tello_jp_jc_ws/build/tello_msg' returned '0': CMAKE_PREFIX_PATH=${CMAKE_PREFIX_PATH}:/home/triton_08/tello_jp_jc_ws/install/tello:/home/triton_08/tello_jp_jc_ws/install/jpjc_qr:/home/triton_08/tello_jp_jc_ws/install/jpjc_joy:/opt/ros/humble /usr/bin/cmake --build /home/triton_08/tello_jp_jc_ws/build/tello_msg -- -j16 -l16
[1.001s] DEBUG:colcon.colcon_core.event_handler.log_command:Invoked command in '/home/triton_08/tello_jp_jc_ws/build/tello_control' returned '0': CMAKE_PREFIX_PATH=${CMAKE_PREFIX_PATH}:/home/triton_08/tello_jp_jc_ws/install/tello:/home/triton_08/tello_jp_jc_ws/install/jpjc_qr:/home/triton_08/tello_jp_jc_ws/install/jpjc_joy:/opt/ros/humble /usr/bin/cmake --build /home/triton_08/tello_jp_jc_ws/build/tello_control -- -j16 -l16
[1.013s] DEBUG:colcon.colcon_core.event_handler.log_command:Invoking command in '/home/triton_08/tello_jp_jc_ws/build/tello_msg': CMAKE_PREFIX_PATH=${CMAKE_PREFIX_PATH}:/home/triton_08/tello_jp_jc_ws/install/tello:/home/triton_08/tello_jp_jc_ws/install/jpjc_qr:/home/triton_08/tello_jp_jc_ws/install/jpjc_joy:/opt/ros/humble /usr/bin/cmake --install /home/triton_08/tello_jp_jc_ws/build/tello_msg
[1.015s] DEBUG:colcon.colcon_core.event_handler.log_command:Invoking command in '/home/triton_08/tello_jp_jc_ws/build/tello_control': CMAKE_PREFIX_PATH=${CMAKE_PREFIX_PATH}:/home/triton_08/tello_jp_jc_ws/install/tello:/home/triton_08/tello_jp_jc_ws/install/jpjc_qr:/home/triton_08/tello_jp_jc_ws/install/jpjc_joy:/opt/ros/humble /usr/bin/cmake --install /home/triton_08/tello_jp_jc_ws/build/tello_control
[1.022s] Level 1:colcon.colcon_core.environment:create_environment_scripts_only(tello_control)
[1.028s] Level 1:colcon.colcon_core.environment:checking '/home/triton_08/tello_jp_jc_ws/install/tello_control' for CMake module files
[1.028s] Level 1:colcon.colcon_core.environment:checking '/home/triton_08/tello_jp_jc_ws/install/tello_control' for CMake config files
[1.029s] Level 1:colcon.colcon_core.shell:create_environment_hook('tello_control', 'cmake_prefix_path')
[1.030s] INFO:colcon.colcon_core.shell:Creating environment hook '/home/triton_08/tello_jp_jc_ws/install/tello_control/share/tello_control/hook/cmake_prefix_path.ps1'
[1.031s] INFO:colcon.colcon_core.shell:Creating environment descriptor '/home/triton_08/tello_jp_jc_ws/install/tello_control/share/tello_control/hook/cmake_prefix_path.dsv'
[1.031s] INFO:colcon.colcon_core.shell:Creating environment hook '/home/triton_08/tello_jp_jc_ws/install/tello_control/share/tello_control/hook/cmake_prefix_path.sh'
[1.032s] Level 1:colcon.colcon_core.environment:checking '/home/triton_08/tello_jp_jc_ws/install/tello_control/lib'
[1.032s] Level 1:colcon.colcon_core.environment:checking '/home/triton_08/tello_jp_jc_ws/install/tello_control/bin'
[1.032s] Level 1:colcon.colcon_core.environment:checking '/home/triton_08/tello_jp_jc_ws/install/tello_control/lib/pkgconfig/tello_control.pc'
[1.032s] Level 1:colcon.colcon_core.environment:checking '/home/triton_08/tello_jp_jc_ws/install/tello_control/lib/python3.10/site-packages'
[1.032s] Level 1:colcon.colcon_core.environment:checking '/home/triton_08/tello_jp_jc_ws/install/tello_control/bin'
[1.033s] INFO:colcon.colcon_core.shell:Creating package script '/home/triton_08/tello_jp_jc_ws/install/tello_control/share/tello_control/package.ps1'
[1.034s] INFO:colcon.colcon_core.shell:Creating package descriptor '/home/triton_08/tello_jp_jc_ws/install/tello_control/share/tello_control/package.dsv'
[1.035s] INFO:colcon.colcon_core.shell:Creating package script '/home/triton_08/tello_jp_jc_ws/install/tello_control/share/tello_control/package.sh'
[1.035s] INFO:colcon.colcon_core.shell:Creating package script '/home/triton_08/tello_jp_jc_ws/install/tello_control/share/tello_control/package.bash'
[1.036s] INFO:colcon.colcon_core.shell:Creating package script '/home/triton_08/tello_jp_jc_ws/install/tello_control/share/tello_control/package.zsh'
[1.037s] Level 1:colcon.colcon_core.environment:create_file_with_runtime_dependencies(/home/triton_08/tello_jp_jc_ws/install/tello_control/share/colcon-core/packages/tello_control)
[1.039s] DEBUG:colcon.colcon_core.event_handler.log_command:Invoked command in '/home/triton_08/tello_jp_jc_ws/build/tello_control' returned '0': CMAKE_PREFIX_PATH=${CMAKE_PREFIX_PATH}:/home/triton_08/tello_jp_jc_ws/install/tello:/home/triton_08/tello_jp_jc_ws/install/jpjc_qr:/home/triton_08/tello_jp_jc_ws/install/jpjc_joy:/opt/ros/humble /usr/bin/cmake --install /home/triton_08/tello_jp_jc_ws/build/tello_control
[1.052s] Level 1:colcon.colcon_core.environment:create_environment_scripts_only(tello_control)
[1.054s] Level 1:colcon.colcon_core.environment:checking '/home/triton_08/tello_jp_jc_ws/install/tello_control' for CMake module files
[1.054s] Level 1:colcon.colcon_core.environment:checking '/home/triton_08/tello_jp_jc_ws/install/tello_control' for CMake config files
[1.055s] Level 1:colcon.colcon_core.shell:create_environment_hook('tello_control', 'cmake_prefix_path')
[1.056s] INFO:colcon.colcon_core.shell:Creating environment hook '/home/triton_08/tello_jp_jc_ws/install/tello_control/share/tello_control/hook/cmake_prefix_path.ps1'
[1.056s] INFO:colcon.colcon_core.shell:Creating environment descriptor '/home/triton_08/tello_jp_jc_ws/install/tello_control/share/tello_control/hook/cmake_prefix_path.dsv'
[1.057s] INFO:colcon.colcon_core.shell:Creating environment hook '/home/triton_08/tello_jp_jc_ws/install/tello_control/share/tello_control/hook/cmake_prefix_path.sh'
[1.057s] Level 1:colcon.colcon_core.environment:checking '/home/triton_08/tello_jp_jc_ws/install/tello_control/lib'
[1.057s] Level 1:colcon.colcon_core.environment:checking '/home/triton_08/tello_jp_jc_ws/install/tello_control/bin'
[1.057s] Level 1:colcon.colcon_core.environment:checking '/home/triton_08/tello_jp_jc_ws/install/tello_control/lib/pkgconfig/tello_control.pc'
[1.058s] Level 1:colcon.colcon_core.environment:checking '/home/triton_08/tello_jp_jc_ws/install/tello_control/lib/python3.10/site-packages'
[1.058s] Level 1:colcon.colcon_core.environment:checking '/home/triton_08/tello_jp_jc_ws/install/tello_control/bin'
[1.059s] INFO:colcon.colcon_core.shell:Creating package script '/home/triton_08/tello_jp_jc_ws/install/tello_control/share/tello_control/package.ps1'
[1.059s] INFO:colcon.colcon_core.shell:Creating package descriptor '/home/triton_08/tello_jp_jc_ws/install/tello_control/share/tello_control/package.dsv'
[1.060s] INFO:colcon.colcon_core.shell:Creating package script '/home/triton_08/tello_jp_jc_ws/install/tello_control/share/tello_control/package.sh'
[1.060s] INFO:colcon.colcon_core.shell:Creating package script '/home/triton_08/tello_jp_jc_ws/install/tello_control/share/tello_control/package.bash'
[1.061s] INFO:colcon.colcon_core.shell:Creating package script '/home/triton_08/tello_jp_jc_ws/install/tello_control/share/tello_control/package.zsh'
[1.061s] Level 1:colcon.colcon_core.environment:create_file_with_runtime_dependencies(/home/triton_08/tello_jp_jc_ws/install/tello_control/share/colcon-core/packages/tello_control)
[1.062s] Level 1:colcon.colcon_core.environment:create_environment_scripts_only(tello_msg)
[1.063s] Level 1:colcon.colcon_core.environment:checking '/home/triton_08/tello_jp_jc_ws/install/tello_msg' for CMake module files
[1.064s] Level 1:colcon.colcon_core.environment:checking '/home/triton_08/tello_jp_jc_ws/install/tello_msg' for CMake config files
[1.065s] DEBUG:colcon.colcon_core.event_handler.log_command:Invoked command in '/home/triton_08/tello_jp_jc_ws/build/tello_msg' returned '0': CMAKE_PREFIX_PATH=${CMAKE_PREFIX_PATH}:/home/triton_08/tello_jp_jc_ws/install/tello:/home/triton_08/tello_jp_jc_ws/install/jpjc_qr:/home/triton_08/tello_jp_jc_ws/install/jpjc_joy:/opt/ros/humble /usr/bin/cmake --install /home/triton_08/tello_jp_jc_ws/build/tello_msg
[1.065s] Level 1:colcon.colcon_core.shell:create_environment_hook('tello_msg', 'cmake_prefix_path')
[1.066s] INFO:colcon.colcon_core.shell:Creating environment hook '/home/triton_08/tello_jp_jc_ws/install/tello_msg/share/tello_msg/hook/cmake_prefix_path.ps1'
[1.067s] INFO:colcon.colcon_core.shell:Creating environment descriptor '/home/triton_08/tello_jp_jc_ws/install/tello_msg/share/tello_msg/hook/cmake_prefix_path.dsv'
[1.067s] INFO:colcon.colcon_core.shell:Creating environment hook '/home/triton_08/tello_jp_jc_ws/install/tello_msg/share/tello_msg/hook/cmake_prefix_path.sh'
[1.067s] Level 1:colcon.colcon_core.environment:checking '/home/triton_08/tello_jp_jc_ws/install/tello_msg/lib'
[1.067s] Level 1:colcon.colcon_core.shell:create_environment_hook('tello_msg', 'ld_library_path_lib')
[1.068s] INFO:colcon.colcon_core.shell:Creating environment hook '/home/triton_08/tello_jp_jc_ws/install/tello_msg/share/tello_msg/hook/ld_library_path_lib.ps1'
[1.069s] INFO:colcon.colcon_core.shell:Creating environment descriptor '/home/triton_08/tello_jp_jc_ws/install/tello_msg/share/tello_msg/hook/ld_library_path_lib.dsv'
[1.069s] INFO:colcon.colcon_core.shell:Creating environment hook '/home/triton_08/tello_jp_jc_ws/install/tello_msg/share/tello_msg/hook/ld_library_path_lib.sh'
[1.069s] Level 1:colcon.colcon_core.environment:checking '/home/triton_08/tello_jp_jc_ws/install/tello_msg/bin'
[1.069s] Level 1:colcon.colcon_core.environment:checking '/home/triton_08/tello_jp_jc_ws/install/tello_msg/lib/pkgconfig/tello_msg.pc'
[1.069s] Level 1:colcon.colcon_core.environment:checking '/home/triton_08/tello_jp_jc_ws/install/tello_msg/lib/python3.10/site-packages'
[1.070s] Level 1:colcon.colcon_core.environment:checking '/home/triton_08/tello_jp_jc_ws/install/tello_msg/bin'
[1.071s] INFO:colcon.colcon_core.shell:Creating package script '/home/triton_08/tello_jp_jc_ws/install/tello_msg/share/tello_msg/package.ps1'
[1.071s] INFO:colcon.colcon_core.shell:Creating package descriptor '/home/triton_08/tello_jp_jc_ws/install/tello_msg/share/tello_msg/package.dsv'
[1.071s] INFO:colcon.colcon_core.shell:Creating package script '/home/triton_08/tello_jp_jc_ws/install/tello_msg/share/tello_msg/package.sh'
[1.071s] INFO:colcon.colcon_core.shell:Creating package script '/home/triton_08/tello_jp_jc_ws/install/tello_msg/share/tello_msg/package.bash'
[1.072s] INFO:colcon.colcon_core.shell:Creating package script '/home/triton_08/tello_jp_jc_ws/install/tello_msg/share/tello_msg/package.zsh'
[1.072s] Level 1:colcon.colcon_core.environment:create_file_with_runtime_dependencies(/home/triton_08/tello_jp_jc_ws/install/tello_msg/share/colcon-core/packages/tello_msg)
[1.117s] Level 1:colcon.colcon_core.environment:create_environment_scripts_only(tello_msg)
[1.118s] Level 1:colcon.colcon_core.environment:checking '/home/triton_08/tello_jp_jc_ws/install/tello_msg' for CMake module files
[1.119s] Level 1:colcon.colcon_core.environment:checking '/home/triton_08/tello_jp_jc_ws/install/tello_msg' for CMake config files
[1.119s] Level 1:colcon.colcon_core.shell:create_environment_hook('tello_msg', 'cmake_prefix_path')
[1.120s] INFO:colcon.colcon_core.shell:Creating environment hook '/home/triton_08/tello_jp_jc_ws/install/tello_msg/share/tello_msg/hook/cmake_prefix_path.ps1'
[1.120s] INFO:colcon.colcon_core.shell:Creating environment descriptor '/home/triton_08/tello_jp_jc_ws/install/tello_msg/share/tello_msg/hook/cmake_prefix_path.dsv'
[1.120s] INFO:colcon.colcon_core.shell:Creating environment hook '/home/triton_08/tello_jp_jc_ws/install/tello_msg/share/tello_msg/hook/cmake_prefix_path.sh'
[1.121s] Level 1:colcon.colcon_core.environment:checking '/home/triton_08/tello_jp_jc_ws/install/tello_msg/lib'
[1.121s] Level 1:colcon.colcon_core.shell:create_environment_hook('tello_msg', 'ld_library_path_lib')
[1.122s] INFO:colcon.colcon_core.shell:Creating environment hook '/home/triton_08/tello_jp_jc_ws/install/tello_msg/share/tello_msg/hook/ld_library_path_lib.ps1'
[1.122s] INFO:colcon.colcon_core.shell:Creating environment descriptor '/home/triton_08/tello_jp_jc_ws/install/tello_msg/share/tello_msg/hook/ld_library_path_lib.dsv'
[1.122s] INFO:colcon.colcon_core.shell:Creating environment hook '/home/triton_08/tello_jp_jc_ws/install/tello_msg/share/tello_msg/hook/ld_library_path_lib.sh'
[1.123s] Level 1:colcon.colcon_core.environment:checking '/home/triton_08/tello_jp_jc_ws/install/tello_msg/bin'
[1.123s] Level 1:colcon.colcon_core.environment:checking '/home/triton_08/tello_jp_jc_ws/install/tello_msg/lib/pkgconfig/tello_msg.pc'
[1.123s] Level 1:colcon.colcon_core.environment:checking '/home/triton_08/tello_jp_jc_ws/install/tello_msg/lib/python3.10/site-packages'
[1.123s] Level 1:colcon.colcon_core.environment:checking '/home/triton_08/tello_jp_jc_ws/install/tello_msg/bin'
[1.124s] INFO:colcon.colcon_core.shell:Creating package script '/home/triton_08/tello_jp_jc_ws/install/tello_msg/share/tello_msg/package.ps1'
[1.125s] INFO:colcon.colcon_core.shell:Creating package descriptor '/home/triton_08/tello_jp_jc_ws/install/tello_msg/share/tello_msg/package.dsv'
[1.125s] INFO:colcon.colcon_core.shell:Creating package script '/home/triton_08/tello_jp_jc_ws/install/tello_msg/share/tello_msg/package.sh'
[1.125s] INFO:colcon.colcon_core.shell:Creating package script '/home/triton_08/tello_jp_jc_ws/install/tello_msg/share/tello_msg/package.bash'
[1.125s] INFO:colcon.colcon_core.shell:Creating package script '/home/triton_08/tello_jp_jc_ws/install/tello_msg/share/tello_msg/package.zsh'
[1.126s] Level 1:colcon.colcon_core.environment:create_file_with_runtime_dependencies(/home/triton_08/tello_jp_jc_ws/install/tello_msg/share/colcon-core/packages/tello_msg)
[1.126s] INFO:colcon.colcon_ros.task.ament_python.build:Building ROS package in '/home/triton_08/tello_jp_jc_ws/src/tello' with build type 'ament_python'
[1.126s] Level 1:colcon.colcon_core.shell:create_environment_hook('tello', 'ament_prefix_path')
[1.127s] INFO:colcon.colcon_core.shell:Creating environment hook '/home/triton_08/tello_jp_jc_ws/install/tello/share/tello/hook/ament_prefix_path.ps1'
[1.128s] INFO:colcon.colcon_core.shell:Creating environment descriptor '/home/triton_08/tello_jp_jc_ws/install/tello/share/tello/hook/ament_prefix_path.dsv'
[1.128s] INFO:colcon.colcon_core.shell:Creating environment hook '/home/triton_08/tello_jp_jc_ws/install/tello/share/tello/hook/ament_prefix_path.sh'
[1.129s] INFO:colcon.colcon_core.shell:Skip shell extension 'powershell' for command environment: Not usable outside of PowerShell
[1.129s] DEBUG:colcon.colcon_core.shell:Skip shell extension 'dsv' for command environment
[1.321s] INFO:colcon.colcon_core.task.python.build:Building Python package in '/home/triton_08/tello_jp_jc_ws/src/tello'
[1.322s] INFO:colcon.colcon_core.shell:Skip shell extension 'powershell' for command environment: Not usable outside of PowerShell
[1.322s] DEBUG:colcon.colcon_core.shell:Skip shell extension 'dsv' for command environment
[1.328s] DEBUG:colcon.colcon_core.event_handler.log_command:Invoking command in '/home/triton_08/tello_jp_jc_ws/src/jpjc_joy': PYTHONPATH=/home/triton_08/tello_jp_jc_ws/build/jpjc_joy/prefix_override:/home/triton_08/tello_jp_jc_ws/install/jpjc_joy/lib/python3.10/site-packages:${PYTHONPATH} /usr/bin/python3 setup.py egg_info --egg-base ../../build/jpjc_joy build --build-base /home/triton_08/tello_jp_jc_ws/build/jpjc_joy/build install --record /home/triton_08/tello_jp_jc_ws/build/jpjc_joy/install.log --single-version-externally-managed
[1.330s] DEBUG:colcon.colcon_core.event_handler.log_command:Invoking command in '/home/triton_08/tello_jp_jc_ws/src/jpjc_qr': PYTHONPATH=/home/triton_08/tello_jp_jc_ws/build/jpjc_qr/prefix_override:/home/triton_08/tello_jp_jc_ws/install/jpjc_qr/lib/python3.10/site-packages:${PYTHONPATH} /usr/bin/python3 setup.py egg_info --egg-base ../../build/jpjc_qr build --build-base /home/triton_08/tello_jp_jc_ws/build/jpjc_qr/build install --record /home/triton_08/tello_jp_jc_ws/build/jpjc_qr/install.log --single-version-externally-managed
[1.548s] Level 1:colcon.colcon_core.environment:checking '/home/triton_08/tello_jp_jc_ws/install/jpjc_joy' for CMake module files
[1.548s] Level 1:colcon.colcon_core.environment:checking '/home/triton_08/tello_jp_jc_ws/install/jpjc_joy' for CMake config files
[1.548s] DEBUG:colcon.colcon_core.event_handler.log_command:Invoked command in '/home/triton_08/tello_jp_jc_ws/src/jpjc_joy' returned '0': PYTHONPATH=/home/triton_08/tello_jp_jc_ws/build/jpjc_joy/prefix_override:/home/triton_08/tello_jp_jc_ws/install/jpjc_joy/lib/python3.10/site-packages:${PYTHONPATH} /usr/bin/python3 setup.py egg_info --egg-base ../../build/jpjc_joy build --build-base /home/triton_08/tello_jp_jc_ws/build/jpjc_joy/build install --record /home/triton_08/tello_jp_jc_ws/build/jpjc_joy/install.log --single-version-externally-managed
[1.549s] Level 1:colcon.colcon_core.environment:checking '/home/triton_08/tello_jp_jc_ws/install/jpjc_joy/lib'
[1.549s] Level 1:colcon.colcon_core.environment:checking '/home/triton_08/tello_jp_jc_ws/install/jpjc_joy/bin'
[1.549s] Level 1:colcon.colcon_core.environment:checking '/home/triton_08/tello_jp_jc_ws/install/jpjc_joy/lib/pkgconfig/jpjc_joy.pc'
[1.549s] Level 1:colcon.colcon_core.environment:checking '/home/triton_08/tello_jp_jc_ws/install/jpjc_joy/lib/python3.10/site-packages'
[1.549s] Level 1:colcon.colcon_core.shell:create_environment_hook('jpjc_joy', 'pythonpath')
[1.550s] INFO:colcon.colcon_core.shell:Creating environment hook '/home/triton_08/tello_jp_jc_ws/install/jpjc_joy/share/jpjc_joy/hook/pythonpath.ps1'
[1.550s] INFO:colcon.colcon_core.shell:Creating environment descriptor '/home/triton_08/tello_jp_jc_ws/install/jpjc_joy/share/jpjc_joy/hook/pythonpath.dsv'
[1.551s] INFO:colcon.colcon_core.shell:Creating environment hook '/home/triton_08/tello_jp_jc_ws/install/jpjc_joy/share/jpjc_joy/hook/pythonpath.sh'
[1.551s] Level 1:colcon.colcon_core.environment:checking '/home/triton_08/tello_jp_jc_ws/install/jpjc_joy/bin'
[1.551s] Level 1:colcon.colcon_core.environment:create_environment_scripts_only(jpjc_joy)
[1.552s] INFO:colcon.colcon_core.shell:Creating package script '/home/triton_08/tello_jp_jc_ws/install/jpjc_joy/share/jpjc_joy/package.ps1'
[1.553s] INFO:colcon.colcon_core.shell:Creating package descriptor '/home/triton_08/tello_jp_jc_ws/install/jpjc_joy/share/jpjc_joy/package.dsv'
[1.553s] INFO:colcon.colcon_core.shell:Creating package script '/home/triton_08/tello_jp_jc_ws/install/jpjc_joy/share/jpjc_joy/package.sh'
[1.553s] INFO:colcon.colcon_core.shell:Creating package script '/home/triton_08/tello_jp_jc_ws/install/jpjc_joy/share/jpjc_joy/package.bash'
[1.553s] INFO:colcon.colcon_core.shell:Creating package script '/home/triton_08/tello_jp_jc_ws/install/jpjc_joy/share/jpjc_joy/package.zsh'
[1.554s] Level 1:colcon.colcon_core.environment:create_file_with_runtime_dependencies(/home/triton_08/tello_jp_jc_ws/install/jpjc_joy/share/colcon-core/packages/jpjc_joy)
[1.555s] Level 1:colcon.colcon_core.environment:checking '/home/triton_08/tello_jp_jc_ws/install/jpjc_qr' for CMake module files
[1.556s] Level 1:colcon.colcon_core.environment:checking '/home/triton_08/tello_jp_jc_ws/install/jpjc_qr' for CMake config files
[1.556s] DEBUG:colcon.colcon_core.event_handler.log_command:Invoked command in '/home/triton_08/tello_jp_jc_ws/src/jpjc_qr' returned '0': PYTHONPATH=/home/triton_08/tello_jp_jc_ws/build/jpjc_qr/prefix_override:/home/triton_08/tello_jp_jc_ws/install/jpjc_qr/lib/python3.10/site-packages:${PYTHONPATH} /usr/bin/python3 setup.py egg_info --egg-base ../../build/jpjc_qr build --build-base /home/triton_08/tello_jp_jc_ws/build/jpjc_qr/build install --record /home/triton_08/tello_jp_jc_ws/build/jpjc_qr/install.log --single-version-externally-managed
[1.557s] Level 1:colcon.colcon_core.environment:checking '/home/triton_08/tello_jp_jc_ws/install/jpjc_qr/lib'
[1.557s] Level 1:colcon.colcon_core.environment:checking '/home/triton_08/tello_jp_jc_ws/install/jpjc_qr/bin'
[1.557s] Level 1:colcon.colcon_core.environment:checking '/home/triton_08/tello_jp_jc_ws/install/jpjc_qr/lib/pkgconfig/jpjc_qr.pc'
[1.557s] Level 1:colcon.colcon_core.environment:checking '/home/triton_08/tello_jp_jc_ws/install/jpjc_qr/lib/python3.10/site-packages'
[1.557s] Level 1:colcon.colcon_core.shell:create_environment_hook('jpjc_qr', 'pythonpath')
[1.558s] INFO:colcon.colcon_core.shell:Creating environment hook '/home/triton_08/tello_jp_jc_ws/install/jpjc_qr/share/jpjc_qr/hook/pythonpath.ps1'
[1.558s] INFO:colcon.colcon_core.shell:Creating environment descriptor '/home/triton_08/tello_jp_jc_ws/install/jpjc_qr/share/jpjc_qr/hook/pythonpath.dsv'
[1.559s] INFO:colcon.colcon_core.shell:Creating environment hook '/home/triton_08/tello_jp_jc_ws/install/jpjc_qr/share/jpjc_qr/hook/pythonpath.sh'
[1.559s] Level 1:colcon.colcon_core.environment:checking '/home/triton_08/tello_jp_jc_ws/install/jpjc_qr/bin'
[1.559s] Level 1:colcon.colcon_core.environment:create_environment_scripts_only(jpjc_qr)
[1.560s] INFO:colcon.colcon_core.shell:Creating package script '/home/triton_08/tello_jp_jc_ws/install/jpjc_qr/share/jpjc_qr/package.ps1'
[1.561s] INFO:colcon.colcon_core.shell:Creating package descriptor '/home/triton_08/tello_jp_jc_ws/install/jpjc_qr/share/jpjc_qr/package.dsv'
[1.561s] INFO:colcon.colcon_core.shell:Creating package script '/home/triton_08/tello_jp_jc_ws/install/jpjc_qr/share/jpjc_qr/package.sh'
[1.561s] INFO:colcon.colcon_core.shell:Creating package script '/home/triton_08/tello_jp_jc_ws/install/jpjc_qr/share/jpjc_qr/package.bash'
[1.562s] INFO:colcon.colcon_core.shell:Creating package script '/home/triton_08/tello_jp_jc_ws/install/jpjc_qr/share/jpjc_qr/package.zsh'
[1.562s] Level 1:colcon.colcon_core.environment:create_file_with_runtime_dependencies(/home/triton_08/tello_jp_jc_ws/install/jpjc_qr/share/colcon-core/packages/jpjc_qr)
[1.578s] DEBUG:colcon.colcon_core.event_handler.log_command:Invoking command in '/home/triton_08/tello_jp_jc_ws/src/tello': PYTHONPATH=/home/triton_08/tello_jp_jc_ws/build/tello/prefix_override:/home/triton_08/tello_jp_jc_ws/install/tello/lib/python3.10/site-packages:${PYTHONPATH} /usr/bin/python3 setup.py egg_info --egg-base ../../build/tello build --build-base /home/triton_08/tello_jp_jc_ws/build/tello/build install --record /home/triton_08/tello_jp_jc_ws/build/tello/install.log --install-scripts $base/lib/tello --single-version-externally-managed
[1.787s] Level 1:colcon.colcon_core.environment:checking '/home/triton_08/tello_jp_jc_ws/install/tello' for CMake module files
[1.787s] Level 1:colcon.colcon_core.environment:checking '/home/triton_08/tello_jp_jc_ws/install/tello' for CMake config files
[1.788s] DEBUG:colcon.colcon_core.event_handler.log_command:Invoked command in '/home/triton_08/tello_jp_jc_ws/src/tello' returned '0': PYTHONPATH=/home/triton_08/tello_jp_jc_ws/build/tello/prefix_override:/home/triton_08/tello_jp_jc_ws/install/tello/lib/python3.10/site-packages:${PYTHONPATH} /usr/bin/python3 setup.py egg_info --egg-base ../../build/tello build --build-base /home/triton_08/tello_jp_jc_ws/build/tello/build install --record /home/triton_08/tello_jp_jc_ws/build/tello/install.log --install-scripts $base/lib/tello --single-version-externally-managed
[1.788s] Level 1:colcon.colcon_core.environment:checking '/home/triton_08/tello_jp_jc_ws/install/tello/lib'
[1.788s] Level 1:colcon.colcon_core.environment:checking '/home/triton_08/tello_jp_jc_ws/install/tello/bin'
[1.788s] Level 1:colcon.colcon_core.environment:checking '/home/triton_08/tello_jp_jc_ws/install/tello/lib/pkgconfig/tello.pc'
[1.788s] Level 1:colcon.colcon_core.environment:checking '/home/triton_08/tello_jp_jc_ws/install/tello/lib/python3.10/site-packages'
[1.788s] Level 1:colcon.colcon_core.shell:create_environment_hook('tello', 'pythonpath')
[1.789s] INFO:colcon.colcon_core.shell:Creating environment hook '/home/triton_08/tello_jp_jc_ws/install/tello/share/tello/hook/pythonpath.ps1'
[1.790s] INFO:colcon.colcon_core.shell:Creating environment descriptor '/home/triton_08/tello_jp_jc_ws/install/tello/share/tello/hook/pythonpath.dsv'
[1.790s] INFO:colcon.colcon_core.shell:Creating environment hook '/home/triton_08/tello_jp_jc_ws/install/tello/share/tello/hook/pythonpath.sh'
[1.790s] Level 1:colcon.colcon_core.environment:checking '/home/triton_08/tello_jp_jc_ws/install/tello/bin'
[1.790s] Level 1:colcon.colcon_core.environment:create_environment_scripts_only(tello)
[1.791s] INFO:colcon.colcon_core.shell:Creating package script '/home/triton_08/tello_jp_jc_ws/install/tello/share/tello/package.ps1'
[1.792s] INFO:colcon.colcon_core.shell:Creating package descriptor '/home/triton_08/tello_jp_jc_ws/install/tello/share/tello/package.dsv'
[1.792s] INFO:colcon.colcon_core.shell:Creating package script '/home/triton_08/tello_jp_jc_ws/install/tello/share/tello/package.sh'
[1.792s] INFO:colcon.colcon_core.shell:Creating package script '/home/triton_08/tello_jp_jc_ws/install/tello/share/tello/package.bash'
[1.793s] INFO:colcon.colcon_core.shell:Creating package script '/home/triton_08/tello_jp_jc_ws/install/tello/share/tello/package.zsh'
[1.793s] Level 1:colcon.colcon_core.environment:create_file_with_runtime_dependencies(/home/triton_08/tello_jp_jc_ws/install/tello/share/colcon-core/packages/tello)
[1.793s] DEBUG:colcon.colcon_parallel_executor.executor.parallel:closing loop
[1.793s] DEBUG:colcon.colcon_parallel_executor.executor.parallel:loop closed
[1.793s] DEBUG:colcon.colcon_parallel_executor.executor.parallel:run_until_complete finished with '0'
[1.794s] DEBUG:colcon.colcon_core.event_reactor:joining thread
[1.798s] INFO:colcon.colcon_core.plugin_system:Skipping extension 'colcon_notification.desktop_notification.terminal_notifier': Not used on non-Darwin systems
[1.798s] INFO:colcon.colcon_core.plugin_system:Skipping extension 'colcon_notification.desktop_notification.win32': Not used on non-Windows systems
[1.798s] INFO:colcon.colcon_notification.desktop_notification:Sending desktop notification using 'notify2'
[1.806s] DEBUG:colcon.colcon_core.event_reactor:joined thread
[1.807s] INFO:colcon.colcon_core.shell:Creating prefix script '/home/triton_08/tello_jp_jc_ws/install/local_setup.ps1'
[1.808s] INFO:colcon.colcon_core.shell:Creating prefix util module '/home/triton_08/tello_jp_jc_ws/install/_local_setup_util_ps1.py'
[1.809s] INFO:colcon.colcon_core.shell:Creating prefix chain script '/home/triton_08/tello_jp_jc_ws/install/setup.ps1'
[1.810s] INFO:colcon.colcon_core.shell:Creating prefix script '/home/triton_08/tello_jp_jc_ws/install/local_setup.sh'
[1.810s] INFO:colcon.colcon_core.shell:Creating prefix util module '/home/triton_08/tello_jp_jc_ws/install/_local_setup_util_sh.py'
[1.811s] INFO:colcon.colcon_core.shell:Creating prefix chain script '/home/triton_08/tello_jp_jc_ws/install/setup.sh'
[1.811s] INFO:colcon.colcon_core.shell:Creating prefix script '/home/triton_08/tello_jp_jc_ws/install/local_setup.bash'
[1.812s] INFO:colcon.colcon_core.shell:Creating prefix chain script '/home/triton_08/tello_jp_jc_ws/install/setup.bash'
[1.813s] INFO:colcon.colcon_core.shell:Creating prefix script '/home/triton_08/tello_jp_jc_ws/install/local_setup.zsh'
[1.813s] INFO:colcon.colcon_core.shell:Creating prefix chain script '/home/triton_08/tello_jp_jc_ws/install/setup.zsh'
