[0.251s] DEBUG:colcon:Command line arguments: ['/usr/bin/colcon', 'build']
[0.251s] DEBUG:colcon:Parsed command line arguments: Namespace(log_base=None, log_level=None, verb_name='build', build_base='build', install_base='install', merge_install=False, symlink_install=False, test_result_base=None, continue_on_error=False, executor='parallel', parallel_workers=16, event_handlers=None, ignore_user_meta=False, metas=['./colcon.meta'], base_paths=['.'], packages_ignore=None, packages_ignore_regex=None, paths=None, packages_up_to=None, packages_up_to_regex=None, packages_above=None, packages_above_and_dependencies=None, packages_above_depth=None, packages_select_by_dep=None, packages_skip_by_dep=None, packages_skip_up_to=None, packages_select_build_failed=False, packages_skip_build_finished=False, packages_select_test_failures=False, packages_skip_test_passed=False, packages_select=None, packages_skip=None, packages_select_regex=None, packages_skip_regex=None, packages_start=None, packages_end=None, allow_overriding=[], cmake_args=None, cmake_target=None, cmake_target_skip_unavailable=False, cmake_clean_cache=False, cmake_clean_first=False, cmake_force_configure=False, ament_cmake_args=None, catkin_cmake_args=None, catkin_skip_building_tests=False, verb_parser=<colcon_defaults.argument_parser.defaults.DefaultArgumentsDecorator object at 0x7ff9240c6230>, verb_extension=<colcon_core.verb.build.BuildVerb object at 0x7ff924881de0>, main=<bound method BuildVerb.main of <colcon_core.verb.build.BuildVerb object at 0x7ff924881de0>>)
[0.285s] Level 1:colcon.colcon_core.package_discovery:discover_packages(colcon_meta) check parameters
[0.285s] Level 1:colcon.colcon_core.package_discovery:discover_packages(recursive) check parameters
[0.285s] Level 1:colcon.colcon_core.package_discovery:discover_packages(ignore) check parameters
[0.285s] Level 1:colcon.colcon_core.package_discovery:discover_packages(path) check parameters
[0.285s] Level 1:colcon.colcon_core.package_discovery:discover_packages(colcon_meta) discover
[0.285s] Level 1:colcon.colcon_core.package_discovery:discover_packages(recursive) discover
[0.285s] INFO:colcon.colcon_core.package_discovery:Crawling recursively for packages in '/home/triton_08/tello_jp_jc_ws'
[0.285s] Level 1:colcon.colcon_core.package_identification:_identify(.) by extensions ['ignore', 'ignore_ament_install']
[0.285s] Level 1:colcon.colcon_core.package_identification:_identify(.) by extension 'ignore'
[0.285s] Level 1:colcon.colcon_core.package_identification:_identify(.) by extension 'ignore_ament_install'
[0.285s] Level 1:colcon.colcon_core.package_identification:_identify(.) by extensions ['colcon_pkg']
[0.285s] Level 1:colcon.colcon_core.package_identification:_identify(.) by extension 'colcon_pkg'
[0.285s] Level 1:colcon.colcon_core.package_identification:_identify(.) by extensions ['colcon_meta']
[0.285s] Level 1:colcon.colcon_core.package_identification:_identify(.) by extension 'colcon_meta'
[0.285s] Level 1:colcon.colcon_core.package_identification:_identify(.) by extensions ['ros']
[0.285s] Level 1:colcon.colcon_core.package_identification:_identify(.) by extension 'ros'
[0.294s] Level 1:colcon.colcon_core.package_identification:_identify(.) by extensions ['cmake', 'python']
[0.294s] Level 1:colcon.colcon_core.package_identification:_identify(.) by extension 'cmake'
[0.294s] Level 1:colcon.colcon_core.package_identification:_identify(.) by extension 'python'
[0.294s] Level 1:colcon.colcon_core.package_identification:_identify(.) by extensions ['python_setup_py']
[0.294s] Level 1:colcon.colcon_core.package_identification:_identify(.) by extension 'python_setup_py'
[0.294s] Level 1:colcon.colcon_core.package_identification:_identify(build) by extensions ['ignore', 'ignore_ament_install']
[0.294s] Level 1:colcon.colcon_core.package_identification:_identify(build) by extension 'ignore'
[0.294s] Level 1:colcon.colcon_core.package_identification:_identify(build) ignored
[0.294s] Level 1:colcon.colcon_core.package_identification:_identify(install) by extensions ['ignore', 'ignore_ament_install']
[0.294s] Level 1:colcon.colcon_core.package_identification:_identify(install) by extension 'ignore'
[0.294s] Level 1:colcon.colcon_core.package_identification:_identify(install) ignored
[0.295s] Level 1:colcon.colcon_core.package_identification:_identify(log) by extensions ['ignore', 'ignore_ament_install']
[0.295s] Level 1:colcon.colcon_core.package_identification:_identify(log) by extension 'ignore'
[0.295s] Level 1:colcon.colcon_core.package_identification:_identify(log) ignored
[0.295s] Level 1:colcon.colcon_core.package_identification:_identify(src) by extensions ['ignore', 'ignore_ament_install']
[0.295s] Level 1:colcon.colcon_core.package_identification:_identify(src) by extension 'ignore'
[0.295s] Level 1:colcon.colcon_core.package_identification:_identify(src) by extension 'ignore_ament_install'
[0.295s] Level 1:colcon.colcon_core.package_identification:_identify(src) by extensions ['colcon_pkg']
[0.295s] Level 1:colcon.colcon_core.package_identification:_identify(src) by extension 'colcon_pkg'
[0.295s] Level 1:colcon.colcon_core.package_identification:_identify(src) by extensions ['colcon_meta']
[0.295s] Level 1:colcon.colcon_core.package_identification:_identify(src) by extension 'colcon_meta'
[0.295s] Level 1:colcon.colcon_core.package_identification:_identify(src) by extensions ['ros']
[0.295s] Level 1:colcon.colcon_core.package_identification:_identify(src) by extension 'ros'
[0.295s] Level 1:colcon.colcon_core.package_identification:_identify(src) by extensions ['cmake', 'python']
[0.295s] Level 1:colcon.colcon_core.package_identification:_identify(src) by extension 'cmake'
[0.295s] Level 1:colcon.colcon_core.package_identification:_identify(src) by extension 'python'
[0.295s] Level 1:colcon.colcon_core.package_identification:_identify(src) by extensions ['python_setup_py']
[0.295s] Level 1:colcon.colcon_core.package_identification:_identify(src) by extension 'python_setup_py'
[0.295s] Level 1:colcon.colcon_core.package_identification:_identify(src/jpjc_joy) by extensions ['ignore', 'ignore_ament_install']
[0.295s] Level 1:colcon.colcon_core.package_identification:_identify(src/jpjc_joy) by extension 'ignore'
[0.296s] Level 1:colcon.colcon_core.package_identification:_identify(src/jpjc_joy) by extension 'ignore_ament_install'
[0.296s] Level 1:colcon.colcon_core.package_identification:_identify(src/jpjc_joy) by extensions ['colcon_pkg']
[0.296s] Level 1:colcon.colcon_core.package_identification:_identify(src/jpjc_joy) by extension 'colcon_pkg'
[0.296s] Level 1:colcon.colcon_core.package_identification:_identify(src/jpjc_joy) by extensions ['colcon_meta']
[0.296s] Level 1:colcon.colcon_core.package_identification:_identify(src/jpjc_joy) by extension 'colcon_meta'
[0.296s] Level 1:colcon.colcon_core.package_identification:_identify(src/jpjc_joy) by extensions ['ros']
[0.296s] Level 1:colcon.colcon_core.package_identification:_identify(src/jpjc_joy) by extension 'ros'
[0.298s] DEBUG:colcon.colcon_core.package_identification:Package 'src/jpjc_joy' with type 'ros.ament_python' and name 'jpjc_joy'
[0.298s] Level 1:colcon.colcon_core.package_identification:_identify(src/jpjc_qr) by extensions ['ignore', 'ignore_ament_install']
[0.298s] Level 1:colcon.colcon_core.package_identification:_identify(src/jpjc_qr) by extension 'ignore'
[0.298s] Level 1:colcon.colcon_core.package_identification:_identify(src/jpjc_qr) by extension 'ignore_ament_install'
[0.298s] Level 1:colcon.colcon_core.package_identification:_identify(src/jpjc_qr) by extensions ['colcon_pkg']
[0.298s] Level 1:colcon.colcon_core.package_identification:_identify(src/jpjc_qr) by extension 'colcon_pkg'
[0.298s] Level 1:colcon.colcon_core.package_identification:_identify(src/jpjc_qr) by extensions ['colcon_meta']
[0.298s] Level 1:colcon.colcon_core.package_identification:_identify(src/jpjc_qr) by extension 'colcon_meta'
[0.298s] Level 1:colcon.colcon_core.package_identification:_identify(src/jpjc_qr) by extensions ['ros']
[0.298s] Level 1:colcon.colcon_core.package_identification:_identify(src/jpjc_qr) by extension 'ros'
[0.298s] DEBUG:colcon.colcon_core.package_identification:Package 'src/jpjc_qr' with type 'ros.ament_python' and name 'jpjc_qr'
[0.299s] Level 1:colcon.colcon_core.package_identification:_identify(src/tello) by extensions ['ignore', 'ignore_ament_install']
[0.299s] Level 1:colcon.colcon_core.package_identification:_identify(src/tello) by extension 'ignore'
[0.299s] Level 1:colcon.colcon_core.package_identification:_identify(src/tello) by extension 'ignore_ament_install'
[0.299s] Level 1:colcon.colcon_core.package_identification:_identify(src/tello) by extensions ['colcon_pkg']
[0.299s] Level 1:colcon.colcon_core.package_identification:_identify(src/tello) by extension 'colcon_pkg'
[0.299s] Level 1:colcon.colcon_core.package_identification:_identify(src/tello) by extensions ['colcon_meta']
[0.299s] Level 1:colcon.colcon_core.package_identification:_identify(src/tello) by extension 'colcon_meta'
[0.299s] Level 1:colcon.colcon_core.package_identification:_identify(src/tello) by extensions ['ros']
[0.299s] Level 1:colcon.colcon_core.package_identification:_identify(src/tello) by extension 'ros'
[0.299s] DEBUG:colcon.colcon_core.package_identification:Package 'src/tello' with type 'ros.ament_python' and name 'tello'
[0.300s] Level 1:colcon.colcon_core.package_identification:_identify(src/tello_control) by extensions ['ignore', 'ignore_ament_install']
[0.300s] Level 1:colcon.colcon_core.package_identification:_identify(src/tello_control) by extension 'ignore'
[0.300s] Level 1:colcon.colcon_core.package_identification:_identify(src/tello_control) by extension 'ignore_ament_install'
[0.300s] Level 1:colcon.colcon_core.package_identification:_identify(src/tello_control) by extensions ['colcon_pkg']
[0.300s] Level 1:colcon.colcon_core.package_identification:_identify(src/tello_control) by extension 'colcon_pkg'
[0.300s] Level 1:colcon.colcon_core.package_identification:_identify(src/tello_control) by extensions ['colcon_meta']
[0.300s] Level 1:colcon.colcon_core.package_identification:_identify(src/tello_control) by extension 'colcon_meta'
[0.300s] Level 1:colcon.colcon_core.package_identification:_identify(src/tello_control) by extensions ['ros']
[0.300s] Level 1:colcon.colcon_core.package_identification:_identify(src/tello_control) by extension 'ros'
[0.300s] DEBUG:colcon.colcon_core.package_identification:Package 'src/tello_control' with type 'ros.ament_cmake' and name 'tello_control'
[0.300s] Level 1:colcon.colcon_core.package_identification:_identify(src/tello_msg) by extensions ['ignore', 'ignore_ament_install']
[0.300s] Level 1:colcon.colcon_core.package_identification:_identify(src/tello_msg) by extension 'ignore'
[0.300s] Level 1:colcon.colcon_core.package_identification:_identify(src/tello_msg) by extension 'ignore_ament_install'
[0.300s] Level 1:colcon.colcon_core.package_identification:_identify(src/tello_msg) by extensions ['colcon_pkg']
[0.300s] Level 1:colcon.colcon_core.package_identification:_identify(src/tello_msg) by extension 'colcon_pkg'
[0.301s] Level 1:colcon.colcon_core.package_identification:_identify(src/tello_msg) by extensions ['colcon_meta']
[0.301s] Level 1:colcon.colcon_core.package_identification:_identify(src/tello_msg) by extension 'colcon_meta'
[0.301s] Level 1:colcon.colcon_core.package_identification:_identify(src/tello_msg) by extensions ['ros']
[0.301s] Level 1:colcon.colcon_core.package_identification:_identify(src/tello_msg) by extension 'ros'
[0.301s] DEBUG:colcon.colcon_core.package_identification:Package 'src/tello_msg' with type 'ros.ament_cmake' and name 'tello_msg'
[0.301s] Level 1:colcon.colcon_core.package_discovery:discover_packages(recursive) using defaults
[0.301s] Level 1:colcon.colcon_core.package_discovery:discover_packages(ignore) discover
[0.301s] Level 1:colcon.colcon_core.package_discovery:discover_packages(ignore) using defaults
[0.301s] Level 1:colcon.colcon_core.package_discovery:discover_packages(path) discover
[0.301s] Level 1:colcon.colcon_core.package_discovery:discover_packages(path) using defaults
[0.319s] Level 1:colcon.colcon_core.package_discovery:discover_packages(prefix_path) check parameters
[0.319s] Level 1:colcon.colcon_core.package_discovery:discover_packages(prefix_path) discover
[0.322s] DEBUG:colcon.colcon_installed_package_information.package_discovery:Found 9 installed packages in /home/triton_08/tello_jp_jc_ws/install
[0.324s] DEBUG:colcon.colcon_installed_package_information.package_discovery:Found 285 installed packages in /opt/ros/humble
[0.326s] Level 1:colcon.colcon_core.package_discovery:discover_packages(prefix_path) using defaults
[0.377s] Level 5:colcon.colcon_core.verb:set package 'jpjc_joy' build argument 'cmake_args' from command line to 'None'
[0.378s] Level 5:colcon.colcon_core.verb:set package 'jpjc_joy' build argument 'cmake_target' from command line to 'None'
[0.378s] Level 5:colcon.colcon_core.verb:set package 'jpjc_joy' build argument 'cmake_target_skip_unavailable' from command line to 'False'
[0.378s] Level 5:colcon.colcon_core.verb:set package 'jpjc_joy' build argument 'cmake_clean_cache' from command line to 'False'
[0.378s] Level 5:colcon.colcon_core.verb:set package 'jpjc_joy' build argument 'cmake_clean_first' from command line to 'False'
[0.378s] Level 5:colcon.colcon_core.verb:set package 'jpjc_joy' build argument 'cmake_force_configure' from command line to 'False'
[0.378s] Level 5:colcon.colcon_core.verb:set package 'jpjc_joy' build argument 'ament_cmake_args' from command line to 'None'
[0.378s] Level 5:colcon.colcon_core.verb:set package 'jpjc_joy' build argument 'catkin_cmake_args' from command line to 'None'
[0.378s] Level 5:colcon.colcon_core.verb:set package 'jpjc_joy' build argument 'catkin_skip_building_tests' from command line to 'False'
[0.378s] DEBUG:colcon.colcon_core.verb:Building package 'jpjc_joy' with the following arguments: {'ament_cmake_args': None, 'build_base': '/home/triton_08/tello_jp_jc_ws/build/jpjc_joy', 'catkin_cmake_args': None, 'catkin_skip_building_tests': False, 'cmake_args': None, 'cmake_clean_cache': False, 'cmake_clean_first': False, 'cmake_force_configure': False, 'cmake_target': None, 'cmake_target_skip_unavailable': False, 'install_base': '/home/triton_08/tello_jp_jc_ws/install/jpjc_joy', 'merge_install': False, 'path': '/home/triton_08/tello_jp_jc_ws/src/jpjc_joy', 'symlink_install': False, 'test_result_base': None}
[0.379s] Level 5:colcon.colcon_core.verb:set package 'jpjc_qr' build argument 'cmake_args' from command line to 'None'
[0.379s] Level 5:colcon.colcon_core.verb:set package 'jpjc_qr' build argument 'cmake_target' from command line to 'None'
[0.379s] Level 5:colcon.colcon_core.verb:set package 'jpjc_qr' build argument 'cmake_target_skip_unavailable' from command line to 'False'
[0.379s] Level 5:colcon.colcon_core.verb:set package 'jpjc_qr' build argument 'cmake_clean_cache' from command line to 'False'
[0.379s] Level 5:colcon.colcon_core.verb:set package 'jpjc_qr' build argument 'cmake_clean_first' from command line to 'False'
[0.379s] Level 5:colcon.colcon_core.verb:set package 'jpjc_qr' build argument 'cmake_force_configure' from command line to 'False'
[0.379s] Level 5:colcon.colcon_core.verb:set package 'jpjc_qr' build argument 'ament_cmake_args' from command line to 'None'
[0.379s] Level 5:colcon.colcon_core.verb:set package 'jpjc_qr' build argument 'catkin_cmake_args' from command line to 'None'
[0.379s] Level 5:colcon.colcon_core.verb:set package 'jpjc_qr' build argument 'catkin_skip_building_tests' from command line to 'False'
[0.379s] DEBUG:colcon.colcon_core.verb:Building package 'jpjc_qr' with the following arguments: {'ament_cmake_args': None, 'build_base': '/home/triton_08/tello_jp_jc_ws/build/jpjc_qr', 'catkin_cmake_args': None, 'catkin_skip_building_tests': False, 'cmake_args': None, 'cmake_clean_cache': False, 'cmake_clean_first': False, 'cmake_force_configure': False, 'cmake_target': None, 'cmake_target_skip_unavailable': False, 'install_base': '/home/triton_08/tello_jp_jc_ws/install/jpjc_qr', 'merge_install': False, 'path': '/home/triton_08/tello_jp_jc_ws/src/jpjc_qr', 'symlink_install': False, 'test_result_base': None}
[0.380s] Level 5:colcon.colcon_core.verb:set package 'tello_control' build argument 'cmake_args' from command line to 'None'
[0.380s] Level 5:colcon.colcon_core.verb:set package 'tello_control' build argument 'cmake_target' from command line to 'None'
[0.380s] Level 5:colcon.colcon_core.verb:set package 'tello_control' build argument 'cmake_target_skip_unavailable' from command line to 'False'
[0.380s] Level 5:colcon.colcon_core.verb:set package 'tello_control' build argument 'cmake_clean_cache' from command line to 'False'
[0.380s] Level 5:colcon.colcon_core.verb:set package 'tello_control' build argument 'cmake_clean_first' from command line to 'False'
[0.380s] Level 5:colcon.colcon_core.verb:set package 'tello_control' build argument 'cmake_force_configure' from command line to 'False'
[0.380s] Level 5:colcon.colcon_core.verb:set package 'tello_control' build argument 'ament_cmake_args' from command line to 'None'
[0.380s] Level 5:colcon.colcon_core.verb:set package 'tello_control' build argument 'catkin_cmake_args' from command line to 'None'
[0.380s] Level 5:colcon.colcon_core.verb:set package 'tello_control' build argument 'catkin_skip_building_tests' from command line to 'False'
[0.380s] DEBUG:colcon.colcon_core.verb:Building package 'tello_control' with the following arguments: {'ament_cmake_args': None, 'build_base': '/home/triton_08/tello_jp_jc_ws/build/tello_control', 'catkin_cmake_args': None, 'catkin_skip_building_tests': False, 'cmake_args': None, 'cmake_clean_cache': False, 'cmake_clean_first': False, 'cmake_force_configure': False, 'cmake_target': None, 'cmake_target_skip_unavailable': False, 'install_base': '/home/triton_08/tello_jp_jc_ws/install/tello_control', 'merge_install': False, 'path': '/home/triton_08/tello_jp_jc_ws/src/tello_control', 'symlink_install': False, 'test_result_base': None}
[0.381s] Level 5:colcon.colcon_core.verb:set package 'tello_msg' build argument 'cmake_args' from command line to 'None'
[0.381s] Level 5:colcon.colcon_core.verb:set package 'tello_msg' build argument 'cmake_target' from command line to 'None'
[0.381s] Level 5:colcon.colcon_core.verb:set package 'tello_msg' build argument 'cmake_target_skip_unavailable' from command line to 'False'
[0.381s] Level 5:colcon.colcon_core.verb:set package 'tello_msg' build argument 'cmake_clean_cache' from command line to 'False'
[0.381s] Level 5:colcon.colcon_core.verb:set package 'tello_msg' build argument 'cmake_clean_first' from command line to 'False'
[0.381s] Level 5:colcon.colcon_core.verb:set package 'tello_msg' build argument 'cmake_force_configure' from command line to 'False'
[0.381s] Level 5:colcon.colcon_core.verb:set package 'tello_msg' build argument 'ament_cmake_args' from command line to 'None'
[0.381s] Level 5:colcon.colcon_core.verb:set package 'tello_msg' build argument 'catkin_cmake_args' from command line to 'None'
[0.381s] Level 5:colcon.colcon_core.verb:set package 'tello_msg' build argument 'catkin_skip_building_tests' from command line to 'False'
[0.381s] DEBUG:colcon.colcon_core.verb:Building package 'tello_msg' with the following arguments: {'ament_cmake_args': None, 'build_base': '/home/triton_08/tello_jp_jc_ws/build/tello_msg', 'catkin_cmake_args': None, 'catkin_skip_building_tests': False, 'cmake_args': None, 'cmake_clean_cache': False, 'cmake_clean_first': False, 'cmake_force_configure': False, 'cmake_target': None, 'cmake_target_skip_unavailable': False, 'install_base': '/home/triton_08/tello_jp_jc_ws/install/tello_msg', 'merge_install': False, 'path': '/home/triton_08/tello_jp_jc_ws/src/tello_msg', 'symlink_install': False, 'test_result_base': None}
[0.381s] Level 5:colcon.colcon_core.verb:set package 'tello' build argument 'cmake_args' from command line to 'None'
[0.382s] Level 5:colcon.colcon_core.verb:set package 'tello' build argument 'cmake_target' from command line to 'None'
[0.382s] Level 5:colcon.colcon_core.verb:set package 'tello' build argument 'cmake_target_skip_unavailable' from command line to 'False'
[0.382s] Level 5:colcon.colcon_core.verb:set package 'tello' build argument 'cmake_clean_cache' from command line to 'False'
[0.382s] Level 5:colcon.colcon_core.verb:set package 'tello' build argument 'cmake_clean_first' from command line to 'False'
[0.382s] Level 5:colcon.colcon_core.verb:set package 'tello' build argument 'cmake_force_configure' from command line to 'False'
[0.382s] Level 5:colcon.colcon_core.verb:set package 'tello' build argument 'ament_cmake_args' from command line to 'None'
[0.382s] Level 5:colcon.colcon_core.verb:set package 'tello' build argument 'catkin_cmake_args' from command line to 'None'
[0.382s] Level 5:colcon.colcon_core.verb:set package 'tello' build argument 'catkin_skip_building_tests' from command line to 'False'
[0.382s] DEBUG:colcon.colcon_core.verb:Building package 'tello' with the following arguments: {'ament_cmake_args': None, 'build_base': '/home/triton_08/tello_jp_jc_ws/build/tello', 'catkin_cmake_args': None, 'catkin_skip_building_tests': False, 'cmake_args': None, 'cmake_clean_cache': False, 'cmake_clean_first': False, 'cmake_force_configure': False, 'cmake_target': None, 'cmake_target_skip_unavailable': False, 'install_base': '/home/triton_08/tello_jp_jc_ws/install/tello', 'merge_install': False, 'path': '/home/triton_08/tello_jp_jc_ws/src/tello', 'symlink_install': False, 'test_result_base': None}
[0.382s] INFO:colcon.colcon_core.executor:Executing jobs using 'parallel' executor
[0.385s] DEBUG:colcon.colcon_parallel_executor.executor.parallel:run_until_complete
[0.385s] INFO:colcon.colcon_ros.task.ament_cmake.build:Building ROS package in '/home/triton_08/tello_jp_jc_ws/src/tello_msg' with build type 'ament_cmake'
[0.385s] INFO:colcon.colcon_cmake.task.cmake.build:Building CMake package in '/home/triton_08/tello_jp_jc_ws/src/tello_msg'
[0.388s] INFO:colcon.colcon_core.plugin_system:Skipping extension 'colcon_core.shell.bat': Not used on non-Windows systems
[0.388s] INFO:colcon.colcon_core.shell:Skip shell extension 'powershell' for command environment: Not usable outside of PowerShell
[0.388s] DEBUG:colcon.colcon_core.shell:Skip shell extension 'dsv' for command environment
[0.392s] INFO:colcon.colcon_ros.task.ament_python.build:Building ROS package in '/home/triton_08/tello_jp_jc_ws/src/jpjc_joy' with build type 'ament_python'
[0.392s] Level 1:colcon.colcon_core.shell:create_environment_hook('jpjc_joy', 'ament_prefix_path')
[0.393s] INFO:colcon.colcon_core.shell:Creating environment hook '/home/triton_08/tello_jp_jc_ws/install/jpjc_joy/share/jpjc_joy/hook/ament_prefix_path.ps1'
[0.393s] INFO:colcon.colcon_core.shell:Creating environment descriptor '/home/triton_08/tello_jp_jc_ws/install/jpjc_joy/share/jpjc_joy/hook/ament_prefix_path.dsv'
[0.394s] INFO:colcon.colcon_core.shell:Creating environment hook '/home/triton_08/tello_jp_jc_ws/install/jpjc_joy/share/jpjc_joy/hook/ament_prefix_path.sh'
[0.395s] INFO:colcon.colcon_core.shell:Skip shell extension 'powershell' for command environment: Not usable outside of PowerShell
[0.395s] DEBUG:colcon.colcon_core.shell:Skip shell extension 'dsv' for command environment
[0.399s] INFO:colcon.colcon_ros.task.ament_python.build:Building ROS package in '/home/triton_08/tello_jp_jc_ws/src/jpjc_qr' with build type 'ament_python'
[0.399s] Level 1:colcon.colcon_core.shell:create_environment_hook('jpjc_qr', 'ament_prefix_path')
[0.400s] INFO:colcon.colcon_core.shell:Creating environment hook '/home/triton_08/tello_jp_jc_ws/install/jpjc_qr/share/jpjc_qr/hook/ament_prefix_path.ps1'
[0.401s] INFO:colcon.colcon_core.shell:Creating environment descriptor '/home/triton_08/tello_jp_jc_ws/install/jpjc_qr/share/jpjc_qr/hook/ament_prefix_path.dsv'
[0.401s] INFO:colcon.colcon_core.shell:Creating environment hook '/home/triton_08/tello_jp_jc_ws/install/jpjc_qr/share/jpjc_qr/hook/ament_prefix_path.sh'
[0.402s] INFO:colcon.colcon_core.shell:Skip shell extension 'powershell' for command environment: Not usable outside of PowerShell
[0.403s] DEBUG:colcon.colcon_core.shell:Skip shell extension 'dsv' for command environment
[0.406s] INFO:colcon.colcon_ros.task.ament_cmake.build:Building ROS package in '/home/triton_08/tello_jp_jc_ws/src/tello_control' with build type 'ament_cmake'
[0.406s] INFO:colcon.colcon_cmake.task.cmake.build:Building CMake package in '/home/triton_08/tello_jp_jc_ws/src/tello_control'
[0.407s] INFO:colcon.colcon_core.shell:Skip shell extension 'powershell' for command environment: Not usable outside of PowerShell
[0.407s] DEBUG:colcon.colcon_core.shell:Skip shell extension 'dsv' for command environment
[0.414s] DEBUG:colcon.colcon_core.event_handler.log_command:Invoking command in '/home/triton_08/tello_jp_jc_ws/build/tello_msg': CMAKE_PREFIX_PATH=${CMAKE_PREFIX_PATH}:/home/triton_08/tello_jp_jc_ws/install/tello:/home/triton_08/tello_jp_jc_ws/install/jpjc_qr:/home/triton_08/tello_jp_jc_ws/install/jpjc_joy:/opt/ros/humble /usr/bin/cmake --build /home/triton_08/tello_jp_jc_ws/build/tello_msg -- -j16 -l16
[0.660s] INFO:colcon.colcon_core.task.python.build:Building Python package in '/home/triton_08/tello_jp_jc_ws/src/jpjc_joy'
[0.662s] INFO:colcon.colcon_core.shell:Skip shell extension 'powershell' for command environment: Not usable outside of PowerShell
[0.662s] DEBUG:colcon.colcon_core.shell:Skip shell extension 'dsv' for command environment
[0.888s] INFO:colcon.colcon_core.task.python.build:Building Python package in '/home/triton_08/tello_jp_jc_ws/src/jpjc_qr'
[0.890s] INFO:colcon.colcon_core.shell:Skip shell extension 'powershell' for command environment: Not usable outside of PowerShell
[0.890s] DEBUG:colcon.colcon_core.shell:Skip shell extension 'dsv' for command environment
[0.906s] DEBUG:colcon.colcon_core.event_handler.log_command:Invoking command in '/home/triton_08/tello_jp_jc_ws/build/tello_control': CMAKE_PREFIX_PATH=${CMAKE_PREFIX_PATH}:/home/triton_08/tello_jp_jc_ws/install/tello:/home/triton_08/tello_jp_jc_ws/install/jpjc_qr:/home/triton_08/tello_jp_jc_ws/install/jpjc_joy:/opt/ros/humble /usr/bin/cmake --build /home/triton_08/tello_jp_jc_ws/build/tello_control -- -j16 -l16
[0.907s] DEBUG:colcon.colcon_core.event_handler.log_command:Invoked command in '/home/triton_08/tello_jp_jc_ws/build/tello_msg' returned '0': CMAKE_PREFIX_PATH=${CMAKE_PREFIX_PATH}:/home/triton_08/tello_jp_jc_ws/install/tello:/home/triton_08/tello_jp_jc_ws/install/jpjc_qr:/home/triton_08/tello_jp_jc_ws/install/jpjc_joy:/opt/ros/humble /usr/bin/cmake --build /home/triton_08/tello_jp_jc_ws/build/tello_msg -- -j16 -l16
[0.957s] DEBUG:colcon.colcon_core.event_handler.log_command:Invoked command in '/home/triton_08/tello_jp_jc_ws/build/tello_control' returned '0': CMAKE_PREFIX_PATH=${CMAKE_PREFIX_PATH}:/home/triton_08/tello_jp_jc_ws/install/tello:/home/triton_08/tello_jp_jc_ws/install/jpjc_qr:/home/triton_08/tello_jp_jc_ws/install/jpjc_joy:/opt/ros/humble /usr/bin/cmake --build /home/triton_08/tello_jp_jc_ws/build/tello_control -- -j16 -l16
[0.978s] DEBUG:colcon.colcon_core.event_handler.log_command:Invoking command in '/home/triton_08/tello_jp_jc_ws/build/tello_msg': CMAKE_PREFIX_PATH=${CMAKE_PREFIX_PATH}:/home/triton_08/tello_jp_jc_ws/install/tello:/home/triton_08/tello_jp_jc_ws/install/jpjc_qr:/home/triton_08/tello_jp_jc_ws/install/jpjc_joy:/opt/ros/humble /usr/bin/cmake --install /home/triton_08/tello_jp_jc_ws/build/tello_msg
[0.980s] DEBUG:colcon.colcon_core.event_handler.log_command:Invoking command in '/home/triton_08/tello_jp_jc_ws/build/tello_control': CMAKE_PREFIX_PATH=${CMAKE_PREFIX_PATH}:/home/triton_08/tello_jp_jc_ws/install/tello:/home/triton_08/tello_jp_jc_ws/install/jpjc_qr:/home/triton_08/tello_jp_jc_ws/install/jpjc_joy:/opt/ros/humble /usr/bin/cmake --install /home/triton_08/tello_jp_jc_ws/build/tello_control
[0.989s] Level 1:colcon.colcon_core.environment:create_environment_scripts_only(tello_control)
[0.998s] Level 1:colcon.colcon_core.environment:checking '/home/triton_08/tello_jp_jc_ws/install/tello_control' for CMake module files
[0.999s] Level 1:colcon.colcon_core.environment:checking '/home/triton_08/tello_jp_jc_ws/install/tello_control' for CMake config files
[1.000s] Level 1:colcon.colcon_core.shell:create_environment_hook('tello_control', 'cmake_prefix_path')
[1.002s] INFO:colcon.colcon_core.shell:Creating environment hook '/home/triton_08/tello_jp_jc_ws/install/tello_control/share/tello_control/hook/cmake_prefix_path.ps1'
[1.003s] INFO:colcon.colcon_core.shell:Creating environment descriptor '/home/triton_08/tello_jp_jc_ws/install/tello_control/share/tello_control/hook/cmake_prefix_path.dsv'
[1.004s] INFO:colcon.colcon_core.shell:Creating environment hook '/home/triton_08/tello_jp_jc_ws/install/tello_control/share/tello_control/hook/cmake_prefix_path.sh'
[1.005s] Level 1:colcon.colcon_core.environment:checking '/home/triton_08/tello_jp_jc_ws/install/tello_control/lib'
[1.005s] Level 1:colcon.colcon_core.environment:checking '/home/triton_08/tello_jp_jc_ws/install/tello_control/bin'
[1.006s] Level 1:colcon.colcon_core.environment:checking '/home/triton_08/tello_jp_jc_ws/install/tello_control/lib/pkgconfig/tello_control.pc'
[1.006s] Level 1:colcon.colcon_core.environment:checking '/home/triton_08/tello_jp_jc_ws/install/tello_control/lib/python3.10/site-packages'
[1.006s] Level 1:colcon.colcon_core.environment:checking '/home/triton_08/tello_jp_jc_ws/install/tello_control/bin'
[1.008s] INFO:colcon.colcon_core.shell:Creating package script '/home/triton_08/tello_jp_jc_ws/install/tello_control/share/tello_control/package.ps1'
[1.009s] INFO:colcon.colcon_core.shell:Creating package descriptor '/home/triton_08/tello_jp_jc_ws/install/tello_control/share/tello_control/package.dsv'
[1.010s] INFO:colcon.colcon_core.shell:Creating package script '/home/triton_08/tello_jp_jc_ws/install/tello_control/share/tello_control/package.sh'
[1.011s] INFO:colcon.colcon_core.shell:Creating package script '/home/triton_08/tello_jp_jc_ws/install/tello_control/share/tello_control/package.bash'
[1.013s] INFO:colcon.colcon_core.shell:Creating package script '/home/triton_08/tello_jp_jc_ws/install/tello_control/share/tello_control/package.zsh'
[1.014s] Level 1:colcon.colcon_core.environment:create_file_with_runtime_dependencies(/home/triton_08/tello_jp_jc_ws/install/tello_control/share/colcon-core/packages/tello_control)
[1.018s] DEBUG:colcon.colcon_core.event_handler.log_command:Invoked command in '/home/triton_08/tello_jp_jc_ws/build/tello_control' returned '0': CMAKE_PREFIX_PATH=${CMAKE_PREFIX_PATH}:/home/triton_08/tello_jp_jc_ws/install/tello:/home/triton_08/tello_jp_jc_ws/install/jpjc_qr:/home/triton_08/tello_jp_jc_ws/install/jpjc_joy:/opt/ros/humble /usr/bin/cmake --install /home/triton_08/tello_jp_jc_ws/build/tello_control
[1.038s] Level 1:colcon.colcon_core.environment:create_environment_scripts_only(tello_control)
[1.040s] Level 1:colcon.colcon_core.environment:checking '/home/triton_08/tello_jp_jc_ws/install/tello_control' for CMake module files
[1.041s] Level 1:colcon.colcon_core.environment:checking '/home/triton_08/tello_jp_jc_ws/install/tello_control' for CMake config files
[1.042s] Level 1:colcon.colcon_core.shell:create_environment_hook('tello_control', 'cmake_prefix_path')
[1.044s] INFO:colcon.colcon_core.shell:Creating environment hook '/home/triton_08/tello_jp_jc_ws/install/tello_control/share/tello_control/hook/cmake_prefix_path.ps1'
[1.045s] INFO:colcon.colcon_core.shell:Creating environment descriptor '/home/triton_08/tello_jp_jc_ws/install/tello_control/share/tello_control/hook/cmake_prefix_path.dsv'
[1.045s] INFO:colcon.colcon_core.shell:Creating environment hook '/home/triton_08/tello_jp_jc_ws/install/tello_control/share/tello_control/hook/cmake_prefix_path.sh'
[1.046s] Level 1:colcon.colcon_core.environment:checking '/home/triton_08/tello_jp_jc_ws/install/tello_control/lib'
[1.047s] Level 1:colcon.colcon_core.environment:checking '/home/triton_08/tello_jp_jc_ws/install/tello_control/bin'
[1.047s] Level 1:colcon.colcon_core.environment:checking '/home/triton_08/tello_jp_jc_ws/install/tello_control/lib/pkgconfig/tello_control.pc'
[1.047s] Level 1:colcon.colcon_core.environment:checking '/home/triton_08/tello_jp_jc_ws/install/tello_control/lib/python3.10/site-packages'
[1.047s] Level 1:colcon.colcon_core.environment:checking '/home/triton_08/tello_jp_jc_ws/install/tello_control/bin'
[1.049s] INFO:colcon.colcon_core.shell:Creating package script '/home/triton_08/tello_jp_jc_ws/install/tello_control/share/tello_control/package.ps1'
[1.050s] INFO:colcon.colcon_core.shell:Creating package descriptor '/home/triton_08/tello_jp_jc_ws/install/tello_control/share/tello_control/package.dsv'
[1.051s] INFO:colcon.colcon_core.shell:Creating package script '/home/triton_08/tello_jp_jc_ws/install/tello_control/share/tello_control/package.sh'
[1.052s] INFO:colcon.colcon_core.shell:Creating package script '/home/triton_08/tello_jp_jc_ws/install/tello_control/share/tello_control/package.bash'
[1.053s] INFO:colcon.colcon_core.shell:Creating package script '/home/triton_08/tello_jp_jc_ws/install/tello_control/share/tello_control/package.zsh'
[1.053s] Level 1:colcon.colcon_core.environment:create_file_with_runtime_dependencies(/home/triton_08/tello_jp_jc_ws/install/tello_control/share/colcon-core/packages/tello_control)
[1.054s] Level 1:colcon.colcon_core.environment:create_environment_scripts_only(tello_msg)
[1.056s] Level 1:colcon.colcon_core.environment:checking '/home/triton_08/tello_jp_jc_ws/install/tello_msg' for CMake module files
[1.058s] Level 1:colcon.colcon_core.environment:checking '/home/triton_08/tello_jp_jc_ws/install/tello_msg' for CMake config files
[1.059s] Level 1:colcon.colcon_core.shell:create_environment_hook('tello_msg', 'cmake_prefix_path')
[1.061s] INFO:colcon.colcon_core.shell:Creating environment hook '/home/triton_08/tello_jp_jc_ws/install/tello_msg/share/tello_msg/hook/cmake_prefix_path.ps1'
[1.062s] INFO:colcon.colcon_core.shell:Creating environment descriptor '/home/triton_08/tello_jp_jc_ws/install/tello_msg/share/tello_msg/hook/cmake_prefix_path.dsv'
[1.062s] INFO:colcon.colcon_core.shell:Creating environment hook '/home/triton_08/tello_jp_jc_ws/install/tello_msg/share/tello_msg/hook/cmake_prefix_path.sh'
[1.063s] Level 1:colcon.colcon_core.environment:checking '/home/triton_08/tello_jp_jc_ws/install/tello_msg/lib'
[1.063s] Level 1:colcon.colcon_core.shell:create_environment_hook('tello_msg', 'ld_library_path_lib')
[1.065s] INFO:colcon.colcon_core.shell:Creating environment hook '/home/triton_08/tello_jp_jc_ws/install/tello_msg/share/tello_msg/hook/ld_library_path_lib.ps1'
[1.065s] INFO:colcon.colcon_core.shell:Creating environment descriptor '/home/triton_08/tello_jp_jc_ws/install/tello_msg/share/tello_msg/hook/ld_library_path_lib.dsv'
[1.066s] INFO:colcon.colcon_core.shell:Creating environment hook '/home/triton_08/tello_jp_jc_ws/install/tello_msg/share/tello_msg/hook/ld_library_path_lib.sh'
[1.067s] Level 1:colcon.colcon_core.environment:checking '/home/triton_08/tello_jp_jc_ws/install/tello_msg/bin'
[1.067s] Level 1:colcon.colcon_core.environment:checking '/home/triton_08/tello_jp_jc_ws/install/tello_msg/lib/pkgconfig/tello_msg.pc'
[1.067s] Level 1:colcon.colcon_core.environment:checking '/home/triton_08/tello_jp_jc_ws/install/tello_msg/lib/python3.10/site-packages'
[1.068s] Level 1:colcon.colcon_core.environment:checking '/home/triton_08/tello_jp_jc_ws/install/tello_msg/bin'
[1.069s] INFO:colcon.colcon_core.shell:Creating package script '/home/triton_08/tello_jp_jc_ws/install/tello_msg/share/tello_msg/package.ps1'
[1.069s] DEBUG:colcon.colcon_core.event_handler.log_command:Invoked command in '/home/triton_08/tello_jp_jc_ws/build/tello_msg' returned '0': CMAKE_PREFIX_PATH=${CMAKE_PREFIX_PATH}:/home/triton_08/tello_jp_jc_ws/install/tello:/home/triton_08/tello_jp_jc_ws/install/jpjc_qr:/home/triton_08/tello_jp_jc_ws/install/jpjc_joy:/opt/ros/humble /usr/bin/cmake --install /home/triton_08/tello_jp_jc_ws/build/tello_msg
[1.070s] INFO:colcon.colcon_core.shell:Creating package descriptor '/home/triton_08/tello_jp_jc_ws/install/tello_msg/share/tello_msg/package.dsv'
[1.070s] INFO:colcon.colcon_core.shell:Creating package script '/home/triton_08/tello_jp_jc_ws/install/tello_msg/share/tello_msg/package.sh'
[1.071s] INFO:colcon.colcon_core.shell:Creating package script '/home/triton_08/tello_jp_jc_ws/install/tello_msg/share/tello_msg/package.bash'
[1.071s] INFO:colcon.colcon_core.shell:Creating package script '/home/triton_08/tello_jp_jc_ws/install/tello_msg/share/tello_msg/package.zsh'
[1.071s] Level 1:colcon.colcon_core.environment:create_file_with_runtime_dependencies(/home/triton_08/tello_jp_jc_ws/install/tello_msg/share/colcon-core/packages/tello_msg)
[1.147s] Level 1:colcon.colcon_core.environment:create_environment_scripts_only(tello_msg)
[1.149s] Level 1:colcon.colcon_core.environment:checking '/home/triton_08/tello_jp_jc_ws/install/tello_msg' for CMake module files
[1.150s] Level 1:colcon.colcon_core.environment:checking '/home/triton_08/tello_jp_jc_ws/install/tello_msg' for CMake config files
[1.150s] Level 1:colcon.colcon_core.shell:create_environment_hook('tello_msg', 'cmake_prefix_path')
[1.152s] INFO:colcon.colcon_core.shell:Creating environment hook '/home/triton_08/tello_jp_jc_ws/install/tello_msg/share/tello_msg/hook/cmake_prefix_path.ps1'
[1.152s] INFO:colcon.colcon_core.shell:Creating environment descriptor '/home/triton_08/tello_jp_jc_ws/install/tello_msg/share/tello_msg/hook/cmake_prefix_path.dsv'
[1.153s] INFO:colcon.colcon_core.shell:Creating environment hook '/home/triton_08/tello_jp_jc_ws/install/tello_msg/share/tello_msg/hook/cmake_prefix_path.sh'
[1.153s] Level 1:colcon.colcon_core.environment:checking '/home/triton_08/tello_jp_jc_ws/install/tello_msg/lib'
[1.153s] Level 1:colcon.colcon_core.shell:create_environment_hook('tello_msg', 'ld_library_path_lib')
[1.155s] INFO:colcon.colcon_core.shell:Creating environment hook '/home/triton_08/tello_jp_jc_ws/install/tello_msg/share/tello_msg/hook/ld_library_path_lib.ps1'
[1.155s] INFO:colcon.colcon_core.shell:Creating environment descriptor '/home/triton_08/tello_jp_jc_ws/install/tello_msg/share/tello_msg/hook/ld_library_path_lib.dsv'
[1.155s] INFO:colcon.colcon_core.shell:Creating environment hook '/home/triton_08/tello_jp_jc_ws/install/tello_msg/share/tello_msg/hook/ld_library_path_lib.sh'
[1.156s] Level 1:colcon.colcon_core.environment:checking '/home/triton_08/tello_jp_jc_ws/install/tello_msg/bin'
[1.156s] Level 1:colcon.colcon_core.environment:checking '/home/triton_08/tello_jp_jc_ws/install/tello_msg/lib/pkgconfig/tello_msg.pc'
[1.156s] Level 1:colcon.colcon_core.environment:checking '/home/triton_08/tello_jp_jc_ws/install/tello_msg/lib/python3.10/site-packages'
[1.156s] Level 1:colcon.colcon_core.environment:checking '/home/triton_08/tello_jp_jc_ws/install/tello_msg/bin'
[1.158s] INFO:colcon.colcon_core.shell:Creating package script '/home/triton_08/tello_jp_jc_ws/install/tello_msg/share/tello_msg/package.ps1'
[1.158s] INFO:colcon.colcon_core.shell:Creating package descriptor '/home/triton_08/tello_jp_jc_ws/install/tello_msg/share/tello_msg/package.dsv'
[1.159s] INFO:colcon.colcon_core.shell:Creating package script '/home/triton_08/tello_jp_jc_ws/install/tello_msg/share/tello_msg/package.sh'
[1.159s] INFO:colcon.colcon_core.shell:Creating package script '/home/triton_08/tello_jp_jc_ws/install/tello_msg/share/tello_msg/package.bash'
[1.160s] INFO:colcon.colcon_core.shell:Creating package script '/home/triton_08/tello_jp_jc_ws/install/tello_msg/share/tello_msg/package.zsh'
[1.160s] Level 1:colcon.colcon_core.environment:create_file_with_runtime_dependencies(/home/triton_08/tello_jp_jc_ws/install/tello_msg/share/colcon-core/packages/tello_msg)
[1.160s] INFO:colcon.colcon_ros.task.ament_python.build:Building ROS package in '/home/triton_08/tello_jp_jc_ws/src/tello' with build type 'ament_python'
[1.161s] Level 1:colcon.colcon_core.shell:create_environment_hook('tello', 'ament_prefix_path')
[1.162s] INFO:colcon.colcon_core.shell:Creating environment hook '/home/triton_08/tello_jp_jc_ws/install/tello/share/tello/hook/ament_prefix_path.ps1'
[1.163s] INFO:colcon.colcon_core.shell:Creating environment descriptor '/home/triton_08/tello_jp_jc_ws/install/tello/share/tello/hook/ament_prefix_path.dsv'
[1.163s] INFO:colcon.colcon_core.shell:Creating environment hook '/home/triton_08/tello_jp_jc_ws/install/tello/share/tello/hook/ament_prefix_path.sh'
[1.165s] INFO:colcon.colcon_core.shell:Skip shell extension 'powershell' for command environment: Not usable outside of PowerShell
[1.165s] DEBUG:colcon.colcon_core.shell:Skip shell extension 'dsv' for command environment
[1.414s] INFO:colcon.colcon_core.task.python.build:Building Python package in '/home/triton_08/tello_jp_jc_ws/src/tello'
[1.415s] INFO:colcon.colcon_core.shell:Skip shell extension 'powershell' for command environment: Not usable outside of PowerShell
[1.415s] DEBUG:colcon.colcon_core.shell:Skip shell extension 'dsv' for command environment
[1.422s] DEBUG:colcon.colcon_core.event_handler.log_command:Invoking command in '/home/triton_08/tello_jp_jc_ws/src/jpjc_joy': PYTHONPATH=/home/triton_08/tello_jp_jc_ws/build/jpjc_joy/prefix_override:/home/triton_08/tello_jp_jc_ws/install/jpjc_joy/lib/python3.10/site-packages:${PYTHONPATH} /usr/bin/python3 setup.py egg_info --egg-base ../../build/jpjc_joy build --build-base /home/triton_08/tello_jp_jc_ws/build/jpjc_joy/build install --record /home/triton_08/tello_jp_jc_ws/build/jpjc_joy/install.log --single-version-externally-managed
[1.425s] DEBUG:colcon.colcon_core.event_handler.log_command:Invoking command in '/home/triton_08/tello_jp_jc_ws/src/jpjc_qr': PYTHONPATH=/home/triton_08/tello_jp_jc_ws/build/jpjc_qr/prefix_override:/home/triton_08/tello_jp_jc_ws/install/jpjc_qr/lib/python3.10/site-packages:${PYTHONPATH} /usr/bin/python3 setup.py egg_info --egg-base ../../build/jpjc_qr build --build-base /home/triton_08/tello_jp_jc_ws/build/jpjc_qr/build install --record /home/triton_08/tello_jp_jc_ws/build/jpjc_qr/install.log --single-version-externally-managed
[1.731s] Level 1:colcon.colcon_core.environment:checking '/home/triton_08/tello_jp_jc_ws/install/jpjc_qr' for CMake module files
[1.732s] DEBUG:colcon.colcon_core.event_handler.log_command:Invoked command in '/home/triton_08/tello_jp_jc_ws/src/jpjc_qr' returned '0': PYTHONPATH=/home/triton_08/tello_jp_jc_ws/build/jpjc_qr/prefix_override:/home/triton_08/tello_jp_jc_ws/install/jpjc_qr/lib/python3.10/site-packages:${PYTHONPATH} /usr/bin/python3 setup.py egg_info --egg-base ../../build/jpjc_qr build --build-base /home/triton_08/tello_jp_jc_ws/build/jpjc_qr/build install --record /home/triton_08/tello_jp_jc_ws/build/jpjc_qr/install.log --single-version-externally-managed
[1.732s] Level 1:colcon.colcon_core.environment:checking '/home/triton_08/tello_jp_jc_ws/install/jpjc_qr' for CMake config files
[1.733s] Level 1:colcon.colcon_core.environment:checking '/home/triton_08/tello_jp_jc_ws/install/jpjc_qr/lib'
[1.733s] Level 1:colcon.colcon_core.environment:checking '/home/triton_08/tello_jp_jc_ws/install/jpjc_qr/bin'
[1.733s] Level 1:colcon.colcon_core.environment:checking '/home/triton_08/tello_jp_jc_ws/install/jpjc_qr/lib/pkgconfig/jpjc_qr.pc'
[1.733s] Level 1:colcon.colcon_core.environment:checking '/home/triton_08/tello_jp_jc_ws/install/jpjc_qr/lib/python3.10/site-packages'
[1.733s] Level 1:colcon.colcon_core.shell:create_environment_hook('jpjc_qr', 'pythonpath')
[1.735s] INFO:colcon.colcon_core.shell:Creating environment hook '/home/triton_08/tello_jp_jc_ws/install/jpjc_qr/share/jpjc_qr/hook/pythonpath.ps1'
[1.735s] INFO:colcon.colcon_core.shell:Creating environment descriptor '/home/triton_08/tello_jp_jc_ws/install/jpjc_qr/share/jpjc_qr/hook/pythonpath.dsv'
[1.736s] INFO:colcon.colcon_core.shell:Creating environment hook '/home/triton_08/tello_jp_jc_ws/install/jpjc_qr/share/jpjc_qr/hook/pythonpath.sh'
[1.736s] Level 1:colcon.colcon_core.environment:checking '/home/triton_08/tello_jp_jc_ws/install/jpjc_qr/bin'
[1.736s] Level 1:colcon.colcon_core.environment:create_environment_scripts_only(jpjc_qr)
[1.738s] INFO:colcon.colcon_core.shell:Creating package script '/home/triton_08/tello_jp_jc_ws/install/jpjc_qr/share/jpjc_qr/package.ps1'
[1.739s] INFO:colcon.colcon_core.shell:Creating package descriptor '/home/triton_08/tello_jp_jc_ws/install/jpjc_qr/share/jpjc_qr/package.dsv'
[1.739s] INFO:colcon.colcon_core.shell:Creating package script '/home/triton_08/tello_jp_jc_ws/install/jpjc_qr/share/jpjc_qr/package.sh'
[1.740s] INFO:colcon.colcon_core.shell:Creating package script '/home/triton_08/tello_jp_jc_ws/install/jpjc_qr/share/jpjc_qr/package.bash'
[1.740s] INFO:colcon.colcon_core.shell:Creating package script '/home/triton_08/tello_jp_jc_ws/install/jpjc_qr/share/jpjc_qr/package.zsh'
[1.740s] Level 1:colcon.colcon_core.environment:create_file_with_runtime_dependencies(/home/triton_08/tello_jp_jc_ws/install/jpjc_qr/share/colcon-core/packages/jpjc_qr)
[1.744s] Level 1:colcon.colcon_core.environment:checking '/home/triton_08/tello_jp_jc_ws/install/jpjc_joy' for CMake module files
[1.745s] DEBUG:colcon.colcon_core.event_handler.log_command:Invoked command in '/home/triton_08/tello_jp_jc_ws/src/jpjc_joy' returned '0': PYTHONPATH=/home/triton_08/tello_jp_jc_ws/build/jpjc_joy/prefix_override:/home/triton_08/tello_jp_jc_ws/install/jpjc_joy/lib/python3.10/site-packages:${PYTHONPATH} /usr/bin/python3 setup.py egg_info --egg-base ../../build/jpjc_joy build --build-base /home/triton_08/tello_jp_jc_ws/build/jpjc_joy/build install --record /home/triton_08/tello_jp_jc_ws/build/jpjc_joy/install.log --single-version-externally-managed
[1.745s] Level 1:colcon.colcon_core.environment:checking '/home/triton_08/tello_jp_jc_ws/install/jpjc_joy' for CMake config files
[1.746s] Level 1:colcon.colcon_core.environment:checking '/home/triton_08/tello_jp_jc_ws/install/jpjc_joy/lib'
[1.746s] Level 1:colcon.colcon_core.environment:checking '/home/triton_08/tello_jp_jc_ws/install/jpjc_joy/bin'
[1.746s] Level 1:colcon.colcon_core.environment:checking '/home/triton_08/tello_jp_jc_ws/install/jpjc_joy/lib/pkgconfig/jpjc_joy.pc'
[1.747s] Level 1:colcon.colcon_core.environment:checking '/home/triton_08/tello_jp_jc_ws/install/jpjc_joy/lib/python3.10/site-packages'
[1.747s] Level 1:colcon.colcon_core.shell:create_environment_hook('jpjc_joy', 'pythonpath')
[1.749s] INFO:colcon.colcon_core.shell:Creating environment hook '/home/triton_08/tello_jp_jc_ws/install/jpjc_joy/share/jpjc_joy/hook/pythonpath.ps1'
[1.749s] INFO:colcon.colcon_core.shell:Creating environment descriptor '/home/triton_08/tello_jp_jc_ws/install/jpjc_joy/share/jpjc_joy/hook/pythonpath.dsv'
[1.750s] INFO:colcon.colcon_core.shell:Creating environment hook '/home/triton_08/tello_jp_jc_ws/install/jpjc_joy/share/jpjc_joy/hook/pythonpath.sh'
[1.750s] Level 1:colcon.colcon_core.environment:checking '/home/triton_08/tello_jp_jc_ws/install/jpjc_joy/bin'
[1.750s] Level 1:colcon.colcon_core.environment:create_environment_scripts_only(jpjc_joy)
[1.752s] INFO:colcon.colcon_core.shell:Creating package script '/home/triton_08/tello_jp_jc_ws/install/jpjc_joy/share/jpjc_joy/package.ps1'
[1.753s] INFO:colcon.colcon_core.shell:Creating package descriptor '/home/triton_08/tello_jp_jc_ws/install/jpjc_joy/share/jpjc_joy/package.dsv'
[1.753s] INFO:colcon.colcon_core.shell:Creating package script '/home/triton_08/tello_jp_jc_ws/install/jpjc_joy/share/jpjc_joy/package.sh'
[1.754s] INFO:colcon.colcon_core.shell:Creating package script '/home/triton_08/tello_jp_jc_ws/install/jpjc_joy/share/jpjc_joy/package.bash'
[1.754s] INFO:colcon.colcon_core.shell:Creating package script '/home/triton_08/tello_jp_jc_ws/install/jpjc_joy/share/jpjc_joy/package.zsh'
[1.754s] Level 1:colcon.colcon_core.environment:create_file_with_runtime_dependencies(/home/triton_08/tello_jp_jc_ws/install/jpjc_joy/share/colcon-core/packages/jpjc_joy)
[1.764s] DEBUG:colcon.colcon_core.event_handler.log_command:Invoking command in '/home/triton_08/tello_jp_jc_ws/src/tello': PYTHONPATH=/home/triton_08/tello_jp_jc_ws/build/tello/prefix_override:/home/triton_08/tello_jp_jc_ws/install/tello/lib/python3.10/site-packages:${PYTHONPATH} /usr/bin/python3 setup.py egg_info --egg-base ../../build/tello build --build-base /home/triton_08/tello_jp_jc_ws/build/tello/build install --record /home/triton_08/tello_jp_jc_ws/build/tello/install.log --install-scripts $base/lib/tello --single-version-externally-managed
[2.015s] Level 1:colcon.colcon_core.environment:checking '/home/triton_08/tello_jp_jc_ws/install/tello' for CMake module files
[2.015s] DEBUG:colcon.colcon_core.event_handler.log_command:Invoked command in '/home/triton_08/tello_jp_jc_ws/src/tello' returned '0': PYTHONPATH=/home/triton_08/tello_jp_jc_ws/build/tello/prefix_override:/home/triton_08/tello_jp_jc_ws/install/tello/lib/python3.10/site-packages:${PYTHONPATH} /usr/bin/python3 setup.py egg_info --egg-base ../../build/tello build --build-base /home/triton_08/tello_jp_jc_ws/build/tello/build install --record /home/triton_08/tello_jp_jc_ws/build/tello/install.log --install-scripts $base/lib/tello --single-version-externally-managed
[2.016s] Level 1:colcon.colcon_core.environment:checking '/home/triton_08/tello_jp_jc_ws/install/tello' for CMake config files
[2.016s] Level 1:colcon.colcon_core.environment:checking '/home/triton_08/tello_jp_jc_ws/install/tello/lib'
[2.016s] Level 1:colcon.colcon_core.environment:checking '/home/triton_08/tello_jp_jc_ws/install/tello/bin'
[2.016s] Level 1:colcon.colcon_core.environment:checking '/home/triton_08/tello_jp_jc_ws/install/tello/lib/pkgconfig/tello.pc'
[2.017s] Level 1:colcon.colcon_core.environment:checking '/home/triton_08/tello_jp_jc_ws/install/tello/lib/python3.10/site-packages'
[2.017s] Level 1:colcon.colcon_core.shell:create_environment_hook('tello', 'pythonpath')
[2.018s] INFO:colcon.colcon_core.shell:Creating environment hook '/home/triton_08/tello_jp_jc_ws/install/tello/share/tello/hook/pythonpath.ps1'
[2.018s] INFO:colcon.colcon_core.shell:Creating environment descriptor '/home/triton_08/tello_jp_jc_ws/install/tello/share/tello/hook/pythonpath.dsv'
[2.019s] INFO:colcon.colcon_core.shell:Creating environment hook '/home/triton_08/tello_jp_jc_ws/install/tello/share/tello/hook/pythonpath.sh'
[2.019s] Level 1:colcon.colcon_core.environment:checking '/home/triton_08/tello_jp_jc_ws/install/tello/bin'
[2.019s] Level 1:colcon.colcon_core.environment:create_environment_scripts_only(tello)
[2.020s] INFO:colcon.colcon_core.shell:Creating package script '/home/triton_08/tello_jp_jc_ws/install/tello/share/tello/package.ps1'
[2.021s] INFO:colcon.colcon_core.shell:Creating package descriptor '/home/triton_08/tello_jp_jc_ws/install/tello/share/tello/package.dsv'
[2.021s] INFO:colcon.colcon_core.shell:Creating package script '/home/triton_08/tello_jp_jc_ws/install/tello/share/tello/package.sh'
[2.021s] INFO:colcon.colcon_core.shell:Creating package script '/home/triton_08/tello_jp_jc_ws/install/tello/share/tello/package.bash'
[2.022s] INFO:colcon.colcon_core.shell:Creating package script '/home/triton_08/tello_jp_jc_ws/install/tello/share/tello/package.zsh'
[2.022s] Level 1:colcon.colcon_core.environment:create_file_with_runtime_dependencies(/home/triton_08/tello_jp_jc_ws/install/tello/share/colcon-core/packages/tello)
[2.022s] DEBUG:colcon.colcon_parallel_executor.executor.parallel:closing loop
[2.022s] DEBUG:colcon.colcon_parallel_executor.executor.parallel:loop closed
[2.022s] DEBUG:colcon.colcon_parallel_executor.executor.parallel:run_until_complete finished with '0'
[2.022s] DEBUG:colcon.colcon_core.event_reactor:joining thread
[2.029s] INFO:colcon.colcon_core.plugin_system:Skipping extension 'colcon_notification.desktop_notification.terminal_notifier': Not used on non-Darwin systems
[2.029s] INFO:colcon.colcon_core.plugin_system:Skipping extension 'colcon_notification.desktop_notification.win32': Not used on non-Windows systems
[2.029s] INFO:colcon.colcon_notification.desktop_notification:Sending desktop notification using 'notify2'
[2.038s] DEBUG:colcon.colcon_core.event_reactor:joined thread
[2.039s] INFO:colcon.colcon_core.shell:Creating prefix script '/home/triton_08/tello_jp_jc_ws/install/local_setup.ps1'
[2.040s] INFO:colcon.colcon_core.shell:Creating prefix util module '/home/triton_08/tello_jp_jc_ws/install/_local_setup_util_ps1.py'
[2.041s] INFO:colcon.colcon_core.shell:Creating prefix chain script '/home/triton_08/tello_jp_jc_ws/install/setup.ps1'
[2.042s] INFO:colcon.colcon_core.shell:Creating prefix script '/home/triton_08/tello_jp_jc_ws/install/local_setup.sh'
[2.043s] INFO:colcon.colcon_core.shell:Creating prefix util module '/home/triton_08/tello_jp_jc_ws/install/_local_setup_util_sh.py'
[2.043s] INFO:colcon.colcon_core.shell:Creating prefix chain script '/home/triton_08/tello_jp_jc_ws/install/setup.sh'
[2.044s] INFO:colcon.colcon_core.shell:Creating prefix script '/home/triton_08/tello_jp_jc_ws/install/local_setup.bash'
[2.045s] INFO:colcon.colcon_core.shell:Creating prefix chain script '/home/triton_08/tello_jp_jc_ws/install/setup.bash'
[2.046s] INFO:colcon.colcon_core.shell:Creating prefix script '/home/triton_08/tello_jp_jc_ws/install/local_setup.zsh'
[2.046s] INFO:colcon.colcon_core.shell:Creating prefix chain script '/home/triton_08/tello_jp_jc_ws/install/setup.zsh'
