running egg_info
creating ../../build/jpjc_joy/jpjc_joy.egg-info
writing ../../build/jpjc_joy/jpjc_joy.egg-info/PKG-INFO
writing dependency_links to ../../build/jpjc_joy/jpjc_joy.egg-info/dependency_links.txt
writing entry points to ../../build/jpjc_joy/jpjc_joy.egg-info/entry_points.txt
writing requirements to ../../build/jpjc_joy/jpjc_joy.egg-info/requires.txt
writing top-level names to ../../build/jpjc_joy/jpjc_joy.egg-info/top_level.txt
writing manifest file '../../build/jpjc_joy/jpjc_joy.egg-info/SOURCES.txt'
reading manifest file '../../build/jpjc_joy/jpjc_joy.egg-info/SOURCES.txt'
writing manifest file '../../build/jpjc_joy/jpjc_joy.egg-info/SOURCES.txt'
running build
running build_py
creating /home/triton_08/tello_jp_jc_ws/build/jpjc_joy/build
creating /home/triton_08/tello_jp_jc_ws/build/jpjc_joy/build/lib
creating /home/triton_08/tello_jp_jc_ws/build/jpjc_joy/build/lib/jpjc_joy
copying jpjc_joy/__init__.py -> /home/triton_08/tello_jp_jc_ws/build/jpjc_joy/build/lib/jpjc_joy
copying jpjc_joy/joy.py -> /home/triton_08/tello_jp_jc_ws/build/jpjc_joy/build/lib/jpjc_joy
running install
/usr/lib/python3/dist-packages/setuptools/command/install.py:34: SetuptoolsDeprecationWarning: setup.py install is deprecated. Use build and pip and other standards-based tools.
  warnings.warn(
running install_lib
creating /home/triton_08/tello_jp_jc_ws/install/jpjc_joy/lib/python3.10/site-packages/jpjc_joy
copying /home/triton_08/tello_jp_jc_ws/build/jpjc_joy/build/lib/jpjc_joy/__init__.py -> /home/triton_08/tello_jp_jc_ws/install/jpjc_joy/lib/python3.10/site-packages/jpjc_joy
copying /home/triton_08/tello_jp_jc_ws/build/jpjc_joy/build/lib/jpjc_joy/joy.py -> /home/triton_08/tello_jp_jc_ws/install/jpjc_joy/lib/python3.10/site-packages/jpjc_joy
byte-compiling /home/triton_08/tello_jp_jc_ws/install/jpjc_joy/lib/python3.10/site-packages/jpjc_joy/__init__.py to __init__.cpython-310.pyc
byte-compiling /home/triton_08/tello_jp_jc_ws/install/jpjc_joy/lib/python3.10/site-packages/jpjc_joy/joy.py to joy.cpython-310.pyc
running install_data
creating /home/triton_08/tello_jp_jc_ws/install/jpjc_joy/share/ament_index
creating /home/triton_08/tello_jp_jc_ws/install/jpjc_joy/share/ament_index/resource_index
creating /home/triton_08/tello_jp_jc_ws/install/jpjc_joy/share/ament_index/resource_index/packages
copying resource/jpjc_joy -> /home/triton_08/tello_jp_jc_ws/install/jpjc_joy/share/ament_index/resource_index/packages
copying package.xml -> /home/triton_08/tello_jp_jc_ws/install/jpjc_joy/share/jpjc_joy
running install_egg_info
Copying ../../build/jpjc_joy/jpjc_joy.egg-info to /home/triton_08/tello_jp_jc_ws/install/jpjc_joy/lib/python3.10/site-packages/jpjc_joy-0.0.0-py3.10.egg-info
running install_scripts
Installing joy script to /home/triton_08/tello_jp_jc_ws/install/jpjc_joy/lib/jpjc_joy
writing list of installed files to '/home/triton_08/tello_jp_jc_ws/build/jpjc_joy/install.log'
