[0.660s] Invoking command in '/home/triton_08/tello_jp_jc_ws/src/jpjc_joy': PYTHONPATH=/home/triton_08/tello_jp_jc_ws/build/jpjc_joy/prefix_override:/home/triton_08/tello_jp_jc_ws/install/jpjc_joy/lib/python3.10/site-packages:${PYTHONPATH} /usr/bin/python3 setup.py egg_info --egg-base ../../build/jpjc_joy build --build-base /home/triton_08/tello_jp_jc_ws/build/jpjc_joy/build install --record /home/triton_08/tello_jp_jc_ws/build/jpjc_joy/install.log --single-version-externally-managed
[0.847s] running egg_info
[0.847s] creating ../../build/jpjc_joy/jpjc_joy.egg-info
[0.848s] writing ../../build/jpjc_joy/jpjc_joy.egg-info/PKG-INFO
[0.848s] writing dependency_links to ../../build/jpjc_joy/jpjc_joy.egg-info/dependency_links.txt
[0.848s] writing entry points to ../../build/jpjc_joy/jpjc_joy.egg-info/entry_points.txt
[0.848s] writing requirements to ../../build/jpjc_joy/jpjc_joy.egg-info/requires.txt
[0.848s] writing top-level names to ../../build/jpjc_joy/jpjc_joy.egg-info/top_level.txt
[0.848s] writing manifest file '../../build/jpjc_joy/jpjc_joy.egg-info/SOURCES.txt'
[0.850s] reading manifest file '../../build/jpjc_joy/jpjc_joy.egg-info/SOURCES.txt'
[0.851s] writing manifest file '../../build/jpjc_joy/jpjc_joy.egg-info/SOURCES.txt'
[0.851s] running build
[0.851s] running build_py
[0.851s] creating /home/triton_08/tello_jp_jc_ws/build/jpjc_joy/build
[0.851s] creating /home/triton_08/tello_jp_jc_ws/build/jpjc_joy/build/lib
[0.851s] creating /home/triton_08/tello_jp_jc_ws/build/jpjc_joy/build/lib/jpjc_joy
[0.851s] copying jpjc_joy/__init__.py -> /home/triton_08/tello_jp_jc_ws/build/jpjc_joy/build/lib/jpjc_joy
[0.851s] copying jpjc_joy/joy.py -> /home/triton_08/tello_jp_jc_ws/build/jpjc_joy/build/lib/jpjc_joy
[0.852s] running install
[0.852s] /usr/lib/python3/dist-packages/setuptools/command/install.py:34: SetuptoolsDeprecationWarning: setup.py install is deprecated. Use build and pip and other standards-based tools.
[0.852s]   warnings.warn(
[0.852s] running install_lib
[0.853s] creating /home/triton_08/tello_jp_jc_ws/install/jpjc_joy/lib/python3.10/site-packages/jpjc_joy
[0.853s] copying /home/triton_08/tello_jp_jc_ws/build/jpjc_joy/build/lib/jpjc_joy/__init__.py -> /home/triton_08/tello_jp_jc_ws/install/jpjc_joy/lib/python3.10/site-packages/jpjc_joy
[0.853s] copying /home/triton_08/tello_jp_jc_ws/build/jpjc_joy/build/lib/jpjc_joy/joy.py -> /home/triton_08/tello_jp_jc_ws/install/jpjc_joy/lib/python3.10/site-packages/jpjc_joy
[0.854s] byte-compiling /home/triton_08/tello_jp_jc_ws/install/jpjc_joy/lib/python3.10/site-packages/jpjc_joy/__init__.py to __init__.cpython-310.pyc
[0.854s] byte-compiling /home/triton_08/tello_jp_jc_ws/install/jpjc_joy/lib/python3.10/site-packages/jpjc_joy/joy.py to joy.cpython-310.pyc
[0.855s] running install_data
[0.855s] creating /home/triton_08/tello_jp_jc_ws/install/jpjc_joy/share/ament_index
[0.855s] creating /home/triton_08/tello_jp_jc_ws/install/jpjc_joy/share/ament_index/resource_index
[0.856s] creating /home/triton_08/tello_jp_jc_ws/install/jpjc_joy/share/ament_index/resource_index/packages
[0.856s] copying resource/jpjc_joy -> /home/triton_08/tello_jp_jc_ws/install/jpjc_joy/share/ament_index/resource_index/packages
[0.856s] copying package.xml -> /home/triton_08/tello_jp_jc_ws/install/jpjc_joy/share/jpjc_joy
[0.856s] running install_egg_info
[0.857s] Copying ../../build/jpjc_joy/jpjc_joy.egg-info to /home/triton_08/tello_jp_jc_ws/install/jpjc_joy/lib/python3.10/site-packages/jpjc_joy-0.0.0-py3.10.egg-info
[0.858s] running install_scripts
[0.878s] Installing joy script to /home/triton_08/tello_jp_jc_ws/install/jpjc_joy/lib/jpjc_joy
[0.878s] writing list of installed files to '/home/triton_08/tello_jp_jc_ws/build/jpjc_joy/install.log'
[0.897s] Invoked command in '/home/triton_08/tello_jp_jc_ws/src/jpjc_joy' returned '0': PYTHONPATH=/home/triton_08/tello_jp_jc_ws/build/jpjc_joy/prefix_override:/home/triton_08/tello_jp_jc_ws/install/jpjc_joy/lib/python3.10/site-packages:${PYTHONPATH} /usr/bin/python3 setup.py egg_info --egg-base ../../build/jpjc_joy build --build-base /home/triton_08/tello_jp_jc_ws/build/jpjc_joy/build install --record /home/triton_08/tello_jp_jc_ws/build/jpjc_joy/install.log --single-version-externally-managed
