[0.032s] Invoking command in '/home/triton_08/tello_jp_jc_ws/build/joy': /usr/bin/cmake /home/triton_08/tello_jp_jc_ws/jpjc_ws/src/joystick_drivers/joy -DCATKIN_INSTALL_INTO_PREFIX_ROOT=0 -DCMAKE_INSTALL_PREFIX=/home/triton_08/tello_jp_jc_ws/install/joy
[0.580s] -- The C compiler identification is GNU 11.3.0
[0.580s] -- The CXX compiler identification is GNU 11.3.0
[0.580s] -- Detecting C compiler ABI info
[0.580s] -- Detecting C compiler ABI info - done
[0.581s] -- Check for working C compiler: /usr/bin/cc - skipped
[0.581s] -- Detecting C compile features
[0.581s] -- Detecting C compile features - done
[0.581s] -- Detecting CXX compiler ABI info
[0.581s] -- Detecting CXX compiler ABI info - done
[0.582s] -- Check for working CXX compiler: /usr/bin/c++ - skipped
[0.582s] -- Detecting CXX compile features
[0.582s] -- Detecting CXX compile features - done
[0.582s] -- Configuring incomplete, errors occurred!
[0.582s] See also "/home/triton_08/tello_jp_jc_ws/build/joy/CMakeFiles/CMakeOutput.log".
[0.583s] [31mCMake Error at CMakeLists.txt:9 (find_package):
[0.587s]   By not providing "Findcatkin.cmake" in CMAKE_MODULE_PATH this project has
[0.589s]   asked CMake to find a package configuration file provided by "catkin", but
[0.590s]   CMake did not find one.
[0.590s] 
[0.590s]   Could not find a package configuration file provided by "catkin" with any
[0.590s]   of the following names:
[0.591s] 
[0.591s]     catkinConfig.cmake
[0.591s]     catkin-config.cmake
[0.591s] 
[0.591s]   Add the installation prefix of "catkin" to CMAKE_PREFIX_PATH or set
[0.592s]   "catkin_DIR" to a directory containing one of the above files.  If "catkin"
[0.592s]   provides a separate development package or SDK, be sure it has been
[0.592s]   installed.
[0.592s] 
[0.592s] [0m
[0.607s] Invoked command in '/home/triton_08/tello_jp_jc_ws/build/joy' returned '1': /usr/bin/cmake /home/triton_08/tello_jp_jc_ws/jpjc_ws/src/joystick_drivers/joy -DCATKIN_INSTALL_INTO_PREFIX_ROOT=0 -DCMAKE_INSTALL_PREFIX=/home/triton_08/tello_jp_jc_ws/install/joy
