[0.036s] Invoking command in '/home/triton_08/tello_jp_jc_ws/build/bebop_msgs': /usr/bin/cmake /home/triton_08/tello_jp_jc_ws/jpjc_ws/src/bebop_autonomy/bebop_msgs -DCATKIN_INSTALL_INTO_PREFIX_ROOT=0 -DCMAKE_INSTALL_PREFIX=/home/triton_08/tello_jp_jc_ws/install/bebop_msgs
[0.548s] -- The C compiler identification is GNU 11.3.0
[0.549s] -- The CXX compiler identification is GNU 11.3.0
[0.550s] -- Detecting C compiler ABI info
[0.550s] -- Detecting C compiler ABI info - done
[0.551s] -- Check for working C compiler: /usr/bin/cc - skipped
[0.551s] -- Detecting C compile features
[0.552s] -- Detecting C compile features - done
[0.552s] -- Detecting CXX compiler ABI info
[0.552s] -- Detecting CXX compiler ABI info - done
[0.552s] -- Check for working CXX compiler: /usr/bin/c++ - skipped
[0.552s] -- Detecting CXX compile features
[0.553s] -- Detecting CXX compile features - done
[0.553s] -- Configuring incomplete, errors occurred!
[0.553s] See also "/home/triton_08/tello_jp_jc_ws/build/bebop_msgs/CMakeFiles/CMakeOutput.log".
[0.554s] [0mCMake Deprecation Warning at CMakeLists.txt:1 (cmake_minimum_required):
[0.554s]   Compatibility with CMake < 2.8.12 will be removed from a future version of
[0.554s]   CMake.
[0.555s] 
[0.555s]   Update the VERSION argument <min> value or use a ...<max> suffix to tell
[0.556s]   CMake that the project does not need compatibility with older versions.
[0.556s] 
[0.556s] [0m
[0.556s] [31mCMake Error at CMakeLists.txt:4 (find_package):
[0.556s]   By not providing "Findcatkin.cmake" in CMAKE_MODULE_PATH this project has
[0.557s]   asked CMake to find a package configuration file provided by "catkin", but
[0.557s]   CMake did not find one.
[0.558s] 
[0.558s]   Could not find a package configuration file provided by "catkin" with any
[0.558s]   of the following names:
[0.558s] 
[0.559s]     catkinConfig.cmake
[0.559s]     catkin-config.cmake
[0.559s] 
[0.560s]   Add the installation prefix of "catkin" to CMAKE_PREFIX_PATH or set
[0.561s]   "catkin_DIR" to a directory containing one of the above files.  If "catkin"
[0.561s]   provides a separate development package or SDK, be sure it has been
[0.562s]   installed.
[0.563s] 
[0.563s] [0m
[0.613s] Invoked command in '/home/triton_08/tello_jp_jc_ws/build/bebop_msgs' returned '1': /usr/bin/cmake /home/triton_08/tello_jp_jc_ws/jpjc_ws/src/bebop_autonomy/bebop_msgs -DCATKIN_INSTALL_INTO_PREFIX_ROOT=0 -DCMAKE_INSTALL_PREFIX=/home/triton_08/tello_jp_jc_ws/install/bebop_msgs
