[0.028s] Invoking command in '/home/triton_08/tello_jp_jc_ws/build/tello_msg': CMAKE_PREFIX_PATH=${CMAKE_PREFIX_PATH}:/home/triton_08/tello_jp_jc_ws/install/tello:/home/triton_08/tello_jp_jc_ws/install/jpjc_qr:/home/triton_08/tello_jp_jc_ws/install/jpjc_joy:/opt/ros/humble /usr/bin/cmake --build /home/triton_08/tello_jp_jc_ws/build/tello_msg -- -j16 -l16
[0.536s] [  2%] Built target tello_msg__cpp
[0.537s] [ 12%] Built target tello_msg__rosidl_generator_c
[0.537s] [ 12%] Built target ament_cmake_python_copy_tello_msg
[0.537s] [ 23%] Built target tello_msg__rosidl_typesupport_introspection_c
[0.537s] [ 34%] Built target tello_msg__rosidl_typesupport_c
[0.537s] [ 61%] Built target tello_msg__rosidl_typesupport_fastrtps_cpp
[0.538s] [ 61%] Built target tello_msg__rosidl_typesupport_introspection_cpp
[0.538s] [ 65%] Built target tello_msg__rosidl_typesupport_fastrtps_c
[0.539s] [ 76%] Built target tello_msg__rosidl_typesupport_cpp
[0.539s] [ 76%] Built target tello_msg
[0.539s] [ 78%] Built target tello_msg__py
[0.540s] [ 87%] Built target tello_msg__rosidl_generator_py
[0.541s] [100%] Built target tello_msg__rosidl_typesupport_fastrtps_c__pyext
[0.541s] [100%] Built target tello_msg__rosidl_typesupport_c__pyext
[0.542s] [100%] Built target tello_msg__rosidl_typesupport_introspection_c__pyext
[0.542s] running egg_info
[0.542s] writing tello_msg.egg-info/PKG-INFO
[0.543s] writing dependency_links to tello_msg.egg-info/dependency_links.txt
[0.544s] writing top-level names to tello_msg.egg-info/top_level.txt
[0.544s] reading manifest file 'tello_msg.egg-info/SOURCES.txt'
[0.544s] writing manifest file 'tello_msg.egg-info/SOURCES.txt'
[0.545s] [100%] Built target ament_cmake_python_build_tello_msg_egg
[0.548s] Invoked command in '/home/triton_08/tello_jp_jc_ws/build/tello_msg' returned '0': CMAKE_PREFIX_PATH=${CMAKE_PREFIX_PATH}:/home/triton_08/tello_jp_jc_ws/install/tello:/home/triton_08/tello_jp_jc_ws/install/jpjc_qr:/home/triton_08/tello_jp_jc_ws/install/jpjc_joy:/opt/ros/humble /usr/bin/cmake --build /home/triton_08/tello_jp_jc_ws/build/tello_msg -- -j16 -l16
[0.620s] Invoking command in '/home/triton_08/tello_jp_jc_ws/build/tello_msg': CMAKE_PREFIX_PATH=${CMAKE_PREFIX_PATH}:/home/triton_08/tello_jp_jc_ws/install/tello:/home/triton_08/tello_jp_jc_ws/install/jpjc_qr:/home/triton_08/tello_jp_jc_ws/install/jpjc_joy:/opt/ros/humble /usr/bin/cmake --install /home/triton_08/tello_jp_jc_ws/build/tello_msg
[0.626s] -- Install configuration: ""
[0.626s] -- Up-to-date: /home/triton_08/tello_jp_jc_ws/install/tello_msg/share/ament_index/resource_index/rosidl_interfaces/tello_msg
[0.627s] -- Up-to-date: /home/triton_08/tello_jp_jc_ws/install/tello_msg/include/tello_msg/tello_msg
[0.627s] -- Up-to-date: /home/triton_08/tello_jp_jc_ws/install/tello_msg/include/tello_msg/tello_msg/msg
[0.627s] -- Up-to-date: /home/triton_08/tello_jp_jc_ws/install/tello_msg/include/tello_msg/tello_msg/msg/tello_wifi_config.h
[0.627s] -- Up-to-date: /home/triton_08/tello_jp_jc_ws/install/tello_msg/include/tello_msg/tello_msg/msg/rosidl_generator_c__visibility_control.h
[0.627s] -- Up-to-date: /home/triton_08/tello_jp_jc_ws/install/tello_msg/include/tello_msg/tello_msg/msg/detail
[0.628s] -- Up-to-date: /home/triton_08/tello_jp_jc_ws/install/tello_msg/include/tello_msg/tello_msg/msg/detail/tello_wifi_config__struct.h
[0.628s] -- Up-to-date: /home/triton_08/tello_jp_jc_ws/install/tello_msg/include/tello_msg/tello_msg/msg/detail/tello_wifi_config__type_support.h
[0.628s] -- Up-to-date: /home/triton_08/tello_jp_jc_ws/install/tello_msg/include/tello_msg/tello_msg/msg/detail/tello_status__struct.h
[0.629s] -- Up-to-date: /home/triton_08/tello_jp_jc_ws/install/tello_msg/include/tello_msg/tello_msg/msg/detail/tello_status__functions.h
[0.629s] -- Up-to-date: /home/triton_08/tello_jp_jc_ws/install/tello_msg/include/tello_msg/tello_msg/msg/detail/tello_status__functions.c
[0.629s] -- Up-to-date: /home/triton_08/tello_jp_jc_ws/install/tello_msg/include/tello_msg/tello_msg/msg/detail/tello_wifi_config__functions.c
[0.630s] -- Up-to-date: /home/triton_08/tello_jp_jc_ws/install/tello_msg/include/tello_msg/tello_msg/msg/detail/tello_id__type_support.h
[0.630s] -- Up-to-date: /home/triton_08/tello_jp_jc_ws/install/tello_msg/include/tello_msg/tello_msg/msg/detail/tello_id__functions.h
[0.630s] -- Up-to-date: /home/triton_08/tello_jp_jc_ws/install/tello_msg/include/tello_msg/tello_msg/msg/detail/tello_id__functions.c
[0.631s] -- Up-to-date: /home/triton_08/tello_jp_jc_ws/install/tello_msg/include/tello_msg/tello_msg/msg/detail/tello_status__type_support.h
[0.632s] -- Up-to-date: /home/triton_08/tello_jp_jc_ws/install/tello_msg/include/tello_msg/tello_msg/msg/detail/tello_id__struct.h
[0.632s] -- Up-to-date: /home/triton_08/tello_jp_jc_ws/install/tello_msg/include/tello_msg/tello_msg/msg/detail/tello_wifi_config__functions.h
[0.633s] -- Up-to-date: /home/triton_08/tello_jp_jc_ws/install/tello_msg/include/tello_msg/tello_msg/msg/tello_status.h
[0.634s] -- Up-to-date: /home/triton_08/tello_jp_jc_ws/install/tello_msg/include/tello_msg/tello_msg/msg/tello_id.h
[0.635s] -- Up-to-date: /home/triton_08/tello_jp_jc_ws/install/tello_msg/share/tello_msg/environment/library_path.sh
[0.635s] -- Up-to-date: /home/triton_08/tello_jp_jc_ws/install/tello_msg/share/tello_msg/environment/library_path.dsv
[0.636s] -- Up-to-date: /home/triton_08/tello_jp_jc_ws/install/tello_msg/lib/libtello_msg__rosidl_generator_c.so
[0.636s] -- Up-to-date: /home/triton_08/tello_jp_jc_ws/install/tello_msg/include/tello_msg/tello_msg
[0.637s] -- Up-to-date: /home/triton_08/tello_jp_jc_ws/install/tello_msg/include/tello_msg/tello_msg/msg
[0.637s] -- Up-to-date: /home/triton_08/tello_jp_jc_ws/install/tello_msg/include/tello_msg/tello_msg/msg/rosidl_typesupport_fastrtps_c__visibility_control.h
[0.637s] -- Up-to-date: /home/triton_08/tello_jp_jc_ws/install/tello_msg/include/tello_msg/tello_msg/msg/detail
[0.638s] -- Up-to-date: /home/triton_08/tello_jp_jc_ws/install/tello_msg/include/tello_msg/tello_msg/msg/detail/tello_wifi_config__rosidl_typesupport_fastrtps_c.h
[0.639s] -- Up-to-date: /home/triton_08/tello_jp_jc_ws/install/tello_msg/include/tello_msg/tello_msg/msg/detail/tello_id__rosidl_typesupport_fastrtps_c.h
[0.639s] -- Up-to-date: /home/triton_08/tello_jp_jc_ws/install/tello_msg/include/tello_msg/tello_msg/msg/detail/tello_status__rosidl_typesupport_fastrtps_c.h
[0.640s] -- Up-to-date: /home/triton_08/tello_jp_jc_ws/install/tello_msg/lib/libtello_msg__rosidl_typesupport_fastrtps_c.so
[0.641s] -- Up-to-date: /home/triton_08/tello_jp_jc_ws/install/tello_msg/include/tello_msg/tello_msg
[0.641s] -- Up-to-date: /home/triton_08/tello_jp_jc_ws/install/tello_msg/include/tello_msg/tello_msg/msg
[0.641s] -- Up-to-date: /home/triton_08/tello_jp_jc_ws/install/tello_msg/include/tello_msg/tello_msg/msg/detail
[0.642s] -- Up-to-date: /home/triton_08/tello_jp_jc_ws/install/tello_msg/include/tello_msg/tello_msg/msg/detail/tello_id__type_support.c
[0.642s] -- Up-to-date: /home/triton_08/tello_jp_jc_ws/install/tello_msg/include/tello_msg/tello_msg/msg/detail/tello_status__rosidl_typesupport_introspection_c.h
[0.642s] -- Up-to-date: /home/triton_08/tello_jp_jc_ws/install/tello_msg/include/tello_msg/tello_msg/msg/detail/tello_wifi_config__type_support.c
[0.644s] -- Up-to-date: /home/triton_08/tello_jp_jc_ws/install/tello_msg/include/tello_msg/tello_msg/msg/detail/tello_id__rosidl_typesupport_introspection_c.h
[0.645s] -- Up-to-date: /home/triton_08/tello_jp_jc_ws/install/tello_msg/include/tello_msg/tello_msg/msg/detail/tello_wifi_config__rosidl_typesupport_introspection_c.h
[0.645s] -- Up-to-date: /home/triton_08/tello_jp_jc_ws/install/tello_msg/include/tello_msg/tello_msg/msg/detail/tello_status__type_support.c
[0.645s] -- Up-to-date: /home/triton_08/tello_jp_jc_ws/install/tello_msg/include/tello_msg/tello_msg/msg/rosidl_typesupport_introspection_c__visibility_control.h
[0.646s] -- Up-to-date: /home/triton_08/tello_jp_jc_ws/install/tello_msg/lib/libtello_msg__rosidl_typesupport_introspection_c.so
[0.651s] -- Up-to-date: /home/triton_08/tello_jp_jc_ws/install/tello_msg/lib/libtello_msg__rosidl_typesupport_c.so
[0.652s] -- Up-to-date: /home/triton_08/tello_jp_jc_ws/install/tello_msg/include/tello_msg/tello_msg
[0.652s] -- Up-to-date: /home/triton_08/tello_jp_jc_ws/install/tello_msg/include/tello_msg/tello_msg/msg
[0.654s] -- Up-to-date: /home/triton_08/tello_jp_jc_ws/install/tello_msg/include/tello_msg/tello_msg/msg/tello_wifi_config.hpp
[0.656s] -- Up-to-date: /home/triton_08/tello_jp_jc_ws/install/tello_msg/include/tello_msg/tello_msg/msg/tello_id.hpp
[0.656s] -- Up-to-date: /home/triton_08/tello_jp_jc_ws/install/tello_msg/include/tello_msg/tello_msg/msg/detail
[0.656s] -- Up-to-date: /home/triton_08/tello_jp_jc_ws/install/tello_msg/include/tello_msg/tello_msg/msg/detail/tello_wifi_config__builder.hpp
[0.657s] -- Up-to-date: /home/triton_08/tello_jp_jc_ws/install/tello_msg/include/tello_msg/tello_msg/msg/detail/tello_status__traits.hpp
[0.657s] -- Up-to-date: /home/triton_08/tello_jp_jc_ws/install/tello_msg/include/tello_msg/tello_msg/msg/detail/tello_wifi_config__traits.hpp
[0.658s] -- Up-to-date: /home/triton_08/tello_jp_jc_ws/install/tello_msg/include/tello_msg/tello_msg/msg/detail/tello_wifi_config__struct.hpp
[0.658s] -- Up-to-date: /home/triton_08/tello_jp_jc_ws/install/tello_msg/include/tello_msg/tello_msg/msg/detail/tello_id__builder.hpp
[0.658s] -- Up-to-date: /home/triton_08/tello_jp_jc_ws/install/tello_msg/include/tello_msg/tello_msg/msg/detail/tello_status__builder.hpp
[0.658s] -- Up-to-date: /home/triton_08/tello_jp_jc_ws/install/tello_msg/include/tello_msg/tello_msg/msg/detail/tello_id__traits.hpp
[0.658s] -- Up-to-date: /home/triton_08/tello_jp_jc_ws/install/tello_msg/include/tello_msg/tello_msg/msg/detail/tello_status__struct.hpp
[0.659s] -- Up-to-date: /home/triton_08/tello_jp_jc_ws/install/tello_msg/include/tello_msg/tello_msg/msg/detail/tello_id__struct.hpp
[0.659s] -- Up-to-date: /home/triton_08/tello_jp_jc_ws/install/tello_msg/include/tello_msg/tello_msg/msg/tello_status.hpp
[0.659s] -- Up-to-date: /home/triton_08/tello_jp_jc_ws/install/tello_msg/include/tello_msg/tello_msg
[0.659s] -- Up-to-date: /home/triton_08/tello_jp_jc_ws/install/tello_msg/include/tello_msg/tello_msg/msg
[0.659s] -- Up-to-date: /home/triton_08/tello_jp_jc_ws/install/tello_msg/include/tello_msg/tello_msg/msg/rosidl_typesupport_fastrtps_cpp__visibility_control.h
[0.660s] -- Up-to-date: /home/triton_08/tello_jp_jc_ws/install/tello_msg/include/tello_msg/tello_msg/msg/detail
[0.660s] -- Up-to-date: /home/triton_08/tello_jp_jc_ws/install/tello_msg/include/tello_msg/tello_msg/msg/detail/tello_wifi_config__rosidl_typesupport_fastrtps_cpp.hpp
[0.660s] -- Up-to-date: /home/triton_08/tello_jp_jc_ws/install/tello_msg/include/tello_msg/tello_msg/msg/detail/tello_id__rosidl_typesupport_fastrtps_cpp.hpp
[0.660s] -- Up-to-date: /home/triton_08/tello_jp_jc_ws/install/tello_msg/include/tello_msg/tello_msg/msg/detail/dds_fastrtps
[0.660s] -- Up-to-date: /home/triton_08/tello_jp_jc_ws/install/tello_msg/include/tello_msg/tello_msg/msg/detail/tello_status__rosidl_typesupport_fastrtps_cpp.hpp
[0.661s] -- Up-to-date: /home/triton_08/tello_jp_jc_ws/install/tello_msg/lib/libtello_msg__rosidl_typesupport_fastrtps_cpp.so
[0.661s] -- Up-to-date: /home/triton_08/tello_jp_jc_ws/install/tello_msg/include/tello_msg/tello_msg
[0.661s] -- Up-to-date: /home/triton_08/tello_jp_jc_ws/install/tello_msg/include/tello_msg/tello_msg/msg
[0.661s] -- Up-to-date: /home/triton_08/tello_jp_jc_ws/install/tello_msg/include/tello_msg/tello_msg/msg/detail
[0.662s] -- Up-to-date: /home/triton_08/tello_jp_jc_ws/install/tello_msg/include/tello_msg/tello_msg/msg/detail/tello_wifi_config__type_support.cpp
[0.662s] -- Up-to-date: /home/triton_08/tello_jp_jc_ws/install/tello_msg/include/tello_msg/tello_msg/msg/detail/tello_status__type_support.cpp
[0.662s] -- Up-to-date: /home/triton_08/tello_jp_jc_ws/install/tello_msg/include/tello_msg/tello_msg/msg/detail/tello_status__rosidl_typesupport_introspection_cpp.hpp
[0.662s] -- Up-to-date: /home/triton_08/tello_jp_jc_ws/install/tello_msg/include/tello_msg/tello_msg/msg/detail/tello_id__rosidl_typesupport_introspection_cpp.hpp
[0.662s] -- Up-to-date: /home/triton_08/tello_jp_jc_ws/install/tello_msg/include/tello_msg/tello_msg/msg/detail/tello_id__type_support.cpp
[0.662s] -- Up-to-date: /home/triton_08/tello_jp_jc_ws/install/tello_msg/include/tello_msg/tello_msg/msg/detail/tello_wifi_config__rosidl_typesupport_introspection_cpp.hpp
[0.663s] -- Up-to-date: /home/triton_08/tello_jp_jc_ws/install/tello_msg/lib/libtello_msg__rosidl_typesupport_introspection_cpp.so
[0.663s] -- Up-to-date: /home/triton_08/tello_jp_jc_ws/install/tello_msg/lib/libtello_msg__rosidl_typesupport_cpp.so
[0.663s] -- Up-to-date: /home/triton_08/tello_jp_jc_ws/install/tello_msg/share/tello_msg/environment/pythonpath.sh
[0.663s] -- Up-to-date: /home/triton_08/tello_jp_jc_ws/install/tello_msg/share/tello_msg/environment/pythonpath.dsv
[0.664s] -- Up-to-date: /home/triton_08/tello_jp_jc_ws/install/tello_msg/local/lib/python3.10/dist-packages/tello_msg-0.0.1-py3.10.egg-info
[0.664s] -- Installing: /home/triton_08/tello_jp_jc_ws/install/tello_msg/local/lib/python3.10/dist-packages/tello_msg-0.0.1-py3.10.egg-info/top_level.txt
[0.664s] -- Installing: /home/triton_08/tello_jp_jc_ws/install/tello_msg/local/lib/python3.10/dist-packages/tello_msg-0.0.1-py3.10.egg-info/PKG-INFO
[0.664s] -- Installing: /home/triton_08/tello_jp_jc_ws/install/tello_msg/local/lib/python3.10/dist-packages/tello_msg-0.0.1-py3.10.egg-info/SOURCES.txt
[0.664s] -- Installing: /home/triton_08/tello_jp_jc_ws/install/tello_msg/local/lib/python3.10/dist-packages/tello_msg-0.0.1-py3.10.egg-info/dependency_links.txt
[0.665s] -- Up-to-date: /home/triton_08/tello_jp_jc_ws/install/tello_msg/local/lib/python3.10/dist-packages/tello_msg
[0.665s] -- Up-to-date: /home/triton_08/tello_jp_jc_ws/install/tello_msg/local/lib/python3.10/dist-packages/tello_msg/msg
[0.665s] -- Up-to-date: /home/triton_08/tello_jp_jc_ws/install/tello_msg/local/lib/python3.10/dist-packages/tello_msg/msg/_tello_id_s.c
[0.665s] -- Up-to-date: /home/triton_08/tello_jp_jc_ws/install/tello_msg/local/lib/python3.10/dist-packages/tello_msg/msg/_tello_id.py
[0.665s] -- Up-to-date: /home/triton_08/tello_jp_jc_ws/install/tello_msg/local/lib/python3.10/dist-packages/tello_msg/msg/_tello_status.py
[0.665s] -- Up-to-date: /home/triton_08/tello_jp_jc_ws/install/tello_msg/local/lib/python3.10/dist-packages/tello_msg/msg/_tello_wifi_config_s.c
[0.665s] -- Up-to-date: /home/triton_08/tello_jp_jc_ws/install/tello_msg/local/lib/python3.10/dist-packages/tello_msg/msg/_tello_status_s.c
[0.666s] -- Up-to-date: /home/triton_08/tello_jp_jc_ws/install/tello_msg/local/lib/python3.10/dist-packages/tello_msg/msg/__init__.py
[0.666s] -- Up-to-date: /home/triton_08/tello_jp_jc_ws/install/tello_msg/local/lib/python3.10/dist-packages/tello_msg/msg/_tello_wifi_config.py
[0.666s] -- Up-to-date: /home/triton_08/tello_jp_jc_ws/install/tello_msg/local/lib/python3.10/dist-packages/tello_msg/_tello_msg_s.ep.rosidl_typesupport_introspection_c.c
[0.666s] -- Up-to-date: /home/triton_08/tello_jp_jc_ws/install/tello_msg/local/lib/python3.10/dist-packages/tello_msg/_tello_msg_s.ep.rosidl_typesupport_fastrtps_c.c
[0.666s] -- Up-to-date: /home/triton_08/tello_jp_jc_ws/install/tello_msg/local/lib/python3.10/dist-packages/tello_msg/libtello_msg__rosidl_generator_py.so
[0.666s] -- Up-to-date: /home/triton_08/tello_jp_jc_ws/install/tello_msg/local/lib/python3.10/dist-packages/tello_msg/_tello_msg_s.ep.rosidl_typesupport_c.c
[0.667s] -- Up-to-date: /home/triton_08/tello_jp_jc_ws/install/tello_msg/local/lib/python3.10/dist-packages/tello_msg/__init__.py
[0.667s] -- Up-to-date: /home/triton_08/tello_jp_jc_ws/install/tello_msg/local/lib/python3.10/dist-packages/tello_msg/tello_msg_s__rosidl_typesupport_fastrtps_c.cpython-310-x86_64-linux-gnu.so
[0.667s] -- Up-to-date: /home/triton_08/tello_jp_jc_ws/install/tello_msg/local/lib/python3.10/dist-packages/tello_msg/tello_msg_s__rosidl_typesupport_c.cpython-310-x86_64-linux-gnu.so
[0.667s] -- Up-to-date: /home/triton_08/tello_jp_jc_ws/install/tello_msg/local/lib/python3.10/dist-packages/tello_msg/tello_msg_s__rosidl_typesupport_introspection_c.cpython-310-x86_64-linux-gnu.so
[0.669s] Listing '/home/triton_08/tello_jp_jc_ws/install/tello_msg/local/lib/python3.10/dist-packages/tello_msg'...
[0.670s] Listing '/home/triton_08/tello_jp_jc_ws/install/tello_msg/local/lib/python3.10/dist-packages/tello_msg/msg'...
[0.675s] -- Up-to-date: /home/triton_08/tello_jp_jc_ws/install/tello_msg/local/lib/python3.10/dist-packages/tello_msg/tello_msg_s__rosidl_typesupport_fastrtps_c.cpython-310-x86_64-linux-gnu.so
[0.675s] -- Up-to-date: /home/triton_08/tello_jp_jc_ws/install/tello_msg/local/lib/python3.10/dist-packages/tello_msg/tello_msg_s__rosidl_typesupport_introspection_c.cpython-310-x86_64-linux-gnu.so
[0.675s] -- Up-to-date: /home/triton_08/tello_jp_jc_ws/install/tello_msg/local/lib/python3.10/dist-packages/tello_msg/tello_msg_s__rosidl_typesupport_c.cpython-310-x86_64-linux-gnu.so
[0.675s] -- Up-to-date: /home/triton_08/tello_jp_jc_ws/install/tello_msg/lib/libtello_msg__rosidl_generator_py.so
[0.676s] -- Up-to-date: /home/triton_08/tello_jp_jc_ws/install/tello_msg/share/tello_msg/msg/TelloStatus.idl
[0.676s] -- Up-to-date: /home/triton_08/tello_jp_jc_ws/install/tello_msg/share/tello_msg/msg/TelloID.idl
[0.676s] -- Up-to-date: /home/triton_08/tello_jp_jc_ws/install/tello_msg/share/tello_msg/msg/TelloWifiConfig.idl
[0.676s] -- Up-to-date: /home/triton_08/tello_jp_jc_ws/install/tello_msg/share/tello_msg/msg/TelloStatus.msg
[0.677s] -- Up-to-date: /home/triton_08/tello_jp_jc_ws/install/tello_msg/share/tello_msg/msg/TelloID.msg
[0.677s] -- Up-to-date: /home/triton_08/tello_jp_jc_ws/install/tello_msg/share/tello_msg/msg/TelloWifiConfig.msg
[0.677s] -- Up-to-date: /home/triton_08/tello_jp_jc_ws/install/tello_msg/share/ament_index/resource_index/package_run_dependencies/tello_msg
[0.683s] -- Up-to-date: /home/triton_08/tello_jp_jc_ws/install/tello_msg/share/ament_index/resource_index/parent_prefix_path/tello_msg
[0.684s] -- Up-to-date: /home/triton_08/tello_jp_jc_ws/install/tello_msg/share/tello_msg/environment/ament_prefix_path.sh
[0.684s] -- Up-to-date: /home/triton_08/tello_jp_jc_ws/install/tello_msg/share/tello_msg/environment/ament_prefix_path.dsv
[0.684s] -- Up-to-date: /home/triton_08/tello_jp_jc_ws/install/tello_msg/share/tello_msg/environment/path.sh
[0.684s] -- Up-to-date: /home/triton_08/tello_jp_jc_ws/install/tello_msg/share/tello_msg/environment/path.dsv
[0.685s] -- Up-to-date: /home/triton_08/tello_jp_jc_ws/install/tello_msg/share/tello_msg/local_setup.bash
[0.685s] -- Up-to-date: /home/triton_08/tello_jp_jc_ws/install/tello_msg/share/tello_msg/local_setup.sh
[0.687s] -- Up-to-date: /home/triton_08/tello_jp_jc_ws/install/tello_msg/share/tello_msg/local_setup.zsh
[0.687s] -- Up-to-date: /home/triton_08/tello_jp_jc_ws/install/tello_msg/share/tello_msg/local_setup.dsv
[0.687s] -- Installing: /home/triton_08/tello_jp_jc_ws/install/tello_msg/share/tello_msg/package.dsv
[0.688s] -- Up-to-date: /home/triton_08/tello_jp_jc_ws/install/tello_msg/share/ament_index/resource_index/packages/tello_msg
[0.688s] -- Up-to-date: /home/triton_08/tello_jp_jc_ws/install/tello_msg/share/tello_msg/cmake/export_tello_msg__rosidl_generator_cExport.cmake
[0.688s] -- Up-to-date: /home/triton_08/tello_jp_jc_ws/install/tello_msg/share/tello_msg/cmake/export_tello_msg__rosidl_generator_cExport-noconfig.cmake
[0.688s] -- Up-to-date: /home/triton_08/tello_jp_jc_ws/install/tello_msg/share/tello_msg/cmake/export_tello_msg__rosidl_typesupport_fastrtps_cExport.cmake
[0.689s] -- Up-to-date: /home/triton_08/tello_jp_jc_ws/install/tello_msg/share/tello_msg/cmake/export_tello_msg__rosidl_typesupport_fastrtps_cExport-noconfig.cmake
[0.689s] -- Up-to-date: /home/triton_08/tello_jp_jc_ws/install/tello_msg/share/tello_msg/cmake/tello_msg__rosidl_typesupport_introspection_cExport.cmake
[0.692s] -- Up-to-date: /home/triton_08/tello_jp_jc_ws/install/tello_msg/share/tello_msg/cmake/tello_msg__rosidl_typesupport_introspection_cExport-noconfig.cmake
[0.692s] -- Up-to-date: /home/triton_08/tello_jp_jc_ws/install/tello_msg/share/tello_msg/cmake/tello_msg__rosidl_typesupport_cExport.cmake
[0.692s] -- Up-to-date: /home/triton_08/tello_jp_jc_ws/install/tello_msg/share/tello_msg/cmake/tello_msg__rosidl_typesupport_cExport-noconfig.cmake
[0.693s] -- Up-to-date: /home/triton_08/tello_jp_jc_ws/install/tello_msg/share/tello_msg/cmake/export_tello_msg__rosidl_generator_cppExport.cmake
[0.693s] -- Up-to-date: /home/triton_08/tello_jp_jc_ws/install/tello_msg/share/tello_msg/cmake/export_tello_msg__rosidl_typesupport_fastrtps_cppExport.cmake
[0.693s] -- Up-to-date: /home/triton_08/tello_jp_jc_ws/install/tello_msg/share/tello_msg/cmake/export_tello_msg__rosidl_typesupport_fastrtps_cppExport-noconfig.cmake
[0.694s] -- Up-to-date: /home/triton_08/tello_jp_jc_ws/install/tello_msg/share/tello_msg/cmake/tello_msg__rosidl_typesupport_introspection_cppExport.cmake
[0.694s] -- Up-to-date: /home/triton_08/tello_jp_jc_ws/install/tello_msg/share/tello_msg/cmake/tello_msg__rosidl_typesupport_introspection_cppExport-noconfig.cmake
[0.695s] -- Up-to-date: /home/triton_08/tello_jp_jc_ws/install/tello_msg/share/tello_msg/cmake/tello_msg__rosidl_typesupport_cppExport.cmake
[0.695s] -- Up-to-date: /home/triton_08/tello_jp_jc_ws/install/tello_msg/share/tello_msg/cmake/tello_msg__rosidl_typesupport_cppExport-noconfig.cmake
[0.695s] -- Up-to-date: /home/triton_08/tello_jp_jc_ws/install/tello_msg/share/tello_msg/cmake/export_tello_msg__rosidl_generator_pyExport.cmake
[0.695s] -- Up-to-date: /home/triton_08/tello_jp_jc_ws/install/tello_msg/share/tello_msg/cmake/export_tello_msg__rosidl_generator_pyExport-noconfig.cmake
[0.696s] -- Up-to-date: /home/triton_08/tello_jp_jc_ws/install/tello_msg/share/tello_msg/cmake/rosidl_cmake-extras.cmake
[0.696s] -- Up-to-date: /home/triton_08/tello_jp_jc_ws/install/tello_msg/share/tello_msg/cmake/ament_cmake_export_dependencies-extras.cmake
[0.699s] -- Up-to-date: /home/triton_08/tello_jp_jc_ws/install/tello_msg/share/tello_msg/cmake/ament_cmake_export_include_directories-extras.cmake
[0.699s] -- Up-to-date: /home/triton_08/tello_jp_jc_ws/install/tello_msg/share/tello_msg/cmake/ament_cmake_export_libraries-extras.cmake
[0.699s] -- Up-to-date: /home/triton_08/tello_jp_jc_ws/install/tello_msg/share/tello_msg/cmake/ament_cmake_export_targets-extras.cmake
[0.700s] -- Up-to-date: /home/triton_08/tello_jp_jc_ws/install/tello_msg/share/tello_msg/cmake/rosidl_cmake_export_typesupport_targets-extras.cmake
[0.700s] -- Up-to-date: /home/triton_08/tello_jp_jc_ws/install/tello_msg/share/tello_msg/cmake/rosidl_cmake_export_typesupport_libraries-extras.cmake
[0.700s] -- Up-to-date: /home/triton_08/tello_jp_jc_ws/install/tello_msg/share/tello_msg/cmake/tello_msgConfig.cmake
[0.700s] -- Up-to-date: /home/triton_08/tello_jp_jc_ws/install/tello_msg/share/tello_msg/cmake/tello_msgConfig-version.cmake
[0.700s] -- Up-to-date: /home/triton_08/tello_jp_jc_ws/install/tello_msg/share/tello_msg/package.xml
[0.703s] Invoked command in '/home/triton_08/tello_jp_jc_ws/build/tello_msg' returned '0': CMAKE_PREFIX_PATH=${CMAKE_PREFIX_PATH}:/home/triton_08/tello_jp_jc_ws/install/tello:/home/triton_08/tello_jp_jc_ws/install/jpjc_qr:/home/triton_08/tello_jp_jc_ws/install/jpjc_joy:/opt/ros/humble /usr/bin/cmake --install /home/triton_08/tello_jp_jc_ws/build/tello_msg
