[0.435s] Invoking command in '/home/triton_08/tello_jp_jc_ws/src/tello': PYTHONPATH=/home/triton_08/tello_jp_jc_ws/build/tello/prefix_override:/home/triton_08/tello_jp_jc_ws/install/tello/lib/python3.10/site-packages:${PYTHONPATH} /usr/bin/python3 setup.py egg_info --egg-base ../../build/tello build --build-base /home/triton_08/tello_jp_jc_ws/build/tello/build install --record /home/triton_08/tello_jp_jc_ws/build/tello/install.log --install-scripts $base/lib/tello --single-version-externally-managed
[0.602s] /usr/lib/python3/dist-packages/setuptools/dist.py:723: UserWarning: Usage of dash-separated 'script-dir' will not be supported in future versions. Please use the underscore name 'script_dir' instead
[0.602s]   warnings.warn(
[0.608s] running egg_info
[0.609s] creating ../../build/tello/tello.egg-info
[0.609s] writing ../../build/tello/tello.egg-info/PKG-INFO
[0.609s] writing dependency_links to ../../build/tello/tello.egg-info/dependency_links.txt
[0.610s] writing entry points to ../../build/tello/tello.egg-info/entry_points.txt
[0.610s] writing requirements to ../../build/tello/tello.egg-info/requires.txt
[0.610s] writing top-level names to ../../build/tello/tello.egg-info/top_level.txt
[0.610s] writing manifest file '../../build/tello/tello.egg-info/SOURCES.txt'
[0.611s] reading manifest file '../../build/tello/tello.egg-info/SOURCES.txt'
[0.611s] adding license file 'LICENSE.txt'
[0.612s] writing manifest file '../../build/tello/tello.egg-info/SOURCES.txt'
[0.612s] running build
[0.613s] running build_py
[0.613s] creating /home/triton_08/tello_jp_jc_ws/build/tello/build
[0.613s] creating /home/triton_08/tello_jp_jc_ws/build/tello/build/lib
[0.613s] creating /home/triton_08/tello_jp_jc_ws/build/tello/build/lib/tello
[0.613s] copying tello/__init__.py -> /home/triton_08/tello_jp_jc_ws/build/tello/build/lib/tello
[0.613s] copying tello/node.py -> /home/triton_08/tello_jp_jc_ws/build/tello/build/lib/tello
[0.613s] running install
[0.613s] /usr/lib/python3/dist-packages/setuptools/command/install.py:34: SetuptoolsDeprecationWarning: setup.py install is deprecated. Use build and pip and other standards-based tools.
[0.613s]   warnings.warn(
[0.613s] running install_lib
[0.614s] creating /home/triton_08/tello_jp_jc_ws/install/tello/lib/python3.10/site-packages/tello
[0.614s] copying /home/triton_08/tello_jp_jc_ws/build/tello/build/lib/tello/__init__.py -> /home/triton_08/tello_jp_jc_ws/install/tello/lib/python3.10/site-packages/tello
[0.614s] copying /home/triton_08/tello_jp_jc_ws/build/tello/build/lib/tello/node.py -> /home/triton_08/tello_jp_jc_ws/install/tello/lib/python3.10/site-packages/tello
[0.614s] byte-compiling /home/triton_08/tello_jp_jc_ws/install/tello/lib/python3.10/site-packages/tello/__init__.py to __init__.cpython-310.pyc
[0.615s] byte-compiling /home/triton_08/tello_jp_jc_ws/install/tello/lib/python3.10/site-packages/tello/node.py to node.cpython-310.pyc
[0.616s] running install_data
[0.617s] creating /home/triton_08/tello_jp_jc_ws/install/tello/share/ament_index
[0.617s] creating /home/triton_08/tello_jp_jc_ws/install/tello/share/ament_index/resource_index
[0.617s] creating /home/triton_08/tello_jp_jc_ws/install/tello/share/ament_index/resource_index/packages
[0.617s] copying resource/tello -> /home/triton_08/tello_jp_jc_ws/install/tello/share/ament_index/resource_index/packages
[0.617s] copying package.xml -> /home/triton_08/tello_jp_jc_ws/install/tello/share/tello
[0.617s] copying resource/ost.txt -> /home/triton_08/tello_jp_jc_ws/install/tello/share/tello
[0.617s] copying resource/ost.yaml -> /home/triton_08/tello_jp_jc_ws/install/tello/share/tello
[0.617s] running install_egg_info
[0.619s] Copying ../../build/tello/tello.egg-info to /home/triton_08/tello_jp_jc_ws/install/tello/lib/python3.10/site-packages/tello-0.1.0-py3.10.egg-info
[0.619s] running install_scripts
[0.633s] Installing tello script to /home/triton_08/tello_jp_jc_ws/install/tello/lib/tello
[0.634s] writing list of installed files to '/home/triton_08/tello_jp_jc_ws/build/tello/install.log'
[0.653s] Invoked command in '/home/triton_08/tello_jp_jc_ws/src/tello' returned '0': PYTHONPATH=/home/triton_08/tello_jp_jc_ws/build/tello/prefix_override:/home/triton_08/tello_jp_jc_ws/install/tello/lib/python3.10/site-packages:${PYTHONPATH} /usr/bin/python3 setup.py egg_info --egg-base ../../build/tello build --build-base /home/triton_08/tello_jp_jc_ws/build/tello/build install --record /home/triton_08/tello_jp_jc_ws/build/tello/install.log --install-scripts $base/lib/tello --single-version-externally-managed
