[0.654s] Invoking command in '/home/triton_08/tello_jp_jc_ws/src/jpjc_qr': PYTHONPATH=/home/triton_08/tello_jp_jc_ws/build/jpjc_qr/prefix_override:/home/triton_08/tello_jp_jc_ws/install/jpjc_qr/lib/python3.10/site-packages:${PYTHONPATH} /usr/bin/python3 setup.py egg_info --egg-base ../../build/jpjc_qr build --build-base /home/triton_08/tello_jp_jc_ws/build/jpjc_qr/build install --record /home/triton_08/tello_jp_jc_ws/build/jpjc_qr/install.log --single-version-externally-managed
[0.832s] running egg_info
[0.833s] creating ../../build/jpjc_qr/jpjc_qr.egg-info
[0.833s] writing ../../build/jpjc_qr/jpjc_qr.egg-info/PKG-INFO
[0.833s] writing dependency_links to ../../build/jpjc_qr/jpjc_qr.egg-info/dependency_links.txt
[0.833s] writing entry points to ../../build/jpjc_qr/jpjc_qr.egg-info/entry_points.txt
[0.833s] writing requirements to ../../build/jpjc_qr/jpjc_qr.egg-info/requires.txt
[0.833s] writing top-level names to ../../build/jpjc_qr/jpjc_qr.egg-info/top_level.txt
[0.833s] writing manifest file '../../build/jpjc_qr/jpjc_qr.egg-info/SOURCES.txt'
[0.834s] reading manifest file '../../build/jpjc_qr/jpjc_qr.egg-info/SOURCES.txt'
[0.835s] writing manifest file '../../build/jpjc_qr/jpjc_qr.egg-info/SOURCES.txt'
[0.836s] running build
[0.836s] running build_py
[0.836s] creating /home/triton_08/tello_jp_jc_ws/build/jpjc_qr/build
[0.836s] creating /home/triton_08/tello_jp_jc_ws/build/jpjc_qr/build/lib
[0.836s] creating /home/triton_08/tello_jp_jc_ws/build/jpjc_qr/build/lib/jpjc_qr
[0.836s] copying jpjc_qr/qr.py -> /home/triton_08/tello_jp_jc_ws/build/jpjc_qr/build/lib/jpjc_qr
[0.836s] copying jpjc_qr/__init__.py -> /home/triton_08/tello_jp_jc_ws/build/jpjc_qr/build/lib/jpjc_qr
[0.836s] copying jpjc_qr/qr_follower.py -> /home/triton_08/tello_jp_jc_ws/build/jpjc_qr/build/lib/jpjc_qr
[0.836s] running install
[0.836s] /usr/lib/python3/dist-packages/setuptools/command/install.py:34: SetuptoolsDeprecationWarning: setup.py install is deprecated. Use build and pip and other standards-based tools.
[0.836s]   warnings.warn(
[0.836s] running install_lib
[0.836s] creating /home/triton_08/tello_jp_jc_ws/install/jpjc_qr/lib/python3.10/site-packages/jpjc_qr
[0.837s] copying /home/triton_08/tello_jp_jc_ws/build/jpjc_qr/build/lib/jpjc_qr/qr.py -> /home/triton_08/tello_jp_jc_ws/install/jpjc_qr/lib/python3.10/site-packages/jpjc_qr
[0.837s] copying /home/triton_08/tello_jp_jc_ws/build/jpjc_qr/build/lib/jpjc_qr/__init__.py -> /home/triton_08/tello_jp_jc_ws/install/jpjc_qr/lib/python3.10/site-packages/jpjc_qr
[0.837s] copying /home/triton_08/tello_jp_jc_ws/build/jpjc_qr/build/lib/jpjc_qr/qr_follower.py -> /home/triton_08/tello_jp_jc_ws/install/jpjc_qr/lib/python3.10/site-packages/jpjc_qr
[0.837s] byte-compiling /home/triton_08/tello_jp_jc_ws/install/jpjc_qr/lib/python3.10/site-packages/jpjc_qr/qr.py to qr.cpython-310.pyc
[0.838s] byte-compiling /home/triton_08/tello_jp_jc_ws/install/jpjc_qr/lib/python3.10/site-packages/jpjc_qr/__init__.py to __init__.cpython-310.pyc
[0.838s] byte-compiling /home/triton_08/tello_jp_jc_ws/install/jpjc_qr/lib/python3.10/site-packages/jpjc_qr/qr_follower.py to qr_follower.cpython-310.pyc
[0.838s] running install_data
[0.838s] creating /home/triton_08/tello_jp_jc_ws/install/jpjc_qr/share/ament_index
[0.838s] creating /home/triton_08/tello_jp_jc_ws/install/jpjc_qr/share/ament_index/resource_index
[0.839s] creating /home/triton_08/tello_jp_jc_ws/install/jpjc_qr/share/ament_index/resource_index/packages
[0.839s] copying resource/jpjc_qr -> /home/triton_08/tello_jp_jc_ws/install/jpjc_qr/share/ament_index/resource_index/packages
[0.839s] copying package.xml -> /home/triton_08/tello_jp_jc_ws/install/jpjc_qr/share/jpjc_qr
[0.839s] running install_egg_info
[0.840s] Copying ../../build/jpjc_qr/jpjc_qr.egg-info to /home/triton_08/tello_jp_jc_ws/install/jpjc_qr/lib/python3.10/site-packages/jpjc_qr-0.0.0-py3.10.egg-info
[0.840s] running install_scripts
[0.856s] Installing qr script to /home/triton_08/tello_jp_jc_ws/install/jpjc_qr/lib/jpjc_qr
[0.856s] Installing qr_follower script to /home/triton_08/tello_jp_jc_ws/install/jpjc_qr/lib/jpjc_qr
[0.857s] writing list of installed files to '/home/triton_08/tello_jp_jc_ws/build/jpjc_qr/install.log'
[0.876s] Invoked command in '/home/triton_08/tello_jp_jc_ws/src/jpjc_qr' returned '0': PYTHONPATH=/home/triton_08/tello_jp_jc_ws/build/jpjc_qr/prefix_override:/home/triton_08/tello_jp_jc_ws/install/jpjc_qr/lib/python3.10/site-packages:${PYTHONPATH} /usr/bin/python3 setup.py egg_info --egg-base ../../build/jpjc_qr build --build-base /home/triton_08/tello_jp_jc_ws/build/jpjc_qr/build install --record /home/triton_08/tello_jp_jc_ws/build/jpjc_qr/install.log --single-version-externally-managed
