[1.028s] Invoking command in '/home/triton_08/tello_jp_jc_ws/src/jpjc_joy': PYTHONPATH=/home/triton_08/tello_jp_jc_ws/build/jpjc_joy/prefix_override:/home/triton_08/tello_jp_jc_ws/install/jpjc_joy/lib/python3.10/site-packages:${PYTHONPATH} /usr/bin/python3 setup.py egg_info --egg-base ../../build/jpjc_joy build --build-base /home/triton_08/tello_jp_jc_ws/build/jpjc_joy/build install --record /home/triton_08/tello_jp_jc_ws/build/jpjc_joy/install.log --single-version-externally-managed
[1.283s] running egg_info
[1.283s] writing ../../build/jpjc_joy/jpjc_joy.egg-info/PKG-INFO
[1.284s] writing dependency_links to ../../build/jpjc_joy/jpjc_joy.egg-info/dependency_links.txt
[1.284s] writing entry points to ../../build/jpjc_joy/jpjc_joy.egg-info/entry_points.txt
[1.284s] writing requirements to ../../build/jpjc_joy/jpjc_joy.egg-info/requires.txt
[1.284s] writing top-level names to ../../build/jpjc_joy/jpjc_joy.egg-info/top_level.txt
[1.286s] reading manifest file '../../build/jpjc_joy/jpjc_joy.egg-info/SOURCES.txt'
[1.287s] writing manifest file '../../build/jpjc_joy/jpjc_joy.egg-info/SOURCES.txt'
[1.287s] running build
[1.287s] running build_py
[1.287s] copying jpjc_joy/joy.py -> /home/triton_08/tello_jp_jc_ws/build/jpjc_joy/build/lib/jpjc_joy
[1.288s] running install
[1.288s] /usr/lib/python3/dist-packages/setuptools/command/install.py:34: SetuptoolsDeprecationWarning: setup.py install is deprecated. Use build and pip and other standards-based tools.
[1.288s]   warnings.warn(
[1.288s] running install_lib
[1.289s] copying /home/triton_08/tello_jp_jc_ws/build/jpjc_joy/build/lib/jpjc_joy/joy.py -> /home/triton_08/tello_jp_jc_ws/install/jpjc_joy/lib/python3.10/site-packages/jpjc_joy
[1.289s] byte-compiling /home/triton_08/tello_jp_jc_ws/install/jpjc_joy/lib/python3.10/site-packages/jpjc_joy/joy.py to joy.cpython-310.pyc
[1.290s] running install_data
[1.291s] running install_egg_info
[1.292s] removing '/home/triton_08/tello_jp_jc_ws/install/jpjc_joy/lib/python3.10/site-packages/jpjc_joy-0.0.0-py3.10.egg-info' (and everything under it)
[1.292s] Copying ../../build/jpjc_joy/jpjc_joy.egg-info to /home/triton_08/tello_jp_jc_ws/install/jpjc_joy/lib/python3.10/site-packages/jpjc_joy-0.0.0-py3.10.egg-info
[1.293s] running install_scripts
[1.314s] Installing joy script to /home/triton_08/tello_jp_jc_ws/install/jpjc_joy/lib/jpjc_joy
[1.314s] writing list of installed files to '/home/triton_08/tello_jp_jc_ws/build/jpjc_joy/install.log'
[1.352s] Invoked command in '/home/triton_08/tello_jp_jc_ws/src/jpjc_joy' returned '0': PYTHONPATH=/home/triton_08/tello_jp_jc_ws/build/jpjc_joy/prefix_override:/home/triton_08/tello_jp_jc_ws/install/jpjc_joy/lib/python3.10/site-packages:${PYTHONPATH} /usr/bin/python3 setup.py egg_info --egg-base ../../build/jpjc_joy build --build-base /home/triton_08/tello_jp_jc_ws/build/jpjc_joy/build install --record /home/triton_08/tello_jp_jc_ws/build/jpjc_joy/install.log --single-version-externally-managed
