running egg_info
creating ../../build/jpjc_qr/jpjc_qr.egg-info
writing ../../build/jpjc_qr/jpjc_qr.egg-info/PKG-INFO
writing dependency_links to ../../build/jpjc_qr/jpjc_qr.egg-info/dependency_links.txt
writing entry points to ../../build/jpjc_qr/jpjc_qr.egg-info/entry_points.txt
writing requirements to ../../build/jpjc_qr/jpjc_qr.egg-info/requires.txt
writing top-level names to ../../build/jpjc_qr/jpjc_qr.egg-info/top_level.txt
writing manifest file '../../build/jpjc_qr/jpjc_qr.egg-info/SOURCES.txt'
reading manifest file '../../build/jpjc_qr/jpjc_qr.egg-info/SOURCES.txt'
writing manifest file '../../build/jpjc_qr/jpjc_qr.egg-info/SOURCES.txt'
running build
running build_py
creating /home/triton_08/tello_jp_jc_ws/build/jpjc_qr/build
creating /home/triton_08/tello_jp_jc_ws/build/jpjc_qr/build/lib
creating /home/triton_08/tello_jp_jc_ws/build/jpjc_qr/build/lib/jpjc_qr
copying jpjc_qr/qr.py -> /home/triton_08/tello_jp_jc_ws/build/jpjc_qr/build/lib/jpjc_qr
copying jpjc_qr/__init__.py -> /home/triton_08/tello_jp_jc_ws/build/jpjc_qr/build/lib/jpjc_qr
running install
running install_lib
creating /home/triton_08/tello_jp_jc_ws/install/jpjc_qr/lib/python3.10/site-packages/jpjc_qr
copying /home/triton_08/tello_jp_jc_ws/build/jpjc_qr/build/lib/jpjc_qr/qr.py -> /home/triton_08/tello_jp_jc_ws/install/jpjc_qr/lib/python3.10/site-packages/jpjc_qr
copying /home/triton_08/tello_jp_jc_ws/build/jpjc_qr/build/lib/jpjc_qr/__init__.py -> /home/triton_08/tello_jp_jc_ws/install/jpjc_qr/lib/python3.10/site-packages/jpjc_qr
byte-compiling /home/triton_08/tello_jp_jc_ws/install/jpjc_qr/lib/python3.10/site-packages/jpjc_qr/qr.py to qr.cpython-310.pyc
byte-compiling /home/triton_08/tello_jp_jc_ws/install/jpjc_qr/lib/python3.10/site-packages/jpjc_qr/__init__.py to __init__.cpython-310.pyc
running install_data
creating /home/triton_08/tello_jp_jc_ws/install/jpjc_qr/share/ament_index
creating /home/triton_08/tello_jp_jc_ws/install/jpjc_qr/share/ament_index/resource_index
creating /home/triton_08/tello_jp_jc_ws/install/jpjc_qr/share/ament_index/resource_index/packages
copying resource/jpjc_qr -> /home/triton_08/tello_jp_jc_ws/install/jpjc_qr/share/ament_index/resource_index/packages
copying package.xml -> /home/triton_08/tello_jp_jc_ws/install/jpjc_qr/share/jpjc_qr
running install_egg_info
Copying ../../build/jpjc_qr/jpjc_qr.egg-info to /home/triton_08/tello_jp_jc_ws/install/jpjc_qr/lib/python3.10/site-packages/jpjc_qr-0.0.0-py3.10.egg-info
running install_scripts
Installing qr script to /home/triton_08/tello_jp_jc_ws/install/jpjc_qr/lib/jpjc_qr
writing list of installed files to '/home/triton_08/tello_jp_jc_ws/build/jpjc_qr/install.log'
