[0.423s] Invoking command in '/home/triton_08/tello_jp_jc_ws/build/tello_control': CMAKE_PREFIX_PATH=${CMAKE_PREFIX_PATH}:/home/triton_08/tello_jp_jc_ws/install/tello:/home/triton_08/tello_jp_jc_ws/install/jpjc_qr:/home/triton_08/tello_jp_jc_ws/install/jpjc_joy:/opt/ros/humble /usr/bin/cmake --build /home/triton_08/tello_jp_jc_ws/build/tello_control -- -j16 -l16
[0.451s] [100%] Built target tello_control
[0.459s] Invoked command in '/home/triton_08/tello_jp_jc_ws/build/tello_control' returned '0': CMAKE_PREFIX_PATH=${CMAKE_PREFIX_PATH}:/home/triton_08/tello_jp_jc_ws/install/tello:/home/triton_08/tello_jp_jc_ws/install/jpjc_qr:/home/triton_08/tello_jp_jc_ws/install/jpjc_joy:/opt/ros/humble /usr/bin/cmake --build /home/triton_08/tello_jp_jc_ws/build/tello_control -- -j16 -l16
[0.475s] Invoking command in '/home/triton_08/tello_jp_jc_ws/build/tello_control': CMAKE_PREFIX_PATH=${CMAKE_PREFIX_PATH}:/home/triton_08/tello_jp_jc_ws/install/tello:/home/triton_08/tello_jp_jc_ws/install/jpjc_qr:/home/triton_08/tello_jp_jc_ws/install/jpjc_joy:/opt/ros/humble /usr/bin/cmake --install /home/triton_08/tello_jp_jc_ws/build/tello_control
[0.491s] -- Install configuration: ""
[0.492s] -- Up-to-date: /home/triton_08/tello_jp_jc_ws/install/tello_control/lib/tello_control/tello_control
[0.494s] -- Up-to-date: /home/triton_08/tello_jp_jc_ws/install/tello_control/share/ament_index/resource_index/package_run_dependencies/tello_control
[0.495s] -- Up-to-date: /home/triton_08/tello_jp_jc_ws/install/tello_control/share/ament_index/resource_index/parent_prefix_path/tello_control
[0.495s] -- Up-to-date: /home/triton_08/tello_jp_jc_ws/install/tello_control/share/tello_control/environment/ament_prefix_path.sh
[0.496s] -- Up-to-date: /home/triton_08/tello_jp_jc_ws/install/tello_control/share/tello_control/environment/ament_prefix_path.dsv
[0.496s] -- Up-to-date: /home/triton_08/tello_jp_jc_ws/install/tello_control/share/tello_control/environment/path.sh
[0.497s] -- Up-to-date: /home/triton_08/tello_jp_jc_ws/install/tello_control/share/tello_control/environment/path.dsv
[0.497s] -- Up-to-date: /home/triton_08/tello_jp_jc_ws/install/tello_control/share/tello_control/local_setup.bash
[0.500s] -- Up-to-date: /home/triton_08/tello_jp_jc_ws/install/tello_control/share/tello_control/local_setup.sh
[0.501s] -- Up-to-date: /home/triton_08/tello_jp_jc_ws/install/tello_control/share/tello_control/local_setup.zsh
[0.501s] -- Up-to-date: /home/triton_08/tello_jp_jc_ws/install/tello_control/share/tello_control/local_setup.dsv
[0.502s] -- Installing: /home/triton_08/tello_jp_jc_ws/install/tello_control/share/tello_control/package.dsv
[0.507s] -- Up-to-date: /home/triton_08/tello_jp_jc_ws/install/tello_control/share/ament_index/resource_index/packages/tello_control
[0.507s] -- Up-to-date: /home/triton_08/tello_jp_jc_ws/install/tello_control/share/tello_control/cmake/tello_controlConfig.cmake
[0.507s] -- Up-to-date: /home/triton_08/tello_jp_jc_ws/install/tello_control/share/tello_control/cmake/tello_controlConfig-version.cmake
[0.507s] -- Up-to-date: /home/triton_08/tello_jp_jc_ws/install/tello_control/share/tello_control/package.xml
[0.507s] Invoked command in '/home/triton_08/tello_jp_jc_ws/build/tello_control' returned '0': CMAKE_PREFIX_PATH=${CMAKE_PREFIX_PATH}:/home/triton_08/tello_jp_jc_ws/install/tello:/home/triton_08/tello_jp_jc_ws/install/jpjc_qr:/home/triton_08/tello_jp_jc_ws/install/jpjc_joy:/opt/ros/humble /usr/bin/cmake --install /home/triton_08/tello_jp_jc_ws/build/tello_control
