[0.513s] Invoking command in '/home/triton_08/tello_jp_jc_ws/build/tello_control': CMAKE_PREFIX_PATH=${CMAKE_PREFIX_PATH}:/home/triton_08/tello_jp_jc_ws/install/tello:/home/triton_08/tello_jp_jc_ws/install/jpjc_qr:/home/triton_08/tello_jp_jc_ws/install/jpjc_joy:/opt/ros/humble /usr/bin/cmake --build /home/triton_08/tello_jp_jc_ws/build/tello_control -- -j16 -l16
[0.557s] [100%] Built target tello_control
[0.566s] Invoked command in '/home/triton_08/tello_jp_jc_ws/build/tello_control' returned '0': CMAKE_PREFIX_PATH=${CMAKE_PREFIX_PATH}:/home/triton_08/tello_jp_jc_ws/install/tello:/home/triton_08/tello_jp_jc_ws/install/jpjc_qr:/home/triton_08/tello_jp_jc_ws/install/jpjc_joy:/opt/ros/humble /usr/bin/cmake --build /home/triton_08/tello_jp_jc_ws/build/tello_control -- -j16 -l16
[0.592s] Invoking command in '/home/triton_08/tello_jp_jc_ws/build/tello_control': CMAKE_PREFIX_PATH=${CMAKE_PREFIX_PATH}:/home/triton_08/tello_jp_jc_ws/install/tello:/home/triton_08/tello_jp_jc_ws/install/jpjc_qr:/home/triton_08/tello_jp_jc_ws/install/jpjc_joy:/opt/ros/humble /usr/bin/cmake --install /home/triton_08/tello_jp_jc_ws/build/tello_control
[0.613s] -- Install configuration: ""
[0.614s] -- Up-to-date: /home/triton_08/tello_jp_jc_ws/install/tello_control/lib/tello_control/tello_control
[0.615s] -- Up-to-date: /home/triton_08/tello_jp_jc_ws/install/tello_control/share/ament_index/resource_index/package_run_dependencies/tello_control
[0.615s] -- Up-to-date: /home/triton_08/tello_jp_jc_ws/install/tello_control/share/ament_index/resource_index/parent_prefix_path/tello_control
[0.616s] -- Up-to-date: /home/triton_08/tello_jp_jc_ws/install/tello_control/share/tello_control/environment/ament_prefix_path.sh
[0.616s] -- Up-to-date: /home/triton_08/tello_jp_jc_ws/install/tello_control/share/tello_control/environment/ament_prefix_path.dsv
[0.617s] -- Up-to-date: /home/triton_08/tello_jp_jc_ws/install/tello_control/share/tello_control/environment/path.sh
[0.618s] -- Up-to-date: /home/triton_08/tello_jp_jc_ws/install/tello_control/share/tello_control/environment/path.dsv
[0.618s] -- Up-to-date: /home/triton_08/tello_jp_jc_ws/install/tello_control/share/tello_control/local_setup.bash
[0.618s] -- Up-to-date: /home/triton_08/tello_jp_jc_ws/install/tello_control/share/tello_control/local_setup.sh
[0.619s] -- Up-to-date: /home/triton_08/tello_jp_jc_ws/install/tello_control/share/tello_control/local_setup.zsh
[0.620s] -- Up-to-date: /home/triton_08/tello_jp_jc_ws/install/tello_control/share/tello_control/local_setup.dsv
[0.621s] -- Installing: /home/triton_08/tello_jp_jc_ws/install/tello_control/share/tello_control/package.dsv
[0.623s] -- Up-to-date: /home/triton_08/tello_jp_jc_ws/install/tello_control/share/ament_index/resource_index/packages/tello_control
[0.624s] -- Up-to-date: /home/triton_08/tello_jp_jc_ws/install/tello_control/share/tello_control/cmake/tello_controlConfig.cmake
[0.624s] -- Up-to-date: /home/triton_08/tello_jp_jc_ws/install/tello_control/share/tello_control/cmake/tello_controlConfig-version.cmake
[0.624s] -- Up-to-date: /home/triton_08/tello_jp_jc_ws/install/tello_control/share/tello_control/package.xml
[0.631s] Invoked command in '/home/triton_08/tello_jp_jc_ws/build/tello_control' returned '0': CMAKE_PREFIX_PATH=${CMAKE_PREFIX_PATH}:/home/triton_08/tello_jp_jc_ws/install/tello:/home/triton_08/tello_jp_jc_ws/install/jpjc_qr:/home/triton_08/tello_jp_jc_ws/install/jpjc_joy:/opt/ros/humble /usr/bin/cmake --install /home/triton_08/tello_jp_jc_ws/build/tello_control
