[0.397s] Invoking command in '/home/triton_08/tello_jp_jc_ws/build/tello_control': CMAKE_PREFIX_PATH=${CMAKE_PREFIX_PATH}:/home/triton_08/tello_jp_jc_ws/install/tello:/home/triton_08/tello_jp_jc_ws/install/jpjc_qr:/home/triton_08/tello_jp_jc_ws/install/jpjc_joy:/opt/ros/humble /usr/bin/cmake /home/triton_08/tello_jp_jc_ws/src/tello_control -DCMAKE_INSTALL_PREFIX=/home/triton_08/tello_jp_jc_ws/install/tello_control
[0.427s] -- The C compiler identification is GNU 11.3.0
[0.472s] -- The CXX compiler identification is GNU 11.3.0
[0.479s] -- Detecting C compiler ABI info
[0.522s] -- Detecting C compiler ABI info - done
[0.527s] -- Check for working C compiler: /usr/bin/cc - skipped
[0.528s] -- Detecting C compile features
[0.528s] -- Detecting C compile features - done
[0.530s] -- Detecting CXX compiler ABI info
[0.579s] -- Detecting CXX compiler ABI info - done
[0.586s] -- Check for working CXX compiler: /usr/bin/c++ - skipped
[0.586s] -- Detecting CXX compile features
[0.586s] -- Detecting CXX compile features - done
[0.593s] -- Found OpenCV version 4.5.4
[0.593s] -- Found ament_cmake: 1.3.3 (/opt/ros/humble/share/ament_cmake/cmake)
[0.717s] -- Found Python3: /usr/bin/python3.10 (found version "3.10.6") found components: Interpreter 
[0.775s] -- Found rclcpp: 16.0.3 (/opt/ros/humble/share/rclcpp/cmake)
[0.809s] -- Found rosidl_generator_c: 3.1.4 (/opt/ros/humble/share/rosidl_generator_c/cmake)
[0.815s] -- Found rosidl_adapter: 3.1.4 (/opt/ros/humble/share/rosidl_adapter/cmake)
[0.821s] -- Found rosidl_generator_cpp: 3.1.4 (/opt/ros/humble/share/rosidl_generator_cpp/cmake)
[0.831s] -- Using all available rosidl_typesupport_c: rosidl_typesupport_fastrtps_c;rosidl_typesupport_introspection_c
[0.850s] -- Using all available rosidl_typesupport_cpp: rosidl_typesupport_fastrtps_cpp;rosidl_typesupport_introspection_cpp
[0.907s] -- Found rmw_implementation_cmake: 6.1.1 (/opt/ros/humble/share/rmw_implementation_cmake/cmake)
[0.909s] -- Found rmw_fastrtps_cpp: 6.2.2 (/opt/ros/humble/share/rmw_fastrtps_cpp/cmake)
[0.968s] -- Found OpenSSL: /usr/lib/x86_64-linux-gnu/libcrypto.so (found version "3.0.2")  
[0.986s] -- Found FastRTPS: /opt/ros/humble/include  
[1.018s] -- Using RMW implementation 'rmw_fastrtps_cpp' as default
[1.024s] -- Looking for pthread.h
[1.067s] -- Looking for pthread.h - found
[1.068s] -- Performing Test CMAKE_HAVE_LIBC_PTHREAD
[1.110s] -- Performing Test CMAKE_HAVE_LIBC_PTHREAD - Success
[1.111s] -- Found Threads: TRUE  
[1.238s] -- Found geometry_msgs: 4.2.3 (/opt/ros/humble/share/geometry_msgs/cmake)
[1.321s] -- Configuring done
[1.330s] -- Generating done
[1.333s] -- Build files have been written to: /home/triton_08/tello_jp_jc_ws/build/tello_control
[1.337s] Invoked command in '/home/triton_08/tello_jp_jc_ws/build/tello_control' returned '0': CMAKE_PREFIX_PATH=${CMAKE_PREFIX_PATH}:/home/triton_08/tello_jp_jc_ws/install/tello:/home/triton_08/tello_jp_jc_ws/install/jpjc_qr:/home/triton_08/tello_jp_jc_ws/install/jpjc_joy:/opt/ros/humble /usr/bin/cmake /home/triton_08/tello_jp_jc_ws/src/tello_control -DCMAKE_INSTALL_PREFIX=/home/triton_08/tello_jp_jc_ws/install/tello_control
[1.339s] Invoking command in '/home/triton_08/tello_jp_jc_ws/build/tello_control': CMAKE_PREFIX_PATH=${CMAKE_PREFIX_PATH}:/home/triton_08/tello_jp_jc_ws/install/tello:/home/triton_08/tello_jp_jc_ws/install/jpjc_qr:/home/triton_08/tello_jp_jc_ws/install/jpjc_joy:/opt/ros/humble /usr/bin/cmake --build /home/triton_08/tello_jp_jc_ws/build/tello_control -- -j16 -l16
[1.369s] [ 50%] [32mBuilding CXX object CMakeFiles/tello_control.dir/src/main.cpp.o[0m
[6.136s] [100%] [32m[1mLinking CXX executable tello_control[0m
[6.514s] [100%] Built target tello_control
[6.524s] Invoked command in '/home/triton_08/tello_jp_jc_ws/build/tello_control' returned '0': CMAKE_PREFIX_PATH=${CMAKE_PREFIX_PATH}:/home/triton_08/tello_jp_jc_ws/install/tello:/home/triton_08/tello_jp_jc_ws/install/jpjc_qr:/home/triton_08/tello_jp_jc_ws/install/jpjc_joy:/opt/ros/humble /usr/bin/cmake --build /home/triton_08/tello_jp_jc_ws/build/tello_control -- -j16 -l16
[6.538s] Invoking command in '/home/triton_08/tello_jp_jc_ws/build/tello_control': CMAKE_PREFIX_PATH=${CMAKE_PREFIX_PATH}:/home/triton_08/tello_jp_jc_ws/install/tello:/home/triton_08/tello_jp_jc_ws/install/jpjc_qr:/home/triton_08/tello_jp_jc_ws/install/jpjc_joy:/opt/ros/humble /usr/bin/cmake --install /home/triton_08/tello_jp_jc_ws/build/tello_control
[6.542s] -- Install configuration: ""
[6.542s] -- Installing: /home/triton_08/tello_jp_jc_ws/install/tello_control/lib/tello_control/tello_control
[6.543s] -- Set runtime path of "/home/triton_08/tello_jp_jc_ws/install/tello_control/lib/tello_control/tello_control" to ""
[6.543s] -- Installing: /home/triton_08/tello_jp_jc_ws/install/tello_control/share/ament_index/resource_index/package_run_dependencies/tello_control
[6.543s] -- Installing: /home/triton_08/tello_jp_jc_ws/install/tello_control/share/ament_index/resource_index/parent_prefix_path/tello_control
[6.543s] -- Installing: /home/triton_08/tello_jp_jc_ws/install/tello_control/share/tello_control/environment/ament_prefix_path.sh
[6.543s] -- Installing: /home/triton_08/tello_jp_jc_ws/install/tello_control/share/tello_control/environment/ament_prefix_path.dsv
[6.543s] -- Installing: /home/triton_08/tello_jp_jc_ws/install/tello_control/share/tello_control/environment/path.sh
[6.544s] -- Installing: /home/triton_08/tello_jp_jc_ws/install/tello_control/share/tello_control/environment/path.dsv
[6.544s] -- Installing: /home/triton_08/tello_jp_jc_ws/install/tello_control/share/tello_control/local_setup.bash
[6.544s] -- Installing: /home/triton_08/tello_jp_jc_ws/install/tello_control/share/tello_control/local_setup.sh
[6.544s] -- Installing: /home/triton_08/tello_jp_jc_ws/install/tello_control/share/tello_control/local_setup.zsh
[6.544s] -- Installing: /home/triton_08/tello_jp_jc_ws/install/tello_control/share/tello_control/local_setup.dsv
[6.544s] -- Installing: /home/triton_08/tello_jp_jc_ws/install/tello_control/share/tello_control/package.dsv
[6.544s] -- Installing: /home/triton_08/tello_jp_jc_ws/install/tello_control/share/ament_index/resource_index/packages/tello_control
[6.544s] -- Installing: /home/triton_08/tello_jp_jc_ws/install/tello_control/share/tello_control/cmake/tello_controlConfig.cmake
[6.544s] -- Installing: /home/triton_08/tello_jp_jc_ws/install/tello_control/share/tello_control/cmake/tello_controlConfig-version.cmake
[6.544s] -- Installing: /home/triton_08/tello_jp_jc_ws/install/tello_control/share/tello_control/package.xml
[6.547s] Invoked command in '/home/triton_08/tello_jp_jc_ws/build/tello_control' returned '0': CMAKE_PREFIX_PATH=${CMAKE_PREFIX_PATH}:/home/triton_08/tello_jp_jc_ws/install/tello:/home/triton_08/tello_jp_jc_ws/install/jpjc_qr:/home/triton_08/tello_jp_jc_ws/install/jpjc_joy:/opt/ros/humble /usr/bin/cmake --install /home/triton_08/tello_jp_jc_ws/build/tello_control
